2023-04-03 14:42:11,512 INFO [main] c.n.n.logTest [StartupInfoLogger.java:55] Starting logTest using Java 1.8.0_362 on LAPTOP-A6V3KFOE with PID 15948 (started by Lenovo in C:\Users\Lenovo\Desktop\Java\NcCommunity)
2023-04-03 14:42:11,514 INFO [main] c.n.n.logTest [SpringApplication.java:631] No active profile set, falling back to 1 default profile: "default"
2023-04-03 14:42:13,137 INFO [main] o.s.b.a.w.s.WelcomePageHandlerMapping [WelcomePageHandlerMapping.java:57] Adding welcome page template: index
2023-04-03 14:42:13,521 INFO [main] c.n.n.logTest [StartupInfoLogger.java:61] Started logTest in 2.366 seconds (JVM running for 3.378)
2023-04-03 14:42:13,774 INFO [main] c.n.n.logTest [logTest.java:22] info
2023-04-03 14:42:28,914 INFO [main] c.n.n.mailTest [StartupInfoLogger.java:55] Starting mailTest using Java 1.8.0_362 on LAPTOP-A6V3KFOE with PID 21132 (started by Lenovo in C:\Users\Lenovo\Desktop\Java\NcCommunity)
2023-04-03 14:42:28,916 INFO [main] c.n.n.mailTest [SpringApplication.java:631] No active profile set, falling back to 1 default profile: "default"
2023-04-03 14:42:30,350 INFO [main] o.s.b.a.w.s.WelcomePageHandlerMapping [WelcomePageHandlerMapping.java:57] Adding welcome page template: index
2023-04-03 14:42:30,750 INFO [main] c.n.n.mailTest [StartupInfoLogger.java:61] Started mailTest in 2.162 seconds (JVM running for 3.045)
2023-04-03 14:49:29,387 INFO [main] c.n.n.mailTest [StartupInfoLogger.java:55] Starting mailTest using Java 1.8.0_362 on LAPTOP-A6V3KFOE with PID 5760 (started by Lenovo in C:\Users\Lenovo\Desktop\Java\NcCommunity)
2023-04-03 14:49:29,389 INFO [main] c.n.n.mailTest [SpringApplication.java:631] No active profile set, falling back to 1 default profile: "default"
2023-04-03 14:49:30,885 INFO [main] o.s.b.a.w.s.WelcomePageHandlerMapping [WelcomePageHandlerMapping.java:57] Adding welcome page template: index
2023-04-03 14:49:31,288 INFO [main] c.n.n.mailTest [StartupInfoLogger.java:61] Started mailTest in 2.233 seconds (JVM running for 3.092)
2023-04-03 15:03:34,174 INFO [main] c.n.n.mailTest [StartupInfoLogger.java:55] Starting mailTest using Java 1.8.0_362 on LAPTOP-A6V3KFOE with PID 11404 (started by Lenovo in C:\Users\Lenovo\Desktop\Java\NcCommunity)
2023-04-03 15:03:34,176 INFO [main] c.n.n.mailTest [SpringApplication.java:631] No active profile set, falling back to 1 default profile: "default"
2023-04-03 15:03:35,546 INFO [main] o.s.b.a.w.s.WelcomePageHandlerMapping [WelcomePageHandlerMapping.java:57] Adding welcome page template: index
2023-04-03 15:03:35,947 INFO [main] c.n.n.mailTest [StartupInfoLogger.java:61] Started mailTest in 2.078 seconds (JVM running for 2.948)
2023-04-03 15:07:06,243 INFO [main] c.n.n.mailTest [StartupInfoLogger.java:55] Starting mailTest using Java 1.8.0_362 on LAPTOP-A6V3KFOE with PID 24036 (started by Lenovo in C:\Users\Lenovo\Desktop\Java\NcCommunity)
2023-04-03 15:07:06,244 INFO [main] c.n.n.mailTest [SpringApplication.java:631] No active profile set, falling back to 1 default profile: "default"
2023-04-03 15:07:07,654 INFO [main] o.s.b.a.w.s.WelcomePageHandlerMapping [WelcomePageHandlerMapping.java:57] Adding welcome page template: index
2023-04-03 15:07:08,015 INFO [main] c.n.n.mailTest [StartupInfoLogger.java:61] Started mailTest in 2.091 seconds (JVM running for 2.984)
2023-04-03 15:09:56,284 INFO [main] c.n.n.mailTest [StartupInfoLogger.java:55] Starting mailTest using Java 1.8.0_362 on LAPTOP-A6V3KFOE with PID 7780 (started by Lenovo in C:\Users\Lenovo\Desktop\Java\NcCommunity)
2023-04-03 15:09:56,285 INFO [main] c.n.n.mailTest [SpringApplication.java:631] No active profile set, falling back to 1 default profile: "default"
2023-04-03 15:09:57,787 INFO [main] o.s.b.a.w.s.WelcomePageHandlerMapping [WelcomePageHandlerMapping.java:57] Adding welcome page template: index
2023-04-03 15:09:58,192 INFO [main] c.n.n.mailTest [StartupInfoLogger.java:61] Started mailTest in 2.22 seconds (JVM running for 3.095)
2023-04-03 15:13:35,121 INFO [main] c.n.n.mailTest [StartupInfoLogger.java:55] Starting mailTest using Java 1.8.0_362 on LAPTOP-A6V3KFOE with PID 12124 (started by Lenovo in C:\Users\Lenovo\Desktop\Java\NcCommunity)
2023-04-03 15:13:35,122 INFO [main] c.n.n.mailTest [SpringApplication.java:631] No active profile set, falling back to 1 default profile: "default"
2023-04-03 15:13:36,575 INFO [main] o.s.b.a.w.s.WelcomePageHandlerMapping [WelcomePageHandlerMapping.java:57] Adding welcome page template: index
2023-04-03 15:13:37,010 INFO [main] c.n.n.mailTest [StartupInfoLogger.java:61] Started mailTest in 2.209 seconds (JVM running for 3.06)
2023-04-03 15:32:09,729 INFO [main] c.n.n.mailTest [StartupInfoLogger.java:55] Starting mailTest using Java 1.8.0_362 on LAPTOP-A6V3KFOE with PID 23580 (started by Lenovo in C:\Users\Lenovo\Desktop\Java\NcCommunity)
2023-04-03 15:32:09,730 INFO [main] c.n.n.mailTest [SpringApplication.java:631] No active profile set, falling back to 1 default profile: "default"
2023-04-03 15:32:11,086 INFO [main] o.s.b.a.w.s.WelcomePageHandlerMapping [WelcomePageHandlerMapping.java:57] Adding welcome page template: index
2023-04-03 15:32:11,432 INFO [main] c.n.n.mailTest [StartupInfoLogger.java:61] Started mailTest in 2.023 seconds (JVM running for 2.881)
2023-04-03 15:33:31,809 INFO [main] c.n.n.mailTest [StartupInfoLogger.java:55] Starting mailTest using Java 1.8.0_362 on LAPTOP-A6V3KFOE with PID 21724 (started by Lenovo in C:\Users\Lenovo\Desktop\Java\NcCommunity)
2023-04-03 15:33:31,810 INFO [main] c.n.n.mailTest [SpringApplication.java:631] No active profile set, falling back to 1 default profile: "default"
2023-04-03 15:33:33,264 INFO [main] o.s.b.a.w.s.WelcomePageHandlerMapping [WelcomePageHandlerMapping.java:57] Adding welcome page template: index
2023-04-03 15:33:33,623 INFO [main] c.n.n.mailTest [StartupInfoLogger.java:61] Started mailTest in 2.126 seconds (JVM running for 2.977)
2023-04-03 15:34:30,543 INFO [main] c.n.n.mailTest [StartupInfoLogger.java:55] Starting mailTest using Java 1.8.0_362 on LAPTOP-A6V3KFOE with PID 1592 (started by Lenovo in C:\Users\Lenovo\Desktop\Java\NcCommunity)
2023-04-03 15:34:30,545 INFO [main] c.n.n.mailTest [SpringApplication.java:631] No active profile set, falling back to 1 default profile: "default"
2023-04-03 15:34:31,978 INFO [main] o.s.b.a.w.s.WelcomePageHandlerMapping [WelcomePageHandlerMapping.java:57] Adding welcome page template: index
2023-04-03 15:34:32,356 INFO [main] c.n.n.mailTest [StartupInfoLogger.java:61] Started mailTest in 2.119 seconds (JVM running for 2.975)
2023-04-03 15:41:51,790 INFO [main] c.n.n.mailTest [StartupInfoLogger.java:55] Starting mailTest using Java 1.8.0_362 on LAPTOP-A6V3KFOE with PID 7944 (started by Lenovo in C:\Users\Lenovo\Desktop\Java\NcCommunity)
2023-04-03 15:41:51,792 INFO [main] c.n.n.mailTest [SpringApplication.java:631] No active profile set, falling back to 1 default profile: "default"
2023-04-03 15:41:53,171 INFO [main] o.s.b.a.w.s.WelcomePageHandlerMapping [WelcomePageHandlerMapping.java:57] Adding welcome page template: index
2023-04-03 15:41:53,571 INFO [main] c.n.n.mailTest [StartupInfoLogger.java:61] Started mailTest in 2.09 seconds (JVM running for 2.933)
2023-04-03 15:54:15,507 INFO [main] c.n.n.mailTest [StartupInfoLogger.java:55] Starting mailTest using Java 1.8.0_362 on LAPTOP-A6V3KFOE with PID 7728 (started by Lenovo in C:\Users\Lenovo\Desktop\Java\NcCommunity)
2023-04-03 15:54:15,509 INFO [main] c.n.n.mailTest [SpringApplication.java:631] No active profile set, falling back to 1 default profile: "default"
2023-04-03 15:54:16,897 INFO [main] o.s.b.a.w.s.WelcomePageHandlerMapping [WelcomePageHandlerMapping.java:57] Adding welcome page template: index
2023-04-03 15:54:17,276 INFO [main] c.n.n.mailTest [StartupInfoLogger.java:61] Started mailTest in 2.084 seconds (JVM running for 2.933)
2023-04-03 15:55:07,736 INFO [main] c.n.n.mailTest [StartupInfoLogger.java:55] Starting mailTest using Java 1.8.0_362 on LAPTOP-A6V3KFOE with PID 7868 (started by Lenovo in C:\Users\Lenovo\Desktop\Java\NcCommunity)
2023-04-03 15:55:07,737 INFO [main] c.n.n.mailTest [SpringApplication.java:631] No active profile set, falling back to 1 default profile: "default"
2023-04-03 15:55:09,309 INFO [main] o.s.b.a.w.s.WelcomePageHandlerMapping [WelcomePageHandlerMapping.java:57] Adding welcome page template: index
2023-04-03 15:55:09,676 INFO [main] c.n.n.mailTest [StartupInfoLogger.java:61] Started mailTest in 2.304 seconds (JVM running for 3.291)
2023-04-03 16:13:18,261 INFO [restartedMain] c.n.n.NcCommunityApplication [StartupInfoLogger.java:55] Starting NcCommunityApplication using Java 1.8.0_362 on LAPTOP-A6V3KFOE with PID 18748 (C:\Users\Lenovo\Desktop\Java\NcCommunity\target\classes started by Lenovo in C:\Users\Lenovo\Desktop\Java\NcCommunity)
2023-04-03 16:13:18,263 INFO [restartedMain] c.n.n.NcCommunityApplication [SpringApplication.java:631] No active profile set, falling back to 1 default profile: "default"
2023-04-03 16:13:18,300 INFO [restartedMain] o.s.b.d.e.DevToolsPropertyDefaultsPostProcessor [DeferredLog.java:255] Devtools property defaults active! Set 'spring.devtools.add-properties' to 'false' to disable
2023-04-03 16:13:18,301 INFO [restartedMain] o.s.b.d.e.DevToolsPropertyDefaultsPostProcessor [DeferredLog.java:255] For additional web related logging consider setting the 'logging.level.web' property to 'DEBUG'
2023-04-03 16:13:19,063 INFO [restartedMain] o.s.b.w.e.t.TomcatWebServer [TomcatWebServer.java:108] Tomcat initialized with port(s): 8080 (http)
2023-04-03 16:13:19,071 INFO [restartedMain] o.a.c.h.Http11NioProtocol [DirectJDKLog.java:173] Initializing ProtocolHandler ["http-nio-8080"]
2023-04-03 16:13:19,071 INFO [restartedMain] o.a.c.c.StandardService [DirectJDKLog.java:173] Starting service [Tomcat]
2023-04-03 16:13:19,071 INFO [restartedMain] o.a.c.c.StandardEngine [DirectJDKLog.java:173] Starting Servlet engine: [Apache Tomcat/9.0.73]
2023-04-03 16:13:19,151 INFO [restartedMain] o.a.c.c.C.[.[.[/community] [DirectJDKLog.java:173] Initializing Spring embedded WebApplicationContext
2023-04-03 16:13:19,152 INFO [restartedMain] o.s.b.w.s.c.ServletWebServerApplicationContext [ServletWebServerApplicationContext.java:292] Root WebApplicationContext: initialization completed in 851 ms
2023-04-03 16:13:19,451 INFO [restartedMain] o.s.b.a.w.s.WelcomePageHandlerMapping [WelcomePageHandlerMapping.java:57] Adding welcome page template: index
2023-04-03 16:13:19,628 INFO [restartedMain] o.s.b.d.a.OptionalLiveReloadServer [OptionalLiveReloadServer.java:59] LiveReload server is running on port 35729
2023-04-03 16:13:19,640 INFO [restartedMain] o.a.c.h.Http11NioProtocol [DirectJDKLog.java:173] Starting ProtocolHandler ["http-nio-8080"]
2023-04-03 16:13:19,653 INFO [restartedMain] o.s.b.w.e.t.TomcatWebServer [TomcatWebServer.java:220] Tomcat started on port(s): 8080 (http) with context path '/community'
2023-04-03 16:13:19,661 INFO [restartedMain] c.n.n.NcCommunityApplication [StartupInfoLogger.java:61] Started NcCommunityApplication in 1.739 seconds (JVM running for 2.536)
2023-04-03 16:13:28,660 INFO [http-nio-8080-exec-1] o.a.c.c.C.[.[.[/community] [DirectJDKLog.java:173] Initializing Spring DispatcherServlet 'dispatcherServlet'
2023-04-03 16:13:28,661 INFO [http-nio-8080-exec-1] o.s.w.s.DispatcherServlet [FrameworkServlet.java:525] Initializing Servlet 'dispatcherServlet'
2023-04-03 16:13:28,662 INFO [http-nio-8080-exec-1] o.s.w.s.DispatcherServlet [FrameworkServlet.java:547] Completed initialization in 1 ms
2023-04-03 16:13:28,715 INFO [http-nio-8080-exec-1] c.z.h.HikariDataSource [HikariDataSource.java:110] HikariPool-1 - Starting...
2023-04-03 16:13:28,851 INFO [http-nio-8080-exec-1] c.z.h.HikariDataSource [HikariDataSource.java:123] HikariPool-1 - Start completed.
2023-04-03 16:15:33,741 INFO [SpringApplicationShutdownHook] c.z.h.HikariDataSource [HikariDataSource.java:350] HikariPool-1 - Shutdown initiated...
2023-04-03 16:15:33,747 INFO [SpringApplicationShutdownHook] c.z.h.HikariDataSource [HikariDataSource.java:352] HikariPool-1 - Shutdown completed.
2023-04-03 16:15:40,170 INFO [restartedMain] c.n.n.NcCommunityApplication [StartupInfoLogger.java:55] Starting NcCommunityApplication using Java 1.8.0_362 on LAPTOP-A6V3KFOE with PID 19928 (C:\Users\Lenovo\Desktop\Java\NcCommunity\target\classes started by Lenovo in C:\Users\Lenovo\Desktop\Java\NcCommunity)
2023-04-03 16:15:40,172 INFO [restartedMain] c.n.n.NcCommunityApplication [SpringApplication.java:631] No active profile set, falling back to 1 default profile: "default"
2023-04-03 16:15:40,206 INFO [restartedMain] o.s.b.d.e.DevToolsPropertyDefaultsPostProcessor [DeferredLog.java:255] Devtools property defaults active! Set 'spring.devtools.add-properties' to 'false' to disable
2023-04-03 16:15:40,207 INFO [restartedMain] o.s.b.d.e.DevToolsPropertyDefaultsPostProcessor [DeferredLog.java:255] For additional web related logging consider setting the 'logging.level.web' property to 'DEBUG'
2023-04-03 16:15:40,935 INFO [restartedMain] o.s.b.w.e.t.TomcatWebServer [TomcatWebServer.java:108] Tomcat initialized with port(s): 8080 (http)
2023-04-03 16:15:40,941 INFO [restartedMain] o.a.c.h.Http11NioProtocol [DirectJDKLog.java:173] Initializing ProtocolHandler ["http-nio-8080"]
2023-04-03 16:15:40,942 INFO [restartedMain] o.a.c.c.StandardService [DirectJDKLog.java:173] Starting service [Tomcat]
2023-04-03 16:15:40,942 INFO [restartedMain] o.a.c.c.StandardEngine [DirectJDKLog.java:173] Starting Servlet engine: [Apache Tomcat/9.0.73]
2023-04-03 16:15:41,023 INFO [restartedMain] o.a.c.c.C.[.[.[/community] [DirectJDKLog.java:173] Initializing Spring embedded WebApplicationContext
2023-04-03 16:15:41,023 INFO [restartedMain] o.s.b.w.s.c.ServletWebServerApplicationContext [ServletWebServerApplicationContext.java:292] Root WebApplicationContext: initialization completed in 816 ms
2023-04-03 16:15:41,295 INFO [restartedMain] o.s.b.a.w.s.WelcomePageHandlerMapping [WelcomePageHandlerMapping.java:57] Adding welcome page template: index
2023-04-03 16:15:41,443 INFO [restartedMain] o.s.b.d.a.OptionalLiveReloadServer [OptionalLiveReloadServer.java:59] LiveReload server is running on port 35729
2023-04-03 16:15:41,454 INFO [restartedMain] o.a.c.h.Http11NioProtocol [DirectJDKLog.java:173] Starting ProtocolHandler ["http-nio-8080"]
2023-04-03 16:15:41,465 INFO [restartedMain] o.s.b.w.e.t.TomcatWebServer [TomcatWebServer.java:220] Tomcat started on port(s): 8080 (http) with context path '/community'
2023-04-03 16:15:41,472 INFO [restartedMain] c.n.n.NcCommunityApplication [StartupInfoLogger.java:61] Started NcCommunityApplication in 1.617 seconds (JVM running for 2.344)
2023-04-03 16:15:49,232 INFO [http-nio-8080-exec-1] o.a.c.c.C.[.[.[/community] [DirectJDKLog.java:173] Initializing Spring DispatcherServlet 'dispatcherServlet'
2023-04-03 16:15:49,232 INFO [http-nio-8080-exec-1] o.s.w.s.DispatcherServlet [FrameworkServlet.java:525] Initializing Servlet 'dispatcherServlet'
2023-04-03 16:15:49,233 INFO [http-nio-8080-exec-1] o.s.w.s.DispatcherServlet [FrameworkServlet.java:547] Completed initialization in 1 ms
2023-04-03 16:15:49,280 INFO [http-nio-8080-exec-1] c.z.h.HikariDataSource [HikariDataSource.java:110] HikariPool-1 - Starting...
2023-04-03 16:15:49,383 INFO [http-nio-8080-exec-1] c.z.h.HikariDataSource [HikariDataSource.java:123] HikariPool-1 - Start completed.
2023-04-03 16:23:18,666 INFO [SpringApplicationShutdownHook] c.z.h.HikariDataSource [HikariDataSource.java:350] HikariPool-1 - Shutdown initiated...
2023-04-03 16:23:18,671 INFO [SpringApplicationShutdownHook] c.z.h.HikariDataSource [HikariDataSource.java:352] HikariPool-1 - Shutdown completed.
2023-04-03 16:28:33,948 INFO [restartedMain] c.n.n.NcCommunityApplication [StartupInfoLogger.java:55] Starting NcCommunityApplication using Java 1.8.0_362 on LAPTOP-A6V3KFOE with PID 16932 (C:\Users\Lenovo\Desktop\Java\NcCommunity\target\classes started by Lenovo in C:\Users\Lenovo\Desktop\Java\NcCommunity)
2023-04-03 16:28:33,949 INFO [restartedMain] c.n.n.NcCommunityApplication [SpringApplication.java:631] No active profile set, falling back to 1 default profile: "default"
2023-04-03 16:28:33,982 INFO [restartedMain] o.s.b.d.e.DevToolsPropertyDefaultsPostProcessor [DeferredLog.java:255] Devtools property defaults active! Set 'spring.devtools.add-properties' to 'false' to disable
2023-04-03 16:28:33,983 INFO [restartedMain] o.s.b.d.e.DevToolsPropertyDefaultsPostProcessor [DeferredLog.java:255] For additional web related logging consider setting the 'logging.level.web' property to 'DEBUG'
2023-04-03 16:28:34,850 INFO [restartedMain] o.s.b.w.e.t.TomcatWebServer [TomcatWebServer.java:108] Tomcat initialized with port(s): 8080 (http)
2023-04-03 16:28:34,863 INFO [restartedMain] o.a.c.h.Http11NioProtocol [DirectJDKLog.java:173] Initializing ProtocolHandler ["http-nio-8080"]
2023-04-03 16:28:34,865 INFO [restartedMain] o.a.c.c.StandardService [DirectJDKLog.java:173] Starting service [Tomcat]
2023-04-03 16:28:34,865 INFO [restartedMain] o.a.c.c.StandardEngine [DirectJDKLog.java:173] Starting Servlet engine: [Apache Tomcat/9.0.73]
2023-04-03 16:28:34,950 INFO [restartedMain] o.a.c.c.C.[.[.[/community] [DirectJDKLog.java:173] Initializing Spring embedded WebApplicationContext
2023-04-03 16:28:34,951 INFO [restartedMain] o.s.b.w.s.c.ServletWebServerApplicationContext [ServletWebServerApplicationContext.java:292] Root WebApplicationContext: initialization completed in 968 ms
2023-04-03 16:28:35,227 INFO [restartedMain] o.s.b.a.w.s.WelcomePageHandlerMapping [WelcomePageHandlerMapping.java:57] Adding welcome page template: index
2023-04-03 16:28:35,384 INFO [restartedMain] o.s.b.d.a.OptionalLiveReloadServer [OptionalLiveReloadServer.java:59] LiveReload server is running on port 35729
2023-04-03 16:28:35,395 INFO [restartedMain] o.a.c.h.Http11NioProtocol [DirectJDKLog.java:173] Starting ProtocolHandler ["http-nio-8080"]
2023-04-03 16:28:35,407 INFO [restartedMain] o.s.b.w.e.t.TomcatWebServer [TomcatWebServer.java:220] Tomcat started on port(s): 8080 (http) with context path '/community'
2023-04-03 16:28:35,415 INFO [restartedMain] c.n.n.NcCommunityApplication [StartupInfoLogger.java:61] Started NcCommunityApplication in 1.789 seconds (JVM running for 2.647)
2023-04-03 16:28:41,195 INFO [http-nio-8080-exec-1] o.a.c.c.C.[.[.[/community] [DirectJDKLog.java:173] Initializing Spring DispatcherServlet 'dispatcherServlet'
2023-04-03 16:28:41,197 INFO [http-nio-8080-exec-1] o.s.w.s.DispatcherServlet [FrameworkServlet.java:525] Initializing Servlet 'dispatcherServlet'
2023-04-03 16:28:41,198 INFO [http-nio-8080-exec-1] o.s.w.s.DispatcherServlet [FrameworkServlet.java:547] Completed initialization in 1 ms
2023-04-03 16:28:41,239 INFO [http-nio-8080-exec-1] c.z.h.HikariDataSource [HikariDataSource.java:110] HikariPool-1 - Starting...
2023-04-03 16:28:41,332 INFO [http-nio-8080-exec-1] c.z.h.HikariDataSource [HikariDataSource.java:123] HikariPool-1 - Start completed.
2023-04-03 16:38:25,689 INFO [SpringApplicationShutdownHook] c.z.h.HikariDataSource [HikariDataSource.java:350] HikariPool-1 - Shutdown initiated...
2023-04-03 16:38:25,693 INFO [SpringApplicationShutdownHook] c.z.h.HikariDataSource [HikariDataSource.java:352] HikariPool-1 - Shutdown completed.
2023-04-03 20:13:48,932 INFO [restartedMain] c.n.n.NcCommunityApplication [StartupInfoLogger.java:55] Starting NcCommunityApplication using Java 1.8.0_362 on LAPTOP-A6V3KFOE with PID 16596 (C:\Users\Lenovo\Desktop\Java\NcCommunity\target\classes started by Lenovo in C:\Users\Lenovo\Desktop\Java\NcCommunity)
2023-04-03 20:13:48,933 INFO [restartedMain] c.n.n.NcCommunityApplication [SpringApplication.java:631] No active profile set, falling back to 1 default profile: "default"
2023-04-03 20:13:48,965 INFO [restartedMain] o.s.b.d.e.DevToolsPropertyDefaultsPostProcessor [DeferredLog.java:255] Devtools property defaults active! Set 'spring.devtools.add-properties' to 'false' to disable
2023-04-03 20:13:48,965 INFO [restartedMain] o.s.b.d.e.DevToolsPropertyDefaultsPostProcessor [DeferredLog.java:255] For additional web related logging consider setting the 'logging.level.web' property to 'DEBUG'
2023-04-03 20:13:49,704 INFO [restartedMain] o.s.b.w.e.t.TomcatWebServer [TomcatWebServer.java:108] Tomcat initialized with port(s): 8080 (http)
2023-04-03 20:13:49,710 INFO [restartedMain] o.a.c.h.Http11NioProtocol [DirectJDKLog.java:173] Initializing ProtocolHandler ["http-nio-8080"]
2023-04-03 20:13:49,711 INFO [restartedMain] o.a.c.c.StandardService [DirectJDKLog.java:173] Starting service [Tomcat]
2023-04-03 20:13:49,711 INFO [restartedMain] o.a.c.c.StandardEngine [DirectJDKLog.java:173] Starting Servlet engine: [Apache Tomcat/9.0.73]
2023-04-03 20:13:49,786 INFO [restartedMain] o.a.c.c.C.[.[.[/community] [DirectJDKLog.java:173] Initializing Spring embedded WebApplicationContext
2023-04-03 20:13:49,787 INFO [restartedMain] o.s.b.w.s.c.ServletWebServerApplicationContext [ServletWebServerApplicationContext.java:292] Root WebApplicationContext: initialization completed in 821 ms
2023-04-03 20:13:50,100 INFO [restartedMain] o.s.b.a.w.s.WelcomePageHandlerMapping [WelcomePageHandlerMapping.java:57] Adding welcome page template: index
2023-04-03 20:13:50,245 INFO [restartedMain] o.s.b.d.a.OptionalLiveReloadServer [OptionalLiveReloadServer.java:59] LiveReload server is running on port 35729
2023-04-03 20:13:50,257 INFO [restartedMain] o.a.c.h.Http11NioProtocol [DirectJDKLog.java:173] Starting ProtocolHandler ["http-nio-8080"]
2023-04-03 20:13:50,269 INFO [restartedMain] o.s.b.w.e.t.TomcatWebServer [TomcatWebServer.java:220] Tomcat started on port(s): 8080 (http) with context path '/community'
2023-04-03 20:13:50,276 INFO [restartedMain] c.n.n.NcCommunityApplication [StartupInfoLogger.java:61] Started NcCommunityApplication in 1.659 seconds (JVM running for 2.487)
2023-04-03 20:13:59,538 INFO [http-nio-8080-exec-1] o.a.c.c.C.[.[.[/community] [DirectJDKLog.java:173] Initializing Spring DispatcherServlet 'dispatcherServlet'
2023-04-03 20:13:59,538 INFO [http-nio-8080-exec-1] o.s.w.s.DispatcherServlet [FrameworkServlet.java:525] Initializing Servlet 'dispatcherServlet'
2023-04-03 20:13:59,539 INFO [http-nio-8080-exec-1] o.s.w.s.DispatcherServlet [FrameworkServlet.java:547] Completed initialization in 1 ms
2023-04-03 20:14:04,654 INFO [http-nio-8080-exec-6] c.z.h.HikariDataSource [HikariDataSource.java:110] HikariPool-1 - Starting...
2023-04-03 20:14:04,759 INFO [http-nio-8080-exec-6] c.z.h.HikariDataSource [HikariDataSource.java:123] HikariPool-1 - Start completed.
2023-04-03 20:20:49,895 INFO [SpringApplicationShutdownHook] c.z.h.HikariDataSource [HikariDataSource.java:350] HikariPool-1 - Shutdown initiated...
2023-04-03 20:20:49,898 INFO [SpringApplicationShutdownHook] c.z.h.HikariDataSource [HikariDataSource.java:352] HikariPool-1 - Shutdown completed.
2023-04-03 20:21:14,272 INFO [restartedMain] c.n.n.NcCommunityApplication [StartupInfoLogger.java:55] Starting NcCommunityApplication using Java 1.8.0_362 on LAPTOP-A6V3KFOE with PID 13672 (C:\Users\Lenovo\Desktop\Java\NcCommunity\target\classes started by Lenovo in C:\Users\Lenovo\Desktop\Java\NcCommunity)
2023-04-03 20:21:14,273 INFO [restartedMain] c.n.n.NcCommunityApplication [SpringApplication.java:631] No active profile set, falling back to 1 default profile: "default"
2023-04-03 20:21:14,307 INFO [restartedMain] o.s.b.d.e.DevToolsPropertyDefaultsPostProcessor [DeferredLog.java:255] Devtools property defaults active! Set 'spring.devtools.add-properties' to 'false' to disable
2023-04-03 20:21:14,307 INFO [restartedMain] o.s.b.d.e.DevToolsPropertyDefaultsPostProcessor [DeferredLog.java:255] For additional web related logging consider setting the 'logging.level.web' property to 'DEBUG'
2023-04-03 20:21:15,041 INFO [restartedMain] o.s.b.w.e.t.TomcatWebServer [TomcatWebServer.java:108] Tomcat initialized with port(s): 8080 (http)
2023-04-03 20:21:15,047 INFO [restartedMain] o.a.c.h.Http11NioProtocol [DirectJDKLog.java:173] Initializing ProtocolHandler ["http-nio-8080"]
2023-04-03 20:21:15,047 INFO [restartedMain] o.a.c.c.StandardService [DirectJDKLog.java:173] Starting service [Tomcat]
2023-04-03 20:21:15,048 INFO [restartedMain] o.a.c.c.StandardEngine [DirectJDKLog.java:173] Starting Servlet engine: [Apache Tomcat/9.0.73]
2023-04-03 20:21:15,120 INFO [restartedMain] o.a.c.c.C.[.[.[/community] [DirectJDKLog.java:173] Initializing Spring embedded WebApplicationContext
2023-04-03 20:21:15,120 INFO [restartedMain] o.s.b.w.s.c.ServletWebServerApplicationContext [ServletWebServerApplicationContext.java:292] Root WebApplicationContext: initialization completed in 812 ms
2023-04-03 20:21:15,411 INFO [restartedMain] o.s.b.a.w.s.WelcomePageHandlerMapping [WelcomePageHandlerMapping.java:57] Adding welcome page template: index
2023-04-03 20:21:15,551 INFO [restartedMain] o.s.b.d.a.OptionalLiveReloadServer [OptionalLiveReloadServer.java:59] LiveReload server is running on port 35729
2023-04-03 20:21:15,563 INFO [restartedMain] o.a.c.h.Http11NioProtocol [DirectJDKLog.java:173] Starting ProtocolHandler ["http-nio-8080"]
2023-04-03 20:21:15,575 INFO [restartedMain] o.s.b.w.e.t.TomcatWebServer [TomcatWebServer.java:220] Tomcat started on port(s): 8080 (http) with context path '/community'
2023-04-03 20:21:15,582 INFO [restartedMain] c.n.n.NcCommunityApplication [StartupInfoLogger.java:61] Started NcCommunityApplication in 1.616 seconds (JVM running for 2.356)
2023-04-03 20:21:27,346 INFO [http-nio-8080-exec-1] o.a.c.c.C.[.[.[/community] [DirectJDKLog.java:173] Initializing Spring DispatcherServlet 'dispatcherServlet'
2023-04-03 20:21:27,346 INFO [http-nio-8080-exec-1] o.s.w.s.DispatcherServlet [FrameworkServlet.java:525] Initializing Servlet 'dispatcherServlet'
2023-04-03 20:21:27,347 INFO [http-nio-8080-exec-1] o.s.w.s.DispatcherServlet [FrameworkServlet.java:547] Completed initialization in 1 ms
2023-04-03 20:21:27,389 INFO [http-nio-8080-exec-1] c.z.h.HikariDataSource [HikariDataSource.java:110] HikariPool-1 - Starting...
2023-04-03 20:21:27,485 INFO [http-nio-8080-exec-1] c.z.h.HikariDataSource [HikariDataSource.java:123] HikariPool-1 - Start completed.
2023-04-03 20:32:41,163 INFO [SpringApplicationShutdownHook] c.z.h.HikariDataSource [HikariDataSource.java:350] HikariPool-1 - Shutdown initiated...
2023-04-03 20:32:41,169 INFO [SpringApplicationShutdownHook] c.z.h.HikariDataSource [HikariDataSource.java:352] HikariPool-1 - Shutdown completed.
2023-04-03 20:51:20,992 INFO [restartedMain] c.n.n.NcCommunityApplication [StartupInfoLogger.java:55] Starting NcCommunityApplication using Java 1.8.0_362 on LAPTOP-A6V3KFOE with PID 25544 (C:\Users\Lenovo\Desktop\Java\NcCommunity\target\classes started by Lenovo in C:\Users\Lenovo\Desktop\Java\NcCommunity)
2023-04-03 20:51:20,993 INFO [restartedMain] c.n.n.NcCommunityApplication [SpringApplication.java:631] No active profile set, falling back to 1 default profile: "default"
2023-04-03 20:51:21,027 INFO [restartedMain] o.s.b.d.e.DevToolsPropertyDefaultsPostProcessor [DeferredLog.java:255] Devtools property defaults active! Set 'spring.devtools.add-properties' to 'false' to disable
2023-04-03 20:51:21,028 INFO [restartedMain] o.s.b.d.e.DevToolsPropertyDefaultsPostProcessor [DeferredLog.java:255] For additional web related logging consider setting the 'logging.level.web' property to 'DEBUG'
2023-04-03 20:51:21,806 INFO [restartedMain] o.s.b.w.e.t.TomcatWebServer [TomcatWebServer.java:108] Tomcat initialized with port(s): 8080 (http)
2023-04-03 20:51:21,812 INFO [restartedMain] o.a.c.h.Http11NioProtocol [DirectJDKLog.java:173] Initializing ProtocolHandler ["http-nio-8080"]
2023-04-03 20:51:21,813 INFO [restartedMain] o.a.c.c.StandardService [DirectJDKLog.java:173] Starting service [Tomcat]
2023-04-03 20:51:21,813 INFO [restartedMain] o.a.c.c.StandardEngine [DirectJDKLog.java:173] Starting Servlet engine: [Apache Tomcat/9.0.73]
2023-04-03 20:51:21,888 INFO [restartedMain] o.a.c.c.C.[.[.[/community] [DirectJDKLog.java:173] Initializing Spring embedded WebApplicationContext
2023-04-03 20:51:21,888 INFO [restartedMain] o.s.b.w.s.c.ServletWebServerApplicationContext [ServletWebServerApplicationContext.java:292] Root WebApplicationContext: initialization completed in 860 ms
2023-04-03 20:51:22,197 INFO [restartedMain] o.s.b.a.w.s.WelcomePageHandlerMapping [WelcomePageHandlerMapping.java:57] Adding welcome page template: index
2023-04-03 20:51:22,347 INFO [restartedMain] o.s.b.d.a.OptionalLiveReloadServer [OptionalLiveReloadServer.java:59] LiveReload server is running on port 35729
2023-04-03 20:51:22,359 INFO [restartedMain] o.a.c.h.Http11NioProtocol [DirectJDKLog.java:173] Starting ProtocolHandler ["http-nio-8080"]
2023-04-03 20:51:22,371 INFO [restartedMain] o.s.b.w.e.t.TomcatWebServer [TomcatWebServer.java:220] Tomcat started on port(s): 8080 (http) with context path '/community'
2023-04-03 20:51:22,379 INFO [restartedMain] c.n.n.NcCommunityApplication [StartupInfoLogger.java:61] Started NcCommunityApplication in 1.704 seconds (JVM running for 2.495)
2023-04-03 20:51:31,304 INFO [http-nio-8080-exec-1] o.a.c.c.C.[.[.[/community] [DirectJDKLog.java:173] Initializing Spring DispatcherServlet 'dispatcherServlet'
2023-04-03 20:51:31,305 INFO [http-nio-8080-exec-1] o.s.w.s.DispatcherServlet [FrameworkServlet.java:525] Initializing Servlet 'dispatcherServlet'
2023-04-03 20:51:31,305 INFO [http-nio-8080-exec-1] o.s.w.s.DispatcherServlet [FrameworkServlet.java:547] Completed initialization in 0 ms
2023-04-03 20:51:35,994 INFO [http-nio-8080-exec-6] c.z.h.HikariDataSource [HikariDataSource.java:110] HikariPool-1 - Starting...
2023-04-03 20:51:36,080 INFO [http-nio-8080-exec-6] c.z.h.HikariDataSource [HikariDataSource.java:123] HikariPool-1 - Start completed.
2023-04-03 20:52:06,556 INFO [SpringApplicationShutdownHook] c.z.h.HikariDataSource [HikariDataSource.java:350] HikariPool-1 - Shutdown initiated...
2023-04-03 20:52:06,560 INFO [SpringApplicationShutdownHook] c.z.h.HikariDataSource [HikariDataSource.java:352] HikariPool-1 - Shutdown completed.
2023-04-03 20:55:11,492 INFO [restartedMain] c.n.n.NcCommunityApplication [StartupInfoLogger.java:55] Starting NcCommunityApplication using Java 1.8.0_362 on LAPTOP-A6V3KFOE with PID 22644 (C:\Users\Lenovo\Desktop\Java\NcCommunity\target\classes started by Lenovo in C:\Users\Lenovo\Desktop\Java\NcCommunity)
2023-04-03 20:55:11,494 INFO [restartedMain] c.n.n.NcCommunityApplication [SpringApplication.java:631] No active profile set, falling back to 1 default profile: "default"
2023-04-03 20:55:11,527 INFO [restartedMain] o.s.b.d.e.DevToolsPropertyDefaultsPostProcessor [DeferredLog.java:255] Devtools property defaults active! Set 'spring.devtools.add-properties' to 'false' to disable
2023-04-03 20:55:11,527 INFO [restartedMain] o.s.b.d.e.DevToolsPropertyDefaultsPostProcessor [DeferredLog.java:255] For additional web related logging consider setting the 'logging.level.web' property to 'DEBUG'
2023-04-03 20:55:12,227 INFO [restartedMain] o.s.b.w.e.t.TomcatWebServer [TomcatWebServer.java:108] Tomcat initialized with port(s): 8080 (http)
2023-04-03 20:55:12,233 INFO [restartedMain] o.a.c.h.Http11NioProtocol [DirectJDKLog.java:173] Initializing ProtocolHandler ["http-nio-8080"]
2023-04-03 20:55:12,233 INFO [restartedMain] o.a.c.c.StandardService [DirectJDKLog.java:173] Starting service [Tomcat]
2023-04-03 20:55:12,233 INFO [restartedMain] o.a.c.c.StandardEngine [DirectJDKLog.java:173] Starting Servlet engine: [Apache Tomcat/9.0.73]
2023-04-03 20:55:12,304 INFO [restartedMain] o.a.c.c.C.[.[.[/community] [DirectJDKLog.java:173] Initializing Spring embedded WebApplicationContext
2023-04-03 20:55:12,304 INFO [restartedMain] o.s.b.w.s.c.ServletWebServerApplicationContext [ServletWebServerApplicationContext.java:292] Root WebApplicationContext: initialization completed in 776 ms
2023-04-03 20:55:12,594 INFO [restartedMain] o.s.b.a.w.s.WelcomePageHandlerMapping [WelcomePageHandlerMapping.java:57] Adding welcome page template: index
2023-04-03 20:55:12,734 INFO [restartedMain] o.s.b.d.a.OptionalLiveReloadServer [OptionalLiveReloadServer.java:59] LiveReload server is running on port 35729
2023-04-03 20:55:12,744 INFO [restartedMain] o.a.c.h.Http11NioProtocol [DirectJDKLog.java:173] Starting ProtocolHandler ["http-nio-8080"]
2023-04-03 20:55:12,756 INFO [restartedMain] o.s.b.w.e.t.TomcatWebServer [TomcatWebServer.java:220] Tomcat started on port(s): 8080 (http) with context path '/community'
2023-04-03 20:55:12,764 INFO [restartedMain] c.n.n.NcCommunityApplication [StartupInfoLogger.java:61] Started NcCommunityApplication in 1.568 seconds (JVM running for 2.308)
2023-04-03 20:55:19,477 INFO [http-nio-8080-exec-1] o.a.c.c.C.[.[.[/community] [DirectJDKLog.java:173] Initializing Spring DispatcherServlet 'dispatcherServlet'
2023-04-03 20:55:19,477 INFO [http-nio-8080-exec-1] o.s.w.s.DispatcherServlet [FrameworkServlet.java:525] Initializing Servlet 'dispatcherServlet'
2023-04-03 20:55:19,478 INFO [http-nio-8080-exec-1] o.s.w.s.DispatcherServlet [FrameworkServlet.java:547] Completed initialization in 1 ms
2023-04-03 20:55:19,520 INFO [http-nio-8080-exec-1] c.z.h.HikariDataSource [HikariDataSource.java:110] HikariPool-1 - Starting...
2023-04-03 20:55:19,605 INFO [http-nio-8080-exec-1] c.z.h.HikariDataSource [HikariDataSource.java:123] HikariPool-1 - Start completed.
2023-04-03 21:11:48,202 INFO [SpringApplicationShutdownHook] c.z.h.HikariDataSource [HikariDataSource.java:350] HikariPool-1 - Shutdown initiated...
2023-04-03 21:11:48,208 INFO [SpringApplicationShutdownHook] c.z.h.HikariDataSource [HikariDataSource.java:352] HikariPool-1 - Shutdown completed.
