2023-05-04 21:39:17,725 WARN [I/O dispatcher 1] o.e.c.RestClient [RequestLogger.java:72] request [GET http://127.0.0.1:9200/] returned 1 warnings: [299 Elasticsearch-7.17.3-5ad023604c8d7416c9eb6c0eadb62b14e766caff "Elasticsearch built-in security features are not enabled. Without authentication, your cluster could be accessible to anyone. See https://www.elastic.co/guide/en/elasticsearch/reference/7.17/security-minimal-setup.html to enable security."]
2023-05-04 21:39:17,747 WARN [restartedMain] o.e.c.RestClient [RequestLogger.java:72] request [HEAD http://127.0.0.1:9200/discusspost] returned 1 warnings: [299 Elasticsearch-7.17.3-5ad023604c8d7416c9eb6c0eadb62b14e766caff "Elasticsearch built-in security features are not enabled. Without authentication, your cluster could be accessible to anyone. See https://www.elastic.co/guide/en/elasticsearch/reference/7.17/security-minimal-setup.html to enable security."]
2023-05-04 21:39:18,207 WARN [restartedMain] o.s.b.a.s.s.UserDetailsServiceAutoConfiguration [UserDetailsServiceAutoConfiguration.java:89] 

Using generated security password: 7381bcbc-01fd-405c-bc1c-4bfa0ca6ad3d

This generated password is for development use only. Your security configuration must be updated before running your application in production.

2023-05-04 21:39:18,250 WARN [restartedMain] o.s.s.c.a.w.b.WebSecurity [WebSecurity.java:305] You are asking Spring Security to ignore Ant [pattern='/resources/**']. This is not recommended -- please use permitAll via HttpSecurity#authorizeHttpRequests instead.
2023-05-04 21:39:18,251 WARN [restartedMain] o.s.s.c.a.w.b.WebSecurity [WebSecurity.java:305] You are asking Spring Security to ignore Ant [pattern='/index']. This is not recommended -- please use permitAll via HttpSecurity#authorizeHttpRequests instead.
2023-05-04 21:39:35,310 WARN [http-nio-8080-exec-1] o.s.w.s.m.m.a.ExceptionHandlerExceptionResolver [AbstractHandlerExceptionResolver.java:208] Resolved [java.lang.NullPointerException]
2023-05-04 21:39:35,341 WARN [http-nio-8080-exec-2] o.s.w.s.m.m.a.ExceptionHandlerExceptionResolver [AbstractHandlerExceptionResolver.java:208] Resolved [java.lang.NullPointerException]
2023-05-04 21:39:35,360 WARN [http-nio-8080-exec-3] o.s.w.s.m.m.a.ExceptionHandlerExceptionResolver [AbstractHandlerExceptionResolver.java:208] Resolved [java.lang.NullPointerException]
2023-05-04 21:39:35,375 WARN [http-nio-8080-exec-4] o.s.w.s.m.m.a.ExceptionHandlerExceptionResolver [AbstractHandlerExceptionResolver.java:208] Resolved [java.lang.NullPointerException]
2023-05-04 21:39:35,391 WARN [http-nio-8080-exec-5] o.s.w.s.m.m.a.ExceptionHandlerExceptionResolver [AbstractHandlerExceptionResolver.java:208] Resolved [java.lang.NullPointerException]
2023-05-04 21:39:35,407 WARN [http-nio-8080-exec-6] o.s.w.s.m.m.a.ExceptionHandlerExceptionResolver [AbstractHandlerExceptionResolver.java:208] Resolved [java.lang.NullPointerException]
2023-05-04 21:39:35,423 WARN [http-nio-8080-exec-7] o.s.w.s.m.m.a.ExceptionHandlerExceptionResolver [AbstractHandlerExceptionResolver.java:208] Resolved [java.lang.NullPointerException]
2023-05-04 21:39:35,444 WARN [http-nio-8080-exec-8] o.s.w.s.m.m.a.ExceptionHandlerExceptionResolver [AbstractHandlerExceptionResolver.java:208] Resolved [java.lang.NullPointerException]
2023-05-04 21:39:35,461 WARN [http-nio-8080-exec-9] o.s.w.s.m.m.a.ExceptionHandlerExceptionResolver [AbstractHandlerExceptionResolver.java:208] Resolved [java.lang.NullPointerException]
2023-05-04 21:39:35,475 WARN [http-nio-8080-exec-10] o.s.w.s.m.m.a.ExceptionHandlerExceptionResolver [AbstractHandlerExceptionResolver.java:208] Resolved [java.lang.NullPointerException]
2023-05-04 21:39:35,495 WARN [http-nio-8080-exec-1] o.s.w.s.m.m.a.ExceptionHandlerExceptionResolver [AbstractHandlerExceptionResolver.java:208] Resolved [java.lang.NullPointerException]
2023-05-04 21:39:35,514 WARN [http-nio-8080-exec-2] o.s.w.s.m.m.a.ExceptionHandlerExceptionResolver [AbstractHandlerExceptionResolver.java:208] Resolved [java.lang.NullPointerException]
2023-05-04 21:39:35,533 WARN [http-nio-8080-exec-3] o.s.w.s.m.m.a.ExceptionHandlerExceptionResolver [AbstractHandlerExceptionResolver.java:208] Resolved [java.lang.NullPointerException]
2023-05-04 21:39:35,553 WARN [http-nio-8080-exec-4] o.s.w.s.m.m.a.ExceptionHandlerExceptionResolver [AbstractHandlerExceptionResolver.java:208] Resolved [java.lang.NullPointerException]
2023-05-04 21:39:35,574 WARN [http-nio-8080-exec-5] o.s.w.s.m.m.a.ExceptionHandlerExceptionResolver [AbstractHandlerExceptionResolver.java:208] Resolved [java.lang.NullPointerException]
2023-05-04 21:39:35,594 WARN [http-nio-8080-exec-6] o.s.w.s.m.m.a.ExceptionHandlerExceptionResolver [AbstractHandlerExceptionResolver.java:208] Resolved [java.lang.NullPointerException]
2023-05-04 21:39:35,621 WARN [http-nio-8080-exec-7] o.s.w.s.m.m.a.ExceptionHandlerExceptionResolver [AbstractHandlerExceptionResolver.java:208] Resolved [java.lang.NullPointerException]
2023-05-04 21:39:35,638 WARN [http-nio-8080-exec-8] o.s.w.s.m.m.a.ExceptionHandlerExceptionResolver [AbstractHandlerExceptionResolver.java:208] Resolved [java.lang.NullPointerException]
2023-05-04 21:39:35,655 WARN [http-nio-8080-exec-9] o.s.w.s.m.m.a.ExceptionHandlerExceptionResolver [AbstractHandlerExceptionResolver.java:208] Resolved [java.lang.NullPointerException]
2023-05-04 21:39:35,670 WARN [http-nio-8080-exec-10] o.s.w.s.m.m.a.ExceptionHandlerExceptionResolver [AbstractHandlerExceptionResolver.java:208] Resolved [java.lang.NullPointerException]
2023-05-04 21:39:36,746 WARN [http-nio-8080-exec-1] o.s.w.s.m.m.a.ExceptionHandlerExceptionResolver [AbstractHandlerExceptionResolver.java:208] Resolved [java.lang.NullPointerException]
2023-05-04 21:39:36,760 WARN [http-nio-8080-exec-2] o.s.w.s.m.m.a.ExceptionHandlerExceptionResolver [AbstractHandlerExceptionResolver.java:208] Resolved [java.lang.NullPointerException]
2023-05-04 21:39:36,774 WARN [http-nio-8080-exec-3] o.s.w.s.m.m.a.ExceptionHandlerExceptionResolver [AbstractHandlerExceptionResolver.java:208] Resolved [java.lang.NullPointerException]
2023-05-04 21:39:36,788 WARN [http-nio-8080-exec-4] o.s.w.s.m.m.a.ExceptionHandlerExceptionResolver [AbstractHandlerExceptionResolver.java:208] Resolved [java.lang.NullPointerException]
2023-05-04 21:39:36,822 WARN [http-nio-8080-exec-5] o.s.w.s.m.m.a.ExceptionHandlerExceptionResolver [AbstractHandlerExceptionResolver.java:208] Resolved [java.lang.NullPointerException]
2023-05-04 21:39:36,836 WARN [http-nio-8080-exec-6] o.s.w.s.m.m.a.ExceptionHandlerExceptionResolver [AbstractHandlerExceptionResolver.java:208] Resolved [java.lang.NullPointerException]
2023-05-04 21:39:36,849 WARN [http-nio-8080-exec-7] o.s.w.s.m.m.a.ExceptionHandlerExceptionResolver [AbstractHandlerExceptionResolver.java:208] Resolved [java.lang.NullPointerException]
2023-05-04 21:39:36,866 WARN [http-nio-8080-exec-8] o.s.w.s.m.m.a.ExceptionHandlerExceptionResolver [AbstractHandlerExceptionResolver.java:208] Resolved [java.lang.NullPointerException]
2023-05-04 21:39:36,880 WARN [http-nio-8080-exec-9] o.s.w.s.m.m.a.ExceptionHandlerExceptionResolver [AbstractHandlerExceptionResolver.java:208] Resolved [java.lang.NullPointerException]
2023-05-04 21:39:36,899 WARN [http-nio-8080-exec-10] o.s.w.s.m.m.a.ExceptionHandlerExceptionResolver [AbstractHandlerExceptionResolver.java:208] Resolved [java.lang.NullPointerException]
2023-05-04 21:39:36,914 WARN [http-nio-8080-exec-1] o.s.w.s.m.m.a.ExceptionHandlerExceptionResolver [AbstractHandlerExceptionResolver.java:208] Resolved [java.lang.NullPointerException]
2023-05-04 21:39:36,929 WARN [http-nio-8080-exec-2] o.s.w.s.m.m.a.ExceptionHandlerExceptionResolver [AbstractHandlerExceptionResolver.java:208] Resolved [java.lang.NullPointerException]
2023-05-04 21:39:36,944 WARN [http-nio-8080-exec-3] o.s.w.s.m.m.a.ExceptionHandlerExceptionResolver [AbstractHandlerExceptionResolver.java:208] Resolved [java.lang.NullPointerException]
2023-05-04 21:39:36,962 WARN [http-nio-8080-exec-4] o.s.w.s.m.m.a.ExceptionHandlerExceptionResolver [AbstractHandlerExceptionResolver.java:208] Resolved [java.lang.NullPointerException]
2023-05-04 21:39:36,980 WARN [http-nio-8080-exec-5] o.s.w.s.m.m.a.ExceptionHandlerExceptionResolver [AbstractHandlerExceptionResolver.java:208] Resolved [java.lang.NullPointerException]
2023-05-04 21:39:36,998 WARN [http-nio-8080-exec-6] o.s.w.s.m.m.a.ExceptionHandlerExceptionResolver [AbstractHandlerExceptionResolver.java:208] Resolved [java.lang.NullPointerException]
2023-05-04 21:39:37,019 WARN [http-nio-8080-exec-7] o.s.w.s.m.m.a.ExceptionHandlerExceptionResolver [AbstractHandlerExceptionResolver.java:208] Resolved [java.lang.NullPointerException]
2023-05-04 21:39:37,039 WARN [http-nio-8080-exec-8] o.s.w.s.m.m.a.ExceptionHandlerExceptionResolver [AbstractHandlerExceptionResolver.java:208] Resolved [java.lang.NullPointerException]
2023-05-04 21:39:37,059 WARN [http-nio-8080-exec-9] o.s.w.s.m.m.a.ExceptionHandlerExceptionResolver [AbstractHandlerExceptionResolver.java:208] Resolved [java.lang.NullPointerException]
2023-05-04 21:39:37,077 WARN [http-nio-8080-exec-10] o.s.w.s.m.m.a.ExceptionHandlerExceptionResolver [AbstractHandlerExceptionResolver.java:208] Resolved [java.lang.NullPointerException]
2023-05-04 21:39:42,108 WARN [http-nio-8080-exec-1] o.s.w.s.m.m.a.ExceptionHandlerExceptionResolver [AbstractHandlerExceptionResolver.java:208] Resolved [java.lang.NullPointerException]
2023-05-04 21:39:42,125 WARN [http-nio-8080-exec-2] o.s.w.s.m.m.a.ExceptionHandlerExceptionResolver [AbstractHandlerExceptionResolver.java:208] Resolved [java.lang.NullPointerException]
2023-05-04 21:39:42,141 WARN [http-nio-8080-exec-3] o.s.w.s.m.m.a.ExceptionHandlerExceptionResolver [AbstractHandlerExceptionResolver.java:208] Resolved [java.lang.NullPointerException]
2023-05-04 21:39:42,156 WARN [http-nio-8080-exec-4] o.s.w.s.m.m.a.ExceptionHandlerExceptionResolver [AbstractHandlerExceptionResolver.java:208] Resolved [java.lang.NullPointerException]
2023-05-04 21:39:42,170 WARN [http-nio-8080-exec-5] o.s.w.s.m.m.a.ExceptionHandlerExceptionResolver [AbstractHandlerExceptionResolver.java:208] Resolved [java.lang.NullPointerException]
2023-05-04 21:39:42,183 WARN [http-nio-8080-exec-6] o.s.w.s.m.m.a.ExceptionHandlerExceptionResolver [AbstractHandlerExceptionResolver.java:208] Resolved [java.lang.NullPointerException]
2023-05-04 21:39:42,197 WARN [http-nio-8080-exec-7] o.s.w.s.m.m.a.ExceptionHandlerExceptionResolver [AbstractHandlerExceptionResolver.java:208] Resolved [java.lang.NullPointerException]
2023-05-04 21:39:42,210 WARN [http-nio-8080-exec-8] o.s.w.s.m.m.a.ExceptionHandlerExceptionResolver [AbstractHandlerExceptionResolver.java:208] Resolved [java.lang.NullPointerException]
2023-05-04 21:39:42,224 WARN [http-nio-8080-exec-9] o.s.w.s.m.m.a.ExceptionHandlerExceptionResolver [AbstractHandlerExceptionResolver.java:208] Resolved [java.lang.NullPointerException]
2023-05-04 21:39:42,238 WARN [http-nio-8080-exec-10] o.s.w.s.m.m.a.ExceptionHandlerExceptionResolver [AbstractHandlerExceptionResolver.java:208] Resolved [java.lang.NullPointerException]
2023-05-04 21:39:42,253 WARN [http-nio-8080-exec-1] o.s.w.s.m.m.a.ExceptionHandlerExceptionResolver [AbstractHandlerExceptionResolver.java:208] Resolved [java.lang.NullPointerException]
2023-05-04 21:39:42,267 WARN [http-nio-8080-exec-2] o.s.w.s.m.m.a.ExceptionHandlerExceptionResolver [AbstractHandlerExceptionResolver.java:208] Resolved [java.lang.NullPointerException]
2023-05-04 21:39:42,283 WARN [http-nio-8080-exec-3] o.s.w.s.m.m.a.ExceptionHandlerExceptionResolver [AbstractHandlerExceptionResolver.java:208] Resolved [java.lang.NullPointerException]
2023-05-04 21:39:42,299 WARN [http-nio-8080-exec-4] o.s.w.s.m.m.a.ExceptionHandlerExceptionResolver [AbstractHandlerExceptionResolver.java:208] Resolved [java.lang.NullPointerException]
2023-05-04 21:39:42,316 WARN [http-nio-8080-exec-5] o.s.w.s.m.m.a.ExceptionHandlerExceptionResolver [AbstractHandlerExceptionResolver.java:208] Resolved [java.lang.NullPointerException]
2023-05-04 21:39:42,335 WARN [http-nio-8080-exec-6] o.s.w.s.m.m.a.ExceptionHandlerExceptionResolver [AbstractHandlerExceptionResolver.java:208] Resolved [java.lang.NullPointerException]
2023-05-04 21:39:42,353 WARN [http-nio-8080-exec-7] o.s.w.s.m.m.a.ExceptionHandlerExceptionResolver [AbstractHandlerExceptionResolver.java:208] Resolved [java.lang.NullPointerException]
2023-05-04 21:39:42,380 WARN [http-nio-8080-exec-8] o.s.w.s.m.m.a.ExceptionHandlerExceptionResolver [AbstractHandlerExceptionResolver.java:208] Resolved [java.lang.NullPointerException]
2023-05-04 21:39:42,398 WARN [http-nio-8080-exec-9] o.s.w.s.m.m.a.ExceptionHandlerExceptionResolver [AbstractHandlerExceptionResolver.java:208] Resolved [java.lang.NullPointerException]
2023-05-04 21:39:42,418 WARN [http-nio-8080-exec-10] o.s.w.s.m.m.a.ExceptionHandlerExceptionResolver [AbstractHandlerExceptionResolver.java:208] Resolved [java.lang.NullPointerException]
2023-05-04 21:40:12,463 WARN [http-nio-8080-exec-1] o.s.w.s.m.m.a.ExceptionHandlerExceptionResolver [AbstractHandlerExceptionResolver.java:208] Resolved [java.lang.NullPointerException]
2023-05-04 21:40:12,476 WARN [http-nio-8080-exec-2] o.s.w.s.m.m.a.ExceptionHandlerExceptionResolver [AbstractHandlerExceptionResolver.java:208] Resolved [java.lang.NullPointerException]
2023-05-04 21:40:12,492 WARN [http-nio-8080-exec-3] o.s.w.s.m.m.a.ExceptionHandlerExceptionResolver [AbstractHandlerExceptionResolver.java:208] Resolved [java.lang.NullPointerException]
2023-05-04 21:40:12,507 WARN [http-nio-8080-exec-4] o.s.w.s.m.m.a.ExceptionHandlerExceptionResolver [AbstractHandlerExceptionResolver.java:208] Resolved [java.lang.NullPointerException]
2023-05-04 21:40:12,523 WARN [http-nio-8080-exec-5] o.s.w.s.m.m.a.ExceptionHandlerExceptionResolver [AbstractHandlerExceptionResolver.java:208] Resolved [java.lang.NullPointerException]
2023-05-04 21:40:12,537 WARN [http-nio-8080-exec-6] o.s.w.s.m.m.a.ExceptionHandlerExceptionResolver [AbstractHandlerExceptionResolver.java:208] Resolved [java.lang.NullPointerException]
2023-05-04 21:40:12,551 WARN [http-nio-8080-exec-7] o.s.w.s.m.m.a.ExceptionHandlerExceptionResolver [AbstractHandlerExceptionResolver.java:208] Resolved [java.lang.NullPointerException]
2023-05-04 21:40:12,566 WARN [http-nio-8080-exec-8] o.s.w.s.m.m.a.ExceptionHandlerExceptionResolver [AbstractHandlerExceptionResolver.java:208] Resolved [java.lang.NullPointerException]
2023-05-04 21:40:12,581 WARN [http-nio-8080-exec-9] o.s.w.s.m.m.a.ExceptionHandlerExceptionResolver [AbstractHandlerExceptionResolver.java:208] Resolved [java.lang.NullPointerException]
2023-05-04 21:40:12,598 WARN [http-nio-8080-exec-10] o.s.w.s.m.m.a.ExceptionHandlerExceptionResolver [AbstractHandlerExceptionResolver.java:208] Resolved [java.lang.NullPointerException]
2023-05-04 21:40:12,613 WARN [http-nio-8080-exec-1] o.s.w.s.m.m.a.ExceptionHandlerExceptionResolver [AbstractHandlerExceptionResolver.java:208] Resolved [java.lang.NullPointerException]
2023-05-04 21:40:12,626 WARN [http-nio-8080-exec-2] o.s.w.s.m.m.a.ExceptionHandlerExceptionResolver [AbstractHandlerExceptionResolver.java:208] Resolved [java.lang.NullPointerException]
2023-05-04 21:40:12,641 WARN [http-nio-8080-exec-3] o.s.w.s.m.m.a.ExceptionHandlerExceptionResolver [AbstractHandlerExceptionResolver.java:208] Resolved [java.lang.NullPointerException]
2023-05-04 21:40:12,655 WARN [http-nio-8080-exec-4] o.s.w.s.m.m.a.ExceptionHandlerExceptionResolver [AbstractHandlerExceptionResolver.java:208] Resolved [java.lang.NullPointerException]
2023-05-04 21:40:12,672 WARN [http-nio-8080-exec-5] o.s.w.s.m.m.a.ExceptionHandlerExceptionResolver [AbstractHandlerExceptionResolver.java:208] Resolved [java.lang.NullPointerException]
2023-05-04 21:40:12,688 WARN [http-nio-8080-exec-6] o.s.w.s.m.m.a.ExceptionHandlerExceptionResolver [AbstractHandlerExceptionResolver.java:208] Resolved [java.lang.NullPointerException]
2023-05-04 21:40:12,710 WARN [http-nio-8080-exec-7] o.s.w.s.m.m.a.ExceptionHandlerExceptionResolver [AbstractHandlerExceptionResolver.java:208] Resolved [java.lang.NullPointerException]
2023-05-04 21:40:12,727 WARN [http-nio-8080-exec-8] o.s.w.s.m.m.a.ExceptionHandlerExceptionResolver [AbstractHandlerExceptionResolver.java:208] Resolved [java.lang.NullPointerException]
2023-05-04 21:40:12,743 WARN [http-nio-8080-exec-9] o.s.w.s.m.m.a.ExceptionHandlerExceptionResolver [AbstractHandlerExceptionResolver.java:208] Resolved [java.lang.NullPointerException]
2023-05-04 21:40:12,759 WARN [http-nio-8080-exec-10] o.s.w.s.m.m.a.ExceptionHandlerExceptionResolver [AbstractHandlerExceptionResolver.java:208] Resolved [java.lang.NullPointerException]
2023-05-04 21:41:12,795 WARN [http-nio-8080-exec-2] o.s.w.s.m.m.a.ExceptionHandlerExceptionResolver [AbstractHandlerExceptionResolver.java:208] Resolved [java.lang.NullPointerException]
2023-05-04 21:41:12,810 WARN [http-nio-8080-exec-3] o.s.w.s.m.m.a.ExceptionHandlerExceptionResolver [AbstractHandlerExceptionResolver.java:208] Resolved [java.lang.NullPointerException]
2023-05-04 21:41:12,828 WARN [http-nio-8080-exec-4] o.s.w.s.m.m.a.ExceptionHandlerExceptionResolver [AbstractHandlerExceptionResolver.java:208] Resolved [java.lang.NullPointerException]
2023-05-04 21:41:12,841 WARN [http-nio-8080-exec-5] o.s.w.s.m.m.a.ExceptionHandlerExceptionResolver [AbstractHandlerExceptionResolver.java:208] Resolved [java.lang.NullPointerException]
2023-05-04 21:41:12,856 WARN [http-nio-8080-exec-6] o.s.w.s.m.m.a.ExceptionHandlerExceptionResolver [AbstractHandlerExceptionResolver.java:208] Resolved [java.lang.NullPointerException]
2023-05-04 21:41:12,871 WARN [http-nio-8080-exec-7] o.s.w.s.m.m.a.ExceptionHandlerExceptionResolver [AbstractHandlerExceptionResolver.java:208] Resolved [java.lang.NullPointerException]
2023-05-04 21:41:12,887 WARN [http-nio-8080-exec-8] o.s.w.s.m.m.a.ExceptionHandlerExceptionResolver [AbstractHandlerExceptionResolver.java:208] Resolved [java.lang.NullPointerException]
2023-05-04 21:41:12,901 WARN [http-nio-8080-exec-9] o.s.w.s.m.m.a.ExceptionHandlerExceptionResolver [AbstractHandlerExceptionResolver.java:208] Resolved [java.lang.NullPointerException]
2023-05-04 21:41:12,916 WARN [http-nio-8080-exec-10] o.s.w.s.m.m.a.ExceptionHandlerExceptionResolver [AbstractHandlerExceptionResolver.java:208] Resolved [java.lang.NullPointerException]
2023-05-04 21:41:12,930 WARN [http-nio-8080-exec-1] o.s.w.s.m.m.a.ExceptionHandlerExceptionResolver [AbstractHandlerExceptionResolver.java:208] Resolved [java.lang.NullPointerException]
2023-05-04 21:41:12,945 WARN [http-nio-8080-exec-2] o.s.w.s.m.m.a.ExceptionHandlerExceptionResolver [AbstractHandlerExceptionResolver.java:208] Resolved [java.lang.NullPointerException]
2023-05-04 21:41:12,959 WARN [http-nio-8080-exec-3] o.s.w.s.m.m.a.ExceptionHandlerExceptionResolver [AbstractHandlerExceptionResolver.java:208] Resolved [java.lang.NullPointerException]
2023-05-04 21:41:12,973 WARN [http-nio-8080-exec-4] o.s.w.s.m.m.a.ExceptionHandlerExceptionResolver [AbstractHandlerExceptionResolver.java:208] Resolved [java.lang.NullPointerException]
2023-05-04 21:41:12,993 WARN [http-nio-8080-exec-5] o.s.w.s.m.m.a.ExceptionHandlerExceptionResolver [AbstractHandlerExceptionResolver.java:208] Resolved [java.lang.NullPointerException]
2023-05-04 21:41:13,009 WARN [http-nio-8080-exec-6] o.s.w.s.m.m.a.ExceptionHandlerExceptionResolver [AbstractHandlerExceptionResolver.java:208] Resolved [java.lang.NullPointerException]
2023-05-04 21:41:13,024 WARN [http-nio-8080-exec-7] o.s.w.s.m.m.a.ExceptionHandlerExceptionResolver [AbstractHandlerExceptionResolver.java:208] Resolved [java.lang.NullPointerException]
2023-05-04 21:41:13,040 WARN [http-nio-8080-exec-8] o.s.w.s.m.m.a.ExceptionHandlerExceptionResolver [AbstractHandlerExceptionResolver.java:208] Resolved [java.lang.NullPointerException]
2023-05-04 21:41:13,057 WARN [http-nio-8080-exec-9] o.s.w.s.m.m.a.ExceptionHandlerExceptionResolver [AbstractHandlerExceptionResolver.java:208] Resolved [java.lang.NullPointerException]
2023-05-04 21:41:13,073 WARN [http-nio-8080-exec-10] o.s.w.s.m.m.a.ExceptionHandlerExceptionResolver [AbstractHandlerExceptionResolver.java:208] Resolved [java.lang.NullPointerException]
2023-05-04 21:41:13,092 WARN [http-nio-8080-exec-1] o.s.w.s.m.m.a.ExceptionHandlerExceptionResolver [AbstractHandlerExceptionResolver.java:208] Resolved [java.lang.NullPointerException]
2023-05-04 21:42:04,633 WARN [http-nio-8080-exec-2] o.s.w.s.m.m.a.ExceptionHandlerExceptionResolver [AbstractHandlerExceptionResolver.java:208] Resolved [java.lang.NullPointerException]
2023-05-04 21:42:04,650 WARN [http-nio-8080-exec-3] o.s.w.s.m.m.a.ExceptionHandlerExceptionResolver [AbstractHandlerExceptionResolver.java:208] Resolved [java.lang.NullPointerException]
2023-05-04 21:42:04,667 WARN [http-nio-8080-exec-4] o.s.w.s.m.m.a.ExceptionHandlerExceptionResolver [AbstractHandlerExceptionResolver.java:208] Resolved [java.lang.NullPointerException]
2023-05-04 21:42:04,681 WARN [http-nio-8080-exec-5] o.s.w.s.m.m.a.ExceptionHandlerExceptionResolver [AbstractHandlerExceptionResolver.java:208] Resolved [java.lang.NullPointerException]
2023-05-04 21:42:04,696 WARN [http-nio-8080-exec-6] o.s.w.s.m.m.a.ExceptionHandlerExceptionResolver [AbstractHandlerExceptionResolver.java:208] Resolved [java.lang.NullPointerException]
2023-05-04 21:42:04,711 WARN [http-nio-8080-exec-7] o.s.w.s.m.m.a.ExceptionHandlerExceptionResolver [AbstractHandlerExceptionResolver.java:208] Resolved [java.lang.NullPointerException]
2023-05-04 21:42:04,725 WARN [http-nio-8080-exec-8] o.s.w.s.m.m.a.ExceptionHandlerExceptionResolver [AbstractHandlerExceptionResolver.java:208] Resolved [java.lang.NullPointerException]
2023-05-04 21:42:04,739 WARN [http-nio-8080-exec-9] o.s.w.s.m.m.a.ExceptionHandlerExceptionResolver [AbstractHandlerExceptionResolver.java:208] Resolved [java.lang.NullPointerException]
2023-05-04 21:42:04,759 WARN [http-nio-8080-exec-10] o.s.w.s.m.m.a.ExceptionHandlerExceptionResolver [AbstractHandlerExceptionResolver.java:208] Resolved [java.lang.NullPointerException]
2023-05-04 21:42:04,774 WARN [http-nio-8080-exec-1] o.s.w.s.m.m.a.ExceptionHandlerExceptionResolver [AbstractHandlerExceptionResolver.java:208] Resolved [java.lang.NullPointerException]
2023-05-04 21:42:04,789 WARN [http-nio-8080-exec-2] o.s.w.s.m.m.a.ExceptionHandlerExceptionResolver [AbstractHandlerExceptionResolver.java:208] Resolved [java.lang.NullPointerException]
2023-05-04 21:42:04,807 WARN [http-nio-8080-exec-3] o.s.w.s.m.m.a.ExceptionHandlerExceptionResolver [AbstractHandlerExceptionResolver.java:208] Resolved [java.lang.NullPointerException]
2023-05-04 21:42:04,822 WARN [http-nio-8080-exec-4] o.s.w.s.m.m.a.ExceptionHandlerExceptionResolver [AbstractHandlerExceptionResolver.java:208] Resolved [java.lang.NullPointerException]
2023-05-04 21:42:04,837 WARN [http-nio-8080-exec-5] o.s.w.s.m.m.a.ExceptionHandlerExceptionResolver [AbstractHandlerExceptionResolver.java:208] Resolved [java.lang.NullPointerException]
2023-05-04 21:42:04,855 WARN [http-nio-8080-exec-6] o.s.w.s.m.m.a.ExceptionHandlerExceptionResolver [AbstractHandlerExceptionResolver.java:208] Resolved [java.lang.NullPointerException]
2023-05-04 21:42:04,874 WARN [http-nio-8080-exec-7] o.s.w.s.m.m.a.ExceptionHandlerExceptionResolver [AbstractHandlerExceptionResolver.java:208] Resolved [java.lang.NullPointerException]
2023-05-04 21:42:04,891 WARN [http-nio-8080-exec-8] o.s.w.s.m.m.a.ExceptionHandlerExceptionResolver [AbstractHandlerExceptionResolver.java:208] Resolved [java.lang.NullPointerException]
2023-05-04 21:42:04,908 WARN [http-nio-8080-exec-9] o.s.w.s.m.m.a.ExceptionHandlerExceptionResolver [AbstractHandlerExceptionResolver.java:208] Resolved [java.lang.NullPointerException]
2023-05-04 21:42:04,924 WARN [http-nio-8080-exec-10] o.s.w.s.m.m.a.ExceptionHandlerExceptionResolver [AbstractHandlerExceptionResolver.java:208] Resolved [java.lang.NullPointerException]
2023-05-04 21:42:04,941 WARN [http-nio-8080-exec-1] o.s.w.s.m.m.a.ExceptionHandlerExceptionResolver [AbstractHandlerExceptionResolver.java:208] Resolved [java.lang.NullPointerException]
2023-05-04 21:47:04,991 WARN [http-nio-8080-exec-4] o.s.w.s.m.m.a.ExceptionHandlerExceptionResolver [AbstractHandlerExceptionResolver.java:208] Resolved [java.lang.NullPointerException]
2023-05-04 21:47:05,004 WARN [http-nio-8080-exec-5] o.s.w.s.m.m.a.ExceptionHandlerExceptionResolver [AbstractHandlerExceptionResolver.java:208] Resolved [java.lang.NullPointerException]
2023-05-04 21:47:05,016 WARN [http-nio-8080-exec-6] o.s.w.s.m.m.a.ExceptionHandlerExceptionResolver [AbstractHandlerExceptionResolver.java:208] Resolved [java.lang.NullPointerException]
2023-05-04 21:47:05,028 WARN [http-nio-8080-exec-7] o.s.w.s.m.m.a.ExceptionHandlerExceptionResolver [AbstractHandlerExceptionResolver.java:208] Resolved [java.lang.NullPointerException]
2023-05-04 21:47:05,041 WARN [http-nio-8080-exec-8] o.s.w.s.m.m.a.ExceptionHandlerExceptionResolver [AbstractHandlerExceptionResolver.java:208] Resolved [java.lang.NullPointerException]
2023-05-04 21:47:05,054 WARN [http-nio-8080-exec-9] o.s.w.s.m.m.a.ExceptionHandlerExceptionResolver [AbstractHandlerExceptionResolver.java:208] Resolved [java.lang.NullPointerException]
2023-05-04 21:47:05,067 WARN [http-nio-8080-exec-10] o.s.w.s.m.m.a.ExceptionHandlerExceptionResolver [AbstractHandlerExceptionResolver.java:208] Resolved [java.lang.NullPointerException]
2023-05-04 21:47:05,082 WARN [http-nio-8080-exec-1] o.s.w.s.m.m.a.ExceptionHandlerExceptionResolver [AbstractHandlerExceptionResolver.java:208] Resolved [java.lang.NullPointerException]
2023-05-04 21:47:05,097 WARN [http-nio-8080-exec-3] o.s.w.s.m.m.a.ExceptionHandlerExceptionResolver [AbstractHandlerExceptionResolver.java:208] Resolved [java.lang.NullPointerException]
2023-05-04 21:47:05,111 WARN [http-nio-8080-exec-2] o.s.w.s.m.m.a.ExceptionHandlerExceptionResolver [AbstractHandlerExceptionResolver.java:208] Resolved [java.lang.NullPointerException]
2023-05-04 21:47:05,124 WARN [http-nio-8080-exec-4] o.s.w.s.m.m.a.ExceptionHandlerExceptionResolver [AbstractHandlerExceptionResolver.java:208] Resolved [java.lang.NullPointerException]
2023-05-04 21:47:05,137 WARN [http-nio-8080-exec-5] o.s.w.s.m.m.a.ExceptionHandlerExceptionResolver [AbstractHandlerExceptionResolver.java:208] Resolved [java.lang.NullPointerException]
2023-05-04 21:47:05,152 WARN [http-nio-8080-exec-6] o.s.w.s.m.m.a.ExceptionHandlerExceptionResolver [AbstractHandlerExceptionResolver.java:208] Resolved [java.lang.NullPointerException]
2023-05-04 21:47:05,165 WARN [http-nio-8080-exec-7] o.s.w.s.m.m.a.ExceptionHandlerExceptionResolver [AbstractHandlerExceptionResolver.java:208] Resolved [java.lang.NullPointerException]
2023-05-04 21:47:05,178 WARN [http-nio-8080-exec-8] o.s.w.s.m.m.a.ExceptionHandlerExceptionResolver [AbstractHandlerExceptionResolver.java:208] Resolved [java.lang.NullPointerException]
2023-05-04 21:47:05,202 WARN [http-nio-8080-exec-9] o.s.w.s.m.m.a.ExceptionHandlerExceptionResolver [AbstractHandlerExceptionResolver.java:208] Resolved [java.lang.NullPointerException]
2023-05-04 21:47:05,220 WARN [http-nio-8080-exec-10] o.s.w.s.m.m.a.ExceptionHandlerExceptionResolver [AbstractHandlerExceptionResolver.java:208] Resolved [java.lang.NullPointerException]
2023-05-04 21:47:05,239 WARN [http-nio-8080-exec-1] o.s.w.s.m.m.a.ExceptionHandlerExceptionResolver [AbstractHandlerExceptionResolver.java:208] Resolved [java.lang.NullPointerException]
2023-05-04 21:47:05,255 WARN [http-nio-8080-exec-3] o.s.w.s.m.m.a.ExceptionHandlerExceptionResolver [AbstractHandlerExceptionResolver.java:208] Resolved [java.lang.NullPointerException]
2023-05-04 21:47:05,274 WARN [http-nio-8080-exec-2] o.s.w.s.m.m.a.ExceptionHandlerExceptionResolver [AbstractHandlerExceptionResolver.java:208] Resolved [java.lang.NullPointerException]
2023-05-04 21:52:21,621 WARN [I/O dispatcher 1] o.e.c.RestClient [RequestLogger.java:72] request [GET http://127.0.0.1:9200/] returned 1 warnings: [299 Elasticsearch-7.17.3-5ad023604c8d7416c9eb6c0eadb62b14e766caff "Elasticsearch built-in security features are not enabled. Without authentication, your cluster could be accessible to anyone. See https://www.elastic.co/guide/en/elasticsearch/reference/7.17/security-minimal-setup.html to enable security."]
2023-05-04 21:52:21,636 WARN [restartedMain] o.e.c.RestClient [RequestLogger.java:72] request [HEAD http://127.0.0.1:9200/discusspost] returned 1 warnings: [299 Elasticsearch-7.17.3-5ad023604c8d7416c9eb6c0eadb62b14e766caff "Elasticsearch built-in security features are not enabled. Without authentication, your cluster could be accessible to anyone. See https://www.elastic.co/guide/en/elasticsearch/reference/7.17/security-minimal-setup.html to enable security."]
2023-05-04 21:52:22,079 WARN [restartedMain] o.s.b.a.s.s.UserDetailsServiceAutoConfiguration [UserDetailsServiceAutoConfiguration.java:89] 

Using generated security password: c478272f-030c-4745-beae-930711dea9c7

This generated password is for development use only. Your security configuration must be updated before running your application in production.

2023-05-04 21:52:22,119 WARN [restartedMain] o.s.s.c.a.w.b.WebSecurity [WebSecurity.java:305] You are asking Spring Security to ignore Ant [pattern='/resources/**']. This is not recommended -- please use permitAll via HttpSecurity#authorizeHttpRequests instead.
2023-05-04 21:52:22,120 WARN [restartedMain] o.s.s.c.a.w.b.WebSecurity [WebSecurity.java:305] You are asking Spring Security to ignore Ant [pattern='/index']. This is not recommended -- please use permitAll via HttpSecurity#authorizeHttpRequests instead.
2023-05-04 21:52:26,852 WARN [http-nio-8080-exec-1] o.s.w.s.m.m.a.ExceptionHandlerExceptionResolver [AbstractHandlerExceptionResolver.java:208] Resolved [java.lang.NullPointerException]
2023-05-04 21:52:26,872 WARN [http-nio-8080-exec-2] o.s.w.s.m.m.a.ExceptionHandlerExceptionResolver [AbstractHandlerExceptionResolver.java:208] Resolved [java.lang.NullPointerException]
2023-05-04 21:52:26,886 WARN [http-nio-8080-exec-3] o.s.w.s.m.m.a.ExceptionHandlerExceptionResolver [AbstractHandlerExceptionResolver.java:208] Resolved [java.lang.NullPointerException]
2023-05-04 21:52:26,903 WARN [http-nio-8080-exec-4] o.s.w.s.m.m.a.ExceptionHandlerExceptionResolver [AbstractHandlerExceptionResolver.java:208] Resolved [java.lang.NullPointerException]
2023-05-04 21:52:26,920 WARN [http-nio-8080-exec-5] o.s.w.s.m.m.a.ExceptionHandlerExceptionResolver [AbstractHandlerExceptionResolver.java:208] Resolved [java.lang.NullPointerException]
2023-05-04 21:52:26,937 WARN [http-nio-8080-exec-6] o.s.w.s.m.m.a.ExceptionHandlerExceptionResolver [AbstractHandlerExceptionResolver.java:208] Resolved [java.lang.NullPointerException]
2023-05-04 21:52:26,953 WARN [http-nio-8080-exec-7] o.s.w.s.m.m.a.ExceptionHandlerExceptionResolver [AbstractHandlerExceptionResolver.java:208] Resolved [java.lang.NullPointerException]
2023-05-04 21:52:26,970 WARN [http-nio-8080-exec-8] o.s.w.s.m.m.a.ExceptionHandlerExceptionResolver [AbstractHandlerExceptionResolver.java:208] Resolved [java.lang.NullPointerException]
2023-05-04 21:52:26,987 WARN [http-nio-8080-exec-9] o.s.w.s.m.m.a.ExceptionHandlerExceptionResolver [AbstractHandlerExceptionResolver.java:208] Resolved [java.lang.NullPointerException]
2023-05-04 21:52:27,003 WARN [http-nio-8080-exec-10] o.s.w.s.m.m.a.ExceptionHandlerExceptionResolver [AbstractHandlerExceptionResolver.java:208] Resolved [java.lang.NullPointerException]
2023-05-04 21:52:27,022 WARN [http-nio-8080-exec-1] o.s.w.s.m.m.a.ExceptionHandlerExceptionResolver [AbstractHandlerExceptionResolver.java:208] Resolved [java.lang.NullPointerException]
2023-05-04 21:52:27,042 WARN [http-nio-8080-exec-2] o.s.w.s.m.m.a.ExceptionHandlerExceptionResolver [AbstractHandlerExceptionResolver.java:208] Resolved [java.lang.NullPointerException]
2023-05-04 21:52:27,061 WARN [http-nio-8080-exec-3] o.s.w.s.m.m.a.ExceptionHandlerExceptionResolver [AbstractHandlerExceptionResolver.java:208] Resolved [java.lang.NullPointerException]
2023-05-04 21:52:27,080 WARN [http-nio-8080-exec-4] o.s.w.s.m.m.a.ExceptionHandlerExceptionResolver [AbstractHandlerExceptionResolver.java:208] Resolved [java.lang.NullPointerException]
2023-05-04 21:52:27,100 WARN [http-nio-8080-exec-5] o.s.w.s.m.m.a.ExceptionHandlerExceptionResolver [AbstractHandlerExceptionResolver.java:208] Resolved [java.lang.NullPointerException]
2023-05-04 21:52:27,130 WARN [http-nio-8080-exec-6] o.s.w.s.m.m.a.ExceptionHandlerExceptionResolver [AbstractHandlerExceptionResolver.java:208] Resolved [java.lang.NullPointerException]
2023-05-04 21:52:27,150 WARN [http-nio-8080-exec-7] o.s.w.s.m.m.a.ExceptionHandlerExceptionResolver [AbstractHandlerExceptionResolver.java:208] Resolved [java.lang.NullPointerException]
2023-05-04 21:52:27,167 WARN [http-nio-8080-exec-8] o.s.w.s.m.m.a.ExceptionHandlerExceptionResolver [AbstractHandlerExceptionResolver.java:208] Resolved [java.lang.NullPointerException]
2023-05-04 21:52:27,184 WARN [http-nio-8080-exec-9] o.s.w.s.m.m.a.ExceptionHandlerExceptionResolver [AbstractHandlerExceptionResolver.java:208] Resolved [java.lang.NullPointerException]
2023-05-04 21:52:27,200 WARN [http-nio-8080-exec-10] o.s.w.s.m.m.a.ExceptionHandlerExceptionResolver [AbstractHandlerExceptionResolver.java:208] Resolved [java.lang.NullPointerException]
2023-05-04 21:56:07,909 WARN [I/O dispatcher 17] o.e.c.RestClient [RequestLogger.java:72] request [GET http://127.0.0.1:9200/] returned 1 warnings: [299 Elasticsearch-7.17.3-5ad023604c8d7416c9eb6c0eadb62b14e766caff "Elasticsearch built-in security features are not enabled. Without authentication, your cluster could be accessible to anyone. See https://www.elastic.co/guide/en/elasticsearch/reference/7.17/security-minimal-setup.html to enable security."]
2023-05-04 21:56:07,913 WARN [restartedMain] o.e.c.RestClient [RequestLogger.java:72] request [HEAD http://127.0.0.1:9200/discusspost] returned 1 warnings: [299 Elasticsearch-7.17.3-5ad023604c8d7416c9eb6c0eadb62b14e766caff "Elasticsearch built-in security features are not enabled. Without authentication, your cluster could be accessible to anyone. See https://www.elastic.co/guide/en/elasticsearch/reference/7.17/security-minimal-setup.html to enable security."]
2023-05-04 21:56:08,220 WARN [restartedMain] o.s.b.a.s.s.UserDetailsServiceAutoConfiguration [UserDetailsServiceAutoConfiguration.java:89] 

Using generated security password: 8c84207c-523c-4e15-9b3f-e9517156f01e

This generated password is for development use only. Your security configuration must be updated before running your application in production.

2023-05-04 21:56:08,223 WARN [restartedMain] o.s.s.c.a.w.b.WebSecurity [WebSecurity.java:305] You are asking Spring Security to ignore Ant [pattern='/resources/**']. This is not recommended -- please use permitAll via HttpSecurity#authorizeHttpRequests instead.
2023-05-04 21:56:08,224 WARN [restartedMain] o.s.s.c.a.w.b.WebSecurity [WebSecurity.java:305] You are asking Spring Security to ignore Ant [pattern='/index']. This is not recommended -- please use permitAll via HttpSecurity#authorizeHttpRequests instead.
2023-05-04 21:56:10,582 WARN [I/O dispatcher 33] o.e.c.RestClient [RequestLogger.java:72] request [GET http://127.0.0.1:9200/] returned 1 warnings: [299 Elasticsearch-7.17.3-5ad023604c8d7416c9eb6c0eadb62b14e766caff "Elasticsearch built-in security features are not enabled. Without authentication, your cluster could be accessible to anyone. See https://www.elastic.co/guide/en/elasticsearch/reference/7.17/security-minimal-setup.html to enable security."]
2023-05-04 21:56:10,585 WARN [restartedMain] o.e.c.RestClient [RequestLogger.java:72] request [HEAD http://127.0.0.1:9200/discusspost] returned 1 warnings: [299 Elasticsearch-7.17.3-5ad023604c8d7416c9eb6c0eadb62b14e766caff "Elasticsearch built-in security features are not enabled. Without authentication, your cluster could be accessible to anyone. See https://www.elastic.co/guide/en/elasticsearch/reference/7.17/security-minimal-setup.html to enable security."]
2023-05-04 21:56:10,802 WARN [restartedMain] o.s.b.a.s.s.UserDetailsServiceAutoConfiguration [UserDetailsServiceAutoConfiguration.java:89] 

Using generated security password: 2b2cac35-85e6-48ae-9708-ab7e75a80e83

This generated password is for development use only. Your security configuration must be updated before running your application in production.

2023-05-04 21:56:10,805 WARN [restartedMain] o.s.s.c.a.w.b.WebSecurity [WebSecurity.java:305] You are asking Spring Security to ignore Ant [pattern='/resources/**']. This is not recommended -- please use permitAll via HttpSecurity#authorizeHttpRequests instead.
2023-05-04 21:56:10,805 WARN [restartedMain] o.s.s.c.a.w.b.WebSecurity [WebSecurity.java:305] You are asking Spring Security to ignore Ant [pattern='/index']. This is not recommended -- please use permitAll via HttpSecurity#authorizeHttpRequests instead.
2023-05-04 21:56:16,344 WARN [I/O dispatcher 1] o.e.c.RestClient [RequestLogger.java:72] request [GET http://127.0.0.1:9200/] returned 1 warnings: [299 Elasticsearch-7.17.3-5ad023604c8d7416c9eb6c0eadb62b14e766caff "Elasticsearch built-in security features are not enabled. Without authentication, your cluster could be accessible to anyone. See https://www.elastic.co/guide/en/elasticsearch/reference/7.17/security-minimal-setup.html to enable security."]
2023-05-04 21:56:16,360 WARN [restartedMain] o.e.c.RestClient [RequestLogger.java:72] request [HEAD http://127.0.0.1:9200/discusspost] returned 1 warnings: [299 Elasticsearch-7.17.3-5ad023604c8d7416c9eb6c0eadb62b14e766caff "Elasticsearch built-in security features are not enabled. Without authentication, your cluster could be accessible to anyone. See https://www.elastic.co/guide/en/elasticsearch/reference/7.17/security-minimal-setup.html to enable security."]
2023-05-04 21:56:16,815 WARN [restartedMain] o.s.b.a.s.s.UserDetailsServiceAutoConfiguration [UserDetailsServiceAutoConfiguration.java:89] 

Using generated security password: 17df9236-1562-4cd5-9336-83ec23e66cfc

This generated password is for development use only. Your security configuration must be updated before running your application in production.

2023-05-04 21:56:16,855 WARN [restartedMain] o.s.s.c.a.w.b.WebSecurity [WebSecurity.java:305] You are asking Spring Security to ignore Ant [pattern='/resources/**']. This is not recommended -- please use permitAll via HttpSecurity#authorizeHttpRequests instead.
2023-05-04 21:56:16,857 WARN [restartedMain] o.s.s.c.a.w.b.WebSecurity [WebSecurity.java:305] You are asking Spring Security to ignore Ant [pattern='/index']. This is not recommended -- please use permitAll via HttpSecurity#authorizeHttpRequests instead.
2023-05-04 21:56:43,786 WARN [http-nio-8080-exec-1] o.s.w.s.m.m.a.ExceptionHandlerExceptionResolver [AbstractHandlerExceptionResolver.java:208] Resolved [java.lang.NullPointerException]
2023-05-04 21:56:43,807 WARN [http-nio-8080-exec-2] o.s.w.s.m.m.a.ExceptionHandlerExceptionResolver [AbstractHandlerExceptionResolver.java:208] Resolved [java.lang.NullPointerException]
2023-05-04 21:56:43,824 WARN [http-nio-8080-exec-3] o.s.w.s.m.m.a.ExceptionHandlerExceptionResolver [AbstractHandlerExceptionResolver.java:208] Resolved [java.lang.NullPointerException]
2023-05-04 21:56:43,840 WARN [http-nio-8080-exec-4] o.s.w.s.m.m.a.ExceptionHandlerExceptionResolver [AbstractHandlerExceptionResolver.java:208] Resolved [java.lang.NullPointerException]
2023-05-04 21:56:43,856 WARN [http-nio-8080-exec-5] o.s.w.s.m.m.a.ExceptionHandlerExceptionResolver [AbstractHandlerExceptionResolver.java:208] Resolved [java.lang.NullPointerException]
2023-05-04 21:56:43,874 WARN [http-nio-8080-exec-6] o.s.w.s.m.m.a.ExceptionHandlerExceptionResolver [AbstractHandlerExceptionResolver.java:208] Resolved [java.lang.NullPointerException]
2023-05-04 21:56:43,890 WARN [http-nio-8080-exec-9] o.s.w.s.m.m.a.ExceptionHandlerExceptionResolver [AbstractHandlerExceptionResolver.java:208] Resolved [java.lang.NullPointerException]
2023-05-04 21:56:43,906 WARN [http-nio-8080-exec-8] o.s.w.s.m.m.a.ExceptionHandlerExceptionResolver [AbstractHandlerExceptionResolver.java:208] Resolved [java.lang.NullPointerException]
2023-05-04 21:56:43,921 WARN [http-nio-8080-exec-7] o.s.w.s.m.m.a.ExceptionHandlerExceptionResolver [AbstractHandlerExceptionResolver.java:208] Resolved [java.lang.NullPointerException]
2023-05-04 21:56:43,937 WARN [http-nio-8080-exec-10] o.s.w.s.m.m.a.ExceptionHandlerExceptionResolver [AbstractHandlerExceptionResolver.java:208] Resolved [java.lang.NullPointerException]
2023-05-04 21:56:43,954 WARN [http-nio-8080-exec-1] o.s.w.s.m.m.a.ExceptionHandlerExceptionResolver [AbstractHandlerExceptionResolver.java:208] Resolved [java.lang.NullPointerException]
2023-05-04 21:56:43,975 WARN [http-nio-8080-exec-2] o.s.w.s.m.m.a.ExceptionHandlerExceptionResolver [AbstractHandlerExceptionResolver.java:208] Resolved [java.lang.NullPointerException]
2023-05-04 21:56:43,993 WARN [http-nio-8080-exec-3] o.s.w.s.m.m.a.ExceptionHandlerExceptionResolver [AbstractHandlerExceptionResolver.java:208] Resolved [java.lang.NullPointerException]
2023-05-04 21:56:44,012 WARN [http-nio-8080-exec-4] o.s.w.s.m.m.a.ExceptionHandlerExceptionResolver [AbstractHandlerExceptionResolver.java:208] Resolved [java.lang.NullPointerException]
2023-05-04 21:56:44,032 WARN [http-nio-8080-exec-5] o.s.w.s.m.m.a.ExceptionHandlerExceptionResolver [AbstractHandlerExceptionResolver.java:208] Resolved [java.lang.NullPointerException]
2023-05-04 21:56:44,058 WARN [http-nio-8080-exec-6] o.s.w.s.m.m.a.ExceptionHandlerExceptionResolver [AbstractHandlerExceptionResolver.java:208] Resolved [java.lang.NullPointerException]
2023-05-04 21:56:44,075 WARN [http-nio-8080-exec-9] o.s.w.s.m.m.a.ExceptionHandlerExceptionResolver [AbstractHandlerExceptionResolver.java:208] Resolved [java.lang.NullPointerException]
2023-05-04 21:56:44,089 WARN [http-nio-8080-exec-8] o.s.w.s.m.m.a.ExceptionHandlerExceptionResolver [AbstractHandlerExceptionResolver.java:208] Resolved [java.lang.NullPointerException]
2023-05-04 21:56:44,103 WARN [http-nio-8080-exec-7] o.s.w.s.m.m.a.ExceptionHandlerExceptionResolver [AbstractHandlerExceptionResolver.java:208] Resolved [java.lang.NullPointerException]
2023-05-04 21:56:44,118 WARN [http-nio-8080-exec-10] o.s.w.s.m.m.a.ExceptionHandlerExceptionResolver [AbstractHandlerExceptionResolver.java:208] Resolved [java.lang.NullPointerException]
2023-05-04 21:59:07,047 WARN [I/O dispatcher 17] o.e.c.RestClient [RequestLogger.java:72] request [GET http://127.0.0.1:9200/] returned 1 warnings: [299 Elasticsearch-7.17.3-5ad023604c8d7416c9eb6c0eadb62b14e766caff "Elasticsearch built-in security features are not enabled. Without authentication, your cluster could be accessible to anyone. See https://www.elastic.co/guide/en/elasticsearch/reference/7.17/security-minimal-setup.html to enable security."]
2023-05-04 21:59:07,050 WARN [restartedMain] o.e.c.RestClient [RequestLogger.java:72] request [HEAD http://127.0.0.1:9200/discusspost] returned 1 warnings: [299 Elasticsearch-7.17.3-5ad023604c8d7416c9eb6c0eadb62b14e766caff "Elasticsearch built-in security features are not enabled. Without authentication, your cluster could be accessible to anyone. See https://www.elastic.co/guide/en/elasticsearch/reference/7.17/security-minimal-setup.html to enable security."]
2023-05-04 21:59:07,316 WARN [restartedMain] o.s.b.a.s.s.UserDetailsServiceAutoConfiguration [UserDetailsServiceAutoConfiguration.java:89] 

Using generated security password: d51c49c6-bfa0-4426-a95e-f3044a234711

This generated password is for development use only. Your security configuration must be updated before running your application in production.

2023-05-04 21:59:07,319 WARN [restartedMain] o.s.s.c.a.w.b.WebSecurity [WebSecurity.java:305] You are asking Spring Security to ignore Ant [pattern='/resources/**']. This is not recommended -- please use permitAll via HttpSecurity#authorizeHttpRequests instead.
2023-05-04 21:59:07,320 WARN [restartedMain] o.s.s.c.a.w.b.WebSecurity [WebSecurity.java:305] You are asking Spring Security to ignore Ant [pattern='/index']. This is not recommended -- please use permitAll via HttpSecurity#authorizeHttpRequests instead.
2023-05-04 21:59:09,726 WARN [I/O dispatcher 33] o.e.c.RestClient [RequestLogger.java:72] request [GET http://127.0.0.1:9200/] returned 1 warnings: [299 Elasticsearch-7.17.3-5ad023604c8d7416c9eb6c0eadb62b14e766caff "Elasticsearch built-in security features are not enabled. Without authentication, your cluster could be accessible to anyone. See https://www.elastic.co/guide/en/elasticsearch/reference/7.17/security-minimal-setup.html to enable security."]
2023-05-04 21:59:09,729 WARN [restartedMain] o.e.c.RestClient [RequestLogger.java:72] request [HEAD http://127.0.0.1:9200/discusspost] returned 1 warnings: [299 Elasticsearch-7.17.3-5ad023604c8d7416c9eb6c0eadb62b14e766caff "Elasticsearch built-in security features are not enabled. Without authentication, your cluster could be accessible to anyone. See https://www.elastic.co/guide/en/elasticsearch/reference/7.17/security-minimal-setup.html to enable security."]
2023-05-04 21:59:09,958 WARN [restartedMain] o.s.b.a.s.s.UserDetailsServiceAutoConfiguration [UserDetailsServiceAutoConfiguration.java:89] 

Using generated security password: 30ed2ee0-ac63-4c66-8a1b-41e6888b07f2

This generated password is for development use only. Your security configuration must be updated before running your application in production.

2023-05-04 21:59:09,961 WARN [restartedMain] o.s.s.c.a.w.b.WebSecurity [WebSecurity.java:305] You are asking Spring Security to ignore Ant [pattern='/resources/**']. This is not recommended -- please use permitAll via HttpSecurity#authorizeHttpRequests instead.
2023-05-04 21:59:09,961 WARN [restartedMain] o.s.s.c.a.w.b.WebSecurity [WebSecurity.java:305] You are asking Spring Security to ignore Ant [pattern='/index']. This is not recommended -- please use permitAll via HttpSecurity#authorizeHttpRequests instead.
2023-05-04 21:59:10,148 WARN [http-nio-8080-exec-2] o.s.w.s.m.m.a.ExceptionHandlerExceptionResolver [AbstractHandlerExceptionResolver.java:208] Resolved [java.lang.NullPointerException]
2023-05-04 21:59:10,170 WARN [http-nio-8080-exec-1] o.s.w.s.m.m.a.ExceptionHandlerExceptionResolver [AbstractHandlerExceptionResolver.java:208] Resolved [java.lang.NullPointerException]
2023-05-04 21:59:10,187 WARN [http-nio-8080-exec-3] o.s.w.s.m.m.a.ExceptionHandlerExceptionResolver [AbstractHandlerExceptionResolver.java:208] Resolved [java.lang.NullPointerException]
2023-05-04 21:59:10,208 WARN [http-nio-8080-exec-4] o.s.w.s.m.m.a.ExceptionHandlerExceptionResolver [AbstractHandlerExceptionResolver.java:208] Resolved [java.lang.NullPointerException]
2023-05-04 21:59:10,226 WARN [http-nio-8080-exec-5] o.s.w.s.m.m.a.ExceptionHandlerExceptionResolver [AbstractHandlerExceptionResolver.java:208] Resolved [java.lang.NullPointerException]
2023-05-04 21:59:10,243 WARN [http-nio-8080-exec-6] o.s.w.s.m.m.a.ExceptionHandlerExceptionResolver [AbstractHandlerExceptionResolver.java:208] Resolved [java.lang.NullPointerException]
2023-05-04 21:59:10,261 WARN [http-nio-8080-exec-7] o.s.w.s.m.m.a.ExceptionHandlerExceptionResolver [AbstractHandlerExceptionResolver.java:208] Resolved [java.lang.NullPointerException]
2023-05-04 21:59:10,277 WARN [http-nio-8080-exec-8] o.s.w.s.m.m.a.ExceptionHandlerExceptionResolver [AbstractHandlerExceptionResolver.java:208] Resolved [java.lang.NullPointerException]
2023-05-04 21:59:10,294 WARN [http-nio-8080-exec-9] o.s.w.s.m.m.a.ExceptionHandlerExceptionResolver [AbstractHandlerExceptionResolver.java:208] Resolved [java.lang.NullPointerException]
2023-05-04 21:59:10,308 WARN [http-nio-8080-exec-10] o.s.w.s.m.m.a.ExceptionHandlerExceptionResolver [AbstractHandlerExceptionResolver.java:208] Resolved [java.lang.NullPointerException]
2023-05-04 21:59:10,324 WARN [http-nio-8080-exec-2] o.s.w.s.m.m.a.ExceptionHandlerExceptionResolver [AbstractHandlerExceptionResolver.java:208] Resolved [java.lang.NullPointerException]
2023-05-04 21:59:10,338 WARN [http-nio-8080-exec-1] o.s.w.s.m.m.a.ExceptionHandlerExceptionResolver [AbstractHandlerExceptionResolver.java:208] Resolved [java.lang.NullPointerException]
2023-05-04 21:59:10,353 WARN [http-nio-8080-exec-3] o.s.w.s.m.m.a.ExceptionHandlerExceptionResolver [AbstractHandlerExceptionResolver.java:208] Resolved [java.lang.NullPointerException]
2023-05-04 21:59:10,371 WARN [http-nio-8080-exec-4] o.s.w.s.m.m.a.ExceptionHandlerExceptionResolver [AbstractHandlerExceptionResolver.java:208] Resolved [java.lang.NullPointerException]
2023-05-04 21:59:10,389 WARN [http-nio-8080-exec-5] o.s.w.s.m.m.a.ExceptionHandlerExceptionResolver [AbstractHandlerExceptionResolver.java:208] Resolved [java.lang.NullPointerException]
2023-05-04 21:59:10,407 WARN [http-nio-8080-exec-6] o.s.w.s.m.m.a.ExceptionHandlerExceptionResolver [AbstractHandlerExceptionResolver.java:208] Resolved [java.lang.NullPointerException]
2023-05-04 21:59:10,425 WARN [http-nio-8080-exec-7] o.s.w.s.m.m.a.ExceptionHandlerExceptionResolver [AbstractHandlerExceptionResolver.java:208] Resolved [java.lang.NullPointerException]
2023-05-04 21:59:10,443 WARN [http-nio-8080-exec-8] o.s.w.s.m.m.a.ExceptionHandlerExceptionResolver [AbstractHandlerExceptionResolver.java:208] Resolved [java.lang.NullPointerException]
2023-05-04 21:59:10,460 WARN [http-nio-8080-exec-9] o.s.w.s.m.m.a.ExceptionHandlerExceptionResolver [AbstractHandlerExceptionResolver.java:208] Resolved [java.lang.NullPointerException]
2023-05-04 21:59:10,478 WARN [http-nio-8080-exec-10] o.s.w.s.m.m.a.ExceptionHandlerExceptionResolver [AbstractHandlerExceptionResolver.java:208] Resolved [java.lang.NullPointerException]
2023-05-04 21:59:48,079 WARN [http-nio-8080-exec-2] o.s.w.s.m.m.a.ExceptionHandlerExceptionResolver [AbstractHandlerExceptionResolver.java:208] Resolved [java.lang.NullPointerException]
2023-05-04 21:59:48,093 WARN [http-nio-8080-exec-1] o.s.w.s.m.m.a.ExceptionHandlerExceptionResolver [AbstractHandlerExceptionResolver.java:208] Resolved [java.lang.NullPointerException]
2023-05-04 21:59:48,109 WARN [http-nio-8080-exec-3] o.s.w.s.m.m.a.ExceptionHandlerExceptionResolver [AbstractHandlerExceptionResolver.java:208] Resolved [java.lang.NullPointerException]
2023-05-04 21:59:48,129 WARN [http-nio-8080-exec-4] o.s.w.s.m.m.a.ExceptionHandlerExceptionResolver [AbstractHandlerExceptionResolver.java:208] Resolved [java.lang.NullPointerException]
2023-05-04 21:59:48,142 WARN [http-nio-8080-exec-5] o.s.w.s.m.m.a.ExceptionHandlerExceptionResolver [AbstractHandlerExceptionResolver.java:208] Resolved [java.lang.NullPointerException]
2023-05-04 21:59:48,155 WARN [http-nio-8080-exec-6] o.s.w.s.m.m.a.ExceptionHandlerExceptionResolver [AbstractHandlerExceptionResolver.java:208] Resolved [java.lang.NullPointerException]
2023-05-04 21:59:48,175 WARN [http-nio-8080-exec-7] o.s.w.s.m.m.a.ExceptionHandlerExceptionResolver [AbstractHandlerExceptionResolver.java:208] Resolved [java.lang.NullPointerException]
2023-05-04 21:59:48,191 WARN [http-nio-8080-exec-8] o.s.w.s.m.m.a.ExceptionHandlerExceptionResolver [AbstractHandlerExceptionResolver.java:208] Resolved [java.lang.NullPointerException]
2023-05-04 21:59:48,204 WARN [http-nio-8080-exec-9] o.s.w.s.m.m.a.ExceptionHandlerExceptionResolver [AbstractHandlerExceptionResolver.java:208] Resolved [java.lang.NullPointerException]
2023-05-04 21:59:48,216 WARN [http-nio-8080-exec-10] o.s.w.s.m.m.a.ExceptionHandlerExceptionResolver [AbstractHandlerExceptionResolver.java:208] Resolved [java.lang.NullPointerException]
2023-05-04 21:59:48,229 WARN [http-nio-8080-exec-2] o.s.w.s.m.m.a.ExceptionHandlerExceptionResolver [AbstractHandlerExceptionResolver.java:208] Resolved [java.lang.NullPointerException]
2023-05-04 21:59:48,241 WARN [http-nio-8080-exec-1] o.s.w.s.m.m.a.ExceptionHandlerExceptionResolver [AbstractHandlerExceptionResolver.java:208] Resolved [java.lang.NullPointerException]
2023-05-04 21:59:48,256 WARN [http-nio-8080-exec-3] o.s.w.s.m.m.a.ExceptionHandlerExceptionResolver [AbstractHandlerExceptionResolver.java:208] Resolved [java.lang.NullPointerException]
2023-05-04 21:59:48,270 WARN [http-nio-8080-exec-4] o.s.w.s.m.m.a.ExceptionHandlerExceptionResolver [AbstractHandlerExceptionResolver.java:208] Resolved [java.lang.NullPointerException]
2023-05-04 21:59:48,288 WARN [http-nio-8080-exec-5] o.s.w.s.m.m.a.ExceptionHandlerExceptionResolver [AbstractHandlerExceptionResolver.java:208] Resolved [java.lang.NullPointerException]
2023-05-04 21:59:48,303 WARN [http-nio-8080-exec-6] o.s.w.s.m.m.a.ExceptionHandlerExceptionResolver [AbstractHandlerExceptionResolver.java:208] Resolved [java.lang.NullPointerException]
2023-05-04 21:59:48,320 WARN [http-nio-8080-exec-7] o.s.w.s.m.m.a.ExceptionHandlerExceptionResolver [AbstractHandlerExceptionResolver.java:208] Resolved [java.lang.NullPointerException]
2023-05-04 21:59:48,336 WARN [http-nio-8080-exec-8] o.s.w.s.m.m.a.ExceptionHandlerExceptionResolver [AbstractHandlerExceptionResolver.java:208] Resolved [java.lang.NullPointerException]
2023-05-04 21:59:48,351 WARN [http-nio-8080-exec-9] o.s.w.s.m.m.a.ExceptionHandlerExceptionResolver [AbstractHandlerExceptionResolver.java:208] Resolved [java.lang.NullPointerException]
2023-05-04 21:59:48,366 WARN [http-nio-8080-exec-10] o.s.w.s.m.m.a.ExceptionHandlerExceptionResolver [AbstractHandlerExceptionResolver.java:208] Resolved [java.lang.NullPointerException]
2023-05-04 22:24:27,760 WARN [I/O dispatcher 1] o.e.c.RestClient [RequestLogger.java:72] request [GET http://127.0.0.1:9200/] returned 1 warnings: [299 Elasticsearch-7.17.3-5ad023604c8d7416c9eb6c0eadb62b14e766caff "Elasticsearch built-in security features are not enabled. Without authentication, your cluster could be accessible to anyone. See https://www.elastic.co/guide/en/elasticsearch/reference/7.17/security-minimal-setup.html to enable security."]
2023-05-04 22:24:27,776 WARN [restartedMain] o.e.c.RestClient [RequestLogger.java:72] request [HEAD http://127.0.0.1:9200/discusspost] returned 1 warnings: [299 Elasticsearch-7.17.3-5ad023604c8d7416c9eb6c0eadb62b14e766caff "Elasticsearch built-in security features are not enabled. Without authentication, your cluster could be accessible to anyone. See https://www.elastic.co/guide/en/elasticsearch/reference/7.17/security-minimal-setup.html to enable security."]
2023-05-04 22:27:23,800 WARN [I/O dispatcher 1] o.e.c.RestClient [RequestLogger.java:72] request [GET http://127.0.0.1:9200/] returned 1 warnings: [299 Elasticsearch-7.17.3-5ad023604c8d7416c9eb6c0eadb62b14e766caff "Elasticsearch built-in security features are not enabled. Without authentication, your cluster could be accessible to anyone. See https://www.elastic.co/guide/en/elasticsearch/reference/7.17/security-minimal-setup.html to enable security."]
2023-05-04 22:27:23,817 WARN [restartedMain] o.e.c.RestClient [RequestLogger.java:72] request [HEAD http://127.0.0.1:9200/discusspost] returned 1 warnings: [299 Elasticsearch-7.17.3-5ad023604c8d7416c9eb6c0eadb62b14e766caff "Elasticsearch built-in security features are not enabled. Without authentication, your cluster could be accessible to anyone. See https://www.elastic.co/guide/en/elasticsearch/reference/7.17/security-minimal-setup.html to enable security."]
2023-05-04 23:20:38,130 WARN [I/O dispatcher 1] o.e.c.RestClient [RequestLogger.java:72] request [GET http://127.0.0.1:9200/] returned 1 warnings: [299 Elasticsearch-7.17.3-5ad023604c8d7416c9eb6c0eadb62b14e766caff "Elasticsearch built-in security features are not enabled. Without authentication, your cluster could be accessible to anyone. See https://www.elastic.co/guide/en/elasticsearch/reference/7.17/security-minimal-setup.html to enable security."]
2023-05-04 23:20:38,150 WARN [restartedMain] o.e.c.RestClient [RequestLogger.java:72] request [HEAD http://127.0.0.1:9200/discusspost] returned 1 warnings: [299 Elasticsearch-7.17.3-5ad023604c8d7416c9eb6c0eadb62b14e766caff "Elasticsearch built-in security features are not enabled. Without authentication, your cluster could be accessible to anyone. See https://www.elastic.co/guide/en/elasticsearch/reference/7.17/security-minimal-setup.html to enable security."]
2023-05-04 23:20:38,563 WARN [restartedMain] o.s.b.a.s.s.UserDetailsServiceAutoConfiguration [UserDetailsServiceAutoConfiguration.java:89] 

Using generated security password: a1862c00-e55a-4d5c-92f8-0d60a7e8d28a

This generated password is for development use only. Your security configuration must be updated before running your application in production.

2023-05-04 23:20:38,607 WARN [restartedMain] o.s.s.c.a.w.b.WebSecurity [WebSecurity.java:305] You are asking Spring Security to ignore Ant [pattern='/resources/**']. This is not recommended -- please use permitAll via HttpSecurity#authorizeHttpRequests instead.
2023-05-04 23:22:41,897 WARN [http-nio-8080-exec-8] o.e.c.RestClient [RequestLogger.java:72] request [POST http://127.0.0.1:9200/discusspost/_search?typed_keys=true&max_concurrent_shard_requests=5&search_type=query_then_fetch&batched_reduce_size=512] returned 1 warnings: [299 Elasticsearch-7.17.3-5ad023604c8d7416c9eb6c0eadb62b14e766caff "Elasticsearch built-in security features are not enabled. Without authentication, your cluster could be accessible to anyone. See https://www.elastic.co/guide/en/elasticsearch/reference/7.17/security-minimal-setup.html to enable security."]
2023-05-04 23:23:38,204 WARN [http-nio-8080-exec-1] o.e.c.RestClient [RequestLogger.java:72] request [POST http://127.0.0.1:9200/discusspost/_search?typed_keys=true&max_concurrent_shard_requests=5&search_type=query_then_fetch&batched_reduce_size=512] returned 1 warnings: [299 Elasticsearch-7.17.3-5ad023604c8d7416c9eb6c0eadb62b14e766caff "Elasticsearch built-in security features are not enabled. Without authentication, your cluster could be accessible to anyone. See https://www.elastic.co/guide/en/elasticsearch/reference/7.17/security-minimal-setup.html to enable security."]
