2023-06-28 15:35:23,219 ERROR [http-nio-8080-exec-8] c.n.n.c.a.ExceptionAdvice [ExceptionAdvice.java:21] 
服务器发生异常  msg:
	null
2023-06-28 15:35:23,220 ERROR [http-nio-8080-exec-8] c.n.n.c.a.ExceptionAdvice [ExceptionAdvice.java:23] com.nc.nccommunity.controller.interceptor.MessageCntInterceptor.postHandle(MessageCntInterceptor.java:27)
2023-06-28 15:35:23,221 ERROR [http-nio-8080-exec-8] c.n.n.c.a.ExceptionAdvice [ExceptionAdvice.java:23] org.springframework.web.servlet.HandlerExecutionChain.applyPostHandle(HandlerExecutionChain.java:165)
2023-06-28 15:35:23,221 ERROR [http-nio-8080-exec-8] c.n.n.c.a.ExceptionAdvice [ExceptionAdvice.java:23] org.springframework.web.servlet.DispatcherServlet.doDispatch(DispatcherServlet.java:1079)
2023-06-28 15:35:23,221 ERROR [http-nio-8080-exec-8] c.n.n.c.a.ExceptionAdvice [ExceptionAdvice.java:23] org.springframework.web.servlet.DispatcherServlet.doService(DispatcherServlet.java:965)
2023-06-28 15:35:23,221 ERROR [http-nio-8080-exec-8] c.n.n.c.a.ExceptionAdvice [ExceptionAdvice.java:23] org.springframework.web.servlet.FrameworkServlet.processRequest(FrameworkServlet.java:1006)
2023-06-28 15:35:23,221 ERROR [http-nio-8080-exec-8] c.n.n.c.a.ExceptionAdvice [ExceptionAdvice.java:23] org.springframework.web.servlet.FrameworkServlet.doPost(FrameworkServlet.java:909)
2023-06-28 15:35:23,221 ERROR [http-nio-8080-exec-8] c.n.n.c.a.ExceptionAdvice [ExceptionAdvice.java:23] javax.servlet.http.HttpServlet.service(HttpServlet.java:528)
2023-06-28 15:35:23,221 ERROR [http-nio-8080-exec-8] c.n.n.c.a.ExceptionAdvice [ExceptionAdvice.java:23] org.springframework.web.servlet.FrameworkServlet.service(FrameworkServlet.java:883)
2023-06-28 15:35:23,221 ERROR [http-nio-8080-exec-8] c.n.n.c.a.ExceptionAdvice [ExceptionAdvice.java:23] javax.servlet.http.HttpServlet.service(HttpServlet.java:596)
2023-06-28 15:35:23,222 ERROR [http-nio-8080-exec-8] c.n.n.c.a.ExceptionAdvice [ExceptionAdvice.java:23] org.apache.catalina.core.ApplicationFilterChain.internalDoFilter(ApplicationFilterChain.java:209)
2023-06-28 15:35:23,222 ERROR [http-nio-8080-exec-8] c.n.n.c.a.ExceptionAdvice [ExceptionAdvice.java:23] org.apache.catalina.core.ApplicationFilterChain.doFilter(ApplicationFilterChain.java:153)
2023-06-28 15:35:23,222 ERROR [http-nio-8080-exec-8] c.n.n.c.a.ExceptionAdvice [ExceptionAdvice.java:23] org.apache.tomcat.websocket.server.WsFilter.doFilter(WsFilter.java:53)
2023-06-28 15:35:23,222 ERROR [http-nio-8080-exec-8] c.n.n.c.a.ExceptionAdvice [ExceptionAdvice.java:23] org.apache.catalina.core.ApplicationFilterChain.internalDoFilter(ApplicationFilterChain.java:178)
2023-06-28 15:35:23,222 ERROR [http-nio-8080-exec-8] c.n.n.c.a.ExceptionAdvice [ExceptionAdvice.java:23] org.apache.catalina.core.ApplicationFilterChain.doFilter(ApplicationFilterChain.java:153)
2023-06-28 15:35:23,222 ERROR [http-nio-8080-exec-8] c.n.n.c.a.ExceptionAdvice [ExceptionAdvice.java:23] org.springframework.security.web.FilterChainProxy$VirtualFilterChain.doFilter(FilterChainProxy.java:337)
2023-06-28 15:35:23,222 ERROR [http-nio-8080-exec-8] c.n.n.c.a.ExceptionAdvice [ExceptionAdvice.java:23] org.springframework.security.web.access.intercept.FilterSecurityInterceptor.invoke(FilterSecurityInterceptor.java:115)
2023-06-28 15:35:23,222 ERROR [http-nio-8080-exec-8] c.n.n.c.a.ExceptionAdvice [ExceptionAdvice.java:23] org.springframework.security.web.access.intercept.FilterSecurityInterceptor.doFilter(FilterSecurityInterceptor.java:81)
2023-06-28 15:35:23,222 ERROR [http-nio-8080-exec-8] c.n.n.c.a.ExceptionAdvice [ExceptionAdvice.java:23] org.springframework.security.web.FilterChainProxy$VirtualFilterChain.doFilter(FilterChainProxy.java:346)
2023-06-28 15:35:23,222 ERROR [http-nio-8080-exec-8] c.n.n.c.a.ExceptionAdvice [ExceptionAdvice.java:23] org.springframework.security.web.access.ExceptionTranslationFilter.doFilter(ExceptionTranslationFilter.java:122)
2023-06-28 15:35:23,222 ERROR [http-nio-8080-exec-8] c.n.n.c.a.ExceptionAdvice [ExceptionAdvice.java:23] org.springframework.security.web.access.ExceptionTranslationFilter.doFilter(ExceptionTranslationFilter.java:116)
2023-06-28 15:35:23,223 ERROR [http-nio-8080-exec-8] c.n.n.c.a.ExceptionAdvice [ExceptionAdvice.java:23] org.springframework.security.web.FilterChainProxy$VirtualFilterChain.doFilter(FilterChainProxy.java:346)
2023-06-28 15:35:23,223 ERROR [http-nio-8080-exec-8] c.n.n.c.a.ExceptionAdvice [ExceptionAdvice.java:23] org.springframework.security.web.session.SessionManagementFilter.doFilter(SessionManagementFilter.java:126)
2023-06-28 15:35:23,223 ERROR [http-nio-8080-exec-8] c.n.n.c.a.ExceptionAdvice [ExceptionAdvice.java:23] org.springframework.security.web.session.SessionManagementFilter.doFilter(SessionManagementFilter.java:81)
2023-06-28 15:35:23,223 ERROR [http-nio-8080-exec-8] c.n.n.c.a.ExceptionAdvice [ExceptionAdvice.java:23] org.springframework.security.web.FilterChainProxy$VirtualFilterChain.doFilter(FilterChainProxy.java:346)
2023-06-28 15:35:23,223 ERROR [http-nio-8080-exec-8] c.n.n.c.a.ExceptionAdvice [ExceptionAdvice.java:23] org.springframework.security.web.authentication.AnonymousAuthenticationFilter.doFilter(AnonymousAuthenticationFilter.java:109)
2023-06-28 15:35:23,223 ERROR [http-nio-8080-exec-8] c.n.n.c.a.ExceptionAdvice [ExceptionAdvice.java:23] org.springframework.security.web.FilterChainProxy$VirtualFilterChain.doFilter(FilterChainProxy.java:346)
2023-06-28 15:35:23,223 ERROR [http-nio-8080-exec-8] c.n.n.c.a.ExceptionAdvice [ExceptionAdvice.java:23] org.springframework.security.web.servletapi.SecurityContextHolderAwareRequestFilter.doFilter(SecurityContextHolderAwareRequestFilter.java:149)
2023-06-28 15:35:23,223 ERROR [http-nio-8080-exec-8] c.n.n.c.a.ExceptionAdvice [ExceptionAdvice.java:23] org.springframework.security.web.FilterChainProxy$VirtualFilterChain.doFilter(FilterChainProxy.java:346)
2023-06-28 15:35:23,223 ERROR [http-nio-8080-exec-8] c.n.n.c.a.ExceptionAdvice [ExceptionAdvice.java:23] org.springframework.security.web.savedrequest.RequestCacheAwareFilter.doFilter(RequestCacheAwareFilter.java:63)
2023-06-28 15:35:23,223 ERROR [http-nio-8080-exec-8] c.n.n.c.a.ExceptionAdvice [ExceptionAdvice.java:23] org.springframework.security.web.FilterChainProxy$VirtualFilterChain.doFilter(FilterChainProxy.java:346)
2023-06-28 15:35:23,223 ERROR [http-nio-8080-exec-8] c.n.n.c.a.ExceptionAdvice [ExceptionAdvice.java:23] org.springframework.security.web.authentication.logout.LogoutFilter.doFilter(LogoutFilter.java:103)
2023-06-28 15:35:23,224 ERROR [http-nio-8080-exec-8] c.n.n.c.a.ExceptionAdvice [ExceptionAdvice.java:23] org.springframework.security.web.authentication.logout.LogoutFilter.doFilter(LogoutFilter.java:89)
2023-06-28 15:35:23,224 ERROR [http-nio-8080-exec-8] c.n.n.c.a.ExceptionAdvice [ExceptionAdvice.java:23] org.springframework.security.web.FilterChainProxy$VirtualFilterChain.doFilter(FilterChainProxy.java:346)
2023-06-28 15:35:23,224 ERROR [http-nio-8080-exec-8] c.n.n.c.a.ExceptionAdvice [ExceptionAdvice.java:23] org.springframework.security.web.header.HeaderWriterFilter.doHeadersAfter(HeaderWriterFilter.java:90)
2023-06-28 15:35:23,224 ERROR [http-nio-8080-exec-8] c.n.n.c.a.ExceptionAdvice [ExceptionAdvice.java:23] org.springframework.security.web.header.HeaderWriterFilter.doFilterInternal(HeaderWriterFilter.java:75)
2023-06-28 15:35:23,224 ERROR [http-nio-8080-exec-8] c.n.n.c.a.ExceptionAdvice [ExceptionAdvice.java:23] org.springframework.web.filter.OncePerRequestFilter.doFilter(OncePerRequestFilter.java:117)
2023-06-28 15:35:23,224 ERROR [http-nio-8080-exec-8] c.n.n.c.a.ExceptionAdvice [ExceptionAdvice.java:23] org.springframework.security.web.FilterChainProxy$VirtualFilterChain.doFilter(FilterChainProxy.java:346)
2023-06-28 15:35:23,224 ERROR [http-nio-8080-exec-8] c.n.n.c.a.ExceptionAdvice [ExceptionAdvice.java:23] org.springframework.security.web.context.SecurityContextPersistenceFilter.doFilter(SecurityContextPersistenceFilter.java:112)
2023-06-28 15:35:23,224 ERROR [http-nio-8080-exec-8] c.n.n.c.a.ExceptionAdvice [ExceptionAdvice.java:23] org.springframework.security.web.context.SecurityContextPersistenceFilter.doFilter(SecurityContextPersistenceFilter.java:82)
2023-06-28 15:35:23,224 ERROR [http-nio-8080-exec-8] c.n.n.c.a.ExceptionAdvice [ExceptionAdvice.java:23] org.springframework.security.web.FilterChainProxy$VirtualFilterChain.doFilter(FilterChainProxy.java:346)
2023-06-28 15:35:23,224 ERROR [http-nio-8080-exec-8] c.n.n.c.a.ExceptionAdvice [ExceptionAdvice.java:23] org.springframework.security.web.context.request.async.WebAsyncManagerIntegrationFilter.doFilterInternal(WebAsyncManagerIntegrationFilter.java:55)
2023-06-28 15:35:23,225 ERROR [http-nio-8080-exec-8] c.n.n.c.a.ExceptionAdvice [ExceptionAdvice.java:23] org.springframework.web.filter.OncePerRequestFilter.doFilter(OncePerRequestFilter.java:117)
2023-06-28 15:35:23,225 ERROR [http-nio-8080-exec-8] c.n.n.c.a.ExceptionAdvice [ExceptionAdvice.java:23] org.springframework.security.web.FilterChainProxy$VirtualFilterChain.doFilter(FilterChainProxy.java:346)
2023-06-28 15:35:23,225 ERROR [http-nio-8080-exec-8] c.n.n.c.a.ExceptionAdvice [ExceptionAdvice.java:23] org.springframework.security.web.session.DisableEncodeUrlFilter.doFilterInternal(DisableEncodeUrlFilter.java:42)
2023-06-28 15:35:23,225 ERROR [http-nio-8080-exec-8] c.n.n.c.a.ExceptionAdvice [ExceptionAdvice.java:23] org.springframework.web.filter.OncePerRequestFilter.doFilter(OncePerRequestFilter.java:117)
2023-06-28 15:35:23,225 ERROR [http-nio-8080-exec-8] c.n.n.c.a.ExceptionAdvice [ExceptionAdvice.java:23] org.springframework.security.web.FilterChainProxy$VirtualFilterChain.doFilter(FilterChainProxy.java:346)
2023-06-28 15:35:23,225 ERROR [http-nio-8080-exec-8] c.n.n.c.a.ExceptionAdvice [ExceptionAdvice.java:23] org.springframework.security.web.FilterChainProxy.doFilterInternal(FilterChainProxy.java:221)
2023-06-28 15:35:23,225 ERROR [http-nio-8080-exec-8] c.n.n.c.a.ExceptionAdvice [ExceptionAdvice.java:23] org.springframework.security.web.FilterChainProxy.doFilter(FilterChainProxy.java:186)
2023-06-28 15:35:23,225 ERROR [http-nio-8080-exec-8] c.n.n.c.a.ExceptionAdvice [ExceptionAdvice.java:23] org.springframework.web.filter.DelegatingFilterProxy.invokeDelegate(DelegatingFilterProxy.java:354)
2023-06-28 15:35:23,225 ERROR [http-nio-8080-exec-8] c.n.n.c.a.ExceptionAdvice [ExceptionAdvice.java:23] org.springframework.web.filter.DelegatingFilterProxy.doFilter(DelegatingFilterProxy.java:267)
2023-06-28 15:35:23,225 ERROR [http-nio-8080-exec-8] c.n.n.c.a.ExceptionAdvice [ExceptionAdvice.java:23] org.apache.catalina.core.ApplicationFilterChain.internalDoFilter(ApplicationFilterChain.java:178)
2023-06-28 15:35:23,225 ERROR [http-nio-8080-exec-8] c.n.n.c.a.ExceptionAdvice [ExceptionAdvice.java:23] org.apache.catalina.core.ApplicationFilterChain.doFilter(ApplicationFilterChain.java:153)
2023-06-28 15:35:23,225 ERROR [http-nio-8080-exec-8] c.n.n.c.a.ExceptionAdvice [ExceptionAdvice.java:23] org.springframework.web.filter.RequestContextFilter.doFilterInternal(RequestContextFilter.java:100)
2023-06-28 15:35:23,226 ERROR [http-nio-8080-exec-8] c.n.n.c.a.ExceptionAdvice [ExceptionAdvice.java:23] org.springframework.web.filter.OncePerRequestFilter.doFilter(OncePerRequestFilter.java:117)
2023-06-28 15:35:23,226 ERROR [http-nio-8080-exec-8] c.n.n.c.a.ExceptionAdvice [ExceptionAdvice.java:23] org.apache.catalina.core.ApplicationFilterChain.internalDoFilter(ApplicationFilterChain.java:178)
2023-06-28 15:35:23,226 ERROR [http-nio-8080-exec-8] c.n.n.c.a.ExceptionAdvice [ExceptionAdvice.java:23] org.apache.catalina.core.ApplicationFilterChain.doFilter(ApplicationFilterChain.java:153)
2023-06-28 15:35:23,226 ERROR [http-nio-8080-exec-8] c.n.n.c.a.ExceptionAdvice [ExceptionAdvice.java:23] org.springframework.web.filter.FormContentFilter.doFilterInternal(FormContentFilter.java:93)
2023-06-28 15:35:23,226 ERROR [http-nio-8080-exec-8] c.n.n.c.a.ExceptionAdvice [ExceptionAdvice.java:23] org.springframework.web.filter.OncePerRequestFilter.doFilter(OncePerRequestFilter.java:117)
2023-06-28 15:35:23,226 ERROR [http-nio-8080-exec-8] c.n.n.c.a.ExceptionAdvice [ExceptionAdvice.java:23] org.apache.catalina.core.ApplicationFilterChain.internalDoFilter(ApplicationFilterChain.java:178)
2023-06-28 15:35:23,226 ERROR [http-nio-8080-exec-8] c.n.n.c.a.ExceptionAdvice [ExceptionAdvice.java:23] org.apache.catalina.core.ApplicationFilterChain.doFilter(ApplicationFilterChain.java:153)
2023-06-28 15:35:23,226 ERROR [http-nio-8080-exec-8] c.n.n.c.a.ExceptionAdvice [ExceptionAdvice.java:23] org.springframework.boot.actuate.metrics.web.servlet.WebMvcMetricsFilter.doFilterInternal(WebMvcMetricsFilter.java:96)
2023-06-28 15:35:23,226 ERROR [http-nio-8080-exec-8] c.n.n.c.a.ExceptionAdvice [ExceptionAdvice.java:23] org.springframework.web.filter.OncePerRequestFilter.doFilter(OncePerRequestFilter.java:117)
2023-06-28 15:35:23,226 ERROR [http-nio-8080-exec-8] c.n.n.c.a.ExceptionAdvice [ExceptionAdvice.java:23] org.apache.catalina.core.ApplicationFilterChain.internalDoFilter(ApplicationFilterChain.java:178)
2023-06-28 15:35:23,226 ERROR [http-nio-8080-exec-8] c.n.n.c.a.ExceptionAdvice [ExceptionAdvice.java:23] org.apache.catalina.core.ApplicationFilterChain.doFilter(ApplicationFilterChain.java:153)
2023-06-28 15:35:23,227 ERROR [http-nio-8080-exec-8] c.n.n.c.a.ExceptionAdvice [ExceptionAdvice.java:23] org.springframework.web.filter.CharacterEncodingFilter.doFilterInternal(CharacterEncodingFilter.java:201)
2023-06-28 15:35:23,227 ERROR [http-nio-8080-exec-8] c.n.n.c.a.ExceptionAdvice [ExceptionAdvice.java:23] org.springframework.web.filter.OncePerRequestFilter.doFilter(OncePerRequestFilter.java:117)
2023-06-28 15:35:23,227 ERROR [http-nio-8080-exec-8] c.n.n.c.a.ExceptionAdvice [ExceptionAdvice.java:23] org.apache.catalina.core.ApplicationFilterChain.internalDoFilter(ApplicationFilterChain.java:178)
2023-06-28 15:35:23,227 ERROR [http-nio-8080-exec-8] c.n.n.c.a.ExceptionAdvice [ExceptionAdvice.java:23] org.apache.catalina.core.ApplicationFilterChain.doFilter(ApplicationFilterChain.java:153)
2023-06-28 15:35:23,227 ERROR [http-nio-8080-exec-8] c.n.n.c.a.ExceptionAdvice [ExceptionAdvice.java:23] org.apache.catalina.core.StandardWrapperValve.invoke(StandardWrapperValve.java:167)
2023-06-28 15:35:23,227 ERROR [http-nio-8080-exec-8] c.n.n.c.a.ExceptionAdvice [ExceptionAdvice.java:23] org.apache.catalina.core.StandardContextValve.invoke(StandardContextValve.java:90)
2023-06-28 15:35:23,227 ERROR [http-nio-8080-exec-8] c.n.n.c.a.ExceptionAdvice [ExceptionAdvice.java:23] org.apache.catalina.authenticator.AuthenticatorBase.invoke(AuthenticatorBase.java:492)
2023-06-28 15:35:23,227 ERROR [http-nio-8080-exec-8] c.n.n.c.a.ExceptionAdvice [ExceptionAdvice.java:23] org.apache.catalina.core.StandardHostValve.invoke(StandardHostValve.java:130)
2023-06-28 15:35:23,227 ERROR [http-nio-8080-exec-8] c.n.n.c.a.ExceptionAdvice [ExceptionAdvice.java:23] org.apache.catalina.valves.ErrorReportValve.invoke(ErrorReportValve.java:93)
2023-06-28 15:35:23,227 ERROR [http-nio-8080-exec-8] c.n.n.c.a.ExceptionAdvice [ExceptionAdvice.java:23] org.apache.catalina.core.StandardEngineValve.invoke(StandardEngineValve.java:74)
2023-06-28 15:35:23,228 ERROR [http-nio-8080-exec-8] c.n.n.c.a.ExceptionAdvice [ExceptionAdvice.java:23] org.apache.catalina.connector.CoyoteAdapter.service(CoyoteAdapter.java:343)
2023-06-28 15:35:23,228 ERROR [http-nio-8080-exec-8] c.n.n.c.a.ExceptionAdvice [ExceptionAdvice.java:23] org.apache.coyote.http11.Http11Processor.service(Http11Processor.java:389)
2023-06-28 15:35:23,228 ERROR [http-nio-8080-exec-8] c.n.n.c.a.ExceptionAdvice [ExceptionAdvice.java:23] org.apache.coyote.AbstractProcessorLight.process(AbstractProcessorLight.java:63)
2023-06-28 15:35:23,228 ERROR [http-nio-8080-exec-8] c.n.n.c.a.ExceptionAdvice [ExceptionAdvice.java:23] org.apache.coyote.AbstractProtocol$ConnectionHandler.process(AbstractProtocol.java:926)
2023-06-28 15:35:23,228 ERROR [http-nio-8080-exec-8] c.n.n.c.a.ExceptionAdvice [ExceptionAdvice.java:23] org.apache.tomcat.util.net.NioEndpoint$SocketProcessor.doRun(NioEndpoint.java:1791)
2023-06-28 15:35:23,228 ERROR [http-nio-8080-exec-8] c.n.n.c.a.ExceptionAdvice [ExceptionAdvice.java:23] org.apache.tomcat.util.net.SocketProcessorBase.run(SocketProcessorBase.java:49)
2023-06-28 15:35:23,228 ERROR [http-nio-8080-exec-8] c.n.n.c.a.ExceptionAdvice [ExceptionAdvice.java:23] org.apache.tomcat.util.threads.ThreadPoolExecutor.runWorker(ThreadPoolExecutor.java:1191)
2023-06-28 15:35:23,228 ERROR [http-nio-8080-exec-8] c.n.n.c.a.ExceptionAdvice [ExceptionAdvice.java:23] org.apache.tomcat.util.threads.ThreadPoolExecutor$Worker.run(ThreadPoolExecutor.java:659)
2023-06-28 15:35:23,228 ERROR [http-nio-8080-exec-8] c.n.n.c.a.ExceptionAdvice [ExceptionAdvice.java:23] org.apache.tomcat.util.threads.TaskThread$WrappingRunnable.run(TaskThread.java:61)
2023-06-28 15:35:23,228 ERROR [http-nio-8080-exec-8] c.n.n.c.a.ExceptionAdvice [ExceptionAdvice.java:23] java.lang.Thread.run(Thread.java:750)
2023-06-28 15:35:23,235 ERROR [http-nio-8080-exec-8] o.a.c.c.C.[.[.[.[dispatcherServlet] [DirectJDKLog.java:175] Servlet.service() for servlet [dispatcherServlet] in context with path [/community] threw exception [Request processing failed; nested exception is java.lang.NullPointerException] with root cause
java.lang.NullPointerException: null
	at com.nc.nccommunity.controller.interceptor.MessageCntInterceptor.postHandle(MessageCntInterceptor.java:27)
	at org.springframework.web.servlet.HandlerExecutionChain.applyPostHandle(HandlerExecutionChain.java:165)
	at org.springframework.web.servlet.DispatcherServlet.doDispatch(DispatcherServlet.java:1079)
	at org.springframework.web.servlet.DispatcherServlet.doService(DispatcherServlet.java:965)
	at org.springframework.web.servlet.FrameworkServlet.processRequest(FrameworkServlet.java:1006)
	at org.springframework.web.servlet.FrameworkServlet.doPost(FrameworkServlet.java:909)
	at javax.servlet.http.HttpServlet.service(HttpServlet.java:528)
	at org.springframework.web.servlet.FrameworkServlet.service(FrameworkServlet.java:883)
	at javax.servlet.http.HttpServlet.service(HttpServlet.java:596)
	at org.apache.catalina.core.ApplicationFilterChain.internalDoFilter(ApplicationFilterChain.java:209)
	at org.apache.catalina.core.ApplicationFilterChain.doFilter(ApplicationFilterChain.java:153)
	at org.apache.tomcat.websocket.server.WsFilter.doFilter(WsFilter.java:53)
	at org.apache.catalina.core.ApplicationFilterChain.internalDoFilter(ApplicationFilterChain.java:178)
	at org.apache.catalina.core.ApplicationFilterChain.doFilter(ApplicationFilterChain.java:153)
	at org.springframework.security.web.FilterChainProxy$VirtualFilterChain.doFilter(FilterChainProxy.java:337)
	at org.springframework.security.web.access.intercept.FilterSecurityInterceptor.invoke(FilterSecurityInterceptor.java:115)
	at org.springframework.security.web.access.intercept.FilterSecurityInterceptor.doFilter(FilterSecurityInterceptor.java:81)
	at org.springframework.security.web.FilterChainProxy$VirtualFilterChain.doFilter(FilterChainProxy.java:346)
	at org.springframework.security.web.access.ExceptionTranslationFilter.doFilter(ExceptionTranslationFilter.java:122)
	at org.springframework.security.web.access.ExceptionTranslationFilter.doFilter(ExceptionTranslationFilter.java:116)
	at org.springframework.security.web.FilterChainProxy$VirtualFilterChain.doFilter(FilterChainProxy.java:346)
	at org.springframework.security.web.session.SessionManagementFilter.doFilter(SessionManagementFilter.java:126)
	at org.springframework.security.web.session.SessionManagementFilter.doFilter(SessionManagementFilter.java:81)
	at org.springframework.security.web.FilterChainProxy$VirtualFilterChain.doFilter(FilterChainProxy.java:346)
	at org.springframework.security.web.authentication.AnonymousAuthenticationFilter.doFilter(AnonymousAuthenticationFilter.java:109)
	at org.springframework.security.web.FilterChainProxy$VirtualFilterChain.doFilter(FilterChainProxy.java:346)
	at org.springframework.security.web.servletapi.SecurityContextHolderAwareRequestFilter.doFilter(SecurityContextHolderAwareRequestFilter.java:149)
	at org.springframework.security.web.FilterChainProxy$VirtualFilterChain.doFilter(FilterChainProxy.java:346)
	at org.springframework.security.web.savedrequest.RequestCacheAwareFilter.doFilter(RequestCacheAwareFilter.java:63)
	at org.springframework.security.web.FilterChainProxy$VirtualFilterChain.doFilter(FilterChainProxy.java:346)
	at org.springframework.security.web.authentication.logout.LogoutFilter.doFilter(LogoutFilter.java:103)
	at org.springframework.security.web.authentication.logout.LogoutFilter.doFilter(LogoutFilter.java:89)
	at org.springframework.security.web.FilterChainProxy$VirtualFilterChain.doFilter(FilterChainProxy.java:346)
	at org.springframework.security.web.header.HeaderWriterFilter.doHeadersAfter(HeaderWriterFilter.java:90)
	at org.springframework.security.web.header.HeaderWriterFilter.doFilterInternal(HeaderWriterFilter.java:75)
	at org.springframework.web.filter.OncePerRequestFilter.doFilter(OncePerRequestFilter.java:117)
	at org.springframework.security.web.FilterChainProxy$VirtualFilterChain.doFilter(FilterChainProxy.java:346)
	at org.springframework.security.web.context.SecurityContextPersistenceFilter.doFilter(SecurityContextPersistenceFilter.java:112)
	at org.springframework.security.web.context.SecurityContextPersistenceFilter.doFilter(SecurityContextPersistenceFilter.java:82)
	at org.springframework.security.web.FilterChainProxy$VirtualFilterChain.doFilter(FilterChainProxy.java:346)
	at org.springframework.security.web.context.request.async.WebAsyncManagerIntegrationFilter.doFilterInternal(WebAsyncManagerIntegrationFilter.java:55)
	at org.springframework.web.filter.OncePerRequestFilter.doFilter(OncePerRequestFilter.java:117)
	at org.springframework.security.web.FilterChainProxy$VirtualFilterChain.doFilter(FilterChainProxy.java:346)
	at org.springframework.security.web.session.DisableEncodeUrlFilter.doFilterInternal(DisableEncodeUrlFilter.java:42)
	at org.springframework.web.filter.OncePerRequestFilter.doFilter(OncePerRequestFilter.java:117)
	at org.springframework.security.web.FilterChainProxy$VirtualFilterChain.doFilter(FilterChainProxy.java:346)
	at org.springframework.security.web.FilterChainProxy.doFilterInternal(FilterChainProxy.java:221)
	at org.springframework.security.web.FilterChainProxy.doFilter(FilterChainProxy.java:186)
	at org.springframework.web.filter.DelegatingFilterProxy.invokeDelegate(DelegatingFilterProxy.java:354)
	at org.springframework.web.filter.DelegatingFilterProxy.doFilter(DelegatingFilterProxy.java:267)
	at org.apache.catalina.core.ApplicationFilterChain.internalDoFilter(ApplicationFilterChain.java:178)
	at org.apache.catalina.core.ApplicationFilterChain.doFilter(ApplicationFilterChain.java:153)
	at org.springframework.web.filter.RequestContextFilter.doFilterInternal(RequestContextFilter.java:100)
	at org.springframework.web.filter.OncePerRequestFilter.doFilter(OncePerRequestFilter.java:117)
	at org.apache.catalina.core.ApplicationFilterChain.internalDoFilter(ApplicationFilterChain.java:178)
	at org.apache.catalina.core.ApplicationFilterChain.doFilter(ApplicationFilterChain.java:153)
	at org.springframework.web.filter.FormContentFilter.doFilterInternal(FormContentFilter.java:93)
	at org.springframework.web.filter.OncePerRequestFilter.doFilter(OncePerRequestFilter.java:117)
	at org.apache.catalina.core.ApplicationFilterChain.internalDoFilter(ApplicationFilterChain.java:178)
	at org.apache.catalina.core.ApplicationFilterChain.doFilter(ApplicationFilterChain.java:153)
	at org.springframework.boot.actuate.metrics.web.servlet.WebMvcMetricsFilter.doFilterInternal(WebMvcMetricsFilter.java:96)
	at org.springframework.web.filter.OncePerRequestFilter.doFilter(OncePerRequestFilter.java:117)
	at org.apache.catalina.core.ApplicationFilterChain.internalDoFilter(ApplicationFilterChain.java:178)
	at org.apache.catalina.core.ApplicationFilterChain.doFilter(ApplicationFilterChain.java:153)
	at org.springframework.web.filter.CharacterEncodingFilter.doFilterInternal(CharacterEncodingFilter.java:201)
	at org.springframework.web.filter.OncePerRequestFilter.doFilter(OncePerRequestFilter.java:117)
	at org.apache.catalina.core.ApplicationFilterChain.internalDoFilter(ApplicationFilterChain.java:178)
	at org.apache.catalina.core.ApplicationFilterChain.doFilter(ApplicationFilterChain.java:153)
	at org.apache.catalina.core.StandardWrapperValve.invoke(StandardWrapperValve.java:167)
	at org.apache.catalina.core.StandardContextValve.invoke(StandardContextValve.java:90)
	at org.apache.catalina.authenticator.AuthenticatorBase.invoke(AuthenticatorBase.java:492)
	at org.apache.catalina.core.StandardHostValve.invoke(StandardHostValve.java:130)
	at org.apache.catalina.valves.ErrorReportValve.invoke(ErrorReportValve.java:93)
	at org.apache.catalina.core.StandardEngineValve.invoke(StandardEngineValve.java:74)
	at org.apache.catalina.connector.CoyoteAdapter.service(CoyoteAdapter.java:343)
	at org.apache.coyote.http11.Http11Processor.service(Http11Processor.java:389)
	at org.apache.coyote.AbstractProcessorLight.process(AbstractProcessorLight.java:63)
	at org.apache.coyote.AbstractProtocol$ConnectionHandler.process(AbstractProtocol.java:926)
	at org.apache.tomcat.util.net.NioEndpoint$SocketProcessor.doRun(NioEndpoint.java:1791)
	at org.apache.tomcat.util.net.SocketProcessorBase.run(SocketProcessorBase.java:49)
	at org.apache.tomcat.util.threads.ThreadPoolExecutor.runWorker(ThreadPoolExecutor.java:1191)
	at org.apache.tomcat.util.threads.ThreadPoolExecutor$Worker.run(ThreadPoolExecutor.java:659)
	at org.apache.tomcat.util.threads.TaskThread$WrappingRunnable.run(TaskThread.java:61)
	at java.lang.Thread.run(Thread.java:750)
2023-06-28 15:35:23,244 ERROR [http-nio-8080-exec-8] c.n.n.c.a.ExceptionAdvice [ExceptionAdvice.java:21] 
服务器发生异常  msg:
	No converter for [class java.util.LinkedHashMap] with preset Content-Type 'text/plain;charset=UTF-8'
2023-06-28 15:35:23,244 ERROR [http-nio-8080-exec-8] c.n.n.c.a.ExceptionAdvice [ExceptionAdvice.java:23] org.springframework.web.servlet.mvc.method.annotation.AbstractMessageConverterMethodProcessor.writeWithMessageConverters(AbstractMessageConverterMethodProcessor.java:312)
2023-06-28 15:35:23,245 ERROR [http-nio-8080-exec-8] c.n.n.c.a.ExceptionAdvice [ExceptionAdvice.java:23] org.springframework.web.servlet.mvc.method.annotation.HttpEntityMethodProcessor.handleReturnValue(HttpEntityMethodProcessor.java:219)
2023-06-28 15:35:23,245 ERROR [http-nio-8080-exec-8] c.n.n.c.a.ExceptionAdvice [ExceptionAdvice.java:23] org.springframework.web.method.support.HandlerMethodReturnValueHandlerComposite.handleReturnValue(HandlerMethodReturnValueHandlerComposite.java:78)
2023-06-28 15:35:23,245 ERROR [http-nio-8080-exec-8] c.n.n.c.a.ExceptionAdvice [ExceptionAdvice.java:23] org.springframework.web.servlet.mvc.method.annotation.ServletInvocableHandlerMethod.invokeAndHandle(ServletInvocableHandlerMethod.java:135)
2023-06-28 15:35:23,245 ERROR [http-nio-8080-exec-8] c.n.n.c.a.ExceptionAdvice [ExceptionAdvice.java:23] org.springframework.web.servlet.mvc.method.annotation.RequestMappingHandlerAdapter.invokeHandlerMethod(RequestMappingHandlerAdapter.java:895)
2023-06-28 15:35:23,245 ERROR [http-nio-8080-exec-8] c.n.n.c.a.ExceptionAdvice [ExceptionAdvice.java:23] org.springframework.web.servlet.mvc.method.annotation.RequestMappingHandlerAdapter.handleInternal(RequestMappingHandlerAdapter.java:808)
2023-06-28 15:35:23,245 ERROR [http-nio-8080-exec-8] c.n.n.c.a.ExceptionAdvice [ExceptionAdvice.java:23] org.springframework.web.servlet.mvc.method.AbstractHandlerMethodAdapter.handle(AbstractHandlerMethodAdapter.java:87)
2023-06-28 15:35:23,245 ERROR [http-nio-8080-exec-8] c.n.n.c.a.ExceptionAdvice [ExceptionAdvice.java:23] org.springframework.web.servlet.DispatcherServlet.doDispatch(DispatcherServlet.java:1072)
2023-06-28 15:35:23,245 ERROR [http-nio-8080-exec-8] c.n.n.c.a.ExceptionAdvice [ExceptionAdvice.java:23] org.springframework.web.servlet.DispatcherServlet.doService(DispatcherServlet.java:965)
2023-06-28 15:35:23,245 ERROR [http-nio-8080-exec-8] c.n.n.c.a.ExceptionAdvice [ExceptionAdvice.java:23] org.springframework.web.servlet.FrameworkServlet.processRequest(FrameworkServlet.java:1006)
2023-06-28 15:35:23,245 ERROR [http-nio-8080-exec-8] c.n.n.c.a.ExceptionAdvice [ExceptionAdvice.java:23] org.springframework.web.servlet.FrameworkServlet.doPost(FrameworkServlet.java:909)
2023-06-28 15:35:23,245 ERROR [http-nio-8080-exec-8] c.n.n.c.a.ExceptionAdvice [ExceptionAdvice.java:23] javax.servlet.http.HttpServlet.service(HttpServlet.java:528)
2023-06-28 15:35:23,245 ERROR [http-nio-8080-exec-8] c.n.n.c.a.ExceptionAdvice [ExceptionAdvice.java:23] org.springframework.web.servlet.FrameworkServlet.service(FrameworkServlet.java:883)
2023-06-28 15:35:23,245 ERROR [http-nio-8080-exec-8] c.n.n.c.a.ExceptionAdvice [ExceptionAdvice.java:23] javax.servlet.http.HttpServlet.service(HttpServlet.java:596)
2023-06-28 15:35:23,245 ERROR [http-nio-8080-exec-8] c.n.n.c.a.ExceptionAdvice [ExceptionAdvice.java:23] org.apache.catalina.core.ApplicationFilterChain.internalDoFilter(ApplicationFilterChain.java:209)
2023-06-28 15:35:23,245 ERROR [http-nio-8080-exec-8] c.n.n.c.a.ExceptionAdvice [ExceptionAdvice.java:23] org.apache.catalina.core.ApplicationFilterChain.doFilter(ApplicationFilterChain.java:153)
2023-06-28 15:35:23,245 ERROR [http-nio-8080-exec-8] c.n.n.c.a.ExceptionAdvice [ExceptionAdvice.java:23] org.springframework.web.filter.RequestContextFilter.doFilterInternal(RequestContextFilter.java:100)
2023-06-28 15:35:23,245 ERROR [http-nio-8080-exec-8] c.n.n.c.a.ExceptionAdvice [ExceptionAdvice.java:23] org.springframework.web.filter.OncePerRequestFilter.doFilter(OncePerRequestFilter.java:117)
2023-06-28 15:35:23,245 ERROR [http-nio-8080-exec-8] c.n.n.c.a.ExceptionAdvice [ExceptionAdvice.java:23] org.apache.catalina.core.ApplicationFilterChain.internalDoFilter(ApplicationFilterChain.java:178)
2023-06-28 15:35:23,246 ERROR [http-nio-8080-exec-8] c.n.n.c.a.ExceptionAdvice [ExceptionAdvice.java:23] org.apache.catalina.core.ApplicationFilterChain.doFilter(ApplicationFilterChain.java:153)
2023-06-28 15:35:23,246 ERROR [http-nio-8080-exec-8] c.n.n.c.a.ExceptionAdvice [ExceptionAdvice.java:23] org.springframework.web.filter.OncePerRequestFilter.doFilter(OncePerRequestFilter.java:102)
2023-06-28 15:35:23,246 ERROR [http-nio-8080-exec-8] c.n.n.c.a.ExceptionAdvice [ExceptionAdvice.java:23] org.apache.catalina.core.ApplicationFilterChain.internalDoFilter(ApplicationFilterChain.java:178)
2023-06-28 15:35:23,246 ERROR [http-nio-8080-exec-8] c.n.n.c.a.ExceptionAdvice [ExceptionAdvice.java:23] org.apache.catalina.core.ApplicationFilterChain.doFilter(ApplicationFilterChain.java:153)
2023-06-28 15:35:23,246 ERROR [http-nio-8080-exec-8] c.n.n.c.a.ExceptionAdvice [ExceptionAdvice.java:23] org.springframework.web.filter.OncePerRequestFilter.doFilter(OncePerRequestFilter.java:102)
2023-06-28 15:35:23,246 ERROR [http-nio-8080-exec-8] c.n.n.c.a.ExceptionAdvice [ExceptionAdvice.java:23] org.apache.catalina.core.ApplicationFilterChain.internalDoFilter(ApplicationFilterChain.java:178)
2023-06-28 15:35:23,246 ERROR [http-nio-8080-exec-8] c.n.n.c.a.ExceptionAdvice [ExceptionAdvice.java:23] org.apache.catalina.core.ApplicationFilterChain.doFilter(ApplicationFilterChain.java:153)
2023-06-28 15:35:23,246 ERROR [http-nio-8080-exec-8] c.n.n.c.a.ExceptionAdvice [ExceptionAdvice.java:23] org.apache.catalina.core.ApplicationDispatcher.invoke(ApplicationDispatcher.java:661)
2023-06-28 15:35:23,246 ERROR [http-nio-8080-exec-8] c.n.n.c.a.ExceptionAdvice [ExceptionAdvice.java:23] org.apache.catalina.core.ApplicationDispatcher.doInclude(ApplicationDispatcher.java:537)
2023-06-28 15:35:23,246 ERROR [http-nio-8080-exec-8] c.n.n.c.a.ExceptionAdvice [ExceptionAdvice.java:23] org.apache.catalina.core.ApplicationDispatcher.include(ApplicationDispatcher.java:480)
2023-06-28 15:35:23,246 ERROR [http-nio-8080-exec-8] c.n.n.c.a.ExceptionAdvice [ExceptionAdvice.java:23] org.apache.catalina.core.StandardHostValve.custom(StandardHostValve.java:354)
2023-06-28 15:35:23,246 ERROR [http-nio-8080-exec-8] c.n.n.c.a.ExceptionAdvice [ExceptionAdvice.java:23] org.apache.catalina.core.StandardHostValve.status(StandardHostValve.java:237)
2023-06-28 15:35:23,246 ERROR [http-nio-8080-exec-8] c.n.n.c.a.ExceptionAdvice [ExceptionAdvice.java:23] org.apache.catalina.core.StandardHostValve.throwable(StandardHostValve.java:319)
2023-06-28 15:35:23,246 ERROR [http-nio-8080-exec-8] c.n.n.c.a.ExceptionAdvice [ExceptionAdvice.java:23] org.apache.catalina.core.StandardHostValve.invoke(StandardHostValve.java:164)
2023-06-28 15:35:23,246 ERROR [http-nio-8080-exec-8] c.n.n.c.a.ExceptionAdvice [ExceptionAdvice.java:23] org.apache.catalina.valves.ErrorReportValve.invoke(ErrorReportValve.java:93)
2023-06-28 15:35:23,246 ERROR [http-nio-8080-exec-8] c.n.n.c.a.ExceptionAdvice [ExceptionAdvice.java:23] org.apache.catalina.core.StandardEngineValve.invoke(StandardEngineValve.java:74)
2023-06-28 15:35:23,246 ERROR [http-nio-8080-exec-8] c.n.n.c.a.ExceptionAdvice [ExceptionAdvice.java:23] org.apache.catalina.connector.CoyoteAdapter.service(CoyoteAdapter.java:343)
2023-06-28 15:35:23,246 ERROR [http-nio-8080-exec-8] c.n.n.c.a.ExceptionAdvice [ExceptionAdvice.java:23] org.apache.coyote.http11.Http11Processor.service(Http11Processor.java:389)
2023-06-28 15:35:23,247 ERROR [http-nio-8080-exec-8] c.n.n.c.a.ExceptionAdvice [ExceptionAdvice.java:23] org.apache.coyote.AbstractProcessorLight.process(AbstractProcessorLight.java:63)
2023-06-28 15:35:23,247 ERROR [http-nio-8080-exec-8] c.n.n.c.a.ExceptionAdvice [ExceptionAdvice.java:23] org.apache.coyote.AbstractProtocol$ConnectionHandler.process(AbstractProtocol.java:926)
2023-06-28 15:35:23,247 ERROR [http-nio-8080-exec-8] c.n.n.c.a.ExceptionAdvice [ExceptionAdvice.java:23] org.apache.tomcat.util.net.NioEndpoint$SocketProcessor.doRun(NioEndpoint.java:1791)
2023-06-28 15:35:23,247 ERROR [http-nio-8080-exec-8] c.n.n.c.a.ExceptionAdvice [ExceptionAdvice.java:23] org.apache.tomcat.util.net.SocketProcessorBase.run(SocketProcessorBase.java:49)
2023-06-28 15:35:23,247 ERROR [http-nio-8080-exec-8] c.n.n.c.a.ExceptionAdvice [ExceptionAdvice.java:23] org.apache.tomcat.util.threads.ThreadPoolExecutor.runWorker(ThreadPoolExecutor.java:1191)
2023-06-28 15:35:23,247 ERROR [http-nio-8080-exec-8] c.n.n.c.a.ExceptionAdvice [ExceptionAdvice.java:23] org.apache.tomcat.util.threads.ThreadPoolExecutor$Worker.run(ThreadPoolExecutor.java:659)
2023-06-28 15:35:23,247 ERROR [http-nio-8080-exec-8] c.n.n.c.a.ExceptionAdvice [ExceptionAdvice.java:23] org.apache.tomcat.util.threads.TaskThread$WrappingRunnable.run(TaskThread.java:61)
2023-06-28 15:35:23,247 ERROR [http-nio-8080-exec-8] c.n.n.c.a.ExceptionAdvice [ExceptionAdvice.java:23] java.lang.Thread.run(Thread.java:750)
2023-06-28 15:35:23,888 ERROR [http-nio-8080-exec-5] c.n.n.c.a.ExceptionAdvice [ExceptionAdvice.java:21] 
服务器发生异常  msg:
	null
2023-06-28 15:35:23,888 ERROR [http-nio-8080-exec-5] c.n.n.c.a.ExceptionAdvice [ExceptionAdvice.java:23] com.nc.nccommunity.controller.interceptor.MessageCntInterceptor.postHandle(MessageCntInterceptor.java:27)
2023-06-28 15:35:23,888 ERROR [http-nio-8080-exec-5] c.n.n.c.a.ExceptionAdvice [ExceptionAdvice.java:23] org.springframework.web.servlet.HandlerExecutionChain.applyPostHandle(HandlerExecutionChain.java:165)
2023-06-28 15:35:23,888 ERROR [http-nio-8080-exec-5] c.n.n.c.a.ExceptionAdvice [ExceptionAdvice.java:23] org.springframework.web.servlet.DispatcherServlet.doDispatch(DispatcherServlet.java:1079)
2023-06-28 15:35:23,888 ERROR [http-nio-8080-exec-5] c.n.n.c.a.ExceptionAdvice [ExceptionAdvice.java:23] org.springframework.web.servlet.DispatcherServlet.doService(DispatcherServlet.java:965)
2023-06-28 15:35:23,890 ERROR [http-nio-8080-exec-5] c.n.n.c.a.ExceptionAdvice [ExceptionAdvice.java:23] org.springframework.web.servlet.FrameworkServlet.processRequest(FrameworkServlet.java:1006)
2023-06-28 15:35:23,890 ERROR [http-nio-8080-exec-5] c.n.n.c.a.ExceptionAdvice [ExceptionAdvice.java:23] org.springframework.web.servlet.FrameworkServlet.doPost(FrameworkServlet.java:909)
2023-06-28 15:35:23,890 ERROR [http-nio-8080-exec-5] c.n.n.c.a.ExceptionAdvice [ExceptionAdvice.java:23] javax.servlet.http.HttpServlet.service(HttpServlet.java:528)
2023-06-28 15:35:23,890 ERROR [http-nio-8080-exec-5] c.n.n.c.a.ExceptionAdvice [ExceptionAdvice.java:23] org.springframework.web.servlet.FrameworkServlet.service(FrameworkServlet.java:883)
2023-06-28 15:35:23,890 ERROR [http-nio-8080-exec-5] c.n.n.c.a.ExceptionAdvice [ExceptionAdvice.java:23] javax.servlet.http.HttpServlet.service(HttpServlet.java:596)
2023-06-28 15:35:23,890 ERROR [http-nio-8080-exec-5] c.n.n.c.a.ExceptionAdvice [ExceptionAdvice.java:23] org.apache.catalina.core.ApplicationFilterChain.internalDoFilter(ApplicationFilterChain.java:209)
2023-06-28 15:35:23,890 ERROR [http-nio-8080-exec-5] c.n.n.c.a.ExceptionAdvice [ExceptionAdvice.java:23] org.apache.catalina.core.ApplicationFilterChain.doFilter(ApplicationFilterChain.java:153)
2023-06-28 15:35:23,890 ERROR [http-nio-8080-exec-5] c.n.n.c.a.ExceptionAdvice [ExceptionAdvice.java:23] org.apache.tomcat.websocket.server.WsFilter.doFilter(WsFilter.java:53)
2023-06-28 15:35:23,890 ERROR [http-nio-8080-exec-5] c.n.n.c.a.ExceptionAdvice [ExceptionAdvice.java:23] org.apache.catalina.core.ApplicationFilterChain.internalDoFilter(ApplicationFilterChain.java:178)
2023-06-28 15:35:23,890 ERROR [http-nio-8080-exec-5] c.n.n.c.a.ExceptionAdvice [ExceptionAdvice.java:23] org.apache.catalina.core.ApplicationFilterChain.doFilter(ApplicationFilterChain.java:153)
2023-06-28 15:35:23,890 ERROR [http-nio-8080-exec-5] c.n.n.c.a.ExceptionAdvice [ExceptionAdvice.java:23] org.springframework.security.web.FilterChainProxy$VirtualFilterChain.doFilter(FilterChainProxy.java:337)
2023-06-28 15:35:23,890 ERROR [http-nio-8080-exec-5] c.n.n.c.a.ExceptionAdvice [ExceptionAdvice.java:23] org.springframework.security.web.access.intercept.FilterSecurityInterceptor.invoke(FilterSecurityInterceptor.java:115)
2023-06-28 15:35:23,890 ERROR [http-nio-8080-exec-5] c.n.n.c.a.ExceptionAdvice [ExceptionAdvice.java:23] org.springframework.security.web.access.intercept.FilterSecurityInterceptor.doFilter(FilterSecurityInterceptor.java:81)
2023-06-28 15:35:23,890 ERROR [http-nio-8080-exec-5] c.n.n.c.a.ExceptionAdvice [ExceptionAdvice.java:23] org.springframework.security.web.FilterChainProxy$VirtualFilterChain.doFilter(FilterChainProxy.java:346)
2023-06-28 15:35:23,890 ERROR [http-nio-8080-exec-5] c.n.n.c.a.ExceptionAdvice [ExceptionAdvice.java:23] org.springframework.security.web.access.ExceptionTranslationFilter.doFilter(ExceptionTranslationFilter.java:122)
2023-06-28 15:35:23,890 ERROR [http-nio-8080-exec-5] c.n.n.c.a.ExceptionAdvice [ExceptionAdvice.java:23] org.springframework.security.web.access.ExceptionTranslationFilter.doFilter(ExceptionTranslationFilter.java:116)
2023-06-28 15:35:23,890 ERROR [http-nio-8080-exec-5] c.n.n.c.a.ExceptionAdvice [ExceptionAdvice.java:23] org.springframework.security.web.FilterChainProxy$VirtualFilterChain.doFilter(FilterChainProxy.java:346)
2023-06-28 15:35:23,891 ERROR [http-nio-8080-exec-5] c.n.n.c.a.ExceptionAdvice [ExceptionAdvice.java:23] org.springframework.security.web.session.SessionManagementFilter.doFilter(SessionManagementFilter.java:126)
2023-06-28 15:35:23,891 ERROR [http-nio-8080-exec-5] c.n.n.c.a.ExceptionAdvice [ExceptionAdvice.java:23] org.springframework.security.web.session.SessionManagementFilter.doFilter(SessionManagementFilter.java:81)
2023-06-28 15:35:23,891 ERROR [http-nio-8080-exec-5] c.n.n.c.a.ExceptionAdvice [ExceptionAdvice.java:23] org.springframework.security.web.FilterChainProxy$VirtualFilterChain.doFilter(FilterChainProxy.java:346)
2023-06-28 15:35:23,891 ERROR [http-nio-8080-exec-5] c.n.n.c.a.ExceptionAdvice [ExceptionAdvice.java:23] org.springframework.security.web.authentication.AnonymousAuthenticationFilter.doFilter(AnonymousAuthenticationFilter.java:109)
2023-06-28 15:35:23,891 ERROR [http-nio-8080-exec-5] c.n.n.c.a.ExceptionAdvice [ExceptionAdvice.java:23] org.springframework.security.web.FilterChainProxy$VirtualFilterChain.doFilter(FilterChainProxy.java:346)
2023-06-28 15:35:23,891 ERROR [http-nio-8080-exec-5] c.n.n.c.a.ExceptionAdvice [ExceptionAdvice.java:23] org.springframework.security.web.servletapi.SecurityContextHolderAwareRequestFilter.doFilter(SecurityContextHolderAwareRequestFilter.java:149)
2023-06-28 15:35:23,891 ERROR [http-nio-8080-exec-5] c.n.n.c.a.ExceptionAdvice [ExceptionAdvice.java:23] org.springframework.security.web.FilterChainProxy$VirtualFilterChain.doFilter(FilterChainProxy.java:346)
2023-06-28 15:35:23,891 ERROR [http-nio-8080-exec-5] c.n.n.c.a.ExceptionAdvice [ExceptionAdvice.java:23] org.springframework.security.web.savedrequest.RequestCacheAwareFilter.doFilter(RequestCacheAwareFilter.java:63)
2023-06-28 15:35:23,891 ERROR [http-nio-8080-exec-5] c.n.n.c.a.ExceptionAdvice [ExceptionAdvice.java:23] org.springframework.security.web.FilterChainProxy$VirtualFilterChain.doFilter(FilterChainProxy.java:346)
2023-06-28 15:35:23,891 ERROR [http-nio-8080-exec-5] c.n.n.c.a.ExceptionAdvice [ExceptionAdvice.java:23] org.springframework.security.web.authentication.logout.LogoutFilter.doFilter(LogoutFilter.java:103)
2023-06-28 15:35:23,891 ERROR [http-nio-8080-exec-5] c.n.n.c.a.ExceptionAdvice [ExceptionAdvice.java:23] org.springframework.security.web.authentication.logout.LogoutFilter.doFilter(LogoutFilter.java:89)
2023-06-28 15:35:23,891 ERROR [http-nio-8080-exec-5] c.n.n.c.a.ExceptionAdvice [ExceptionAdvice.java:23] org.springframework.security.web.FilterChainProxy$VirtualFilterChain.doFilter(FilterChainProxy.java:346)
2023-06-28 15:35:23,892 ERROR [http-nio-8080-exec-5] c.n.n.c.a.ExceptionAdvice [ExceptionAdvice.java:23] org.springframework.security.web.header.HeaderWriterFilter.doHeadersAfter(HeaderWriterFilter.java:90)
2023-06-28 15:35:23,892 ERROR [http-nio-8080-exec-5] c.n.n.c.a.ExceptionAdvice [ExceptionAdvice.java:23] org.springframework.security.web.header.HeaderWriterFilter.doFilterInternal(HeaderWriterFilter.java:75)
2023-06-28 15:35:23,892 ERROR [http-nio-8080-exec-5] c.n.n.c.a.ExceptionAdvice [ExceptionAdvice.java:23] org.springframework.web.filter.OncePerRequestFilter.doFilter(OncePerRequestFilter.java:117)
2023-06-28 15:35:23,892 ERROR [http-nio-8080-exec-5] c.n.n.c.a.ExceptionAdvice [ExceptionAdvice.java:23] org.springframework.security.web.FilterChainProxy$VirtualFilterChain.doFilter(FilterChainProxy.java:346)
2023-06-28 15:35:23,892 ERROR [http-nio-8080-exec-5] c.n.n.c.a.ExceptionAdvice [ExceptionAdvice.java:23] org.springframework.security.web.context.SecurityContextPersistenceFilter.doFilter(SecurityContextPersistenceFilter.java:112)
2023-06-28 15:35:23,892 ERROR [http-nio-8080-exec-5] c.n.n.c.a.ExceptionAdvice [ExceptionAdvice.java:23] org.springframework.security.web.context.SecurityContextPersistenceFilter.doFilter(SecurityContextPersistenceFilter.java:82)
2023-06-28 15:35:23,892 ERROR [http-nio-8080-exec-5] c.n.n.c.a.ExceptionAdvice [ExceptionAdvice.java:23] org.springframework.security.web.FilterChainProxy$VirtualFilterChain.doFilter(FilterChainProxy.java:346)
2023-06-28 15:35:23,892 ERROR [http-nio-8080-exec-5] c.n.n.c.a.ExceptionAdvice [ExceptionAdvice.java:23] org.springframework.security.web.context.request.async.WebAsyncManagerIntegrationFilter.doFilterInternal(WebAsyncManagerIntegrationFilter.java:55)
2023-06-28 15:35:23,892 ERROR [http-nio-8080-exec-5] c.n.n.c.a.ExceptionAdvice [ExceptionAdvice.java:23] org.springframework.web.filter.OncePerRequestFilter.doFilter(OncePerRequestFilter.java:117)
2023-06-28 15:35:23,893 ERROR [http-nio-8080-exec-5] c.n.n.c.a.ExceptionAdvice [ExceptionAdvice.java:23] org.springframework.security.web.FilterChainProxy$VirtualFilterChain.doFilter(FilterChainProxy.java:346)
2023-06-28 15:35:23,893 ERROR [http-nio-8080-exec-5] c.n.n.c.a.ExceptionAdvice [ExceptionAdvice.java:23] org.springframework.security.web.session.DisableEncodeUrlFilter.doFilterInternal(DisableEncodeUrlFilter.java:42)
2023-06-28 15:35:23,893 ERROR [http-nio-8080-exec-5] c.n.n.c.a.ExceptionAdvice [ExceptionAdvice.java:23] org.springframework.web.filter.OncePerRequestFilter.doFilter(OncePerRequestFilter.java:117)
2023-06-28 15:35:23,893 ERROR [http-nio-8080-exec-5] c.n.n.c.a.ExceptionAdvice [ExceptionAdvice.java:23] org.springframework.security.web.FilterChainProxy$VirtualFilterChain.doFilter(FilterChainProxy.java:346)
2023-06-28 15:35:23,893 ERROR [http-nio-8080-exec-5] c.n.n.c.a.ExceptionAdvice [ExceptionAdvice.java:23] org.springframework.security.web.FilterChainProxy.doFilterInternal(FilterChainProxy.java:221)
2023-06-28 15:35:23,893 ERROR [http-nio-8080-exec-5] c.n.n.c.a.ExceptionAdvice [ExceptionAdvice.java:23] org.springframework.security.web.FilterChainProxy.doFilter(FilterChainProxy.java:186)
2023-06-28 15:35:23,893 ERROR [http-nio-8080-exec-5] c.n.n.c.a.ExceptionAdvice [ExceptionAdvice.java:23] org.springframework.web.filter.DelegatingFilterProxy.invokeDelegate(DelegatingFilterProxy.java:354)
2023-06-28 15:35:23,893 ERROR [http-nio-8080-exec-5] c.n.n.c.a.ExceptionAdvice [ExceptionAdvice.java:23] org.springframework.web.filter.DelegatingFilterProxy.doFilter(DelegatingFilterProxy.java:267)
2023-06-28 15:35:23,893 ERROR [http-nio-8080-exec-5] c.n.n.c.a.ExceptionAdvice [ExceptionAdvice.java:23] org.apache.catalina.core.ApplicationFilterChain.internalDoFilter(ApplicationFilterChain.java:178)
2023-06-28 15:35:23,893 ERROR [http-nio-8080-exec-5] c.n.n.c.a.ExceptionAdvice [ExceptionAdvice.java:23] org.apache.catalina.core.ApplicationFilterChain.doFilter(ApplicationFilterChain.java:153)
2023-06-28 15:35:23,893 ERROR [http-nio-8080-exec-5] c.n.n.c.a.ExceptionAdvice [ExceptionAdvice.java:23] org.springframework.web.filter.RequestContextFilter.doFilterInternal(RequestContextFilter.java:100)
2023-06-28 15:35:23,894 ERROR [http-nio-8080-exec-5] c.n.n.c.a.ExceptionAdvice [ExceptionAdvice.java:23] org.springframework.web.filter.OncePerRequestFilter.doFilter(OncePerRequestFilter.java:117)
2023-06-28 15:35:23,894 ERROR [http-nio-8080-exec-5] c.n.n.c.a.ExceptionAdvice [ExceptionAdvice.java:23] org.apache.catalina.core.ApplicationFilterChain.internalDoFilter(ApplicationFilterChain.java:178)
2023-06-28 15:35:23,894 ERROR [http-nio-8080-exec-5] c.n.n.c.a.ExceptionAdvice [ExceptionAdvice.java:23] org.apache.catalina.core.ApplicationFilterChain.doFilter(ApplicationFilterChain.java:153)
2023-06-28 15:35:23,894 ERROR [http-nio-8080-exec-5] c.n.n.c.a.ExceptionAdvice [ExceptionAdvice.java:23] org.springframework.web.filter.FormContentFilter.doFilterInternal(FormContentFilter.java:93)
2023-06-28 15:35:23,894 ERROR [http-nio-8080-exec-5] c.n.n.c.a.ExceptionAdvice [ExceptionAdvice.java:23] org.springframework.web.filter.OncePerRequestFilter.doFilter(OncePerRequestFilter.java:117)
2023-06-28 15:35:23,894 ERROR [http-nio-8080-exec-5] c.n.n.c.a.ExceptionAdvice [ExceptionAdvice.java:23] org.apache.catalina.core.ApplicationFilterChain.internalDoFilter(ApplicationFilterChain.java:178)
2023-06-28 15:35:23,894 ERROR [http-nio-8080-exec-5] c.n.n.c.a.ExceptionAdvice [ExceptionAdvice.java:23] org.apache.catalina.core.ApplicationFilterChain.doFilter(ApplicationFilterChain.java:153)
2023-06-28 15:35:23,894 ERROR [http-nio-8080-exec-5] c.n.n.c.a.ExceptionAdvice [ExceptionAdvice.java:23] org.springframework.boot.actuate.metrics.web.servlet.WebMvcMetricsFilter.doFilterInternal(WebMvcMetricsFilter.java:96)
2023-06-28 15:35:23,894 ERROR [http-nio-8080-exec-5] c.n.n.c.a.ExceptionAdvice [ExceptionAdvice.java:23] org.springframework.web.filter.OncePerRequestFilter.doFilter(OncePerRequestFilter.java:117)
2023-06-28 15:35:23,894 ERROR [http-nio-8080-exec-5] c.n.n.c.a.ExceptionAdvice [ExceptionAdvice.java:23] org.apache.catalina.core.ApplicationFilterChain.internalDoFilter(ApplicationFilterChain.java:178)
2023-06-28 15:35:23,894 ERROR [http-nio-8080-exec-5] c.n.n.c.a.ExceptionAdvice [ExceptionAdvice.java:23] org.apache.catalina.core.ApplicationFilterChain.doFilter(ApplicationFilterChain.java:153)
2023-06-28 15:35:23,894 ERROR [http-nio-8080-exec-5] c.n.n.c.a.ExceptionAdvice [ExceptionAdvice.java:23] org.springframework.web.filter.CharacterEncodingFilter.doFilterInternal(CharacterEncodingFilter.java:201)
2023-06-28 15:35:23,895 ERROR [http-nio-8080-exec-5] c.n.n.c.a.ExceptionAdvice [ExceptionAdvice.java:23] org.springframework.web.filter.OncePerRequestFilter.doFilter(OncePerRequestFilter.java:117)
2023-06-28 15:35:23,895 ERROR [http-nio-8080-exec-5] c.n.n.c.a.ExceptionAdvice [ExceptionAdvice.java:23] org.apache.catalina.core.ApplicationFilterChain.internalDoFilter(ApplicationFilterChain.java:178)
2023-06-28 15:35:23,895 ERROR [http-nio-8080-exec-5] c.n.n.c.a.ExceptionAdvice [ExceptionAdvice.java:23] org.apache.catalina.core.ApplicationFilterChain.doFilter(ApplicationFilterChain.java:153)
2023-06-28 15:35:23,895 ERROR [http-nio-8080-exec-5] c.n.n.c.a.ExceptionAdvice [ExceptionAdvice.java:23] org.apache.catalina.core.StandardWrapperValve.invoke(StandardWrapperValve.java:167)
2023-06-28 15:35:23,895 ERROR [http-nio-8080-exec-5] c.n.n.c.a.ExceptionAdvice [ExceptionAdvice.java:23] org.apache.catalina.core.StandardContextValve.invoke(StandardContextValve.java:90)
2023-06-28 15:35:23,895 ERROR [http-nio-8080-exec-5] c.n.n.c.a.ExceptionAdvice [ExceptionAdvice.java:23] org.apache.catalina.authenticator.AuthenticatorBase.invoke(AuthenticatorBase.java:492)
2023-06-28 15:35:23,895 ERROR [http-nio-8080-exec-5] c.n.n.c.a.ExceptionAdvice [ExceptionAdvice.java:23] org.apache.catalina.core.StandardHostValve.invoke(StandardHostValve.java:130)
2023-06-28 15:35:23,895 ERROR [http-nio-8080-exec-5] c.n.n.c.a.ExceptionAdvice [ExceptionAdvice.java:23] org.apache.catalina.valves.ErrorReportValve.invoke(ErrorReportValve.java:93)
2023-06-28 15:35:23,895 ERROR [http-nio-8080-exec-5] c.n.n.c.a.ExceptionAdvice [ExceptionAdvice.java:23] org.apache.catalina.core.StandardEngineValve.invoke(StandardEngineValve.java:74)
2023-06-28 15:35:23,895 ERROR [http-nio-8080-exec-5] c.n.n.c.a.ExceptionAdvice [ExceptionAdvice.java:23] org.apache.catalina.connector.CoyoteAdapter.service(CoyoteAdapter.java:343)
2023-06-28 15:35:23,895 ERROR [http-nio-8080-exec-5] c.n.n.c.a.ExceptionAdvice [ExceptionAdvice.java:23] org.apache.coyote.http11.Http11Processor.service(Http11Processor.java:389)
2023-06-28 15:35:23,895 ERROR [http-nio-8080-exec-5] c.n.n.c.a.ExceptionAdvice [ExceptionAdvice.java:23] org.apache.coyote.AbstractProcessorLight.process(AbstractProcessorLight.java:63)
2023-06-28 15:35:23,896 ERROR [http-nio-8080-exec-5] c.n.n.c.a.ExceptionAdvice [ExceptionAdvice.java:23] org.apache.coyote.AbstractProtocol$ConnectionHandler.process(AbstractProtocol.java:926)
2023-06-28 15:35:23,896 ERROR [http-nio-8080-exec-5] c.n.n.c.a.ExceptionAdvice [ExceptionAdvice.java:23] org.apache.tomcat.util.net.NioEndpoint$SocketProcessor.doRun(NioEndpoint.java:1791)
2023-06-28 15:35:23,896 ERROR [http-nio-8080-exec-5] c.n.n.c.a.ExceptionAdvice [ExceptionAdvice.java:23] org.apache.tomcat.util.net.SocketProcessorBase.run(SocketProcessorBase.java:49)
2023-06-28 15:35:23,896 ERROR [http-nio-8080-exec-5] c.n.n.c.a.ExceptionAdvice [ExceptionAdvice.java:23] org.apache.tomcat.util.threads.ThreadPoolExecutor.runWorker(ThreadPoolExecutor.java:1191)
2023-06-28 15:35:23,896 ERROR [http-nio-8080-exec-5] c.n.n.c.a.ExceptionAdvice [ExceptionAdvice.java:23] org.apache.tomcat.util.threads.ThreadPoolExecutor$Worker.run(ThreadPoolExecutor.java:659)
2023-06-28 15:35:23,896 ERROR [http-nio-8080-exec-5] c.n.n.c.a.ExceptionAdvice [ExceptionAdvice.java:23] org.apache.tomcat.util.threads.TaskThread$WrappingRunnable.run(TaskThread.java:61)
2023-06-28 15:35:23,896 ERROR [http-nio-8080-exec-5] c.n.n.c.a.ExceptionAdvice [ExceptionAdvice.java:23] java.lang.Thread.run(Thread.java:750)
2023-06-28 15:35:23,897 ERROR [http-nio-8080-exec-5] o.a.c.c.C.[.[.[.[dispatcherServlet] [DirectJDKLog.java:175] Servlet.service() for servlet [dispatcherServlet] in context with path [/community] threw exception [Request processing failed; nested exception is java.lang.NullPointerException] with root cause
java.lang.NullPointerException: null
	at com.nc.nccommunity.controller.interceptor.MessageCntInterceptor.postHandle(MessageCntInterceptor.java:27)
	at org.springframework.web.servlet.HandlerExecutionChain.applyPostHandle(HandlerExecutionChain.java:165)
	at org.springframework.web.servlet.DispatcherServlet.doDispatch(DispatcherServlet.java:1079)
	at org.springframework.web.servlet.DispatcherServlet.doService(DispatcherServlet.java:965)
	at org.springframework.web.servlet.FrameworkServlet.processRequest(FrameworkServlet.java:1006)
	at org.springframework.web.servlet.FrameworkServlet.doPost(FrameworkServlet.java:909)
	at javax.servlet.http.HttpServlet.service(HttpServlet.java:528)
	at org.springframework.web.servlet.FrameworkServlet.service(FrameworkServlet.java:883)
	at javax.servlet.http.HttpServlet.service(HttpServlet.java:596)
	at org.apache.catalina.core.ApplicationFilterChain.internalDoFilter(ApplicationFilterChain.java:209)
	at org.apache.catalina.core.ApplicationFilterChain.doFilter(ApplicationFilterChain.java:153)
	at org.apache.tomcat.websocket.server.WsFilter.doFilter(WsFilter.java:53)
	at org.apache.catalina.core.ApplicationFilterChain.internalDoFilter(ApplicationFilterChain.java:178)
	at org.apache.catalina.core.ApplicationFilterChain.doFilter(ApplicationFilterChain.java:153)
	at org.springframework.security.web.FilterChainProxy$VirtualFilterChain.doFilter(FilterChainProxy.java:337)
	at org.springframework.security.web.access.intercept.FilterSecurityInterceptor.invoke(FilterSecurityInterceptor.java:115)
	at org.springframework.security.web.access.intercept.FilterSecurityInterceptor.doFilter(FilterSecurityInterceptor.java:81)
	at org.springframework.security.web.FilterChainProxy$VirtualFilterChain.doFilter(FilterChainProxy.java:346)
	at org.springframework.security.web.access.ExceptionTranslationFilter.doFilter(ExceptionTranslationFilter.java:122)
	at org.springframework.security.web.access.ExceptionTranslationFilter.doFilter(ExceptionTranslationFilter.java:116)
	at org.springframework.security.web.FilterChainProxy$VirtualFilterChain.doFilter(FilterChainProxy.java:346)
	at org.springframework.security.web.session.SessionManagementFilter.doFilter(SessionManagementFilter.java:126)
	at org.springframework.security.web.session.SessionManagementFilter.doFilter(SessionManagementFilter.java:81)
	at org.springframework.security.web.FilterChainProxy$VirtualFilterChain.doFilter(FilterChainProxy.java:346)
	at org.springframework.security.web.authentication.AnonymousAuthenticationFilter.doFilter(AnonymousAuthenticationFilter.java:109)
	at org.springframework.security.web.FilterChainProxy$VirtualFilterChain.doFilter(FilterChainProxy.java:346)
	at org.springframework.security.web.servletapi.SecurityContextHolderAwareRequestFilter.doFilter(SecurityContextHolderAwareRequestFilter.java:149)
	at org.springframework.security.web.FilterChainProxy$VirtualFilterChain.doFilter(FilterChainProxy.java:346)
	at org.springframework.security.web.savedrequest.RequestCacheAwareFilter.doFilter(RequestCacheAwareFilter.java:63)
	at org.springframework.security.web.FilterChainProxy$VirtualFilterChain.doFilter(FilterChainProxy.java:346)
	at org.springframework.security.web.authentication.logout.LogoutFilter.doFilter(LogoutFilter.java:103)
	at org.springframework.security.web.authentication.logout.LogoutFilter.doFilter(LogoutFilter.java:89)
	at org.springframework.security.web.FilterChainProxy$VirtualFilterChain.doFilter(FilterChainProxy.java:346)
	at org.springframework.security.web.header.HeaderWriterFilter.doHeadersAfter(HeaderWriterFilter.java:90)
	at org.springframework.security.web.header.HeaderWriterFilter.doFilterInternal(HeaderWriterFilter.java:75)
	at org.springframework.web.filter.OncePerRequestFilter.doFilter(OncePerRequestFilter.java:117)
	at org.springframework.security.web.FilterChainProxy$VirtualFilterChain.doFilter(FilterChainProxy.java:346)
	at org.springframework.security.web.context.SecurityContextPersistenceFilter.doFilter(SecurityContextPersistenceFilter.java:112)
	at org.springframework.security.web.context.SecurityContextPersistenceFilter.doFilter(SecurityContextPersistenceFilter.java:82)
	at org.springframework.security.web.FilterChainProxy$VirtualFilterChain.doFilter(FilterChainProxy.java:346)
	at org.springframework.security.web.context.request.async.WebAsyncManagerIntegrationFilter.doFilterInternal(WebAsyncManagerIntegrationFilter.java:55)
	at org.springframework.web.filter.OncePerRequestFilter.doFilter(OncePerRequestFilter.java:117)
	at org.springframework.security.web.FilterChainProxy$VirtualFilterChain.doFilter(FilterChainProxy.java:346)
	at org.springframework.security.web.session.DisableEncodeUrlFilter.doFilterInternal(DisableEncodeUrlFilter.java:42)
	at org.springframework.web.filter.OncePerRequestFilter.doFilter(OncePerRequestFilter.java:117)
	at org.springframework.security.web.FilterChainProxy$VirtualFilterChain.doFilter(FilterChainProxy.java:346)
	at org.springframework.security.web.FilterChainProxy.doFilterInternal(FilterChainProxy.java:221)
	at org.springframework.security.web.FilterChainProxy.doFilter(FilterChainProxy.java:186)
	at org.springframework.web.filter.DelegatingFilterProxy.invokeDelegate(DelegatingFilterProxy.java:354)
	at org.springframework.web.filter.DelegatingFilterProxy.doFilter(DelegatingFilterProxy.java:267)
	at org.apache.catalina.core.ApplicationFilterChain.internalDoFilter(ApplicationFilterChain.java:178)
	at org.apache.catalina.core.ApplicationFilterChain.doFilter(ApplicationFilterChain.java:153)
	at org.springframework.web.filter.RequestContextFilter.doFilterInternal(RequestContextFilter.java:100)
	at org.springframework.web.filter.OncePerRequestFilter.doFilter(OncePerRequestFilter.java:117)
	at org.apache.catalina.core.ApplicationFilterChain.internalDoFilter(ApplicationFilterChain.java:178)
	at org.apache.catalina.core.ApplicationFilterChain.doFilter(ApplicationFilterChain.java:153)
	at org.springframework.web.filter.FormContentFilter.doFilterInternal(FormContentFilter.java:93)
	at org.springframework.web.filter.OncePerRequestFilter.doFilter(OncePerRequestFilter.java:117)
	at org.apache.catalina.core.ApplicationFilterChain.internalDoFilter(ApplicationFilterChain.java:178)
	at org.apache.catalina.core.ApplicationFilterChain.doFilter(ApplicationFilterChain.java:153)
	at org.springframework.boot.actuate.metrics.web.servlet.WebMvcMetricsFilter.doFilterInternal(WebMvcMetricsFilter.java:96)
	at org.springframework.web.filter.OncePerRequestFilter.doFilter(OncePerRequestFilter.java:117)
	at org.apache.catalina.core.ApplicationFilterChain.internalDoFilter(ApplicationFilterChain.java:178)
	at org.apache.catalina.core.ApplicationFilterChain.doFilter(ApplicationFilterChain.java:153)
	at org.springframework.web.filter.CharacterEncodingFilter.doFilterInternal(CharacterEncodingFilter.java:201)
	at org.springframework.web.filter.OncePerRequestFilter.doFilter(OncePerRequestFilter.java:117)
	at org.apache.catalina.core.ApplicationFilterChain.internalDoFilter(ApplicationFilterChain.java:178)
	at org.apache.catalina.core.ApplicationFilterChain.doFilter(ApplicationFilterChain.java:153)
	at org.apache.catalina.core.StandardWrapperValve.invoke(StandardWrapperValve.java:167)
	at org.apache.catalina.core.StandardContextValve.invoke(StandardContextValve.java:90)
	at org.apache.catalina.authenticator.AuthenticatorBase.invoke(AuthenticatorBase.java:492)
	at org.apache.catalina.core.StandardHostValve.invoke(StandardHostValve.java:130)
	at org.apache.catalina.valves.ErrorReportValve.invoke(ErrorReportValve.java:93)
	at org.apache.catalina.core.StandardEngineValve.invoke(StandardEngineValve.java:74)
	at org.apache.catalina.connector.CoyoteAdapter.service(CoyoteAdapter.java:343)
	at org.apache.coyote.http11.Http11Processor.service(Http11Processor.java:389)
	at org.apache.coyote.AbstractProcessorLight.process(AbstractProcessorLight.java:63)
	at org.apache.coyote.AbstractProtocol$ConnectionHandler.process(AbstractProtocol.java:926)
	at org.apache.tomcat.util.net.NioEndpoint$SocketProcessor.doRun(NioEndpoint.java:1791)
	at org.apache.tomcat.util.net.SocketProcessorBase.run(SocketProcessorBase.java:49)
	at org.apache.tomcat.util.threads.ThreadPoolExecutor.runWorker(ThreadPoolExecutor.java:1191)
	at org.apache.tomcat.util.threads.ThreadPoolExecutor$Worker.run(ThreadPoolExecutor.java:659)
	at org.apache.tomcat.util.threads.TaskThread$WrappingRunnable.run(TaskThread.java:61)
	at java.lang.Thread.run(Thread.java:750)
2023-06-28 15:35:23,904 ERROR [http-nio-8080-exec-5] c.n.n.c.a.ExceptionAdvice [ExceptionAdvice.java:21] 
服务器发生异常  msg:
	No converter for [class java.util.LinkedHashMap] with preset Content-Type 'text/plain;charset=UTF-8'
2023-06-28 15:35:23,904 ERROR [http-nio-8080-exec-5] c.n.n.c.a.ExceptionAdvice [ExceptionAdvice.java:23] org.springframework.web.servlet.mvc.method.annotation.AbstractMessageConverterMethodProcessor.writeWithMessageConverters(AbstractMessageConverterMethodProcessor.java:312)
2023-06-28 15:35:23,904 ERROR [http-nio-8080-exec-5] c.n.n.c.a.ExceptionAdvice [ExceptionAdvice.java:23] org.springframework.web.servlet.mvc.method.annotation.HttpEntityMethodProcessor.handleReturnValue(HttpEntityMethodProcessor.java:219)
2023-06-28 15:35:23,904 ERROR [http-nio-8080-exec-5] c.n.n.c.a.ExceptionAdvice [ExceptionAdvice.java:23] org.springframework.web.method.support.HandlerMethodReturnValueHandlerComposite.handleReturnValue(HandlerMethodReturnValueHandlerComposite.java:78)
2023-06-28 15:35:23,904 ERROR [http-nio-8080-exec-5] c.n.n.c.a.ExceptionAdvice [ExceptionAdvice.java:23] org.springframework.web.servlet.mvc.method.annotation.ServletInvocableHandlerMethod.invokeAndHandle(ServletInvocableHandlerMethod.java:135)
2023-06-28 15:35:23,904 ERROR [http-nio-8080-exec-5] c.n.n.c.a.ExceptionAdvice [ExceptionAdvice.java:23] org.springframework.web.servlet.mvc.method.annotation.RequestMappingHandlerAdapter.invokeHandlerMethod(RequestMappingHandlerAdapter.java:895)
2023-06-28 15:35:23,904 ERROR [http-nio-8080-exec-5] c.n.n.c.a.ExceptionAdvice [ExceptionAdvice.java:23] org.springframework.web.servlet.mvc.method.annotation.RequestMappingHandlerAdapter.handleInternal(RequestMappingHandlerAdapter.java:808)
2023-06-28 15:35:23,904 ERROR [http-nio-8080-exec-5] c.n.n.c.a.ExceptionAdvice [ExceptionAdvice.java:23] org.springframework.web.servlet.mvc.method.AbstractHandlerMethodAdapter.handle(AbstractHandlerMethodAdapter.java:87)
2023-06-28 15:35:23,905 ERROR [http-nio-8080-exec-5] c.n.n.c.a.ExceptionAdvice [ExceptionAdvice.java:23] org.springframework.web.servlet.DispatcherServlet.doDispatch(DispatcherServlet.java:1072)
2023-06-28 15:35:23,905 ERROR [http-nio-8080-exec-5] c.n.n.c.a.ExceptionAdvice [ExceptionAdvice.java:23] org.springframework.web.servlet.DispatcherServlet.doService(DispatcherServlet.java:965)
2023-06-28 15:35:23,905 ERROR [http-nio-8080-exec-5] c.n.n.c.a.ExceptionAdvice [ExceptionAdvice.java:23] org.springframework.web.servlet.FrameworkServlet.processRequest(FrameworkServlet.java:1006)
2023-06-28 15:35:23,905 ERROR [http-nio-8080-exec-5] c.n.n.c.a.ExceptionAdvice [ExceptionAdvice.java:23] org.springframework.web.servlet.FrameworkServlet.doPost(FrameworkServlet.java:909)
2023-06-28 15:35:23,905 ERROR [http-nio-8080-exec-5] c.n.n.c.a.ExceptionAdvice [ExceptionAdvice.java:23] javax.servlet.http.HttpServlet.service(HttpServlet.java:528)
2023-06-28 15:35:23,905 ERROR [http-nio-8080-exec-5] c.n.n.c.a.ExceptionAdvice [ExceptionAdvice.java:23] org.springframework.web.servlet.FrameworkServlet.service(FrameworkServlet.java:883)
2023-06-28 15:35:23,905 ERROR [http-nio-8080-exec-5] c.n.n.c.a.ExceptionAdvice [ExceptionAdvice.java:23] javax.servlet.http.HttpServlet.service(HttpServlet.java:596)
2023-06-28 15:35:23,905 ERROR [http-nio-8080-exec-5] c.n.n.c.a.ExceptionAdvice [ExceptionAdvice.java:23] org.apache.catalina.core.ApplicationFilterChain.internalDoFilter(ApplicationFilterChain.java:209)
2023-06-28 15:35:23,905 ERROR [http-nio-8080-exec-5] c.n.n.c.a.ExceptionAdvice [ExceptionAdvice.java:23] org.apache.catalina.core.ApplicationFilterChain.doFilter(ApplicationFilterChain.java:153)
2023-06-28 15:35:23,905 ERROR [http-nio-8080-exec-5] c.n.n.c.a.ExceptionAdvice [ExceptionAdvice.java:23] org.springframework.web.filter.RequestContextFilter.doFilterInternal(RequestContextFilter.java:100)
2023-06-28 15:35:23,905 ERROR [http-nio-8080-exec-5] c.n.n.c.a.ExceptionAdvice [ExceptionAdvice.java:23] org.springframework.web.filter.OncePerRequestFilter.doFilter(OncePerRequestFilter.java:117)
2023-06-28 15:35:23,906 ERROR [http-nio-8080-exec-5] c.n.n.c.a.ExceptionAdvice [ExceptionAdvice.java:23] org.apache.catalina.core.ApplicationFilterChain.internalDoFilter(ApplicationFilterChain.java:178)
2023-06-28 15:35:23,906 ERROR [http-nio-8080-exec-5] c.n.n.c.a.ExceptionAdvice [ExceptionAdvice.java:23] org.apache.catalina.core.ApplicationFilterChain.doFilter(ApplicationFilterChain.java:153)
2023-06-28 15:35:23,906 ERROR [http-nio-8080-exec-5] c.n.n.c.a.ExceptionAdvice [ExceptionAdvice.java:23] org.springframework.web.filter.OncePerRequestFilter.doFilter(OncePerRequestFilter.java:102)
2023-06-28 15:35:23,906 ERROR [http-nio-8080-exec-5] c.n.n.c.a.ExceptionAdvice [ExceptionAdvice.java:23] org.apache.catalina.core.ApplicationFilterChain.internalDoFilter(ApplicationFilterChain.java:178)
2023-06-28 15:35:23,906 ERROR [http-nio-8080-exec-5] c.n.n.c.a.ExceptionAdvice [ExceptionAdvice.java:23] org.apache.catalina.core.ApplicationFilterChain.doFilter(ApplicationFilterChain.java:153)
2023-06-28 15:35:23,906 ERROR [http-nio-8080-exec-5] c.n.n.c.a.ExceptionAdvice [ExceptionAdvice.java:23] org.springframework.web.filter.OncePerRequestFilter.doFilter(OncePerRequestFilter.java:102)
2023-06-28 15:35:23,906 ERROR [http-nio-8080-exec-5] c.n.n.c.a.ExceptionAdvice [ExceptionAdvice.java:23] org.apache.catalina.core.ApplicationFilterChain.internalDoFilter(ApplicationFilterChain.java:178)
2023-06-28 15:35:23,906 ERROR [http-nio-8080-exec-5] c.n.n.c.a.ExceptionAdvice [ExceptionAdvice.java:23] org.apache.catalina.core.ApplicationFilterChain.doFilter(ApplicationFilterChain.java:153)
2023-06-28 15:35:23,906 ERROR [http-nio-8080-exec-5] c.n.n.c.a.ExceptionAdvice [ExceptionAdvice.java:23] org.apache.catalina.core.ApplicationDispatcher.invoke(ApplicationDispatcher.java:661)
2023-06-28 15:35:23,906 ERROR [http-nio-8080-exec-5] c.n.n.c.a.ExceptionAdvice [ExceptionAdvice.java:23] org.apache.catalina.core.ApplicationDispatcher.doInclude(ApplicationDispatcher.java:537)
2023-06-28 15:35:23,907 ERROR [http-nio-8080-exec-5] c.n.n.c.a.ExceptionAdvice [ExceptionAdvice.java:23] org.apache.catalina.core.ApplicationDispatcher.include(ApplicationDispatcher.java:480)
2023-06-28 15:35:23,907 ERROR [http-nio-8080-exec-5] c.n.n.c.a.ExceptionAdvice [ExceptionAdvice.java:23] org.apache.catalina.core.StandardHostValve.custom(StandardHostValve.java:354)
2023-06-28 15:35:23,907 ERROR [http-nio-8080-exec-5] c.n.n.c.a.ExceptionAdvice [ExceptionAdvice.java:23] org.apache.catalina.core.StandardHostValve.status(StandardHostValve.java:237)
2023-06-28 15:35:23,907 ERROR [http-nio-8080-exec-5] c.n.n.c.a.ExceptionAdvice [ExceptionAdvice.java:23] org.apache.catalina.core.StandardHostValve.throwable(StandardHostValve.java:319)
2023-06-28 15:35:23,907 ERROR [http-nio-8080-exec-5] c.n.n.c.a.ExceptionAdvice [ExceptionAdvice.java:23] org.apache.catalina.core.StandardHostValve.invoke(StandardHostValve.java:164)
2023-06-28 15:35:23,907 ERROR [http-nio-8080-exec-5] c.n.n.c.a.ExceptionAdvice [ExceptionAdvice.java:23] org.apache.catalina.valves.ErrorReportValve.invoke(ErrorReportValve.java:93)
2023-06-28 15:35:23,907 ERROR [http-nio-8080-exec-5] c.n.n.c.a.ExceptionAdvice [ExceptionAdvice.java:23] org.apache.catalina.core.StandardEngineValve.invoke(StandardEngineValve.java:74)
2023-06-28 15:35:23,907 ERROR [http-nio-8080-exec-5] c.n.n.c.a.ExceptionAdvice [ExceptionAdvice.java:23] org.apache.catalina.connector.CoyoteAdapter.service(CoyoteAdapter.java:343)
2023-06-28 15:35:23,907 ERROR [http-nio-8080-exec-5] c.n.n.c.a.ExceptionAdvice [ExceptionAdvice.java:23] org.apache.coyote.http11.Http11Processor.service(Http11Processor.java:389)
2023-06-28 15:35:23,907 ERROR [http-nio-8080-exec-5] c.n.n.c.a.ExceptionAdvice [ExceptionAdvice.java:23] org.apache.coyote.AbstractProcessorLight.process(AbstractProcessorLight.java:63)
2023-06-28 15:35:23,907 ERROR [http-nio-8080-exec-5] c.n.n.c.a.ExceptionAdvice [ExceptionAdvice.java:23] org.apache.coyote.AbstractProtocol$ConnectionHandler.process(AbstractProtocol.java:926)
2023-06-28 15:35:23,907 ERROR [http-nio-8080-exec-5] c.n.n.c.a.ExceptionAdvice [ExceptionAdvice.java:23] org.apache.tomcat.util.net.NioEndpoint$SocketProcessor.doRun(NioEndpoint.java:1791)
2023-06-28 15:35:23,907 ERROR [http-nio-8080-exec-5] c.n.n.c.a.ExceptionAdvice [ExceptionAdvice.java:23] org.apache.tomcat.util.net.SocketProcessorBase.run(SocketProcessorBase.java:49)
2023-06-28 15:35:23,908 ERROR [http-nio-8080-exec-5] c.n.n.c.a.ExceptionAdvice [ExceptionAdvice.java:23] org.apache.tomcat.util.threads.ThreadPoolExecutor.runWorker(ThreadPoolExecutor.java:1191)
2023-06-28 15:35:23,908 ERROR [http-nio-8080-exec-5] c.n.n.c.a.ExceptionAdvice [ExceptionAdvice.java:23] org.apache.tomcat.util.threads.ThreadPoolExecutor$Worker.run(ThreadPoolExecutor.java:659)
2023-06-28 15:35:23,908 ERROR [http-nio-8080-exec-5] c.n.n.c.a.ExceptionAdvice [ExceptionAdvice.java:23] org.apache.tomcat.util.threads.TaskThread$WrappingRunnable.run(TaskThread.java:61)
2023-06-28 15:35:23,908 ERROR [http-nio-8080-exec-5] c.n.n.c.a.ExceptionAdvice [ExceptionAdvice.java:23] java.lang.Thread.run(Thread.java:750)
