2023-04-13 00:04:54,805 INFO [SpringApplicationShutdownHook] c.z.h.HikariDataSource [HikariDataSource.java:350] HikariPool-1 - Shutdown initiated...
2023-04-13 00:04:54,811 INFO [SpringApplicationShutdownHook] c.z.h.HikariDataSource [HikariDataSource.java:352] HikariPool-1 - Shutdown completed.
2023-04-13 00:05:02,134 INFO [restartedMain] c.n.n.NcCommunityApplication [StartupInfoLogger.java:55] Starting NcCommunityApplication using Java 1.8.0_362 on LAPTOP-A6V3KFOE with PID 16716 (C:\Users\Lenovo\Desktop\Java\NcCommunity\target\classes started by Lenovo in C:\Users\Lenovo\Desktop\Java\NcCommunity)
2023-04-13 00:05:02,136 INFO [restartedMain] c.n.n.NcCommunityApplication [SpringApplication.java:631] No active profile set, falling back to 1 default profile: "default"
2023-04-13 00:05:02,176 INFO [restartedMain] o.s.b.d.e.DevToolsPropertyDefaultsPostProcessor [DeferredLog.java:255] Devtools property defaults active! Set 'spring.devtools.add-properties' to 'false' to disable
2023-04-13 00:05:02,176 INFO [restartedMain] o.s.b.d.e.DevToolsPropertyDefaultsPostProcessor [DeferredLog.java:255] For additional web related logging consider setting the 'logging.level.web' property to 'DEBUG'
2023-04-13 00:05:02,969 INFO [restartedMain] o.s.b.w.e.t.TomcatWebServer [TomcatWebServer.java:108] Tomcat initialized with port(s): 8080 (http)
2023-04-13 00:05:02,975 INFO [restartedMain] o.a.c.h.Http11NioProtocol [DirectJDKLog.java:173] Initializing ProtocolHandler ["http-nio-8080"]
2023-04-13 00:05:02,975 INFO [restartedMain] o.a.c.c.StandardService [DirectJDKLog.java:173] Starting service [Tomcat]
2023-04-13 00:05:02,975 INFO [restartedMain] o.a.c.c.StandardEngine [DirectJDKLog.java:173] Starting Servlet engine: [Apache Tomcat/9.0.73]
2023-04-13 00:05:03,051 INFO [restartedMain] o.a.c.c.C.[.[.[/community] [DirectJDKLog.java:173] Initializing Spring embedded WebApplicationContext
2023-04-13 00:05:03,051 INFO [restartedMain] o.s.b.w.s.c.ServletWebServerApplicationContext [ServletWebServerApplicationContext.java:292] Root WebApplicationContext: initialization completed in 875 ms
2023-04-13 00:05:03,441 INFO [restartedMain] o.s.b.a.w.s.WelcomePageHandlerMapping [WelcomePageHandlerMapping.java:57] Adding welcome page template: index
2023-04-13 00:05:03,577 INFO [restartedMain] o.s.b.d.a.OptionalLiveReloadServer [OptionalLiveReloadServer.java:59] LiveReload server is running on port 35729
2023-04-13 00:05:03,588 INFO [restartedMain] o.a.c.h.Http11NioProtocol [DirectJDKLog.java:173] Starting ProtocolHandler ["http-nio-8080"]
2023-04-13 00:05:03,601 INFO [restartedMain] o.s.b.w.e.t.TomcatWebServer [TomcatWebServer.java:220] Tomcat started on port(s): 8080 (http) with context path '/community'
2023-04-13 00:05:03,609 INFO [restartedMain] c.n.n.NcCommunityApplication [StartupInfoLogger.java:61] Started NcCommunityApplication in 1.79 seconds (JVM running for 2.565)
2023-04-13 00:06:32,512 INFO [restartedMain] c.n.n.NcCommunityApplication [StartupInfoLogger.java:55] Starting NcCommunityApplication using Java 1.8.0_362 on LAPTOP-A6V3KFOE with PID 5740 (C:\Users\Lenovo\Desktop\Java\NcCommunity\target\classes started by Lenovo in C:\Users\Lenovo\Desktop\Java\NcCommunity)
2023-04-13 00:06:32,513 INFO [restartedMain] c.n.n.NcCommunityApplication [SpringApplication.java:631] No active profile set, falling back to 1 default profile: "default"
2023-04-13 00:06:32,545 INFO [restartedMain] o.s.b.d.e.DevToolsPropertyDefaultsPostProcessor [DeferredLog.java:255] Devtools property defaults active! Set 'spring.devtools.add-properties' to 'false' to disable
2023-04-13 00:06:32,545 INFO [restartedMain] o.s.b.d.e.DevToolsPropertyDefaultsPostProcessor [DeferredLog.java:255] For additional web related logging consider setting the 'logging.level.web' property to 'DEBUG'
2023-04-13 00:06:33,384 INFO [restartedMain] o.s.b.w.e.t.TomcatWebServer [TomcatWebServer.java:108] Tomcat initialized with port(s): 8080 (http)
2023-04-13 00:06:33,390 INFO [restartedMain] o.a.c.h.Http11NioProtocol [DirectJDKLog.java:173] Initializing ProtocolHandler ["http-nio-8080"]
2023-04-13 00:06:33,391 INFO [restartedMain] o.a.c.c.StandardService [DirectJDKLog.java:173] Starting service [Tomcat]
2023-04-13 00:06:33,391 INFO [restartedMain] o.a.c.c.StandardEngine [DirectJDKLog.java:173] Starting Servlet engine: [Apache Tomcat/9.0.73]
2023-04-13 00:06:33,463 INFO [restartedMain] o.a.c.c.C.[.[.[/community] [DirectJDKLog.java:173] Initializing Spring embedded WebApplicationContext
2023-04-13 00:06:33,463 INFO [restartedMain] o.s.b.w.s.c.ServletWebServerApplicationContext [ServletWebServerApplicationContext.java:292] Root WebApplicationContext: initialization completed in 916 ms
2023-04-13 00:06:33,845 INFO [restartedMain] o.s.b.a.w.s.WelcomePageHandlerMapping [WelcomePageHandlerMapping.java:57] Adding welcome page template: index
2023-04-13 00:06:33,984 INFO [restartedMain] o.s.b.d.a.OptionalLiveReloadServer [OptionalLiveReloadServer.java:59] LiveReload server is running on port 35729
2023-04-13 00:06:33,999 INFO [restartedMain] o.a.c.h.Http11NioProtocol [DirectJDKLog.java:173] Starting ProtocolHandler ["http-nio-8080"]
2023-04-13 00:06:34,011 INFO [restartedMain] o.s.b.w.e.t.TomcatWebServer [TomcatWebServer.java:220] Tomcat started on port(s): 8080 (http) with context path '/community'
2023-04-13 00:06:34,019 INFO [restartedMain] c.n.n.NcCommunityApplication [StartupInfoLogger.java:61] Started NcCommunityApplication in 1.826 seconds (JVM running for 2.604)
2023-04-13 00:07:00,882 INFO [http-nio-8080-exec-1] o.a.c.c.C.[.[.[/community] [DirectJDKLog.java:173] Initializing Spring DispatcherServlet 'dispatcherServlet'
2023-04-13 00:07:00,882 INFO [http-nio-8080-exec-1] o.s.w.s.DispatcherServlet [FrameworkServlet.java:525] Initializing Servlet 'dispatcherServlet'
2023-04-13 00:07:00,883 INFO [http-nio-8080-exec-1] o.s.w.s.DispatcherServlet [FrameworkServlet.java:547] Completed initialization in 1 ms
2023-04-13 00:07:00,903 INFO [http-nio-8080-exec-1] c.z.h.HikariDataSource [HikariDataSource.java:110] HikariPool-1 - Starting...
2023-04-13 00:07:00,989 INFO [http-nio-8080-exec-1] c.z.h.HikariDataSource [HikariDataSource.java:123] HikariPool-1 - Start completed.
2023-04-13 00:07:36,990 INFO [File Watcher] o.s.b.d.a.LocalDevToolsAutoConfiguration$RestartingClassPathChangeChangedEventListener [LocalDevToolsAutoConfiguration.java:211] Restarting due to 1 class path change (0 additions, 1 deletion, 0 modifications)
2023-04-13 00:07:37,240 INFO [Thread-9] o.a.c.h.Http11NioProtocol [DirectJDKLog.java:173] Pausing ProtocolHandler ["http-nio-8080"]
2023-04-13 00:07:37,240 INFO [Thread-9] o.a.c.c.StandardService [DirectJDKLog.java:173] Stopping service [Tomcat]
2023-04-13 00:07:37,241 INFO [Thread-9] o.a.c.c.C.[.[.[/community] [DirectJDKLog.java:173] Destroying Spring FrameworkServlet 'dispatcherServlet'
2023-04-13 00:07:37,255 INFO [Thread-9] o.a.c.h.Http11NioProtocol [DirectJDKLog.java:173] Stopping ProtocolHandler ["http-nio-8080"]
2023-04-13 00:07:37,256 INFO [Thread-9] o.a.c.h.Http11NioProtocol [DirectJDKLog.java:173] Destroying ProtocolHandler ["http-nio-8080"]
2023-04-13 00:07:37,261 INFO [Thread-9] c.z.h.HikariDataSource [HikariDataSource.java:350] HikariPool-1 - Shutdown initiated...
2023-04-13 00:07:37,271 INFO [Thread-9] c.z.h.HikariDataSource [HikariDataSource.java:352] HikariPool-1 - Shutdown completed.
2023-04-13 00:07:37,413 INFO [restartedMain] c.n.n.NcCommunityApplication [StartupInfoLogger.java:55] Starting NcCommunityApplication using Java 1.8.0_362 on LAPTOP-A6V3KFOE with PID 5740 (C:\Users\Lenovo\Desktop\Java\NcCommunity\target\classes started by Lenovo in C:\Users\Lenovo\Desktop\Java\NcCommunity)
2023-04-13 00:07:37,413 INFO [restartedMain] c.n.n.NcCommunityApplication [SpringApplication.java:631] No active profile set, falling back to 1 default profile: "default"
2023-04-13 00:07:37,822 INFO [restartedMain] o.s.b.w.e.t.TomcatWebServer [TomcatWebServer.java:108] Tomcat initialized with port(s): 8080 (http)
2023-04-13 00:07:37,822 INFO [restartedMain] o.a.c.h.Http11NioProtocol [DirectJDKLog.java:173] Initializing ProtocolHandler ["http-nio-8080"]
2023-04-13 00:07:37,823 INFO [restartedMain] o.a.c.c.StandardService [DirectJDKLog.java:173] Starting service [Tomcat]
2023-04-13 00:07:37,823 INFO [restartedMain] o.a.c.c.StandardEngine [DirectJDKLog.java:173] Starting Servlet engine: [Apache Tomcat/9.0.73]
2023-04-13 00:07:37,854 INFO [restartedMain] o.a.c.c.C.[.[.[/community] [DirectJDKLog.java:173] Initializing Spring embedded WebApplicationContext
2023-04-13 00:07:37,854 INFO [restartedMain] o.s.b.w.s.c.ServletWebServerApplicationContext [ServletWebServerApplicationContext.java:292] Root WebApplicationContext: initialization completed in 439 ms
2023-04-13 00:07:37,984 INFO [restartedMain] o.s.b.a.w.s.WelcomePageHandlerMapping [WelcomePageHandlerMapping.java:57] Adding welcome page template: index
2023-04-13 00:07:38,038 INFO [restartedMain] o.s.b.d.a.OptionalLiveReloadServer [OptionalLiveReloadServer.java:59] LiveReload server is running on port 35729
2023-04-13 00:07:38,046 INFO [restartedMain] o.a.c.h.Http11NioProtocol [DirectJDKLog.java:173] Starting ProtocolHandler ["http-nio-8080"]
2023-04-13 00:07:38,049 INFO [restartedMain] o.s.b.w.e.t.TomcatWebServer [TomcatWebServer.java:220] Tomcat started on port(s): 8080 (http) with context path '/community'
2023-04-13 00:07:38,053 INFO [restartedMain] c.n.n.NcCommunityApplication [StartupInfoLogger.java:61] Started NcCommunityApplication in 0.686 seconds (JVM running for 66.639)
2023-04-13 00:07:38,054 INFO [restartedMain] o.s.b.d.a.ConditionEvaluationDeltaLoggingListener [ConditionEvaluationDeltaLoggingListener.java:63] Condition evaluation unchanged
2023-04-13 00:07:38,149 INFO [http-nio-8080-exec-1] o.a.c.c.C.[.[.[/community] [DirectJDKLog.java:173] Initializing Spring DispatcherServlet 'dispatcherServlet'
2023-04-13 00:07:38,150 INFO [http-nio-8080-exec-1] o.s.w.s.DispatcherServlet [FrameworkServlet.java:525] Initializing Servlet 'dispatcherServlet'
2023-04-13 00:07:38,150 INFO [http-nio-8080-exec-1] o.s.w.s.DispatcherServlet [FrameworkServlet.java:547] Completed initialization in 0 ms
2023-04-13 00:07:38,151 INFO [http-nio-8080-exec-1] c.z.h.HikariDataSource [HikariDataSource.java:110] HikariPool-2 - Starting...
2023-04-13 00:07:38,155 INFO [http-nio-8080-exec-1] c.z.h.HikariDataSource [HikariDataSource.java:123] HikariPool-2 - Start completed.
2023-04-13 00:07:39,536 INFO [File Watcher] o.s.b.d.a.LocalDevToolsAutoConfiguration$RestartingClassPathChangeChangedEventListener [LocalDevToolsAutoConfiguration.java:211] Restarting due to 1 class path change (1 addition, 0 deletions, 0 modifications)
2023-04-13 00:07:39,736 INFO [Thread-15] o.a.c.h.Http11NioProtocol [DirectJDKLog.java:173] Pausing ProtocolHandler ["http-nio-8080"]
2023-04-13 00:07:39,736 INFO [Thread-15] o.a.c.c.StandardService [DirectJDKLog.java:173] Stopping service [Tomcat]
2023-04-13 00:07:39,737 INFO [Thread-15] o.a.c.c.C.[.[.[/community] [DirectJDKLog.java:173] Destroying Spring FrameworkServlet 'dispatcherServlet'
2023-04-13 00:07:39,740 INFO [Thread-15] o.a.c.h.Http11NioProtocol [DirectJDKLog.java:173] Stopping ProtocolHandler ["http-nio-8080"]
2023-04-13 00:07:39,741 INFO [Thread-15] o.a.c.h.Http11NioProtocol [DirectJDKLog.java:173] Destroying ProtocolHandler ["http-nio-8080"]
2023-04-13 00:07:39,744 INFO [Thread-15] c.z.h.HikariDataSource [HikariDataSource.java:350] HikariPool-2 - Shutdown initiated...
2023-04-13 00:07:39,745 INFO [Thread-15] c.z.h.HikariDataSource [HikariDataSource.java:352] HikariPool-2 - Shutdown completed.
2023-04-13 00:07:39,853 INFO [restartedMain] c.n.n.NcCommunityApplication [StartupInfoLogger.java:55] Starting NcCommunityApplication using Java 1.8.0_362 on LAPTOP-A6V3KFOE with PID 5740 (C:\Users\Lenovo\Desktop\Java\NcCommunity\target\classes started by Lenovo in C:\Users\Lenovo\Desktop\Java\NcCommunity)
2023-04-13 00:07:39,853 INFO [restartedMain] c.n.n.NcCommunityApplication [SpringApplication.java:631] No active profile set, falling back to 1 default profile: "default"
2023-04-13 00:07:40,032 INFO [restartedMain] o.s.b.w.e.t.TomcatWebServer [TomcatWebServer.java:108] Tomcat initialized with port(s): 8080 (http)
2023-04-13 00:07:40,032 INFO [restartedMain] o.a.c.h.Http11NioProtocol [DirectJDKLog.java:173] Initializing ProtocolHandler ["http-nio-8080"]
2023-04-13 00:07:40,032 INFO [restartedMain] o.a.c.c.StandardService [DirectJDKLog.java:173] Starting service [Tomcat]
2023-04-13 00:07:40,032 INFO [restartedMain] o.a.c.c.StandardEngine [DirectJDKLog.java:173] Starting Servlet engine: [Apache Tomcat/9.0.73]
2023-04-13 00:07:40,049 INFO [restartedMain] o.a.c.c.C.[.[.[/community] [DirectJDKLog.java:173] Initializing Spring embedded WebApplicationContext
2023-04-13 00:07:40,049 INFO [restartedMain] o.s.b.w.s.c.ServletWebServerApplicationContext [ServletWebServerApplicationContext.java:292] Root WebApplicationContext: initialization completed in 194 ms
2023-04-13 00:07:40,142 INFO [restartedMain] o.s.b.a.w.s.WelcomePageHandlerMapping [WelcomePageHandlerMapping.java:57] Adding welcome page template: index
2023-04-13 00:07:40,167 INFO [restartedMain] o.s.b.d.a.OptionalLiveReloadServer [OptionalLiveReloadServer.java:59] LiveReload server is running on port 35729
2023-04-13 00:07:40,172 INFO [restartedMain] o.a.c.h.Http11NioProtocol [DirectJDKLog.java:173] Starting ProtocolHandler ["http-nio-8080"]
2023-04-13 00:07:40,174 INFO [restartedMain] o.s.b.w.e.t.TomcatWebServer [TomcatWebServer.java:220] Tomcat started on port(s): 8080 (http) with context path '/community'
2023-04-13 00:07:40,176 INFO [restartedMain] c.n.n.NcCommunityApplication [StartupInfoLogger.java:61] Started NcCommunityApplication in 0.355 seconds (JVM running for 68.762)
2023-04-13 00:07:40,177 INFO [restartedMain] o.s.b.d.a.ConditionEvaluationDeltaLoggingListener [ConditionEvaluationDeltaLoggingListener.java:63] Condition evaluation unchanged
2023-04-13 00:07:40,297 INFO [http-nio-8080-exec-1] o.a.c.c.C.[.[.[/community] [DirectJDKLog.java:173] Initializing Spring DispatcherServlet 'dispatcherServlet'
2023-04-13 00:07:40,297 INFO [http-nio-8080-exec-1] o.s.w.s.DispatcherServlet [FrameworkServlet.java:525] Initializing Servlet 'dispatcherServlet'
2023-04-13 00:07:40,299 INFO [http-nio-8080-exec-1] o.s.w.s.DispatcherServlet [FrameworkServlet.java:547] Completed initialization in 2 ms
2023-04-13 00:07:40,300 INFO [http-nio-8080-exec-1] c.z.h.HikariDataSource [HikariDataSource.java:110] HikariPool-3 - Starting...
2023-04-13 00:07:40,303 INFO [http-nio-8080-exec-1] c.z.h.HikariDataSource [HikariDataSource.java:123] HikariPool-3 - Start completed.
2023-04-13 00:12:29,459 INFO [File Watcher] o.s.b.d.a.LocalDevToolsAutoConfiguration$RestartingClassPathChangeChangedEventListener [LocalDevToolsAutoConfiguration.java:211] Restarting due to 1 class path change (0 additions, 1 deletion, 0 modifications)
2023-04-13 00:12:29,701 INFO [Thread-19] o.a.c.h.Http11NioProtocol [DirectJDKLog.java:173] Pausing ProtocolHandler ["http-nio-8080"]
2023-04-13 00:12:29,702 INFO [Thread-19] o.a.c.c.StandardService [DirectJDKLog.java:173] Stopping service [Tomcat]
2023-04-13 00:12:29,702 INFO [Thread-19] o.a.c.c.C.[.[.[/community] [DirectJDKLog.java:173] Destroying Spring FrameworkServlet 'dispatcherServlet'
2023-04-13 00:12:29,704 INFO [Thread-19] o.a.c.h.Http11NioProtocol [DirectJDKLog.java:173] Stopping ProtocolHandler ["http-nio-8080"]
2023-04-13 00:12:29,706 INFO [Thread-19] o.a.c.h.Http11NioProtocol [DirectJDKLog.java:173] Destroying ProtocolHandler ["http-nio-8080"]
2023-04-13 00:12:29,707 INFO [Thread-19] c.z.h.HikariDataSource [HikariDataSource.java:350] HikariPool-3 - Shutdown initiated...
2023-04-13 00:12:29,708 INFO [Thread-19] c.z.h.HikariDataSource [HikariDataSource.java:352] HikariPool-3 - Shutdown completed.
2023-04-13 00:12:29,822 INFO [restartedMain] c.n.n.NcCommunityApplication [StartupInfoLogger.java:55] Starting NcCommunityApplication using Java 1.8.0_362 on LAPTOP-A6V3KFOE with PID 5740 (C:\Users\Lenovo\Desktop\Java\NcCommunity\target\classes started by Lenovo in C:\Users\Lenovo\Desktop\Java\NcCommunity)
2023-04-13 00:12:29,822 INFO [restartedMain] c.n.n.NcCommunityApplication [SpringApplication.java:631] No active profile set, falling back to 1 default profile: "default"
2023-04-13 00:12:30,062 INFO [restartedMain] o.s.b.w.e.t.TomcatWebServer [TomcatWebServer.java:108] Tomcat initialized with port(s): 8080 (http)
2023-04-13 00:12:30,062 INFO [restartedMain] o.a.c.h.Http11NioProtocol [DirectJDKLog.java:173] Initializing ProtocolHandler ["http-nio-8080"]
2023-04-13 00:12:30,063 INFO [restartedMain] o.a.c.c.StandardService [DirectJDKLog.java:173] Starting service [Tomcat]
2023-04-13 00:12:30,063 INFO [restartedMain] o.a.c.c.StandardEngine [DirectJDKLog.java:173] Starting Servlet engine: [Apache Tomcat/9.0.73]
2023-04-13 00:12:30,081 INFO [restartedMain] o.a.c.c.C.[.[.[/community] [DirectJDKLog.java:173] Initializing Spring embedded WebApplicationContext
2023-04-13 00:12:30,081 INFO [restartedMain] o.s.b.w.s.c.ServletWebServerApplicationContext [ServletWebServerApplicationContext.java:292] Root WebApplicationContext: initialization completed in 257 ms
2023-04-13 00:12:30,170 INFO [restartedMain] o.s.b.a.w.s.WelcomePageHandlerMapping [WelcomePageHandlerMapping.java:57] Adding welcome page template: index
2023-04-13 00:12:30,193 INFO [restartedMain] o.s.b.d.a.OptionalLiveReloadServer [OptionalLiveReloadServer.java:59] LiveReload server is running on port 35729
2023-04-13 00:12:30,197 INFO [restartedMain] o.a.c.h.Http11NioProtocol [DirectJDKLog.java:173] Starting ProtocolHandler ["http-nio-8080"]
2023-04-13 00:12:30,198 INFO [restartedMain] o.s.b.w.e.t.TomcatWebServer [TomcatWebServer.java:220] Tomcat started on port(s): 8080 (http) with context path '/community'
2023-04-13 00:12:30,202 INFO [restartedMain] c.n.n.NcCommunityApplication [StartupInfoLogger.java:61] Started NcCommunityApplication in 0.412 seconds (JVM running for 358.787)
2023-04-13 00:12:30,202 INFO [restartedMain] o.s.b.d.a.ConditionEvaluationDeltaLoggingListener [ConditionEvaluationDeltaLoggingListener.java:63] Condition evaluation unchanged
2023-04-13 00:12:31,672 INFO [File Watcher] o.s.b.d.a.LocalDevToolsAutoConfiguration$RestartingClassPathChangeChangedEventListener [LocalDevToolsAutoConfiguration.java:211] Restarting due to 1 class path change (1 addition, 0 deletions, 0 modifications)
2023-04-13 00:12:31,914 INFO [Thread-23] o.a.c.h.Http11NioProtocol [DirectJDKLog.java:173] Pausing ProtocolHandler ["http-nio-8080"]
2023-04-13 00:12:31,914 INFO [Thread-23] o.a.c.c.StandardService [DirectJDKLog.java:173] Stopping service [Tomcat]
2023-04-13 00:12:31,918 INFO [Thread-23] o.a.c.h.Http11NioProtocol [DirectJDKLog.java:173] Stopping ProtocolHandler ["http-nio-8080"]
2023-04-13 00:12:31,919 INFO [Thread-23] o.a.c.h.Http11NioProtocol [DirectJDKLog.java:173] Destroying ProtocolHandler ["http-nio-8080"]
2023-04-13 00:12:32,023 INFO [restartedMain] c.n.n.NcCommunityApplication [StartupInfoLogger.java:55] Starting NcCommunityApplication using Java 1.8.0_362 on LAPTOP-A6V3KFOE with PID 5740 (C:\Users\Lenovo\Desktop\Java\NcCommunity\target\classes started by Lenovo in C:\Users\Lenovo\Desktop\Java\NcCommunity)
2023-04-13 00:12:32,023 INFO [restartedMain] c.n.n.NcCommunityApplication [SpringApplication.java:631] No active profile set, falling back to 1 default profile: "default"
2023-04-13 00:12:32,188 INFO [restartedMain] o.s.b.w.e.t.TomcatWebServer [TomcatWebServer.java:108] Tomcat initialized with port(s): 8080 (http)
2023-04-13 00:12:32,188 INFO [restartedMain] o.a.c.h.Http11NioProtocol [DirectJDKLog.java:173] Initializing ProtocolHandler ["http-nio-8080"]
2023-04-13 00:12:32,188 INFO [restartedMain] o.a.c.c.StandardService [DirectJDKLog.java:173] Starting service [Tomcat]
2023-04-13 00:12:32,188 INFO [restartedMain] o.a.c.c.StandardEngine [DirectJDKLog.java:173] Starting Servlet engine: [Apache Tomcat/9.0.73]
2023-04-13 00:12:32,205 INFO [restartedMain] o.a.c.c.C.[.[.[/community] [DirectJDKLog.java:173] Initializing Spring embedded WebApplicationContext
2023-04-13 00:12:32,205 INFO [restartedMain] o.s.b.w.s.c.ServletWebServerApplicationContext [ServletWebServerApplicationContext.java:292] Root WebApplicationContext: initialization completed in 180 ms
2023-04-13 00:12:32,286 INFO [restartedMain] o.s.b.a.w.s.WelcomePageHandlerMapping [WelcomePageHandlerMapping.java:57] Adding welcome page template: index
2023-04-13 00:12:32,307 INFO [restartedMain] o.s.b.d.a.OptionalLiveReloadServer [OptionalLiveReloadServer.java:59] LiveReload server is running on port 35729
2023-04-13 00:12:32,312 INFO [restartedMain] o.a.c.h.Http11NioProtocol [DirectJDKLog.java:173] Starting ProtocolHandler ["http-nio-8080"]
2023-04-13 00:12:32,313 INFO [restartedMain] o.s.b.w.e.t.TomcatWebServer [TomcatWebServer.java:220] Tomcat started on port(s): 8080 (http) with context path '/community'
2023-04-13 00:12:32,316 INFO [restartedMain] c.n.n.NcCommunityApplication [StartupInfoLogger.java:61] Started NcCommunityApplication in 0.321 seconds (JVM running for 360.901)
2023-04-13 00:12:32,317 INFO [restartedMain] o.s.b.d.a.ConditionEvaluationDeltaLoggingListener [ConditionEvaluationDeltaLoggingListener.java:63] Condition evaluation unchanged
2023-04-13 00:12:37,869 INFO [http-nio-8080-exec-1] o.a.c.c.C.[.[.[/community] [DirectJDKLog.java:173] Initializing Spring DispatcherServlet 'dispatcherServlet'
2023-04-13 00:12:37,869 INFO [http-nio-8080-exec-1] o.s.w.s.DispatcherServlet [FrameworkServlet.java:525] Initializing Servlet 'dispatcherServlet'
2023-04-13 00:12:37,870 INFO [http-nio-8080-exec-1] o.s.w.s.DispatcherServlet [FrameworkServlet.java:547] Completed initialization in 0 ms
2023-04-13 00:12:37,871 INFO [http-nio-8080-exec-1] c.z.h.HikariDataSource [HikariDataSource.java:110] HikariPool-4 - Starting...
2023-04-13 00:12:37,875 INFO [http-nio-8080-exec-1] c.z.h.HikariDataSource [HikariDataSource.java:123] HikariPool-4 - Start completed.
2023-04-13 00:15:50,737 INFO [File Watcher] o.s.b.d.a.LocalDevToolsAutoConfiguration$RestartingClassPathChangeChangedEventListener [LocalDevToolsAutoConfiguration.java:211] Restarting due to 1 class path change (0 additions, 1 deletion, 0 modifications)
2023-04-13 00:15:51,002 INFO [Thread-27] o.a.c.h.Http11NioProtocol [DirectJDKLog.java:173] Pausing ProtocolHandler ["http-nio-8080"]
2023-04-13 00:15:51,003 INFO [Thread-27] o.a.c.c.StandardService [DirectJDKLog.java:173] Stopping service [Tomcat]
2023-04-13 00:15:51,004 INFO [Thread-27] o.a.c.c.C.[.[.[/community] [DirectJDKLog.java:173] Destroying Spring FrameworkServlet 'dispatcherServlet'
2023-04-13 00:15:51,007 INFO [Thread-27] o.a.c.h.Http11NioProtocol [DirectJDKLog.java:173] Stopping ProtocolHandler ["http-nio-8080"]
2023-04-13 00:15:51,009 INFO [Thread-27] o.a.c.h.Http11NioProtocol [DirectJDKLog.java:173] Destroying ProtocolHandler ["http-nio-8080"]
2023-04-13 00:15:51,010 INFO [Thread-27] c.z.h.HikariDataSource [HikariDataSource.java:350] HikariPool-4 - Shutdown initiated...
2023-04-13 00:15:51,011 INFO [Thread-27] c.z.h.HikariDataSource [HikariDataSource.java:352] HikariPool-4 - Shutdown completed.
2023-04-13 00:15:51,102 INFO [restartedMain] c.n.n.NcCommunityApplication [StartupInfoLogger.java:55] Starting NcCommunityApplication using Java 1.8.0_362 on LAPTOP-A6V3KFOE with PID 5740 (C:\Users\Lenovo\Desktop\Java\NcCommunity\target\classes started by Lenovo in C:\Users\Lenovo\Desktop\Java\NcCommunity)
2023-04-13 00:15:51,102 INFO [restartedMain] c.n.n.NcCommunityApplication [SpringApplication.java:631] No active profile set, falling back to 1 default profile: "default"
2023-04-13 00:15:51,332 INFO [restartedMain] o.s.b.w.e.t.TomcatWebServer [TomcatWebServer.java:108] Tomcat initialized with port(s): 8080 (http)
2023-04-13 00:15:51,332 INFO [restartedMain] o.a.c.h.Http11NioProtocol [DirectJDKLog.java:173] Initializing ProtocolHandler ["http-nio-8080"]
2023-04-13 00:15:51,332 INFO [restartedMain] o.a.c.c.StandardService [DirectJDKLog.java:173] Starting service [Tomcat]
2023-04-13 00:15:51,332 INFO [restartedMain] o.a.c.c.StandardEngine [DirectJDKLog.java:173] Starting Servlet engine: [Apache Tomcat/9.0.73]
2023-04-13 00:15:51,352 INFO [restartedMain] o.a.c.c.C.[.[.[/community] [DirectJDKLog.java:173] Initializing Spring embedded WebApplicationContext
2023-04-13 00:15:51,353 INFO [restartedMain] o.s.b.w.s.c.ServletWebServerApplicationContext [ServletWebServerApplicationContext.java:292] Root WebApplicationContext: initialization completed in 249 ms
2023-04-13 00:15:51,443 INFO [restartedMain] o.s.b.a.w.s.WelcomePageHandlerMapping [WelcomePageHandlerMapping.java:57] Adding welcome page template: index
2023-04-13 00:15:51,466 INFO [restartedMain] o.s.b.d.a.OptionalLiveReloadServer [OptionalLiveReloadServer.java:59] LiveReload server is running on port 35729
2023-04-13 00:15:51,471 INFO [restartedMain] o.a.c.h.Http11NioProtocol [DirectJDKLog.java:173] Starting ProtocolHandler ["http-nio-8080"]
2023-04-13 00:15:51,472 INFO [restartedMain] o.s.b.w.e.t.TomcatWebServer [TomcatWebServer.java:220] Tomcat started on port(s): 8080 (http) with context path '/community'
2023-04-13 00:15:51,476 INFO [restartedMain] c.n.n.NcCommunityApplication [StartupInfoLogger.java:61] Started NcCommunityApplication in 0.403 seconds (JVM running for 560.061)
2023-04-13 00:15:51,476 INFO [restartedMain] o.s.b.d.a.ConditionEvaluationDeltaLoggingListener [ConditionEvaluationDeltaLoggingListener.java:63] Condition evaluation unchanged
2023-04-13 00:15:53,995 INFO [File Watcher] o.s.b.d.a.LocalDevToolsAutoConfiguration$RestartingClassPathChangeChangedEventListener [LocalDevToolsAutoConfiguration.java:211] Restarting due to 1 class path change (1 addition, 0 deletions, 0 modifications)
2023-04-13 00:15:54,201 INFO [Thread-31] o.a.c.h.Http11NioProtocol [DirectJDKLog.java:173] Pausing ProtocolHandler ["http-nio-8080"]
2023-04-13 00:15:54,202 INFO [Thread-31] o.a.c.c.StandardService [DirectJDKLog.java:173] Stopping service [Tomcat]
2023-04-13 00:15:54,204 INFO [Thread-31] o.a.c.h.Http11NioProtocol [DirectJDKLog.java:173] Stopping ProtocolHandler ["http-nio-8080"]
2023-04-13 00:15:54,205 INFO [Thread-31] o.a.c.h.Http11NioProtocol [DirectJDKLog.java:173] Destroying ProtocolHandler ["http-nio-8080"]
2023-04-13 00:15:54,295 INFO [restartedMain] c.n.n.NcCommunityApplication [StartupInfoLogger.java:55] Starting NcCommunityApplication using Java 1.8.0_362 on LAPTOP-A6V3KFOE with PID 5740 (C:\Users\Lenovo\Desktop\Java\NcCommunity\target\classes started by Lenovo in C:\Users\Lenovo\Desktop\Java\NcCommunity)
2023-04-13 00:15:54,295 INFO [restartedMain] c.n.n.NcCommunityApplication [SpringApplication.java:631] No active profile set, falling back to 1 default profile: "default"
2023-04-13 00:15:54,464 INFO [restartedMain] o.s.b.w.e.t.TomcatWebServer [TomcatWebServer.java:108] Tomcat initialized with port(s): 8080 (http)
2023-04-13 00:15:54,465 INFO [restartedMain] o.a.c.h.Http11NioProtocol [DirectJDKLog.java:173] Initializing ProtocolHandler ["http-nio-8080"]
2023-04-13 00:15:54,465 INFO [restartedMain] o.a.c.c.StandardService [DirectJDKLog.java:173] Starting service [Tomcat]
2023-04-13 00:15:54,465 INFO [restartedMain] o.a.c.c.StandardEngine [DirectJDKLog.java:173] Starting Servlet engine: [Apache Tomcat/9.0.73]
2023-04-13 00:15:54,482 INFO [restartedMain] o.a.c.c.C.[.[.[/community] [DirectJDKLog.java:173] Initializing Spring embedded WebApplicationContext
2023-04-13 00:15:54,483 INFO [restartedMain] o.s.b.w.s.c.ServletWebServerApplicationContext [ServletWebServerApplicationContext.java:292] Root WebApplicationContext: initialization completed in 187 ms
2023-04-13 00:15:54,564 INFO [restartedMain] o.s.b.a.w.s.WelcomePageHandlerMapping [WelcomePageHandlerMapping.java:57] Adding welcome page template: index
2023-04-13 00:15:54,587 INFO [restartedMain] o.s.b.d.a.OptionalLiveReloadServer [OptionalLiveReloadServer.java:59] LiveReload server is running on port 35729
2023-04-13 00:15:54,592 INFO [restartedMain] o.a.c.h.Http11NioProtocol [DirectJDKLog.java:173] Starting ProtocolHandler ["http-nio-8080"]
2023-04-13 00:15:54,594 INFO [restartedMain] o.s.b.w.e.t.TomcatWebServer [TomcatWebServer.java:220] Tomcat started on port(s): 8080 (http) with context path '/community'
2023-04-13 00:15:54,596 INFO [restartedMain] c.n.n.NcCommunityApplication [StartupInfoLogger.java:61] Started NcCommunityApplication in 0.329 seconds (JVM running for 563.182)
2023-04-13 00:15:54,597 INFO [restartedMain] o.s.b.d.a.ConditionEvaluationDeltaLoggingListener [ConditionEvaluationDeltaLoggingListener.java:63] Condition evaluation unchanged
2023-04-13 00:15:56,703 INFO [http-nio-8080-exec-1] o.a.c.c.C.[.[.[/community] [DirectJDKLog.java:173] Initializing Spring DispatcherServlet 'dispatcherServlet'
2023-04-13 00:15:56,704 INFO [http-nio-8080-exec-1] o.s.w.s.DispatcherServlet [FrameworkServlet.java:525] Initializing Servlet 'dispatcherServlet'
2023-04-13 00:15:56,704 INFO [http-nio-8080-exec-1] o.s.w.s.DispatcherServlet [FrameworkServlet.java:547] Completed initialization in 0 ms
2023-04-13 00:15:56,705 INFO [http-nio-8080-exec-1] c.z.h.HikariDataSource [HikariDataSource.java:110] HikariPool-5 - Starting...
2023-04-13 00:15:56,708 INFO [http-nio-8080-exec-1] c.z.h.HikariDataSource [HikariDataSource.java:123] HikariPool-5 - Start completed.
2023-04-13 00:16:41,937 INFO [File Watcher] o.s.b.d.a.LocalDevToolsAutoConfiguration$RestartingClassPathChangeChangedEventListener [LocalDevToolsAutoConfiguration.java:211] Restarting due to 1 class path change (0 additions, 1 deletion, 0 modifications)
2023-04-13 00:16:42,185 INFO [Thread-35] o.a.c.h.Http11NioProtocol [DirectJDKLog.java:173] Pausing ProtocolHandler ["http-nio-8080"]
2023-04-13 00:16:42,185 INFO [Thread-35] o.a.c.c.StandardService [DirectJDKLog.java:173] Stopping service [Tomcat]
2023-04-13 00:16:42,186 INFO [Thread-35] o.a.c.c.C.[.[.[/community] [DirectJDKLog.java:173] Destroying Spring FrameworkServlet 'dispatcherServlet'
2023-04-13 00:16:42,189 INFO [Thread-35] o.a.c.h.Http11NioProtocol [DirectJDKLog.java:173] Stopping ProtocolHandler ["http-nio-8080"]
2023-04-13 00:16:42,190 INFO [Thread-35] o.a.c.h.Http11NioProtocol [DirectJDKLog.java:173] Destroying ProtocolHandler ["http-nio-8080"]
2023-04-13 00:16:42,192 INFO [Thread-35] c.z.h.HikariDataSource [HikariDataSource.java:350] HikariPool-5 - Shutdown initiated...
2023-04-13 00:16:42,193 INFO [Thread-35] c.z.h.HikariDataSource [HikariDataSource.java:352] HikariPool-5 - Shutdown completed.
2023-04-13 00:16:42,265 INFO [restartedMain] c.n.n.NcCommunityApplication [StartupInfoLogger.java:55] Starting NcCommunityApplication using Java 1.8.0_362 on LAPTOP-A6V3KFOE with PID 5740 (C:\Users\Lenovo\Desktop\Java\NcCommunity\target\classes started by Lenovo in C:\Users\Lenovo\Desktop\Java\NcCommunity)
2023-04-13 00:16:42,265 INFO [restartedMain] c.n.n.NcCommunityApplication [SpringApplication.java:631] No active profile set, falling back to 1 default profile: "default"
2023-04-13 00:16:42,494 INFO [restartedMain] o.s.b.w.e.t.TomcatWebServer [TomcatWebServer.java:108] Tomcat initialized with port(s): 8080 (http)
2023-04-13 00:16:42,495 INFO [restartedMain] o.a.c.h.Http11NioProtocol [DirectJDKLog.java:173] Initializing ProtocolHandler ["http-nio-8080"]
2023-04-13 00:16:42,495 INFO [restartedMain] o.a.c.c.StandardService [DirectJDKLog.java:173] Starting service [Tomcat]
2023-04-13 00:16:42,495 INFO [restartedMain] o.a.c.c.StandardEngine [DirectJDKLog.java:173] Starting Servlet engine: [Apache Tomcat/9.0.73]
2023-04-13 00:16:42,514 INFO [restartedMain] o.a.c.c.C.[.[.[/community] [DirectJDKLog.java:173] Initializing Spring embedded WebApplicationContext
2023-04-13 00:16:42,515 INFO [restartedMain] o.s.b.w.s.c.ServletWebServerApplicationContext [ServletWebServerApplicationContext.java:292] Root WebApplicationContext: initialization completed in 248 ms
2023-04-13 00:16:42,601 INFO [restartedMain] o.s.b.a.w.s.WelcomePageHandlerMapping [WelcomePageHandlerMapping.java:57] Adding welcome page template: index
2023-04-13 00:16:42,622 INFO [restartedMain] o.s.b.d.a.OptionalLiveReloadServer [OptionalLiveReloadServer.java:59] LiveReload server is running on port 35729
2023-04-13 00:16:42,626 INFO [restartedMain] o.a.c.h.Http11NioProtocol [DirectJDKLog.java:173] Starting ProtocolHandler ["http-nio-8080"]
2023-04-13 00:16:42,627 INFO [restartedMain] o.s.b.w.e.t.TomcatWebServer [TomcatWebServer.java:220] Tomcat started on port(s): 8080 (http) with context path '/community'
2023-04-13 00:16:42,631 INFO [restartedMain] c.n.n.NcCommunityApplication [StartupInfoLogger.java:61] Started NcCommunityApplication in 0.393 seconds (JVM running for 611.216)
2023-04-13 00:16:42,632 INFO [restartedMain] o.s.b.d.a.ConditionEvaluationDeltaLoggingListener [ConditionEvaluationDeltaLoggingListener.java:63] Condition evaluation unchanged
2023-04-13 00:16:45,146 INFO [File Watcher] o.s.b.d.a.LocalDevToolsAutoConfiguration$RestartingClassPathChangeChangedEventListener [LocalDevToolsAutoConfiguration.java:211] Restarting due to 1 class path change (1 addition, 0 deletions, 0 modifications)
2023-04-13 00:16:45,356 INFO [Thread-39] o.a.c.h.Http11NioProtocol [DirectJDKLog.java:173] Pausing ProtocolHandler ["http-nio-8080"]
2023-04-13 00:16:45,356 INFO [Thread-39] o.a.c.c.StandardService [DirectJDKLog.java:173] Stopping service [Tomcat]
2023-04-13 00:16:45,357 INFO [Thread-39] o.a.c.h.Http11NioProtocol [DirectJDKLog.java:173] Stopping ProtocolHandler ["http-nio-8080"]
2023-04-13 00:16:45,359 INFO [Thread-39] o.a.c.h.Http11NioProtocol [DirectJDKLog.java:173] Destroying ProtocolHandler ["http-nio-8080"]
2023-04-13 00:16:45,442 INFO [restartedMain] c.n.n.NcCommunityApplication [StartupInfoLogger.java:55] Starting NcCommunityApplication using Java 1.8.0_362 on LAPTOP-A6V3KFOE with PID 5740 (C:\Users\Lenovo\Desktop\Java\NcCommunity\target\classes started by Lenovo in C:\Users\Lenovo\Desktop\Java\NcCommunity)
2023-04-13 00:16:45,442 INFO [restartedMain] c.n.n.NcCommunityApplication [SpringApplication.java:631] No active profile set, falling back to 1 default profile: "default"
2023-04-13 00:16:45,605 INFO [restartedMain] o.s.b.w.e.t.TomcatWebServer [TomcatWebServer.java:108] Tomcat initialized with port(s): 8080 (http)
2023-04-13 00:16:45,605 INFO [restartedMain] o.a.c.h.Http11NioProtocol [DirectJDKLog.java:173] Initializing ProtocolHandler ["http-nio-8080"]
2023-04-13 00:16:45,605 INFO [restartedMain] o.a.c.c.StandardService [DirectJDKLog.java:173] Starting service [Tomcat]
2023-04-13 00:16:45,605 INFO [restartedMain] o.a.c.c.StandardEngine [DirectJDKLog.java:173] Starting Servlet engine: [Apache Tomcat/9.0.73]
2023-04-13 00:16:45,623 INFO [restartedMain] o.a.c.c.C.[.[.[/community] [DirectJDKLog.java:173] Initializing Spring embedded WebApplicationContext
2023-04-13 00:16:45,623 INFO [restartedMain] o.s.b.w.s.c.ServletWebServerApplicationContext [ServletWebServerApplicationContext.java:292] Root WebApplicationContext: initialization completed in 179 ms
2023-04-13 00:16:45,698 INFO [restartedMain] o.s.b.a.w.s.WelcomePageHandlerMapping [WelcomePageHandlerMapping.java:57] Adding welcome page template: index
2023-04-13 00:16:45,719 INFO [restartedMain] o.s.b.d.a.OptionalLiveReloadServer [OptionalLiveReloadServer.java:59] LiveReload server is running on port 35729
2023-04-13 00:16:45,723 INFO [restartedMain] o.a.c.h.Http11NioProtocol [DirectJDKLog.java:173] Starting ProtocolHandler ["http-nio-8080"]
2023-04-13 00:16:45,725 INFO [restartedMain] o.s.b.w.e.t.TomcatWebServer [TomcatWebServer.java:220] Tomcat started on port(s): 8080 (http) with context path '/community'
2023-04-13 00:16:45,728 INFO [restartedMain] c.n.n.NcCommunityApplication [StartupInfoLogger.java:61] Started NcCommunityApplication in 0.311 seconds (JVM running for 614.313)
2023-04-13 00:16:45,728 INFO [restartedMain] o.s.b.d.a.ConditionEvaluationDeltaLoggingListener [ConditionEvaluationDeltaLoggingListener.java:63] Condition evaluation unchanged
2023-04-13 00:18:03,309 INFO [File Watcher] o.s.b.d.a.LocalDevToolsAutoConfiguration$RestartingClassPathChangeChangedEventListener [LocalDevToolsAutoConfiguration.java:211] Restarting due to 1 class path change (0 additions, 1 deletion, 0 modifications)
2023-04-13 00:18:03,521 INFO [Thread-43] o.a.c.h.Http11NioProtocol [DirectJDKLog.java:173] Pausing ProtocolHandler ["http-nio-8080"]
2023-04-13 00:18:03,522 INFO [Thread-43] o.a.c.c.StandardService [DirectJDKLog.java:173] Stopping service [Tomcat]
2023-04-13 00:18:03,525 INFO [Thread-43] o.a.c.h.Http11NioProtocol [DirectJDKLog.java:173] Stopping ProtocolHandler ["http-nio-8080"]
2023-04-13 00:18:03,526 INFO [Thread-43] o.a.c.h.Http11NioProtocol [DirectJDKLog.java:173] Destroying ProtocolHandler ["http-nio-8080"]
2023-04-13 00:18:03,612 INFO [restartedMain] c.n.n.NcCommunityApplication [StartupInfoLogger.java:55] Starting NcCommunityApplication using Java 1.8.0_362 on LAPTOP-A6V3KFOE with PID 5740 (C:\Users\Lenovo\Desktop\Java\NcCommunity\target\classes started by Lenovo in C:\Users\Lenovo\Desktop\Java\NcCommunity)
2023-04-13 00:18:03,614 INFO [restartedMain] c.n.n.NcCommunityApplication [SpringApplication.java:631] No active profile set, falling back to 1 default profile: "default"
2023-04-13 00:18:03,834 INFO [restartedMain] o.s.b.w.e.t.TomcatWebServer [TomcatWebServer.java:108] Tomcat initialized with port(s): 8080 (http)
2023-04-13 00:18:03,835 INFO [restartedMain] o.a.c.h.Http11NioProtocol [DirectJDKLog.java:173] Initializing ProtocolHandler ["http-nio-8080"]
2023-04-13 00:18:03,835 INFO [restartedMain] o.a.c.c.StandardService [DirectJDKLog.java:173] Starting service [Tomcat]
2023-04-13 00:18:03,835 INFO [restartedMain] o.a.c.c.StandardEngine [DirectJDKLog.java:173] Starting Servlet engine: [Apache Tomcat/9.0.73]
2023-04-13 00:18:03,852 INFO [restartedMain] o.a.c.c.C.[.[.[/community] [DirectJDKLog.java:173] Initializing Spring embedded WebApplicationContext
2023-04-13 00:18:03,853 INFO [restartedMain] o.s.b.w.s.c.ServletWebServerApplicationContext [ServletWebServerApplicationContext.java:292] Root WebApplicationContext: initialization completed in 238 ms
2023-04-13 00:18:03,940 INFO [restartedMain] o.s.b.a.w.s.WelcomePageHandlerMapping [WelcomePageHandlerMapping.java:57] Adding welcome page template: index
2023-04-13 00:18:03,964 INFO [restartedMain] o.s.b.d.a.OptionalLiveReloadServer [OptionalLiveReloadServer.java:59] LiveReload server is running on port 35729
2023-04-13 00:18:03,968 INFO [restartedMain] o.a.c.h.Http11NioProtocol [DirectJDKLog.java:173] Starting ProtocolHandler ["http-nio-8080"]
2023-04-13 00:18:03,970 INFO [restartedMain] o.s.b.w.e.t.TomcatWebServer [TomcatWebServer.java:220] Tomcat started on port(s): 8080 (http) with context path '/community'
2023-04-13 00:18:03,972 INFO [restartedMain] c.n.n.NcCommunityApplication [StartupInfoLogger.java:61] Started NcCommunityApplication in 0.389 seconds (JVM running for 692.558)
2023-04-13 00:18:03,973 INFO [restartedMain] o.s.b.d.a.ConditionEvaluationDeltaLoggingListener [ConditionEvaluationDeltaLoggingListener.java:63] Condition evaluation unchanged
2023-04-13 00:18:05,454 INFO [File Watcher] o.s.b.d.a.LocalDevToolsAutoConfiguration$RestartingClassPathChangeChangedEventListener [LocalDevToolsAutoConfiguration.java:211] Restarting due to 1 class path change (1 addition, 0 deletions, 0 modifications)
2023-04-13 00:18:05,647 INFO [Thread-47] o.a.c.h.Http11NioProtocol [DirectJDKLog.java:173] Pausing ProtocolHandler ["http-nio-8080"]
2023-04-13 00:18:05,647 INFO [Thread-47] o.a.c.c.StandardService [DirectJDKLog.java:173] Stopping service [Tomcat]
2023-04-13 00:18:05,650 INFO [Thread-47] o.a.c.h.Http11NioProtocol [DirectJDKLog.java:173] Stopping ProtocolHandler ["http-nio-8080"]
2023-04-13 00:18:05,651 INFO [Thread-47] o.a.c.h.Http11NioProtocol [DirectJDKLog.java:173] Destroying ProtocolHandler ["http-nio-8080"]
2023-04-13 00:18:05,726 INFO [restartedMain] c.n.n.NcCommunityApplication [StartupInfoLogger.java:55] Starting NcCommunityApplication using Java 1.8.0_362 on LAPTOP-A6V3KFOE with PID 5740 (C:\Users\Lenovo\Desktop\Java\NcCommunity\target\classes started by Lenovo in C:\Users\Lenovo\Desktop\Java\NcCommunity)
2023-04-13 00:18:05,726 INFO [restartedMain] c.n.n.NcCommunityApplication [SpringApplication.java:631] No active profile set, falling back to 1 default profile: "default"
2023-04-13 00:18:05,884 INFO [restartedMain] o.s.b.w.e.t.TomcatWebServer [TomcatWebServer.java:108] Tomcat initialized with port(s): 8080 (http)
2023-04-13 00:18:05,884 INFO [restartedMain] o.a.c.h.Http11NioProtocol [DirectJDKLog.java:173] Initializing ProtocolHandler ["http-nio-8080"]
2023-04-13 00:18:05,884 INFO [restartedMain] o.a.c.c.StandardService [DirectJDKLog.java:173] Starting service [Tomcat]
2023-04-13 00:18:05,885 INFO [restartedMain] o.a.c.c.StandardEngine [DirectJDKLog.java:173] Starting Servlet engine: [Apache Tomcat/9.0.73]
2023-04-13 00:18:05,901 INFO [restartedMain] o.a.c.c.C.[.[.[/community] [DirectJDKLog.java:173] Initializing Spring embedded WebApplicationContext
2023-04-13 00:18:05,902 INFO [restartedMain] o.s.b.w.s.c.ServletWebServerApplicationContext [ServletWebServerApplicationContext.java:292] Root WebApplicationContext: initialization completed in 174 ms
2023-04-13 00:18:05,977 INFO [restartedMain] o.s.b.a.w.s.WelcomePageHandlerMapping [WelcomePageHandlerMapping.java:57] Adding welcome page template: index
2023-04-13 00:18:05,997 INFO [restartedMain] o.s.b.d.a.OptionalLiveReloadServer [OptionalLiveReloadServer.java:59] LiveReload server is running on port 35729
2023-04-13 00:18:06,002 INFO [restartedMain] o.a.c.h.Http11NioProtocol [DirectJDKLog.java:173] Starting ProtocolHandler ["http-nio-8080"]
2023-04-13 00:18:06,003 INFO [restartedMain] o.s.b.w.e.t.TomcatWebServer [TomcatWebServer.java:220] Tomcat started on port(s): 8080 (http) with context path '/community'
2023-04-13 00:18:06,006 INFO [restartedMain] c.n.n.NcCommunityApplication [StartupInfoLogger.java:61] Started NcCommunityApplication in 0.305 seconds (JVM running for 694.592)
2023-04-13 00:18:06,006 INFO [restartedMain] o.s.b.d.a.ConditionEvaluationDeltaLoggingListener [ConditionEvaluationDeltaLoggingListener.java:63] Condition evaluation unchanged
2023-04-13 00:18:07,415 INFO [http-nio-8080-exec-1] o.a.c.c.C.[.[.[/community] [DirectJDKLog.java:173] Initializing Spring DispatcherServlet 'dispatcherServlet'
2023-04-13 00:18:07,416 INFO [http-nio-8080-exec-1] o.s.w.s.DispatcherServlet [FrameworkServlet.java:525] Initializing Servlet 'dispatcherServlet'
2023-04-13 00:18:07,417 INFO [http-nio-8080-exec-1] o.s.w.s.DispatcherServlet [FrameworkServlet.java:547] Completed initialization in 1 ms
2023-04-13 00:18:07,417 INFO [http-nio-8080-exec-1] c.z.h.HikariDataSource [HikariDataSource.java:110] HikariPool-6 - Starting...
2023-04-13 00:18:07,420 INFO [http-nio-8080-exec-1] c.z.h.HikariDataSource [HikariDataSource.java:123] HikariPool-6 - Start completed.
2023-04-13 00:18:33,978 INFO [SpringApplicationShutdownHook] c.z.h.HikariDataSource [HikariDataSource.java:350] HikariPool-6 - Shutdown initiated...
2023-04-13 00:18:33,980 INFO [SpringApplicationShutdownHook] c.z.h.HikariDataSource [HikariDataSource.java:352] HikariPool-6 - Shutdown completed.
2023-04-13 01:24:32,125 INFO [restartedMain] c.n.n.NcCommunityApplication [StartupInfoLogger.java:55] Starting NcCommunityApplication using Java 1.8.0_362 on LAPTOP-A6V3KFOE with PID 24736 (C:\Users\Lenovo\Desktop\Java\NcCommunity\target\classes started by Lenovo in C:\Users\Lenovo\Desktop\Java\NcCommunity)
2023-04-13 01:24:32,126 INFO [restartedMain] c.n.n.NcCommunityApplication [SpringApplication.java:631] No active profile set, falling back to 1 default profile: "default"
2023-04-13 01:24:32,160 INFO [restartedMain] o.s.b.d.e.DevToolsPropertyDefaultsPostProcessor [DeferredLog.java:255] Devtools property defaults active! Set 'spring.devtools.add-properties' to 'false' to disable
2023-04-13 01:24:32,162 INFO [restartedMain] o.s.b.d.e.DevToolsPropertyDefaultsPostProcessor [DeferredLog.java:255] For additional web related logging consider setting the 'logging.level.web' property to 'DEBUG'
2023-04-13 01:24:33,114 INFO [restartedMain] o.s.b.w.e.t.TomcatWebServer [TomcatWebServer.java:108] Tomcat initialized with port(s): 8080 (http)
2023-04-13 01:24:33,122 INFO [restartedMain] o.a.c.h.Http11NioProtocol [DirectJDKLog.java:173] Initializing ProtocolHandler ["http-nio-8080"]
2023-04-13 01:24:33,123 INFO [restartedMain] o.a.c.c.StandardService [DirectJDKLog.java:173] Starting service [Tomcat]
2023-04-13 01:24:33,123 INFO [restartedMain] o.a.c.c.StandardEngine [DirectJDKLog.java:173] Starting Servlet engine: [Apache Tomcat/9.0.73]
2023-04-13 01:24:33,199 INFO [restartedMain] o.a.c.c.C.[.[.[/community] [DirectJDKLog.java:173] Initializing Spring embedded WebApplicationContext
2023-04-13 01:24:33,203 INFO [restartedMain] o.s.b.w.s.c.ServletWebServerApplicationContext [ServletWebServerApplicationContext.java:292] Root WebApplicationContext: initialization completed in 1041 ms
2023-04-13 01:24:33,891 INFO [restartedMain] o.s.b.a.w.s.WelcomePageHandlerMapping [WelcomePageHandlerMapping.java:57] Adding welcome page template: index
2023-04-13 01:24:34,139 INFO [restartedMain] o.s.b.d.a.OptionalLiveReloadServer [OptionalLiveReloadServer.java:59] LiveReload server is running on port 35729
2023-04-13 01:24:34,164 INFO [restartedMain] o.a.c.h.Http11NioProtocol [DirectJDKLog.java:173] Starting ProtocolHandler ["http-nio-8080"]
2023-04-13 01:24:34,186 INFO [restartedMain] o.s.b.w.e.t.TomcatWebServer [TomcatWebServer.java:220] Tomcat started on port(s): 8080 (http) with context path '/community'
2023-04-13 01:24:34,199 INFO [restartedMain] c.n.n.NcCommunityApplication [StartupInfoLogger.java:61] Started NcCommunityApplication in 2.392 seconds (JVM running for 3.124)
2023-04-13 01:24:36,045 INFO [http-nio-8080-exec-1] o.a.c.c.C.[.[.[/community] [DirectJDKLog.java:173] Initializing Spring DispatcherServlet 'dispatcherServlet'
2023-04-13 01:24:36,045 INFO [http-nio-8080-exec-1] o.s.w.s.DispatcherServlet [FrameworkServlet.java:525] Initializing Servlet 'dispatcherServlet'
2023-04-13 01:24:36,045 INFO [http-nio-8080-exec-1] o.s.w.s.DispatcherServlet [FrameworkServlet.java:547] Completed initialization in 0 ms
2023-04-13 01:24:36,061 INFO [http-nio-8080-exec-1] c.n.n.a.ServiceLogAspect [ServiceLogAspect.java:33] 用户[0:0:0:0:0:0:0:1],在[2023-04-13 01:24:36],访问了[com.nc.nccommunity.service.UserService.getLoginTicketByTicket].
2023-04-13 01:24:36,076 INFO [http-nio-8080-exec-1] c.z.h.HikariDataSource [HikariDataSource.java:110] HikariPool-1 - Starting...
2023-04-13 01:24:36,165 INFO [http-nio-8080-exec-1] c.z.h.HikariDataSource [HikariDataSource.java:123] HikariPool-1 - Start completed.
2023-04-13 01:24:36,201 INFO [http-nio-8080-exec-1] c.n.n.a.ServiceLogAspect [ServiceLogAspect.java:33] 用户[0:0:0:0:0:0:0:1],在[2023-04-13 01:24:36],访问了[com.nc.nccommunity.service.UserService.getUserById].
2023-04-13 01:24:36,219 INFO [http-nio-8080-exec-1] c.n.n.a.ServiceLogAspect [ServiceLogAspect.java:33] 用户[0:0:0:0:0:0:0:1],在[2023-04-13 01:24:36],访问了[com.nc.nccommunity.service.DiscussPostService.getDiscussPostRows].
2023-04-13 01:24:36,234 INFO [http-nio-8080-exec-1] c.n.n.a.ServiceLogAspect [ServiceLogAspect.java:33] 用户[0:0:0:0:0:0:0:1],在[2023-04-13 01:24:36],访问了[com.nc.nccommunity.service.DiscussPostService.getDiscussPostList].
2023-04-13 01:24:36,240 INFO [http-nio-8080-exec-1] c.n.n.a.ServiceLogAspect [ServiceLogAspect.java:33] 用户[0:0:0:0:0:0:0:1],在[2023-04-13 01:24:36],访问了[com.nc.nccommunity.service.UserService.getUserById].
2023-04-13 01:24:36,242 INFO [http-nio-8080-exec-1] c.n.n.a.ServiceLogAspect [ServiceLogAspect.java:33] 用户[0:0:0:0:0:0:0:1],在[2023-04-13 01:24:36],访问了[com.nc.nccommunity.service.UserService.getUserById].
2023-04-13 01:24:36,244 INFO [http-nio-8080-exec-1] c.n.n.a.ServiceLogAspect [ServiceLogAspect.java:33] 用户[0:0:0:0:0:0:0:1],在[2023-04-13 01:24:36],访问了[com.nc.nccommunity.service.UserService.getUserById].
2023-04-13 01:24:36,246 INFO [http-nio-8080-exec-1] c.n.n.a.ServiceLogAspect [ServiceLogAspect.java:33] 用户[0:0:0:0:0:0:0:1],在[2023-04-13 01:24:36],访问了[com.nc.nccommunity.service.UserService.getUserById].
2023-04-13 01:24:36,248 INFO [http-nio-8080-exec-1] c.n.n.a.ServiceLogAspect [ServiceLogAspect.java:33] 用户[0:0:0:0:0:0:0:1],在[2023-04-13 01:24:36],访问了[com.nc.nccommunity.service.UserService.getUserById].
2023-04-13 01:24:36,249 INFO [http-nio-8080-exec-1] c.n.n.a.ServiceLogAspect [ServiceLogAspect.java:33] 用户[0:0:0:0:0:0:0:1],在[2023-04-13 01:24:36],访问了[com.nc.nccommunity.service.UserService.getUserById].
2023-04-13 01:24:36,251 INFO [http-nio-8080-exec-1] c.n.n.a.ServiceLogAspect [ServiceLogAspect.java:33] 用户[0:0:0:0:0:0:0:1],在[2023-04-13 01:24:36],访问了[com.nc.nccommunity.service.UserService.getUserById].
2023-04-13 01:24:36,253 INFO [http-nio-8080-exec-1] c.n.n.a.ServiceLogAspect [ServiceLogAspect.java:33] 用户[0:0:0:0:0:0:0:1],在[2023-04-13 01:24:36],访问了[com.nc.nccommunity.service.UserService.getUserById].
2023-04-13 01:24:36,254 INFO [http-nio-8080-exec-1] c.n.n.a.ServiceLogAspect [ServiceLogAspect.java:33] 用户[0:0:0:0:0:0:0:1],在[2023-04-13 01:24:36],访问了[com.nc.nccommunity.service.UserService.getUserById].
2023-04-13 01:24:36,257 INFO [http-nio-8080-exec-1] c.n.n.a.ServiceLogAspect [ServiceLogAspect.java:33] 用户[0:0:0:0:0:0:0:1],在[2023-04-13 01:24:36],访问了[com.nc.nccommunity.service.UserService.getUserById].
2023-04-13 01:24:38,305 INFO [http-nio-8080-exec-6] c.n.n.a.ServiceLogAspect [ServiceLogAspect.java:33] 用户[0:0:0:0:0:0:0:1],在[2023-04-13 01:24:38],访问了[com.nc.nccommunity.service.UserService.getLoginTicketByTicket].
2023-04-13 01:24:38,310 INFO [http-nio-8080-exec-6] c.n.n.a.ServiceLogAspect [ServiceLogAspect.java:33] 用户[0:0:0:0:0:0:0:1],在[2023-04-13 01:24:38],访问了[com.nc.nccommunity.service.UserService.getUserById].
2023-04-13 01:24:38,313 INFO [http-nio-8080-exec-6] c.n.n.a.ServiceLogAspect [ServiceLogAspect.java:33] 用户[0:0:0:0:0:0:0:1],在[2023-04-13 01:24:38],访问了[com.nc.nccommunity.service.DiscussPostService.getDiscussPostRows].
2023-04-13 01:24:38,315 INFO [http-nio-8080-exec-6] c.n.n.a.ServiceLogAspect [ServiceLogAspect.java:33] 用户[0:0:0:0:0:0:0:1],在[2023-04-13 01:24:38],访问了[com.nc.nccommunity.service.DiscussPostService.getDiscussPostList].
2023-04-13 01:24:38,320 INFO [http-nio-8080-exec-6] c.n.n.a.ServiceLogAspect [ServiceLogAspect.java:33] 用户[0:0:0:0:0:0:0:1],在[2023-04-13 01:24:38],访问了[com.nc.nccommunity.service.UserService.getUserById].
2023-04-13 01:24:38,321 INFO [http-nio-8080-exec-6] c.n.n.a.ServiceLogAspect [ServiceLogAspect.java:33] 用户[0:0:0:0:0:0:0:1],在[2023-04-13 01:24:38],访问了[com.nc.nccommunity.service.UserService.getUserById].
2023-04-13 01:24:38,323 INFO [http-nio-8080-exec-6] c.n.n.a.ServiceLogAspect [ServiceLogAspect.java:33] 用户[0:0:0:0:0:0:0:1],在[2023-04-13 01:24:38],访问了[com.nc.nccommunity.service.UserService.getUserById].
2023-04-13 01:24:38,324 INFO [http-nio-8080-exec-6] c.n.n.a.ServiceLogAspect [ServiceLogAspect.java:33] 用户[0:0:0:0:0:0:0:1],在[2023-04-13 01:24:38],访问了[com.nc.nccommunity.service.UserService.getUserById].
2023-04-13 01:24:38,327 INFO [http-nio-8080-exec-6] c.n.n.a.ServiceLogAspect [ServiceLogAspect.java:33] 用户[0:0:0:0:0:0:0:1],在[2023-04-13 01:24:38],访问了[com.nc.nccommunity.service.UserService.getUserById].
2023-04-13 01:24:38,328 INFO [http-nio-8080-exec-6] c.n.n.a.ServiceLogAspect [ServiceLogAspect.java:33] 用户[0:0:0:0:0:0:0:1],在[2023-04-13 01:24:38],访问了[com.nc.nccommunity.service.UserService.getUserById].
2023-04-13 01:24:38,329 INFO [http-nio-8080-exec-6] c.n.n.a.ServiceLogAspect [ServiceLogAspect.java:33] 用户[0:0:0:0:0:0:0:1],在[2023-04-13 01:24:38],访问了[com.nc.nccommunity.service.UserService.getUserById].
2023-04-13 01:24:38,330 INFO [http-nio-8080-exec-6] c.n.n.a.ServiceLogAspect [ServiceLogAspect.java:33] 用户[0:0:0:0:0:0:0:1],在[2023-04-13 01:24:38],访问了[com.nc.nccommunity.service.UserService.getUserById].
2023-04-13 01:24:38,332 INFO [http-nio-8080-exec-6] c.n.n.a.ServiceLogAspect [ServiceLogAspect.java:33] 用户[0:0:0:0:0:0:0:1],在[2023-04-13 01:24:38],访问了[com.nc.nccommunity.service.UserService.getUserById].
2023-04-13 01:24:38,333 INFO [http-nio-8080-exec-6] c.n.n.a.ServiceLogAspect [ServiceLogAspect.java:33] 用户[0:0:0:0:0:0:0:1],在[2023-04-13 01:24:38],访问了[com.nc.nccommunity.service.UserService.getUserById].
2023-04-13 01:24:51,003 INFO [http-nio-8080-exec-1] c.n.n.a.ServiceLogAspect [ServiceLogAspect.java:33] 用户[0:0:0:0:0:0:0:1],在[2023-04-13 01:24:51],访问了[com.nc.nccommunity.service.UserService.getLoginTicketByTicket].
2023-04-13 01:24:51,005 INFO [http-nio-8080-exec-1] c.n.n.a.ServiceLogAspect [ServiceLogAspect.java:33] 用户[0:0:0:0:0:0:0:1],在[2023-04-13 01:24:51],访问了[com.nc.nccommunity.service.UserService.getUserById].
2023-04-13 01:24:51,007 INFO [http-nio-8080-exec-1] c.n.n.a.ServiceLogAspect [ServiceLogAspect.java:33] 用户[0:0:0:0:0:0:0:1],在[2023-04-13 01:24:51],访问了[com.nc.nccommunity.service.MessageService.findConversationCount].
2023-04-13 01:24:51,011 INFO [http-nio-8080-exec-1] c.n.n.a.ServiceLogAspect [ServiceLogAspect.java:33] 用户[0:0:0:0:0:0:0:1],在[2023-04-13 01:24:51],访问了[com.nc.nccommunity.service.MessageService.findConversations].
2023-04-13 01:24:51,015 INFO [http-nio-8080-exec-1] c.n.n.a.ServiceLogAspect [ServiceLogAspect.java:33] 用户[0:0:0:0:0:0:0:1],在[2023-04-13 01:24:51],访问了[com.nc.nccommunity.service.MessageService.findUnreadLetterCount].
2023-04-13 01:24:51,017 INFO [http-nio-8080-exec-1] c.n.n.a.ServiceLogAspect [ServiceLogAspect.java:33] 用户[0:0:0:0:0:0:0:1],在[2023-04-13 01:24:51],访问了[com.nc.nccommunity.service.MessageService.findLetterCount].
2023-04-13 01:24:51,018 INFO [http-nio-8080-exec-1] c.n.n.a.ServiceLogAspect [ServiceLogAspect.java:33] 用户[0:0:0:0:0:0:0:1],在[2023-04-13 01:24:51],访问了[com.nc.nccommunity.service.UserService.getUserById].
2023-04-13 01:24:51,020 INFO [http-nio-8080-exec-1] c.n.n.a.ServiceLogAspect [ServiceLogAspect.java:33] 用户[0:0:0:0:0:0:0:1],在[2023-04-13 01:24:51],访问了[com.nc.nccommunity.service.MessageService.findUnreadLetterCount].
2023-04-13 01:24:51,021 INFO [http-nio-8080-exec-1] c.n.n.a.ServiceLogAspect [ServiceLogAspect.java:33] 用户[0:0:0:0:0:0:0:1],在[2023-04-13 01:24:51],访问了[com.nc.nccommunity.service.MessageService.findLetterCount].
2023-04-13 01:24:51,022 INFO [http-nio-8080-exec-1] c.n.n.a.ServiceLogAspect [ServiceLogAspect.java:33] 用户[0:0:0:0:0:0:0:1],在[2023-04-13 01:24:51],访问了[com.nc.nccommunity.service.UserService.getUserById].
2023-04-13 01:24:51,023 INFO [http-nio-8080-exec-1] c.n.n.a.ServiceLogAspect [ServiceLogAspect.java:33] 用户[0:0:0:0:0:0:0:1],在[2023-04-13 01:24:51],访问了[com.nc.nccommunity.service.MessageService.findUnreadLetterCount].
2023-04-13 01:24:51,024 INFO [http-nio-8080-exec-1] c.n.n.a.ServiceLogAspect [ServiceLogAspect.java:33] 用户[0:0:0:0:0:0:0:1],在[2023-04-13 01:24:51],访问了[com.nc.nccommunity.service.MessageService.findLetterCount].
2023-04-13 01:24:51,025 INFO [http-nio-8080-exec-1] c.n.n.a.ServiceLogAspect [ServiceLogAspect.java:33] 用户[0:0:0:0:0:0:0:1],在[2023-04-13 01:24:51],访问了[com.nc.nccommunity.service.UserService.getUserById].
2023-04-13 01:24:51,028 INFO [http-nio-8080-exec-1] c.n.n.a.ServiceLogAspect [ServiceLogAspect.java:33] 用户[0:0:0:0:0:0:0:1],在[2023-04-13 01:24:51],访问了[com.nc.nccommunity.service.MessageService.findUnreadLetterCount].
2023-04-13 01:24:51,029 INFO [http-nio-8080-exec-1] c.n.n.a.ServiceLogAspect [ServiceLogAspect.java:33] 用户[0:0:0:0:0:0:0:1],在[2023-04-13 01:24:51],访问了[com.nc.nccommunity.service.MessageService.findLetterCount].
2023-04-13 01:24:51,030 INFO [http-nio-8080-exec-1] c.n.n.a.ServiceLogAspect [ServiceLogAspect.java:33] 用户[0:0:0:0:0:0:0:1],在[2023-04-13 01:24:51],访问了[com.nc.nccommunity.service.UserService.getUserById].
2023-04-13 01:24:51,032 INFO [http-nio-8080-exec-1] c.n.n.a.ServiceLogAspect [ServiceLogAspect.java:33] 用户[0:0:0:0:0:0:0:1],在[2023-04-13 01:24:51],访问了[com.nc.nccommunity.service.MessageService.findUnreadLetterCount].
2023-04-13 01:24:51,033 INFO [http-nio-8080-exec-1] c.n.n.a.ServiceLogAspect [ServiceLogAspect.java:33] 用户[0:0:0:0:0:0:0:1],在[2023-04-13 01:24:51],访问了[com.nc.nccommunity.service.MessageService.findLetterCount].
2023-04-13 01:24:51,034 INFO [http-nio-8080-exec-1] c.n.n.a.ServiceLogAspect [ServiceLogAspect.java:33] 用户[0:0:0:0:0:0:0:1],在[2023-04-13 01:24:51],访问了[com.nc.nccommunity.service.UserService.getUserById].
2023-04-13 01:24:51,035 INFO [http-nio-8080-exec-1] c.n.n.a.ServiceLogAspect [ServiceLogAspect.java:33] 用户[0:0:0:0:0:0:0:1],在[2023-04-13 01:24:51],访问了[com.nc.nccommunity.service.MessageService.findUnreadLetterCount].
2023-04-13 01:24:58,549 INFO [SpringApplicationShutdownHook] c.z.h.HikariDataSource [HikariDataSource.java:350] HikariPool-1 - Shutdown initiated...
2023-04-13 01:24:58,553 INFO [SpringApplicationShutdownHook] c.z.h.HikariDataSource [HikariDataSource.java:352] HikariPool-1 - Shutdown completed.
