2023-04-13 00:07:09,228 ERROR [http-nio-8080-exec-1] c.n.n.c.a.ExceptionAdvice [ExceptionAdvice.java:20] 服务器错误For input string: "asdasdas"
2023-04-13 00:07:09,231 ERROR [http-nio-8080-exec-1] c.n.n.c.a.ExceptionAdvice [ExceptionAdvice.java:22] java.lang.NumberFormatException.forInputString(NumberFormatException.java:65)
2023-04-13 00:07:09,231 ERROR [http-nio-8080-exec-1] c.n.n.c.a.ExceptionAdvice [ExceptionAdvice.java:22] java.lang.Integer.parseInt(Integer.java:580)
2023-04-13 00:07:09,231 ERROR [http-nio-8080-exec-1] c.n.n.c.a.ExceptionAdvice [ExceptionAdvice.java:22] java.lang.Integer.valueOf(Integer.java:766)
2023-04-13 00:07:09,231 ERROR [http-nio-8080-exec-1] c.n.n.c.a.ExceptionAdvice [ExceptionAdvice.java:22] com.nc.nccommunity.controller.MessageController.getLetterList(MessageController.java:30)
2023-04-13 00:07:09,232 ERROR [http-nio-8080-exec-1] c.n.n.c.a.ExceptionAdvice [ExceptionAdvice.java:22] sun.reflect.NativeMethodAccessorImpl.invoke0(Native Method)
2023-04-13 00:07:09,232 ERROR [http-nio-8080-exec-1] c.n.n.c.a.ExceptionAdvice [ExceptionAdvice.java:22] sun.reflect.NativeMethodAccessorImpl.invoke(NativeMethodAccessorImpl.java:62)
2023-04-13 00:07:09,232 ERROR [http-nio-8080-exec-1] c.n.n.c.a.ExceptionAdvice [ExceptionAdvice.java:22] sun.reflect.DelegatingMethodAccessorImpl.invoke(DelegatingMethodAccessorImpl.java:43)
2023-04-13 00:07:09,232 ERROR [http-nio-8080-exec-1] c.n.n.c.a.ExceptionAdvice [ExceptionAdvice.java:22] java.lang.reflect.Method.invoke(Method.java:498)
2023-04-13 00:07:09,232 ERROR [http-nio-8080-exec-1] c.n.n.c.a.ExceptionAdvice [ExceptionAdvice.java:22] org.springframework.web.method.support.InvocableHandlerMethod.doInvoke(InvocableHandlerMethod.java:205)
2023-04-13 00:07:09,232 ERROR [http-nio-8080-exec-1] c.n.n.c.a.ExceptionAdvice [ExceptionAdvice.java:22] org.springframework.web.method.support.InvocableHandlerMethod.invokeForRequest(InvocableHandlerMethod.java:150)
2023-04-13 00:07:09,232 ERROR [http-nio-8080-exec-1] c.n.n.c.a.ExceptionAdvice [ExceptionAdvice.java:22] org.springframework.web.servlet.mvc.method.annotation.ServletInvocableHandlerMethod.invokeAndHandle(ServletInvocableHandlerMethod.java:117)
2023-04-13 00:07:09,232 ERROR [http-nio-8080-exec-1] c.n.n.c.a.ExceptionAdvice [ExceptionAdvice.java:22] org.springframework.web.servlet.mvc.method.annotation.RequestMappingHandlerAdapter.invokeHandlerMethod(RequestMappingHandlerAdapter.java:895)
2023-04-13 00:07:09,232 ERROR [http-nio-8080-exec-1] c.n.n.c.a.ExceptionAdvice [ExceptionAdvice.java:22] org.springframework.web.servlet.mvc.method.annotation.RequestMappingHandlerAdapter.handleInternal(RequestMappingHandlerAdapter.java:808)
2023-04-13 00:07:09,232 ERROR [http-nio-8080-exec-1] c.n.n.c.a.ExceptionAdvice [ExceptionAdvice.java:22] org.springframework.web.servlet.mvc.method.AbstractHandlerMethodAdapter.handle(AbstractHandlerMethodAdapter.java:87)
2023-04-13 00:07:09,232 ERROR [http-nio-8080-exec-1] c.n.n.c.a.ExceptionAdvice [ExceptionAdvice.java:22] org.springframework.web.servlet.DispatcherServlet.doDispatch(DispatcherServlet.java:1072)
2023-04-13 00:07:09,232 ERROR [http-nio-8080-exec-1] c.n.n.c.a.ExceptionAdvice [ExceptionAdvice.java:22] org.springframework.web.servlet.DispatcherServlet.doService(DispatcherServlet.java:965)
2023-04-13 00:07:09,233 ERROR [http-nio-8080-exec-1] c.n.n.c.a.ExceptionAdvice [ExceptionAdvice.java:22] org.springframework.web.servlet.FrameworkServlet.processRequest(FrameworkServlet.java:1006)
2023-04-13 00:07:09,233 ERROR [http-nio-8080-exec-1] c.n.n.c.a.ExceptionAdvice [ExceptionAdvice.java:22] org.springframework.web.servlet.FrameworkServlet.doGet(FrameworkServlet.java:898)
2023-04-13 00:07:09,233 ERROR [http-nio-8080-exec-1] c.n.n.c.a.ExceptionAdvice [ExceptionAdvice.java:22] javax.servlet.http.HttpServlet.service(HttpServlet.java:502)
2023-04-13 00:07:09,233 ERROR [http-nio-8080-exec-1] c.n.n.c.a.ExceptionAdvice [ExceptionAdvice.java:22] org.springframework.web.servlet.FrameworkServlet.service(FrameworkServlet.java:883)
2023-04-13 00:07:09,233 ERROR [http-nio-8080-exec-1] c.n.n.c.a.ExceptionAdvice [ExceptionAdvice.java:22] javax.servlet.http.HttpServlet.service(HttpServlet.java:596)
2023-04-13 00:07:09,233 ERROR [http-nio-8080-exec-1] c.n.n.c.a.ExceptionAdvice [ExceptionAdvice.java:22] org.apache.catalina.core.ApplicationFilterChain.internalDoFilter(ApplicationFilterChain.java:209)
2023-04-13 00:07:09,233 ERROR [http-nio-8080-exec-1] c.n.n.c.a.ExceptionAdvice [ExceptionAdvice.java:22] org.apache.catalina.core.ApplicationFilterChain.doFilter(ApplicationFilterChain.java:153)
2023-04-13 00:07:09,233 ERROR [http-nio-8080-exec-1] c.n.n.c.a.ExceptionAdvice [ExceptionAdvice.java:22] org.apache.tomcat.websocket.server.WsFilter.doFilter(WsFilter.java:53)
2023-04-13 00:07:09,234 ERROR [http-nio-8080-exec-1] c.n.n.c.a.ExceptionAdvice [ExceptionAdvice.java:22] org.apache.catalina.core.ApplicationFilterChain.internalDoFilter(ApplicationFilterChain.java:178)
2023-04-13 00:07:09,234 ERROR [http-nio-8080-exec-1] c.n.n.c.a.ExceptionAdvice [ExceptionAdvice.java:22] org.apache.catalina.core.ApplicationFilterChain.doFilter(ApplicationFilterChain.java:153)
2023-04-13 00:07:09,234 ERROR [http-nio-8080-exec-1] c.n.n.c.a.ExceptionAdvice [ExceptionAdvice.java:22] org.springframework.web.filter.RequestContextFilter.doFilterInternal(RequestContextFilter.java:100)
2023-04-13 00:07:09,234 ERROR [http-nio-8080-exec-1] c.n.n.c.a.ExceptionAdvice [ExceptionAdvice.java:22] org.springframework.web.filter.OncePerRequestFilter.doFilter(OncePerRequestFilter.java:117)
2023-04-13 00:07:09,234 ERROR [http-nio-8080-exec-1] c.n.n.c.a.ExceptionAdvice [ExceptionAdvice.java:22] org.apache.catalina.core.ApplicationFilterChain.internalDoFilter(ApplicationFilterChain.java:178)
2023-04-13 00:07:09,234 ERROR [http-nio-8080-exec-1] c.n.n.c.a.ExceptionAdvice [ExceptionAdvice.java:22] org.apache.catalina.core.ApplicationFilterChain.doFilter(ApplicationFilterChain.java:153)
2023-04-13 00:07:09,234 ERROR [http-nio-8080-exec-1] c.n.n.c.a.ExceptionAdvice [ExceptionAdvice.java:22] org.springframework.web.filter.FormContentFilter.doFilterInternal(FormContentFilter.java:93)
2023-04-13 00:07:09,234 ERROR [http-nio-8080-exec-1] c.n.n.c.a.ExceptionAdvice [ExceptionAdvice.java:22] org.springframework.web.filter.OncePerRequestFilter.doFilter(OncePerRequestFilter.java:117)
2023-04-13 00:07:09,234 ERROR [http-nio-8080-exec-1] c.n.n.c.a.ExceptionAdvice [ExceptionAdvice.java:22] org.apache.catalina.core.ApplicationFilterChain.internalDoFilter(ApplicationFilterChain.java:178)
2023-04-13 00:07:09,234 ERROR [http-nio-8080-exec-1] c.n.n.c.a.ExceptionAdvice [ExceptionAdvice.java:22] org.apache.catalina.core.ApplicationFilterChain.doFilter(ApplicationFilterChain.java:153)
2023-04-13 00:07:09,234 ERROR [http-nio-8080-exec-1] c.n.n.c.a.ExceptionAdvice [ExceptionAdvice.java:22] org.springframework.web.filter.CharacterEncodingFilter.doFilterInternal(CharacterEncodingFilter.java:201)
2023-04-13 00:07:09,234 ERROR [http-nio-8080-exec-1] c.n.n.c.a.ExceptionAdvice [ExceptionAdvice.java:22] org.springframework.web.filter.OncePerRequestFilter.doFilter(OncePerRequestFilter.java:117)
2023-04-13 00:07:09,234 ERROR [http-nio-8080-exec-1] c.n.n.c.a.ExceptionAdvice [ExceptionAdvice.java:22] org.apache.catalina.core.ApplicationFilterChain.internalDoFilter(ApplicationFilterChain.java:178)
2023-04-13 00:07:09,234 ERROR [http-nio-8080-exec-1] c.n.n.c.a.ExceptionAdvice [ExceptionAdvice.java:22] org.apache.catalina.core.ApplicationFilterChain.doFilter(ApplicationFilterChain.java:153)
2023-04-13 00:07:09,234 ERROR [http-nio-8080-exec-1] c.n.n.c.a.ExceptionAdvice [ExceptionAdvice.java:22] org.apache.catalina.core.StandardWrapperValve.invoke(StandardWrapperValve.java:167)
2023-04-13 00:07:09,235 ERROR [http-nio-8080-exec-1] c.n.n.c.a.ExceptionAdvice [ExceptionAdvice.java:22] org.apache.catalina.core.StandardContextValve.invoke(StandardContextValve.java:90)
2023-04-13 00:07:09,235 ERROR [http-nio-8080-exec-1] c.n.n.c.a.ExceptionAdvice [ExceptionAdvice.java:22] org.apache.catalina.authenticator.AuthenticatorBase.invoke(AuthenticatorBase.java:492)
2023-04-13 00:07:09,235 ERROR [http-nio-8080-exec-1] c.n.n.c.a.ExceptionAdvice [ExceptionAdvice.java:22] org.apache.catalina.core.StandardHostValve.invoke(StandardHostValve.java:130)
2023-04-13 00:07:09,235 ERROR [http-nio-8080-exec-1] c.n.n.c.a.ExceptionAdvice [ExceptionAdvice.java:22] org.apache.catalina.valves.ErrorReportValve.invoke(ErrorReportValve.java:93)
2023-04-13 00:07:09,235 ERROR [http-nio-8080-exec-1] c.n.n.c.a.ExceptionAdvice [ExceptionAdvice.java:22] org.apache.catalina.core.StandardEngineValve.invoke(StandardEngineValve.java:74)
2023-04-13 00:07:09,235 ERROR [http-nio-8080-exec-1] c.n.n.c.a.ExceptionAdvice [ExceptionAdvice.java:22] org.apache.catalina.connector.CoyoteAdapter.service(CoyoteAdapter.java:343)
2023-04-13 00:07:09,235 ERROR [http-nio-8080-exec-1] c.n.n.c.a.ExceptionAdvice [ExceptionAdvice.java:22] org.apache.coyote.http11.Http11Processor.service(Http11Processor.java:389)
2023-04-13 00:07:09,235 ERROR [http-nio-8080-exec-1] c.n.n.c.a.ExceptionAdvice [ExceptionAdvice.java:22] org.apache.coyote.AbstractProcessorLight.process(AbstractProcessorLight.java:63)
2023-04-13 00:07:09,235 ERROR [http-nio-8080-exec-1] c.n.n.c.a.ExceptionAdvice [ExceptionAdvice.java:22] org.apache.coyote.AbstractProtocol$ConnectionHandler.process(AbstractProtocol.java:926)
2023-04-13 00:07:09,235 ERROR [http-nio-8080-exec-1] c.n.n.c.a.ExceptionAdvice [ExceptionAdvice.java:22] org.apache.tomcat.util.net.NioEndpoint$SocketProcessor.doRun(NioEndpoint.java:1791)
2023-04-13 00:07:09,235 ERROR [http-nio-8080-exec-1] c.n.n.c.a.ExceptionAdvice [ExceptionAdvice.java:22] org.apache.tomcat.util.net.SocketProcessorBase.run(SocketProcessorBase.java:49)
2023-04-13 00:07:09,235 ERROR [http-nio-8080-exec-1] c.n.n.c.a.ExceptionAdvice [ExceptionAdvice.java:22] org.apache.tomcat.util.threads.ThreadPoolExecutor.runWorker(ThreadPoolExecutor.java:1191)
2023-04-13 00:07:09,235 ERROR [http-nio-8080-exec-1] c.n.n.c.a.ExceptionAdvice [ExceptionAdvice.java:22] org.apache.tomcat.util.threads.ThreadPoolExecutor$Worker.run(ThreadPoolExecutor.java:659)
2023-04-13 00:07:09,235 ERROR [http-nio-8080-exec-1] c.n.n.c.a.ExceptionAdvice [ExceptionAdvice.java:22] org.apache.tomcat.util.threads.TaskThread$WrappingRunnable.run(TaskThread.java:61)
2023-04-13 00:07:09,237 ERROR [http-nio-8080-exec-1] c.n.n.c.a.ExceptionAdvice [ExceptionAdvice.java:22] java.lang.Thread.run(Thread.java:750)
2023-04-13 00:07:56,894 ERROR [http-nio-8080-exec-3] c.n.n.c.a.ExceptionAdvice [ExceptionAdvice.java:20] 服务器错误For input string: "asdasdas"
2023-04-13 00:07:56,895 ERROR [http-nio-8080-exec-3] c.n.n.c.a.ExceptionAdvice [ExceptionAdvice.java:22] java.lang.NumberFormatException.forInputString(NumberFormatException.java:65)
2023-04-13 00:07:56,895 ERROR [http-nio-8080-exec-3] c.n.n.c.a.ExceptionAdvice [ExceptionAdvice.java:22] java.lang.Integer.parseInt(Integer.java:580)
2023-04-13 00:07:56,895 ERROR [http-nio-8080-exec-3] c.n.n.c.a.ExceptionAdvice [ExceptionAdvice.java:22] java.lang.Integer.valueOf(Integer.java:766)
2023-04-13 00:07:56,895 ERROR [http-nio-8080-exec-3] c.n.n.c.a.ExceptionAdvice [ExceptionAdvice.java:22] com.nc.nccommunity.controller.MessageController.addMessage(MessageController.java:113)
2023-04-13 00:07:56,895 ERROR [http-nio-8080-exec-3] c.n.n.c.a.ExceptionAdvice [ExceptionAdvice.java:22] sun.reflect.NativeMethodAccessorImpl.invoke0(Native Method)
2023-04-13 00:07:56,895 ERROR [http-nio-8080-exec-3] c.n.n.c.a.ExceptionAdvice [ExceptionAdvice.java:22] sun.reflect.NativeMethodAccessorImpl.invoke(NativeMethodAccessorImpl.java:62)
2023-04-13 00:07:56,895 ERROR [http-nio-8080-exec-3] c.n.n.c.a.ExceptionAdvice [ExceptionAdvice.java:22] sun.reflect.DelegatingMethodAccessorImpl.invoke(DelegatingMethodAccessorImpl.java:43)
2023-04-13 00:07:56,896 ERROR [http-nio-8080-exec-3] c.n.n.c.a.ExceptionAdvice [ExceptionAdvice.java:22] java.lang.reflect.Method.invoke(Method.java:498)
2023-04-13 00:07:56,896 ERROR [http-nio-8080-exec-3] c.n.n.c.a.ExceptionAdvice [ExceptionAdvice.java:22] org.springframework.web.method.support.InvocableHandlerMethod.doInvoke(InvocableHandlerMethod.java:205)
2023-04-13 00:07:56,896 ERROR [http-nio-8080-exec-3] c.n.n.c.a.ExceptionAdvice [ExceptionAdvice.java:22] org.springframework.web.method.support.InvocableHandlerMethod.invokeForRequest(InvocableHandlerMethod.java:150)
2023-04-13 00:07:56,896 ERROR [http-nio-8080-exec-3] c.n.n.c.a.ExceptionAdvice [ExceptionAdvice.java:22] org.springframework.web.servlet.mvc.method.annotation.ServletInvocableHandlerMethod.invokeAndHandle(ServletInvocableHandlerMethod.java:117)
2023-04-13 00:07:56,896 ERROR [http-nio-8080-exec-3] c.n.n.c.a.ExceptionAdvice [ExceptionAdvice.java:22] org.springframework.web.servlet.mvc.method.annotation.RequestMappingHandlerAdapter.invokeHandlerMethod(RequestMappingHandlerAdapter.java:895)
2023-04-13 00:07:56,896 ERROR [http-nio-8080-exec-3] c.n.n.c.a.ExceptionAdvice [ExceptionAdvice.java:22] org.springframework.web.servlet.mvc.method.annotation.RequestMappingHandlerAdapter.handleInternal(RequestMappingHandlerAdapter.java:808)
2023-04-13 00:07:56,896 ERROR [http-nio-8080-exec-3] c.n.n.c.a.ExceptionAdvice [ExceptionAdvice.java:22] org.springframework.web.servlet.mvc.method.AbstractHandlerMethodAdapter.handle(AbstractHandlerMethodAdapter.java:87)
2023-04-13 00:07:56,896 ERROR [http-nio-8080-exec-3] c.n.n.c.a.ExceptionAdvice [ExceptionAdvice.java:22] org.springframework.web.servlet.DispatcherServlet.doDispatch(DispatcherServlet.java:1072)
2023-04-13 00:07:56,896 ERROR [http-nio-8080-exec-3] c.n.n.c.a.ExceptionAdvice [ExceptionAdvice.java:22] org.springframework.web.servlet.DispatcherServlet.doService(DispatcherServlet.java:965)
2023-04-13 00:07:56,898 ERROR [http-nio-8080-exec-3] c.n.n.c.a.ExceptionAdvice [ExceptionAdvice.java:22] org.springframework.web.servlet.FrameworkServlet.processRequest(FrameworkServlet.java:1006)
2023-04-13 00:07:56,898 ERROR [http-nio-8080-exec-3] c.n.n.c.a.ExceptionAdvice [ExceptionAdvice.java:22] org.springframework.web.servlet.FrameworkServlet.doPost(FrameworkServlet.java:909)
2023-04-13 00:07:56,898 ERROR [http-nio-8080-exec-3] c.n.n.c.a.ExceptionAdvice [ExceptionAdvice.java:22] javax.servlet.http.HttpServlet.service(HttpServlet.java:528)
2023-04-13 00:07:56,898 ERROR [http-nio-8080-exec-3] c.n.n.c.a.ExceptionAdvice [ExceptionAdvice.java:22] org.springframework.web.servlet.FrameworkServlet.service(FrameworkServlet.java:883)
2023-04-13 00:07:56,898 ERROR [http-nio-8080-exec-3] c.n.n.c.a.ExceptionAdvice [ExceptionAdvice.java:22] javax.servlet.http.HttpServlet.service(HttpServlet.java:596)
2023-04-13 00:07:56,898 ERROR [http-nio-8080-exec-3] c.n.n.c.a.ExceptionAdvice [ExceptionAdvice.java:22] org.apache.catalina.core.ApplicationFilterChain.internalDoFilter(ApplicationFilterChain.java:209)
2023-04-13 00:07:56,898 ERROR [http-nio-8080-exec-3] c.n.n.c.a.ExceptionAdvice [ExceptionAdvice.java:22] org.apache.catalina.core.ApplicationFilterChain.doFilter(ApplicationFilterChain.java:153)
2023-04-13 00:07:56,898 ERROR [http-nio-8080-exec-3] c.n.n.c.a.ExceptionAdvice [ExceptionAdvice.java:22] org.apache.tomcat.websocket.server.WsFilter.doFilter(WsFilter.java:53)
2023-04-13 00:07:56,898 ERROR [http-nio-8080-exec-3] c.n.n.c.a.ExceptionAdvice [ExceptionAdvice.java:22] org.apache.catalina.core.ApplicationFilterChain.internalDoFilter(ApplicationFilterChain.java:178)
2023-04-13 00:07:56,898 ERROR [http-nio-8080-exec-3] c.n.n.c.a.ExceptionAdvice [ExceptionAdvice.java:22] org.apache.catalina.core.ApplicationFilterChain.doFilter(ApplicationFilterChain.java:153)
2023-04-13 00:07:56,898 ERROR [http-nio-8080-exec-3] c.n.n.c.a.ExceptionAdvice [ExceptionAdvice.java:22] org.springframework.web.filter.RequestContextFilter.doFilterInternal(RequestContextFilter.java:100)
2023-04-13 00:07:56,898 ERROR [http-nio-8080-exec-3] c.n.n.c.a.ExceptionAdvice [ExceptionAdvice.java:22] org.springframework.web.filter.OncePerRequestFilter.doFilter(OncePerRequestFilter.java:117)
2023-04-13 00:07:56,898 ERROR [http-nio-8080-exec-3] c.n.n.c.a.ExceptionAdvice [ExceptionAdvice.java:22] org.apache.catalina.core.ApplicationFilterChain.internalDoFilter(ApplicationFilterChain.java:178)
2023-04-13 00:07:56,899 ERROR [http-nio-8080-exec-3] c.n.n.c.a.ExceptionAdvice [ExceptionAdvice.java:22] org.apache.catalina.core.ApplicationFilterChain.doFilter(ApplicationFilterChain.java:153)
2023-04-13 00:07:56,899 ERROR [http-nio-8080-exec-3] c.n.n.c.a.ExceptionAdvice [ExceptionAdvice.java:22] org.springframework.web.filter.FormContentFilter.doFilterInternal(FormContentFilter.java:93)
2023-04-13 00:07:56,899 ERROR [http-nio-8080-exec-3] c.n.n.c.a.ExceptionAdvice [ExceptionAdvice.java:22] org.springframework.web.filter.OncePerRequestFilter.doFilter(OncePerRequestFilter.java:117)
2023-04-13 00:07:56,899 ERROR [http-nio-8080-exec-3] c.n.n.c.a.ExceptionAdvice [ExceptionAdvice.java:22] org.apache.catalina.core.ApplicationFilterChain.internalDoFilter(ApplicationFilterChain.java:178)
2023-04-13 00:07:56,899 ERROR [http-nio-8080-exec-3] c.n.n.c.a.ExceptionAdvice [ExceptionAdvice.java:22] org.apache.catalina.core.ApplicationFilterChain.doFilter(ApplicationFilterChain.java:153)
2023-04-13 00:07:56,899 ERROR [http-nio-8080-exec-3] c.n.n.c.a.ExceptionAdvice [ExceptionAdvice.java:22] org.springframework.web.filter.CharacterEncodingFilter.doFilterInternal(CharacterEncodingFilter.java:201)
2023-04-13 00:07:56,899 ERROR [http-nio-8080-exec-3] c.n.n.c.a.ExceptionAdvice [ExceptionAdvice.java:22] org.springframework.web.filter.OncePerRequestFilter.doFilter(OncePerRequestFilter.java:117)
2023-04-13 00:07:56,899 ERROR [http-nio-8080-exec-3] c.n.n.c.a.ExceptionAdvice [ExceptionAdvice.java:22] org.apache.catalina.core.ApplicationFilterChain.internalDoFilter(ApplicationFilterChain.java:178)
2023-04-13 00:07:56,900 ERROR [http-nio-8080-exec-3] c.n.n.c.a.ExceptionAdvice [ExceptionAdvice.java:22] org.apache.catalina.core.ApplicationFilterChain.doFilter(ApplicationFilterChain.java:153)
2023-04-13 00:07:56,900 ERROR [http-nio-8080-exec-3] c.n.n.c.a.ExceptionAdvice [ExceptionAdvice.java:22] org.apache.catalina.core.StandardWrapperValve.invoke(StandardWrapperValve.java:167)
2023-04-13 00:07:56,900 ERROR [http-nio-8080-exec-3] c.n.n.c.a.ExceptionAdvice [ExceptionAdvice.java:22] org.apache.catalina.core.StandardContextValve.invoke(StandardContextValve.java:90)
2023-04-13 00:07:56,900 ERROR [http-nio-8080-exec-3] c.n.n.c.a.ExceptionAdvice [ExceptionAdvice.java:22] org.apache.catalina.authenticator.AuthenticatorBase.invoke(AuthenticatorBase.java:492)
2023-04-13 00:07:56,900 ERROR [http-nio-8080-exec-3] c.n.n.c.a.ExceptionAdvice [ExceptionAdvice.java:22] org.apache.catalina.core.StandardHostValve.invoke(StandardHostValve.java:130)
2023-04-13 00:07:56,900 ERROR [http-nio-8080-exec-3] c.n.n.c.a.ExceptionAdvice [ExceptionAdvice.java:22] org.apache.catalina.valves.ErrorReportValve.invoke(ErrorReportValve.java:93)
2023-04-13 00:07:56,900 ERROR [http-nio-8080-exec-3] c.n.n.c.a.ExceptionAdvice [ExceptionAdvice.java:22] org.apache.catalina.core.StandardEngineValve.invoke(StandardEngineValve.java:74)
2023-04-13 00:07:56,900 ERROR [http-nio-8080-exec-3] c.n.n.c.a.ExceptionAdvice [ExceptionAdvice.java:22] org.apache.catalina.connector.CoyoteAdapter.service(CoyoteAdapter.java:343)
2023-04-13 00:07:56,900 ERROR [http-nio-8080-exec-3] c.n.n.c.a.ExceptionAdvice [ExceptionAdvice.java:22] org.apache.coyote.http11.Http11Processor.service(Http11Processor.java:389)
2023-04-13 00:07:56,901 ERROR [http-nio-8080-exec-3] c.n.n.c.a.ExceptionAdvice [ExceptionAdvice.java:22] org.apache.coyote.AbstractProcessorLight.process(AbstractProcessorLight.java:63)
2023-04-13 00:07:56,901 ERROR [http-nio-8080-exec-3] c.n.n.c.a.ExceptionAdvice [ExceptionAdvice.java:22] org.apache.coyote.AbstractProtocol$ConnectionHandler.process(AbstractProtocol.java:926)
2023-04-13 00:07:56,901 ERROR [http-nio-8080-exec-3] c.n.n.c.a.ExceptionAdvice [ExceptionAdvice.java:22] org.apache.tomcat.util.net.NioEndpoint$SocketProcessor.doRun(NioEndpoint.java:1791)
2023-04-13 00:07:56,901 ERROR [http-nio-8080-exec-3] c.n.n.c.a.ExceptionAdvice [ExceptionAdvice.java:22] org.apache.tomcat.util.net.SocketProcessorBase.run(SocketProcessorBase.java:49)
2023-04-13 00:07:56,901 ERROR [http-nio-8080-exec-3] c.n.n.c.a.ExceptionAdvice [ExceptionAdvice.java:22] org.apache.tomcat.util.threads.ThreadPoolExecutor.runWorker(ThreadPoolExecutor.java:1191)
2023-04-13 00:07:56,901 ERROR [http-nio-8080-exec-3] c.n.n.c.a.ExceptionAdvice [ExceptionAdvice.java:22] org.apache.tomcat.util.threads.ThreadPoolExecutor$Worker.run(ThreadPoolExecutor.java:659)
2023-04-13 00:07:56,901 ERROR [http-nio-8080-exec-3] c.n.n.c.a.ExceptionAdvice [ExceptionAdvice.java:22] org.apache.tomcat.util.threads.TaskThread$WrappingRunnable.run(TaskThread.java:61)
2023-04-13 00:07:56,901 ERROR [http-nio-8080-exec-3] c.n.n.c.a.ExceptionAdvice [ExceptionAdvice.java:22] java.lang.Thread.run(Thread.java:750)
2023-04-13 00:08:33,518 ERROR [http-nio-8080-exec-7] c.n.n.c.a.ExceptionAdvice [ExceptionAdvice.java:20] 服务器错误For input string: "asdasdas"
2023-04-13 00:08:33,519 ERROR [http-nio-8080-exec-7] c.n.n.c.a.ExceptionAdvice [ExceptionAdvice.java:22] java.lang.NumberFormatException.forInputString(NumberFormatException.java:65)
2023-04-13 00:08:33,519 ERROR [http-nio-8080-exec-7] c.n.n.c.a.ExceptionAdvice [ExceptionAdvice.java:22] java.lang.Integer.parseInt(Integer.java:580)
2023-04-13 00:08:33,519 ERROR [http-nio-8080-exec-7] c.n.n.c.a.ExceptionAdvice [ExceptionAdvice.java:22] java.lang.Integer.valueOf(Integer.java:766)
2023-04-13 00:08:33,520 ERROR [http-nio-8080-exec-7] c.n.n.c.a.ExceptionAdvice [ExceptionAdvice.java:22] com.nc.nccommunity.controller.MessageController.addMessage(MessageController.java:113)
2023-04-13 00:08:33,520 ERROR [http-nio-8080-exec-7] c.n.n.c.a.ExceptionAdvice [ExceptionAdvice.java:22] sun.reflect.NativeMethodAccessorImpl.invoke0(Native Method)
2023-04-13 00:08:33,520 ERROR [http-nio-8080-exec-7] c.n.n.c.a.ExceptionAdvice [ExceptionAdvice.java:22] sun.reflect.NativeMethodAccessorImpl.invoke(NativeMethodAccessorImpl.java:62)
2023-04-13 00:08:33,520 ERROR [http-nio-8080-exec-7] c.n.n.c.a.ExceptionAdvice [ExceptionAdvice.java:22] sun.reflect.DelegatingMethodAccessorImpl.invoke(DelegatingMethodAccessorImpl.java:43)
2023-04-13 00:08:33,520 ERROR [http-nio-8080-exec-7] c.n.n.c.a.ExceptionAdvice [ExceptionAdvice.java:22] java.lang.reflect.Method.invoke(Method.java:498)
2023-04-13 00:08:33,520 ERROR [http-nio-8080-exec-7] c.n.n.c.a.ExceptionAdvice [ExceptionAdvice.java:22] org.springframework.web.method.support.InvocableHandlerMethod.doInvoke(InvocableHandlerMethod.java:205)
2023-04-13 00:08:33,521 ERROR [http-nio-8080-exec-7] c.n.n.c.a.ExceptionAdvice [ExceptionAdvice.java:22] org.springframework.web.method.support.InvocableHandlerMethod.invokeForRequest(InvocableHandlerMethod.java:150)
2023-04-13 00:08:33,521 ERROR [http-nio-8080-exec-7] c.n.n.c.a.ExceptionAdvice [ExceptionAdvice.java:22] org.springframework.web.servlet.mvc.method.annotation.ServletInvocableHandlerMethod.invokeAndHandle(ServletInvocableHandlerMethod.java:117)
2023-04-13 00:08:33,521 ERROR [http-nio-8080-exec-7] c.n.n.c.a.ExceptionAdvice [ExceptionAdvice.java:22] org.springframework.web.servlet.mvc.method.annotation.RequestMappingHandlerAdapter.invokeHandlerMethod(RequestMappingHandlerAdapter.java:895)
2023-04-13 00:08:33,521 ERROR [http-nio-8080-exec-7] c.n.n.c.a.ExceptionAdvice [ExceptionAdvice.java:22] org.springframework.web.servlet.mvc.method.annotation.RequestMappingHandlerAdapter.handleInternal(RequestMappingHandlerAdapter.java:808)
2023-04-13 00:08:33,521 ERROR [http-nio-8080-exec-7] c.n.n.c.a.ExceptionAdvice [ExceptionAdvice.java:22] org.springframework.web.servlet.mvc.method.AbstractHandlerMethodAdapter.handle(AbstractHandlerMethodAdapter.java:87)
2023-04-13 00:08:33,521 ERROR [http-nio-8080-exec-7] c.n.n.c.a.ExceptionAdvice [ExceptionAdvice.java:22] org.springframework.web.servlet.DispatcherServlet.doDispatch(DispatcherServlet.java:1072)
2023-04-13 00:08:33,521 ERROR [http-nio-8080-exec-7] c.n.n.c.a.ExceptionAdvice [ExceptionAdvice.java:22] org.springframework.web.servlet.DispatcherServlet.doService(DispatcherServlet.java:965)
2023-04-13 00:08:33,521 ERROR [http-nio-8080-exec-7] c.n.n.c.a.ExceptionAdvice [ExceptionAdvice.java:22] org.springframework.web.servlet.FrameworkServlet.processRequest(FrameworkServlet.java:1006)
2023-04-13 00:08:33,522 ERROR [http-nio-8080-exec-7] c.n.n.c.a.ExceptionAdvice [ExceptionAdvice.java:22] org.springframework.web.servlet.FrameworkServlet.doPost(FrameworkServlet.java:909)
2023-04-13 00:08:33,522 ERROR [http-nio-8080-exec-7] c.n.n.c.a.ExceptionAdvice [ExceptionAdvice.java:22] javax.servlet.http.HttpServlet.service(HttpServlet.java:528)
2023-04-13 00:08:33,522 ERROR [http-nio-8080-exec-7] c.n.n.c.a.ExceptionAdvice [ExceptionAdvice.java:22] org.springframework.web.servlet.FrameworkServlet.service(FrameworkServlet.java:883)
2023-04-13 00:08:33,522 ERROR [http-nio-8080-exec-7] c.n.n.c.a.ExceptionAdvice [ExceptionAdvice.java:22] javax.servlet.http.HttpServlet.service(HttpServlet.java:596)
2023-04-13 00:08:33,522 ERROR [http-nio-8080-exec-7] c.n.n.c.a.ExceptionAdvice [ExceptionAdvice.java:22] org.apache.catalina.core.ApplicationFilterChain.internalDoFilter(ApplicationFilterChain.java:209)
2023-04-13 00:08:33,522 ERROR [http-nio-8080-exec-7] c.n.n.c.a.ExceptionAdvice [ExceptionAdvice.java:22] org.apache.catalina.core.ApplicationFilterChain.doFilter(ApplicationFilterChain.java:153)
2023-04-13 00:08:33,522 ERROR [http-nio-8080-exec-7] c.n.n.c.a.ExceptionAdvice [ExceptionAdvice.java:22] org.apache.tomcat.websocket.server.WsFilter.doFilter(WsFilter.java:53)
2023-04-13 00:08:33,522 ERROR [http-nio-8080-exec-7] c.n.n.c.a.ExceptionAdvice [ExceptionAdvice.java:22] org.apache.catalina.core.ApplicationFilterChain.internalDoFilter(ApplicationFilterChain.java:178)
2023-04-13 00:08:33,523 ERROR [http-nio-8080-exec-7] c.n.n.c.a.ExceptionAdvice [ExceptionAdvice.java:22] org.apache.catalina.core.ApplicationFilterChain.doFilter(ApplicationFilterChain.java:153)
2023-04-13 00:08:33,523 ERROR [http-nio-8080-exec-7] c.n.n.c.a.ExceptionAdvice [ExceptionAdvice.java:22] org.springframework.web.filter.RequestContextFilter.doFilterInternal(RequestContextFilter.java:100)
2023-04-13 00:08:33,523 ERROR [http-nio-8080-exec-7] c.n.n.c.a.ExceptionAdvice [ExceptionAdvice.java:22] org.springframework.web.filter.OncePerRequestFilter.doFilter(OncePerRequestFilter.java:117)
2023-04-13 00:08:33,523 ERROR [http-nio-8080-exec-7] c.n.n.c.a.ExceptionAdvice [ExceptionAdvice.java:22] org.apache.catalina.core.ApplicationFilterChain.internalDoFilter(ApplicationFilterChain.java:178)
2023-04-13 00:08:33,523 ERROR [http-nio-8080-exec-7] c.n.n.c.a.ExceptionAdvice [ExceptionAdvice.java:22] org.apache.catalina.core.ApplicationFilterChain.doFilter(ApplicationFilterChain.java:153)
2023-04-13 00:08:33,523 ERROR [http-nio-8080-exec-7] c.n.n.c.a.ExceptionAdvice [ExceptionAdvice.java:22] org.springframework.web.filter.FormContentFilter.doFilterInternal(FormContentFilter.java:93)
2023-04-13 00:08:33,523 ERROR [http-nio-8080-exec-7] c.n.n.c.a.ExceptionAdvice [ExceptionAdvice.java:22] org.springframework.web.filter.OncePerRequestFilter.doFilter(OncePerRequestFilter.java:117)
2023-04-13 00:08:33,523 ERROR [http-nio-8080-exec-7] c.n.n.c.a.ExceptionAdvice [ExceptionAdvice.java:22] org.apache.catalina.core.ApplicationFilterChain.internalDoFilter(ApplicationFilterChain.java:178)
2023-04-13 00:08:33,523 ERROR [http-nio-8080-exec-7] c.n.n.c.a.ExceptionAdvice [ExceptionAdvice.java:22] org.apache.catalina.core.ApplicationFilterChain.doFilter(ApplicationFilterChain.java:153)
2023-04-13 00:08:33,524 ERROR [http-nio-8080-exec-7] c.n.n.c.a.ExceptionAdvice [ExceptionAdvice.java:22] org.springframework.web.filter.CharacterEncodingFilter.doFilterInternal(CharacterEncodingFilter.java:201)
2023-04-13 00:08:33,524 ERROR [http-nio-8080-exec-7] c.n.n.c.a.ExceptionAdvice [ExceptionAdvice.java:22] org.springframework.web.filter.OncePerRequestFilter.doFilter(OncePerRequestFilter.java:117)
2023-04-13 00:08:33,524 ERROR [http-nio-8080-exec-7] c.n.n.c.a.ExceptionAdvice [ExceptionAdvice.java:22] org.apache.catalina.core.ApplicationFilterChain.internalDoFilter(ApplicationFilterChain.java:178)
2023-04-13 00:08:33,524 ERROR [http-nio-8080-exec-7] c.n.n.c.a.ExceptionAdvice [ExceptionAdvice.java:22] org.apache.catalina.core.ApplicationFilterChain.doFilter(ApplicationFilterChain.java:153)
2023-04-13 00:08:33,524 ERROR [http-nio-8080-exec-7] c.n.n.c.a.ExceptionAdvice [ExceptionAdvice.java:22] org.apache.catalina.core.StandardWrapperValve.invoke(StandardWrapperValve.java:167)
2023-04-13 00:08:33,524 ERROR [http-nio-8080-exec-7] c.n.n.c.a.ExceptionAdvice [ExceptionAdvice.java:22] org.apache.catalina.core.StandardContextValve.invoke(StandardContextValve.java:90)
2023-04-13 00:08:33,524 ERROR [http-nio-8080-exec-7] c.n.n.c.a.ExceptionAdvice [ExceptionAdvice.java:22] org.apache.catalina.authenticator.AuthenticatorBase.invoke(AuthenticatorBase.java:492)
2023-04-13 00:08:33,524 ERROR [http-nio-8080-exec-7] c.n.n.c.a.ExceptionAdvice [ExceptionAdvice.java:22] org.apache.catalina.core.StandardHostValve.invoke(StandardHostValve.java:130)
2023-04-13 00:08:33,525 ERROR [http-nio-8080-exec-7] c.n.n.c.a.ExceptionAdvice [ExceptionAdvice.java:22] org.apache.catalina.valves.ErrorReportValve.invoke(ErrorReportValve.java:93)
2023-04-13 00:08:33,525 ERROR [http-nio-8080-exec-7] c.n.n.c.a.ExceptionAdvice [ExceptionAdvice.java:22] org.apache.catalina.core.StandardEngineValve.invoke(StandardEngineValve.java:74)
2023-04-13 00:08:33,525 ERROR [http-nio-8080-exec-7] c.n.n.c.a.ExceptionAdvice [ExceptionAdvice.java:22] org.apache.catalina.connector.CoyoteAdapter.service(CoyoteAdapter.java:343)
2023-04-13 00:08:33,525 ERROR [http-nio-8080-exec-7] c.n.n.c.a.ExceptionAdvice [ExceptionAdvice.java:22] org.apache.coyote.http11.Http11Processor.service(Http11Processor.java:389)
2023-04-13 00:08:33,525 ERROR [http-nio-8080-exec-7] c.n.n.c.a.ExceptionAdvice [ExceptionAdvice.java:22] org.apache.coyote.AbstractProcessorLight.process(AbstractProcessorLight.java:63)
2023-04-13 00:08:33,525 ERROR [http-nio-8080-exec-7] c.n.n.c.a.ExceptionAdvice [ExceptionAdvice.java:22] org.apache.coyote.AbstractProtocol$ConnectionHandler.process(AbstractProtocol.java:926)
2023-04-13 00:08:33,525 ERROR [http-nio-8080-exec-7] c.n.n.c.a.ExceptionAdvice [ExceptionAdvice.java:22] org.apache.tomcat.util.net.NioEndpoint$SocketProcessor.doRun(NioEndpoint.java:1791)
2023-04-13 00:08:33,525 ERROR [http-nio-8080-exec-7] c.n.n.c.a.ExceptionAdvice [ExceptionAdvice.java:22] org.apache.tomcat.util.net.SocketProcessorBase.run(SocketProcessorBase.java:49)
2023-04-13 00:08:33,525 ERROR [http-nio-8080-exec-7] c.n.n.c.a.ExceptionAdvice [ExceptionAdvice.java:22] org.apache.tomcat.util.threads.ThreadPoolExecutor.runWorker(ThreadPoolExecutor.java:1191)
2023-04-13 00:08:33,526 ERROR [http-nio-8080-exec-7] c.n.n.c.a.ExceptionAdvice [ExceptionAdvice.java:22] org.apache.tomcat.util.threads.ThreadPoolExecutor$Worker.run(ThreadPoolExecutor.java:659)
2023-04-13 00:08:33,526 ERROR [http-nio-8080-exec-7] c.n.n.c.a.ExceptionAdvice [ExceptionAdvice.java:22] org.apache.tomcat.util.threads.TaskThread$WrappingRunnable.run(TaskThread.java:61)
2023-04-13 00:08:33,526 ERROR [http-nio-8080-exec-7] c.n.n.c.a.ExceptionAdvice [ExceptionAdvice.java:22] java.lang.Thread.run(Thread.java:750)
2023-04-13 00:12:51,467 ERROR [http-nio-8080-exec-4] c.n.n.c.a.ExceptionAdvice [ExceptionAdvice.java:20] 服务器错误For input string: "asdasdas"
2023-04-13 00:12:51,468 ERROR [http-nio-8080-exec-4] c.n.n.c.a.ExceptionAdvice [ExceptionAdvice.java:22] java.lang.NumberFormatException.forInputString(NumberFormatException.java:65)
2023-04-13 00:12:51,468 ERROR [http-nio-8080-exec-4] c.n.n.c.a.ExceptionAdvice [ExceptionAdvice.java:22] java.lang.Integer.parseInt(Integer.java:580)
2023-04-13 00:12:51,468 ERROR [http-nio-8080-exec-4] c.n.n.c.a.ExceptionAdvice [ExceptionAdvice.java:22] java.lang.Integer.valueOf(Integer.java:766)
2023-04-13 00:12:51,469 ERROR [http-nio-8080-exec-4] c.n.n.c.a.ExceptionAdvice [ExceptionAdvice.java:22] com.nc.nccommunity.controller.MessageController.addMessage(MessageController.java:113)
2023-04-13 00:12:51,469 ERROR [http-nio-8080-exec-4] c.n.n.c.a.ExceptionAdvice [ExceptionAdvice.java:22] sun.reflect.NativeMethodAccessorImpl.invoke0(Native Method)
2023-04-13 00:12:51,469 ERROR [http-nio-8080-exec-4] c.n.n.c.a.ExceptionAdvice [ExceptionAdvice.java:22] sun.reflect.NativeMethodAccessorImpl.invoke(NativeMethodAccessorImpl.java:62)
2023-04-13 00:12:51,469 ERROR [http-nio-8080-exec-4] c.n.n.c.a.ExceptionAdvice [ExceptionAdvice.java:22] sun.reflect.DelegatingMethodAccessorImpl.invoke(DelegatingMethodAccessorImpl.java:43)
2023-04-13 00:12:51,469 ERROR [http-nio-8080-exec-4] c.n.n.c.a.ExceptionAdvice [ExceptionAdvice.java:22] java.lang.reflect.Method.invoke(Method.java:498)
2023-04-13 00:12:51,469 ERROR [http-nio-8080-exec-4] c.n.n.c.a.ExceptionAdvice [ExceptionAdvice.java:22] org.springframework.web.method.support.InvocableHandlerMethod.doInvoke(InvocableHandlerMethod.java:205)
2023-04-13 00:12:51,470 ERROR [http-nio-8080-exec-4] c.n.n.c.a.ExceptionAdvice [ExceptionAdvice.java:22] org.springframework.web.method.support.InvocableHandlerMethod.invokeForRequest(InvocableHandlerMethod.java:150)
2023-04-13 00:12:51,470 ERROR [http-nio-8080-exec-4] c.n.n.c.a.ExceptionAdvice [ExceptionAdvice.java:22] org.springframework.web.servlet.mvc.method.annotation.ServletInvocableHandlerMethod.invokeAndHandle(ServletInvocableHandlerMethod.java:117)
2023-04-13 00:12:51,470 ERROR [http-nio-8080-exec-4] c.n.n.c.a.ExceptionAdvice [ExceptionAdvice.java:22] org.springframework.web.servlet.mvc.method.annotation.RequestMappingHandlerAdapter.invokeHandlerMethod(RequestMappingHandlerAdapter.java:895)
2023-04-13 00:12:51,470 ERROR [http-nio-8080-exec-4] c.n.n.c.a.ExceptionAdvice [ExceptionAdvice.java:22] org.springframework.web.servlet.mvc.method.annotation.RequestMappingHandlerAdapter.handleInternal(RequestMappingHandlerAdapter.java:808)
2023-04-13 00:12:51,470 ERROR [http-nio-8080-exec-4] c.n.n.c.a.ExceptionAdvice [ExceptionAdvice.java:22] org.springframework.web.servlet.mvc.method.AbstractHandlerMethodAdapter.handle(AbstractHandlerMethodAdapter.java:87)
2023-04-13 00:12:51,470 ERROR [http-nio-8080-exec-4] c.n.n.c.a.ExceptionAdvice [ExceptionAdvice.java:22] org.springframework.web.servlet.DispatcherServlet.doDispatch(DispatcherServlet.java:1072)
2023-04-13 00:12:51,471 ERROR [http-nio-8080-exec-4] c.n.n.c.a.ExceptionAdvice [ExceptionAdvice.java:22] org.springframework.web.servlet.DispatcherServlet.doService(DispatcherServlet.java:965)
2023-04-13 00:12:51,471 ERROR [http-nio-8080-exec-4] c.n.n.c.a.ExceptionAdvice [ExceptionAdvice.java:22] org.springframework.web.servlet.FrameworkServlet.processRequest(FrameworkServlet.java:1006)
2023-04-13 00:12:51,471 ERROR [http-nio-8080-exec-4] c.n.n.c.a.ExceptionAdvice [ExceptionAdvice.java:22] org.springframework.web.servlet.FrameworkServlet.doPost(FrameworkServlet.java:909)
2023-04-13 00:12:51,471 ERROR [http-nio-8080-exec-4] c.n.n.c.a.ExceptionAdvice [ExceptionAdvice.java:22] javax.servlet.http.HttpServlet.service(HttpServlet.java:528)
2023-04-13 00:12:51,471 ERROR [http-nio-8080-exec-4] c.n.n.c.a.ExceptionAdvice [ExceptionAdvice.java:22] org.springframework.web.servlet.FrameworkServlet.service(FrameworkServlet.java:883)
2023-04-13 00:12:51,471 ERROR [http-nio-8080-exec-4] c.n.n.c.a.ExceptionAdvice [ExceptionAdvice.java:22] javax.servlet.http.HttpServlet.service(HttpServlet.java:596)
2023-04-13 00:12:51,471 ERROR [http-nio-8080-exec-4] c.n.n.c.a.ExceptionAdvice [ExceptionAdvice.java:22] org.apache.catalina.core.ApplicationFilterChain.internalDoFilter(ApplicationFilterChain.java:209)
2023-04-13 00:12:51,472 ERROR [http-nio-8080-exec-4] c.n.n.c.a.ExceptionAdvice [ExceptionAdvice.java:22] org.apache.catalina.core.ApplicationFilterChain.doFilter(ApplicationFilterChain.java:153)
2023-04-13 00:12:51,472 ERROR [http-nio-8080-exec-4] c.n.n.c.a.ExceptionAdvice [ExceptionAdvice.java:22] org.apache.tomcat.websocket.server.WsFilter.doFilter(WsFilter.java:53)
2023-04-13 00:12:51,472 ERROR [http-nio-8080-exec-4] c.n.n.c.a.ExceptionAdvice [ExceptionAdvice.java:22] org.apache.catalina.core.ApplicationFilterChain.internalDoFilter(ApplicationFilterChain.java:178)
2023-04-13 00:12:51,472 ERROR [http-nio-8080-exec-4] c.n.n.c.a.ExceptionAdvice [ExceptionAdvice.java:22] org.apache.catalina.core.ApplicationFilterChain.doFilter(ApplicationFilterChain.java:153)
2023-04-13 00:12:51,472 ERROR [http-nio-8080-exec-4] c.n.n.c.a.ExceptionAdvice [ExceptionAdvice.java:22] org.springframework.web.filter.RequestContextFilter.doFilterInternal(RequestContextFilter.java:100)
2023-04-13 00:12:51,472 ERROR [http-nio-8080-exec-4] c.n.n.c.a.ExceptionAdvice [ExceptionAdvice.java:22] org.springframework.web.filter.OncePerRequestFilter.doFilter(OncePerRequestFilter.java:117)
2023-04-13 00:12:51,472 ERROR [http-nio-8080-exec-4] c.n.n.c.a.ExceptionAdvice [ExceptionAdvice.java:22] org.apache.catalina.core.ApplicationFilterChain.internalDoFilter(ApplicationFilterChain.java:178)
2023-04-13 00:12:51,472 ERROR [http-nio-8080-exec-4] c.n.n.c.a.ExceptionAdvice [ExceptionAdvice.java:22] org.apache.catalina.core.ApplicationFilterChain.doFilter(ApplicationFilterChain.java:153)
2023-04-13 00:12:51,472 ERROR [http-nio-8080-exec-4] c.n.n.c.a.ExceptionAdvice [ExceptionAdvice.java:22] org.springframework.web.filter.FormContentFilter.doFilterInternal(FormContentFilter.java:93)
2023-04-13 00:12:51,473 ERROR [http-nio-8080-exec-4] c.n.n.c.a.ExceptionAdvice [ExceptionAdvice.java:22] org.springframework.web.filter.OncePerRequestFilter.doFilter(OncePerRequestFilter.java:117)
2023-04-13 00:12:51,473 ERROR [http-nio-8080-exec-4] c.n.n.c.a.ExceptionAdvice [ExceptionAdvice.java:22] org.apache.catalina.core.ApplicationFilterChain.internalDoFilter(ApplicationFilterChain.java:178)
2023-04-13 00:12:51,473 ERROR [http-nio-8080-exec-4] c.n.n.c.a.ExceptionAdvice [ExceptionAdvice.java:22] org.apache.catalina.core.ApplicationFilterChain.doFilter(ApplicationFilterChain.java:153)
2023-04-13 00:12:51,473 ERROR [http-nio-8080-exec-4] c.n.n.c.a.ExceptionAdvice [ExceptionAdvice.java:22] org.springframework.web.filter.CharacterEncodingFilter.doFilterInternal(CharacterEncodingFilter.java:201)
2023-04-13 00:12:51,473 ERROR [http-nio-8080-exec-4] c.n.n.c.a.ExceptionAdvice [ExceptionAdvice.java:22] org.springframework.web.filter.OncePerRequestFilter.doFilter(OncePerRequestFilter.java:117)
2023-04-13 00:12:51,473 ERROR [http-nio-8080-exec-4] c.n.n.c.a.ExceptionAdvice [ExceptionAdvice.java:22] org.apache.catalina.core.ApplicationFilterChain.internalDoFilter(ApplicationFilterChain.java:178)
2023-04-13 00:12:51,473 ERROR [http-nio-8080-exec-4] c.n.n.c.a.ExceptionAdvice [ExceptionAdvice.java:22] org.apache.catalina.core.ApplicationFilterChain.doFilter(ApplicationFilterChain.java:153)
2023-04-13 00:12:51,473 ERROR [http-nio-8080-exec-4] c.n.n.c.a.ExceptionAdvice [ExceptionAdvice.java:22] org.apache.catalina.core.StandardWrapperValve.invoke(StandardWrapperValve.java:167)
2023-04-13 00:12:51,473 ERROR [http-nio-8080-exec-4] c.n.n.c.a.ExceptionAdvice [ExceptionAdvice.java:22] org.apache.catalina.core.StandardContextValve.invoke(StandardContextValve.java:90)
2023-04-13 00:12:51,473 ERROR [http-nio-8080-exec-4] c.n.n.c.a.ExceptionAdvice [ExceptionAdvice.java:22] org.apache.catalina.authenticator.AuthenticatorBase.invoke(AuthenticatorBase.java:492)
2023-04-13 00:12:51,473 ERROR [http-nio-8080-exec-4] c.n.n.c.a.ExceptionAdvice [ExceptionAdvice.java:22] org.apache.catalina.core.StandardHostValve.invoke(StandardHostValve.java:130)
2023-04-13 00:12:51,475 ERROR [http-nio-8080-exec-4] c.n.n.c.a.ExceptionAdvice [ExceptionAdvice.java:22] org.apache.catalina.valves.ErrorReportValve.invoke(ErrorReportValve.java:93)
2023-04-13 00:12:51,475 ERROR [http-nio-8080-exec-4] c.n.n.c.a.ExceptionAdvice [ExceptionAdvice.java:22] org.apache.catalina.core.StandardEngineValve.invoke(StandardEngineValve.java:74)
2023-04-13 00:12:51,475 ERROR [http-nio-8080-exec-4] c.n.n.c.a.ExceptionAdvice [ExceptionAdvice.java:22] org.apache.catalina.connector.CoyoteAdapter.service(CoyoteAdapter.java:343)
2023-04-13 00:12:51,475 ERROR [http-nio-8080-exec-4] c.n.n.c.a.ExceptionAdvice [ExceptionAdvice.java:22] org.apache.coyote.http11.Http11Processor.service(Http11Processor.java:389)
2023-04-13 00:12:51,475 ERROR [http-nio-8080-exec-4] c.n.n.c.a.ExceptionAdvice [ExceptionAdvice.java:22] org.apache.coyote.AbstractProcessorLight.process(AbstractProcessorLight.java:63)
2023-04-13 00:12:51,475 ERROR [http-nio-8080-exec-4] c.n.n.c.a.ExceptionAdvice [ExceptionAdvice.java:22] org.apache.coyote.AbstractProtocol$ConnectionHandler.process(AbstractProtocol.java:926)
2023-04-13 00:12:51,475 ERROR [http-nio-8080-exec-4] c.n.n.c.a.ExceptionAdvice [ExceptionAdvice.java:22] org.apache.tomcat.util.net.NioEndpoint$SocketProcessor.doRun(NioEndpoint.java:1791)
2023-04-13 00:12:51,475 ERROR [http-nio-8080-exec-4] c.n.n.c.a.ExceptionAdvice [ExceptionAdvice.java:22] org.apache.tomcat.util.net.SocketProcessorBase.run(SocketProcessorBase.java:49)
2023-04-13 00:12:51,475 ERROR [http-nio-8080-exec-4] c.n.n.c.a.ExceptionAdvice [ExceptionAdvice.java:22] org.apache.tomcat.util.threads.ThreadPoolExecutor.runWorker(ThreadPoolExecutor.java:1191)
2023-04-13 00:12:51,476 ERROR [http-nio-8080-exec-4] c.n.n.c.a.ExceptionAdvice [ExceptionAdvice.java:22] org.apache.tomcat.util.threads.ThreadPoolExecutor$Worker.run(ThreadPoolExecutor.java:659)
2023-04-13 00:12:51,476 ERROR [http-nio-8080-exec-4] c.n.n.c.a.ExceptionAdvice [ExceptionAdvice.java:22] org.apache.tomcat.util.threads.TaskThread$WrappingRunnable.run(TaskThread.java:61)
2023-04-13 00:12:51,476 ERROR [http-nio-8080-exec-4] c.n.n.c.a.ExceptionAdvice [ExceptionAdvice.java:22] java.lang.Thread.run(Thread.java:750)
2023-04-13 00:13:08,211 ERROR [http-nio-8080-exec-10] c.n.n.c.a.ExceptionAdvice [ExceptionAdvice.java:20] 服务器错误For input string: "asdasdas"
2023-04-13 00:13:08,212 ERROR [http-nio-8080-exec-10] c.n.n.c.a.ExceptionAdvice [ExceptionAdvice.java:22] java.lang.NumberFormatException.forInputString(NumberFormatException.java:65)
2023-04-13 00:13:08,212 ERROR [http-nio-8080-exec-10] c.n.n.c.a.ExceptionAdvice [ExceptionAdvice.java:22] java.lang.Integer.parseInt(Integer.java:580)
2023-04-13 00:13:08,212 ERROR [http-nio-8080-exec-10] c.n.n.c.a.ExceptionAdvice [ExceptionAdvice.java:22] java.lang.Integer.valueOf(Integer.java:766)
2023-04-13 00:13:08,212 ERROR [http-nio-8080-exec-10] c.n.n.c.a.ExceptionAdvice [ExceptionAdvice.java:22] com.nc.nccommunity.controller.MessageController.addMessage(MessageController.java:113)
2023-04-13 00:13:08,212 ERROR [http-nio-8080-exec-10] c.n.n.c.a.ExceptionAdvice [ExceptionAdvice.java:22] sun.reflect.NativeMethodAccessorImpl.invoke0(Native Method)
2023-04-13 00:13:08,212 ERROR [http-nio-8080-exec-10] c.n.n.c.a.ExceptionAdvice [ExceptionAdvice.java:22] sun.reflect.NativeMethodAccessorImpl.invoke(NativeMethodAccessorImpl.java:62)
2023-04-13 00:13:08,212 ERROR [http-nio-8080-exec-10] c.n.n.c.a.ExceptionAdvice [ExceptionAdvice.java:22] sun.reflect.DelegatingMethodAccessorImpl.invoke(DelegatingMethodAccessorImpl.java:43)
2023-04-13 00:13:08,212 ERROR [http-nio-8080-exec-10] c.n.n.c.a.ExceptionAdvice [ExceptionAdvice.java:22] java.lang.reflect.Method.invoke(Method.java:498)
2023-04-13 00:13:08,212 ERROR [http-nio-8080-exec-10] c.n.n.c.a.ExceptionAdvice [ExceptionAdvice.java:22] org.springframework.web.method.support.InvocableHandlerMethod.doInvoke(InvocableHandlerMethod.java:205)
2023-04-13 00:13:08,213 ERROR [http-nio-8080-exec-10] c.n.n.c.a.ExceptionAdvice [ExceptionAdvice.java:22] org.springframework.web.method.support.InvocableHandlerMethod.invokeForRequest(InvocableHandlerMethod.java:150)
2023-04-13 00:13:08,213 ERROR [http-nio-8080-exec-10] c.n.n.c.a.ExceptionAdvice [ExceptionAdvice.java:22] org.springframework.web.servlet.mvc.method.annotation.ServletInvocableHandlerMethod.invokeAndHandle(ServletInvocableHandlerMethod.java:117)
2023-04-13 00:13:08,213 ERROR [http-nio-8080-exec-10] c.n.n.c.a.ExceptionAdvice [ExceptionAdvice.java:22] org.springframework.web.servlet.mvc.method.annotation.RequestMappingHandlerAdapter.invokeHandlerMethod(RequestMappingHandlerAdapter.java:895)
2023-04-13 00:13:08,213 ERROR [http-nio-8080-exec-10] c.n.n.c.a.ExceptionAdvice [ExceptionAdvice.java:22] org.springframework.web.servlet.mvc.method.annotation.RequestMappingHandlerAdapter.handleInternal(RequestMappingHandlerAdapter.java:808)
2023-04-13 00:13:08,213 ERROR [http-nio-8080-exec-10] c.n.n.c.a.ExceptionAdvice [ExceptionAdvice.java:22] org.springframework.web.servlet.mvc.method.AbstractHandlerMethodAdapter.handle(AbstractHandlerMethodAdapter.java:87)
2023-04-13 00:13:08,213 ERROR [http-nio-8080-exec-10] c.n.n.c.a.ExceptionAdvice [ExceptionAdvice.java:22] org.springframework.web.servlet.DispatcherServlet.doDispatch(DispatcherServlet.java:1072)
2023-04-13 00:13:08,213 ERROR [http-nio-8080-exec-10] c.n.n.c.a.ExceptionAdvice [ExceptionAdvice.java:22] org.springframework.web.servlet.DispatcherServlet.doService(DispatcherServlet.java:965)
2023-04-13 00:13:08,213 ERROR [http-nio-8080-exec-10] c.n.n.c.a.ExceptionAdvice [ExceptionAdvice.java:22] org.springframework.web.servlet.FrameworkServlet.processRequest(FrameworkServlet.java:1006)
2023-04-13 00:13:08,213 ERROR [http-nio-8080-exec-10] c.n.n.c.a.ExceptionAdvice [ExceptionAdvice.java:22] org.springframework.web.servlet.FrameworkServlet.doPost(FrameworkServlet.java:909)
2023-04-13 00:13:08,213 ERROR [http-nio-8080-exec-10] c.n.n.c.a.ExceptionAdvice [ExceptionAdvice.java:22] javax.servlet.http.HttpServlet.service(HttpServlet.java:528)
2023-04-13 00:13:08,213 ERROR [http-nio-8080-exec-10] c.n.n.c.a.ExceptionAdvice [ExceptionAdvice.java:22] org.springframework.web.servlet.FrameworkServlet.service(FrameworkServlet.java:883)
2023-04-13 00:13:08,213 ERROR [http-nio-8080-exec-10] c.n.n.c.a.ExceptionAdvice [ExceptionAdvice.java:22] javax.servlet.http.HttpServlet.service(HttpServlet.java:596)
2023-04-13 00:13:08,214 ERROR [http-nio-8080-exec-10] c.n.n.c.a.ExceptionAdvice [ExceptionAdvice.java:22] org.apache.catalina.core.ApplicationFilterChain.internalDoFilter(ApplicationFilterChain.java:209)
2023-04-13 00:13:08,214 ERROR [http-nio-8080-exec-10] c.n.n.c.a.ExceptionAdvice [ExceptionAdvice.java:22] org.apache.catalina.core.ApplicationFilterChain.doFilter(ApplicationFilterChain.java:153)
2023-04-13 00:13:08,214 ERROR [http-nio-8080-exec-10] c.n.n.c.a.ExceptionAdvice [ExceptionAdvice.java:22] org.apache.tomcat.websocket.server.WsFilter.doFilter(WsFilter.java:53)
2023-04-13 00:13:08,214 ERROR [http-nio-8080-exec-10] c.n.n.c.a.ExceptionAdvice [ExceptionAdvice.java:22] org.apache.catalina.core.ApplicationFilterChain.internalDoFilter(ApplicationFilterChain.java:178)
2023-04-13 00:13:08,214 ERROR [http-nio-8080-exec-10] c.n.n.c.a.ExceptionAdvice [ExceptionAdvice.java:22] org.apache.catalina.core.ApplicationFilterChain.doFilter(ApplicationFilterChain.java:153)
2023-04-13 00:13:08,214 ERROR [http-nio-8080-exec-10] c.n.n.c.a.ExceptionAdvice [ExceptionAdvice.java:22] org.springframework.web.filter.RequestContextFilter.doFilterInternal(RequestContextFilter.java:100)
2023-04-13 00:13:08,214 ERROR [http-nio-8080-exec-10] c.n.n.c.a.ExceptionAdvice [ExceptionAdvice.java:22] org.springframework.web.filter.OncePerRequestFilter.doFilter(OncePerRequestFilter.java:117)
2023-04-13 00:13:08,214 ERROR [http-nio-8080-exec-10] c.n.n.c.a.ExceptionAdvice [ExceptionAdvice.java:22] org.apache.catalina.core.ApplicationFilterChain.internalDoFilter(ApplicationFilterChain.java:178)
2023-04-13 00:13:08,214 ERROR [http-nio-8080-exec-10] c.n.n.c.a.ExceptionAdvice [ExceptionAdvice.java:22] org.apache.catalina.core.ApplicationFilterChain.doFilter(ApplicationFilterChain.java:153)
2023-04-13 00:13:08,214 ERROR [http-nio-8080-exec-10] c.n.n.c.a.ExceptionAdvice [ExceptionAdvice.java:22] org.springframework.web.filter.FormContentFilter.doFilterInternal(FormContentFilter.java:93)
2023-04-13 00:13:08,214 ERROR [http-nio-8080-exec-10] c.n.n.c.a.ExceptionAdvice [ExceptionAdvice.java:22] org.springframework.web.filter.OncePerRequestFilter.doFilter(OncePerRequestFilter.java:117)
2023-04-13 00:13:08,214 ERROR [http-nio-8080-exec-10] c.n.n.c.a.ExceptionAdvice [ExceptionAdvice.java:22] org.apache.catalina.core.ApplicationFilterChain.internalDoFilter(ApplicationFilterChain.java:178)
2023-04-13 00:13:08,214 ERROR [http-nio-8080-exec-10] c.n.n.c.a.ExceptionAdvice [ExceptionAdvice.java:22] org.apache.catalina.core.ApplicationFilterChain.doFilter(ApplicationFilterChain.java:153)
2023-04-13 00:13:08,214 ERROR [http-nio-8080-exec-10] c.n.n.c.a.ExceptionAdvice [ExceptionAdvice.java:22] org.springframework.web.filter.CharacterEncodingFilter.doFilterInternal(CharacterEncodingFilter.java:201)
2023-04-13 00:13:08,215 ERROR [http-nio-8080-exec-10] c.n.n.c.a.ExceptionAdvice [ExceptionAdvice.java:22] org.springframework.web.filter.OncePerRequestFilter.doFilter(OncePerRequestFilter.java:117)
2023-04-13 00:13:08,215 ERROR [http-nio-8080-exec-10] c.n.n.c.a.ExceptionAdvice [ExceptionAdvice.java:22] org.apache.catalina.core.ApplicationFilterChain.internalDoFilter(ApplicationFilterChain.java:178)
2023-04-13 00:13:08,215 ERROR [http-nio-8080-exec-10] c.n.n.c.a.ExceptionAdvice [ExceptionAdvice.java:22] org.apache.catalina.core.ApplicationFilterChain.doFilter(ApplicationFilterChain.java:153)
2023-04-13 00:13:08,215 ERROR [http-nio-8080-exec-10] c.n.n.c.a.ExceptionAdvice [ExceptionAdvice.java:22] org.apache.catalina.core.StandardWrapperValve.invoke(StandardWrapperValve.java:167)
2023-04-13 00:13:08,215 ERROR [http-nio-8080-exec-10] c.n.n.c.a.ExceptionAdvice [ExceptionAdvice.java:22] org.apache.catalina.core.StandardContextValve.invoke(StandardContextValve.java:90)
2023-04-13 00:13:08,215 ERROR [http-nio-8080-exec-10] c.n.n.c.a.ExceptionAdvice [ExceptionAdvice.java:22] org.apache.catalina.authenticator.AuthenticatorBase.invoke(AuthenticatorBase.java:492)
2023-04-13 00:13:08,215 ERROR [http-nio-8080-exec-10] c.n.n.c.a.ExceptionAdvice [ExceptionAdvice.java:22] org.apache.catalina.core.StandardHostValve.invoke(StandardHostValve.java:130)
2023-04-13 00:13:08,215 ERROR [http-nio-8080-exec-10] c.n.n.c.a.ExceptionAdvice [ExceptionAdvice.java:22] org.apache.catalina.valves.ErrorReportValve.invoke(ErrorReportValve.java:93)
2023-04-13 00:13:08,215 ERROR [http-nio-8080-exec-10] c.n.n.c.a.ExceptionAdvice [ExceptionAdvice.java:22] org.apache.catalina.core.StandardEngineValve.invoke(StandardEngineValve.java:74)
2023-04-13 00:13:08,216 ERROR [http-nio-8080-exec-10] c.n.n.c.a.ExceptionAdvice [ExceptionAdvice.java:22] org.apache.catalina.connector.CoyoteAdapter.service(CoyoteAdapter.java:343)
2023-04-13 00:13:08,216 ERROR [http-nio-8080-exec-10] c.n.n.c.a.ExceptionAdvice [ExceptionAdvice.java:22] org.apache.coyote.http11.Http11Processor.service(Http11Processor.java:389)
2023-04-13 00:13:08,216 ERROR [http-nio-8080-exec-10] c.n.n.c.a.ExceptionAdvice [ExceptionAdvice.java:22] org.apache.coyote.AbstractProcessorLight.process(AbstractProcessorLight.java:63)
2023-04-13 00:13:08,216 ERROR [http-nio-8080-exec-10] c.n.n.c.a.ExceptionAdvice [ExceptionAdvice.java:22] org.apache.coyote.AbstractProtocol$ConnectionHandler.process(AbstractProtocol.java:926)
2023-04-13 00:13:08,216 ERROR [http-nio-8080-exec-10] c.n.n.c.a.ExceptionAdvice [ExceptionAdvice.java:22] org.apache.tomcat.util.net.NioEndpoint$SocketProcessor.doRun(NioEndpoint.java:1791)
2023-04-13 00:13:08,216 ERROR [http-nio-8080-exec-10] c.n.n.c.a.ExceptionAdvice [ExceptionAdvice.java:22] org.apache.tomcat.util.net.SocketProcessorBase.run(SocketProcessorBase.java:49)
2023-04-13 00:13:08,216 ERROR [http-nio-8080-exec-10] c.n.n.c.a.ExceptionAdvice [ExceptionAdvice.java:22] org.apache.tomcat.util.threads.ThreadPoolExecutor.runWorker(ThreadPoolExecutor.java:1191)
2023-04-13 00:13:08,216 ERROR [http-nio-8080-exec-10] c.n.n.c.a.ExceptionAdvice [ExceptionAdvice.java:22] org.apache.tomcat.util.threads.ThreadPoolExecutor$Worker.run(ThreadPoolExecutor.java:659)
2023-04-13 00:13:08,216 ERROR [http-nio-8080-exec-10] c.n.n.c.a.ExceptionAdvice [ExceptionAdvice.java:22] org.apache.tomcat.util.threads.TaskThread$WrappingRunnable.run(TaskThread.java:61)
2023-04-13 00:13:08,216 ERROR [http-nio-8080-exec-10] c.n.n.c.a.ExceptionAdvice [ExceptionAdvice.java:22] java.lang.Thread.run(Thread.java:750)
2023-04-13 00:15:56,711 ERROR [http-nio-8080-exec-1] c.n.n.c.a.ExceptionAdvice [ExceptionAdvice.java:20] 服务器错误For input string: "asdasdas"
2023-04-13 00:15:56,712 ERROR [http-nio-8080-exec-1] c.n.n.c.a.ExceptionAdvice [ExceptionAdvice.java:22] 测试java.lang.NumberFormatException.forInputString(NumberFormatException.java:65)
2023-04-13 00:15:56,712 ERROR [http-nio-8080-exec-1] c.n.n.c.a.ExceptionAdvice [ExceptionAdvice.java:22] 测试java.lang.Integer.parseInt(Integer.java:580)
2023-04-13 00:15:56,712 ERROR [http-nio-8080-exec-1] c.n.n.c.a.ExceptionAdvice [ExceptionAdvice.java:22] 测试java.lang.Integer.valueOf(Integer.java:766)
2023-04-13 00:15:56,712 ERROR [http-nio-8080-exec-1] c.n.n.c.a.ExceptionAdvice [ExceptionAdvice.java:22] 测试com.nc.nccommunity.controller.MessageController.addMessage(MessageController.java:113)
2023-04-13 00:15:56,712 ERROR [http-nio-8080-exec-1] c.n.n.c.a.ExceptionAdvice [ExceptionAdvice.java:22] 测试sun.reflect.NativeMethodAccessorImpl.invoke0(Native Method)
2023-04-13 00:15:56,712 ERROR [http-nio-8080-exec-1] c.n.n.c.a.ExceptionAdvice [ExceptionAdvice.java:22] 测试sun.reflect.NativeMethodAccessorImpl.invoke(NativeMethodAccessorImpl.java:62)
2023-04-13 00:15:56,712 ERROR [http-nio-8080-exec-1] c.n.n.c.a.ExceptionAdvice [ExceptionAdvice.java:22] 测试sun.reflect.DelegatingMethodAccessorImpl.invoke(DelegatingMethodAccessorImpl.java:43)
2023-04-13 00:15:56,713 ERROR [http-nio-8080-exec-1] c.n.n.c.a.ExceptionAdvice [ExceptionAdvice.java:22] 测试java.lang.reflect.Method.invoke(Method.java:498)
2023-04-13 00:15:56,713 ERROR [http-nio-8080-exec-1] c.n.n.c.a.ExceptionAdvice [ExceptionAdvice.java:22] 测试org.springframework.web.method.support.InvocableHandlerMethod.doInvoke(InvocableHandlerMethod.java:205)
2023-04-13 00:15:56,713 ERROR [http-nio-8080-exec-1] c.n.n.c.a.ExceptionAdvice [ExceptionAdvice.java:22] 测试org.springframework.web.method.support.InvocableHandlerMethod.invokeForRequest(InvocableHandlerMethod.java:150)
2023-04-13 00:15:56,713 ERROR [http-nio-8080-exec-1] c.n.n.c.a.ExceptionAdvice [ExceptionAdvice.java:22] 测试org.springframework.web.servlet.mvc.method.annotation.ServletInvocableHandlerMethod.invokeAndHandle(ServletInvocableHandlerMethod.java:117)
2023-04-13 00:15:56,713 ERROR [http-nio-8080-exec-1] c.n.n.c.a.ExceptionAdvice [ExceptionAdvice.java:22] 测试org.springframework.web.servlet.mvc.method.annotation.RequestMappingHandlerAdapter.invokeHandlerMethod(RequestMappingHandlerAdapter.java:895)
2023-04-13 00:15:56,713 ERROR [http-nio-8080-exec-1] c.n.n.c.a.ExceptionAdvice [ExceptionAdvice.java:22] 测试org.springframework.web.servlet.mvc.method.annotation.RequestMappingHandlerAdapter.handleInternal(RequestMappingHandlerAdapter.java:808)
2023-04-13 00:15:56,713 ERROR [http-nio-8080-exec-1] c.n.n.c.a.ExceptionAdvice [ExceptionAdvice.java:22] 测试org.springframework.web.servlet.mvc.method.AbstractHandlerMethodAdapter.handle(AbstractHandlerMethodAdapter.java:87)
2023-04-13 00:15:56,713 ERROR [http-nio-8080-exec-1] c.n.n.c.a.ExceptionAdvice [ExceptionAdvice.java:22] 测试org.springframework.web.servlet.DispatcherServlet.doDispatch(DispatcherServlet.java:1072)
2023-04-13 00:15:56,713 ERROR [http-nio-8080-exec-1] c.n.n.c.a.ExceptionAdvice [ExceptionAdvice.java:22] 测试org.springframework.web.servlet.DispatcherServlet.doService(DispatcherServlet.java:965)
2023-04-13 00:15:56,713 ERROR [http-nio-8080-exec-1] c.n.n.c.a.ExceptionAdvice [ExceptionAdvice.java:22] 测试org.springframework.web.servlet.FrameworkServlet.processRequest(FrameworkServlet.java:1006)
2023-04-13 00:15:56,713 ERROR [http-nio-8080-exec-1] c.n.n.c.a.ExceptionAdvice [ExceptionAdvice.java:22] 测试org.springframework.web.servlet.FrameworkServlet.doPost(FrameworkServlet.java:909)
2023-04-13 00:15:56,713 ERROR [http-nio-8080-exec-1] c.n.n.c.a.ExceptionAdvice [ExceptionAdvice.java:22] 测试javax.servlet.http.HttpServlet.service(HttpServlet.java:528)
2023-04-13 00:15:56,713 ERROR [http-nio-8080-exec-1] c.n.n.c.a.ExceptionAdvice [ExceptionAdvice.java:22] 测试org.springframework.web.servlet.FrameworkServlet.service(FrameworkServlet.java:883)
2023-04-13 00:15:56,713 ERROR [http-nio-8080-exec-1] c.n.n.c.a.ExceptionAdvice [ExceptionAdvice.java:22] 测试javax.servlet.http.HttpServlet.service(HttpServlet.java:596)
2023-04-13 00:15:56,713 ERROR [http-nio-8080-exec-1] c.n.n.c.a.ExceptionAdvice [ExceptionAdvice.java:22] 测试org.apache.catalina.core.ApplicationFilterChain.internalDoFilter(ApplicationFilterChain.java:209)
2023-04-13 00:15:56,715 ERROR [http-nio-8080-exec-1] c.n.n.c.a.ExceptionAdvice [ExceptionAdvice.java:22] 测试org.apache.catalina.core.ApplicationFilterChain.doFilter(ApplicationFilterChain.java:153)
2023-04-13 00:15:56,715 ERROR [http-nio-8080-exec-1] c.n.n.c.a.ExceptionAdvice [ExceptionAdvice.java:22] 测试org.apache.tomcat.websocket.server.WsFilter.doFilter(WsFilter.java:53)
2023-04-13 00:15:56,715 ERROR [http-nio-8080-exec-1] c.n.n.c.a.ExceptionAdvice [ExceptionAdvice.java:22] 测试org.apache.catalina.core.ApplicationFilterChain.internalDoFilter(ApplicationFilterChain.java:178)
2023-04-13 00:15:56,715 ERROR [http-nio-8080-exec-1] c.n.n.c.a.ExceptionAdvice [ExceptionAdvice.java:22] 测试org.apache.catalina.core.ApplicationFilterChain.doFilter(ApplicationFilterChain.java:153)
2023-04-13 00:15:56,715 ERROR [http-nio-8080-exec-1] c.n.n.c.a.ExceptionAdvice [ExceptionAdvice.java:22] 测试org.springframework.web.filter.RequestContextFilter.doFilterInternal(RequestContextFilter.java:100)
2023-04-13 00:15:56,715 ERROR [http-nio-8080-exec-1] c.n.n.c.a.ExceptionAdvice [ExceptionAdvice.java:22] 测试org.springframework.web.filter.OncePerRequestFilter.doFilter(OncePerRequestFilter.java:117)
2023-04-13 00:15:56,715 ERROR [http-nio-8080-exec-1] c.n.n.c.a.ExceptionAdvice [ExceptionAdvice.java:22] 测试org.apache.catalina.core.ApplicationFilterChain.internalDoFilter(ApplicationFilterChain.java:178)
2023-04-13 00:15:56,715 ERROR [http-nio-8080-exec-1] c.n.n.c.a.ExceptionAdvice [ExceptionAdvice.java:22] 测试org.apache.catalina.core.ApplicationFilterChain.doFilter(ApplicationFilterChain.java:153)
2023-04-13 00:15:56,715 ERROR [http-nio-8080-exec-1] c.n.n.c.a.ExceptionAdvice [ExceptionAdvice.java:22] 测试org.springframework.web.filter.FormContentFilter.doFilterInternal(FormContentFilter.java:93)
2023-04-13 00:15:56,715 ERROR [http-nio-8080-exec-1] c.n.n.c.a.ExceptionAdvice [ExceptionAdvice.java:22] 测试org.springframework.web.filter.OncePerRequestFilter.doFilter(OncePerRequestFilter.java:117)
2023-04-13 00:15:56,715 ERROR [http-nio-8080-exec-1] c.n.n.c.a.ExceptionAdvice [ExceptionAdvice.java:22] 测试org.apache.catalina.core.ApplicationFilterChain.internalDoFilter(ApplicationFilterChain.java:178)
2023-04-13 00:15:56,715 ERROR [http-nio-8080-exec-1] c.n.n.c.a.ExceptionAdvice [ExceptionAdvice.java:22] 测试org.apache.catalina.core.ApplicationFilterChain.doFilter(ApplicationFilterChain.java:153)
2023-04-13 00:15:56,716 ERROR [http-nio-8080-exec-1] c.n.n.c.a.ExceptionAdvice [ExceptionAdvice.java:22] 测试org.springframework.web.filter.CharacterEncodingFilter.doFilterInternal(CharacterEncodingFilter.java:201)
2023-04-13 00:15:56,716 ERROR [http-nio-8080-exec-1] c.n.n.c.a.ExceptionAdvice [ExceptionAdvice.java:22] 测试org.springframework.web.filter.OncePerRequestFilter.doFilter(OncePerRequestFilter.java:117)
2023-04-13 00:15:56,716 ERROR [http-nio-8080-exec-1] c.n.n.c.a.ExceptionAdvice [ExceptionAdvice.java:22] 测试org.apache.catalina.core.ApplicationFilterChain.internalDoFilter(ApplicationFilterChain.java:178)
2023-04-13 00:15:56,716 ERROR [http-nio-8080-exec-1] c.n.n.c.a.ExceptionAdvice [ExceptionAdvice.java:22] 测试org.apache.catalina.core.ApplicationFilterChain.doFilter(ApplicationFilterChain.java:153)
2023-04-13 00:15:56,716 ERROR [http-nio-8080-exec-1] c.n.n.c.a.ExceptionAdvice [ExceptionAdvice.java:22] 测试org.apache.catalina.core.StandardWrapperValve.invoke(StandardWrapperValve.java:167)
2023-04-13 00:15:56,716 ERROR [http-nio-8080-exec-1] c.n.n.c.a.ExceptionAdvice [ExceptionAdvice.java:22] 测试org.apache.catalina.core.StandardContextValve.invoke(StandardContextValve.java:90)
2023-04-13 00:15:56,716 ERROR [http-nio-8080-exec-1] c.n.n.c.a.ExceptionAdvice [ExceptionAdvice.java:22] 测试org.apache.catalina.authenticator.AuthenticatorBase.invoke(AuthenticatorBase.java:492)
2023-04-13 00:15:56,716 ERROR [http-nio-8080-exec-1] c.n.n.c.a.ExceptionAdvice [ExceptionAdvice.java:22] 测试org.apache.catalina.core.StandardHostValve.invoke(StandardHostValve.java:130)
2023-04-13 00:15:56,716 ERROR [http-nio-8080-exec-1] c.n.n.c.a.ExceptionAdvice [ExceptionAdvice.java:22] 测试org.apache.catalina.valves.ErrorReportValve.invoke(ErrorReportValve.java:93)
2023-04-13 00:15:56,716 ERROR [http-nio-8080-exec-1] c.n.n.c.a.ExceptionAdvice [ExceptionAdvice.java:22] 测试org.apache.catalina.core.StandardEngineValve.invoke(StandardEngineValve.java:74)
2023-04-13 00:15:56,716 ERROR [http-nio-8080-exec-1] c.n.n.c.a.ExceptionAdvice [ExceptionAdvice.java:22] 测试org.apache.catalina.connector.CoyoteAdapter.service(CoyoteAdapter.java:343)
2023-04-13 00:15:56,716 ERROR [http-nio-8080-exec-1] c.n.n.c.a.ExceptionAdvice [ExceptionAdvice.java:22] 测试org.apache.coyote.http11.Http11Processor.service(Http11Processor.java:389)
2023-04-13 00:15:56,716 ERROR [http-nio-8080-exec-1] c.n.n.c.a.ExceptionAdvice [ExceptionAdvice.java:22] 测试org.apache.coyote.AbstractProcessorLight.process(AbstractProcessorLight.java:63)
2023-04-13 00:15:56,716 ERROR [http-nio-8080-exec-1] c.n.n.c.a.ExceptionAdvice [ExceptionAdvice.java:22] 测试org.apache.coyote.AbstractProtocol$ConnectionHandler.process(AbstractProtocol.java:926)
2023-04-13 00:15:56,717 ERROR [http-nio-8080-exec-1] c.n.n.c.a.ExceptionAdvice [ExceptionAdvice.java:22] 测试org.apache.tomcat.util.net.NioEndpoint$SocketProcessor.doRun(NioEndpoint.java:1791)
2023-04-13 00:15:56,717 ERROR [http-nio-8080-exec-1] c.n.n.c.a.ExceptionAdvice [ExceptionAdvice.java:22] 测试org.apache.tomcat.util.net.SocketProcessorBase.run(SocketProcessorBase.java:49)
2023-04-13 00:15:56,717 ERROR [http-nio-8080-exec-1] c.n.n.c.a.ExceptionAdvice [ExceptionAdvice.java:22] 测试org.apache.tomcat.util.threads.ThreadPoolExecutor.runWorker(ThreadPoolExecutor.java:1191)
2023-04-13 00:15:56,717 ERROR [http-nio-8080-exec-1] c.n.n.c.a.ExceptionAdvice [ExceptionAdvice.java:22] 测试org.apache.tomcat.util.threads.ThreadPoolExecutor$Worker.run(ThreadPoolExecutor.java:659)
2023-04-13 00:15:56,717 ERROR [http-nio-8080-exec-1] c.n.n.c.a.ExceptionAdvice [ExceptionAdvice.java:22] 测试org.apache.tomcat.util.threads.TaskThread$WrappingRunnable.run(TaskThread.java:61)
2023-04-13 00:15:56,717 ERROR [http-nio-8080-exec-1] c.n.n.c.a.ExceptionAdvice [ExceptionAdvice.java:22] 测试java.lang.Thread.run(Thread.java:750)
2023-04-13 00:18:12,657 ERROR [http-nio-8080-exec-6] c.n.n.c.a.ExceptionAdvice [ExceptionAdvice.java:21] 服务器错误For input string: "asdasdas"
2023-04-13 00:18:12,658 ERROR [http-nio-8080-exec-6] c.n.n.c.a.ExceptionAdvice [ExceptionAdvice.java:23] java.lang.NumberFormatException.forInputString(NumberFormatException.java:65)
2023-04-13 00:18:12,658 ERROR [http-nio-8080-exec-6] c.n.n.c.a.ExceptionAdvice [ExceptionAdvice.java:23] java.lang.Integer.parseInt(Integer.java:580)
2023-04-13 00:18:12,658 ERROR [http-nio-8080-exec-6] c.n.n.c.a.ExceptionAdvice [ExceptionAdvice.java:23] java.lang.Integer.valueOf(Integer.java:766)
2023-04-13 00:18:12,658 ERROR [http-nio-8080-exec-6] c.n.n.c.a.ExceptionAdvice [ExceptionAdvice.java:23] com.nc.nccommunity.controller.MessageController.addMessage(MessageController.java:113)
2023-04-13 00:18:12,658 ERROR [http-nio-8080-exec-6] c.n.n.c.a.ExceptionAdvice [ExceptionAdvice.java:23] sun.reflect.NativeMethodAccessorImpl.invoke0(Native Method)
2023-04-13 00:18:12,658 ERROR [http-nio-8080-exec-6] c.n.n.c.a.ExceptionAdvice [ExceptionAdvice.java:23] sun.reflect.NativeMethodAccessorImpl.invoke(NativeMethodAccessorImpl.java:62)
2023-04-13 00:18:12,658 ERROR [http-nio-8080-exec-6] c.n.n.c.a.ExceptionAdvice [ExceptionAdvice.java:23] sun.reflect.DelegatingMethodAccessorImpl.invoke(DelegatingMethodAccessorImpl.java:43)
2023-04-13 00:18:12,659 ERROR [http-nio-8080-exec-6] c.n.n.c.a.ExceptionAdvice [ExceptionAdvice.java:23] java.lang.reflect.Method.invoke(Method.java:498)
2023-04-13 00:18:12,659 ERROR [http-nio-8080-exec-6] c.n.n.c.a.ExceptionAdvice [ExceptionAdvice.java:23] org.springframework.web.method.support.InvocableHandlerMethod.doInvoke(InvocableHandlerMethod.java:205)
2023-04-13 00:18:12,659 ERROR [http-nio-8080-exec-6] c.n.n.c.a.ExceptionAdvice [ExceptionAdvice.java:23] org.springframework.web.method.support.InvocableHandlerMethod.invokeForRequest(InvocableHandlerMethod.java:150)
2023-04-13 00:18:12,659 ERROR [http-nio-8080-exec-6] c.n.n.c.a.ExceptionAdvice [ExceptionAdvice.java:23] org.springframework.web.servlet.mvc.method.annotation.ServletInvocableHandlerMethod.invokeAndHandle(ServletInvocableHandlerMethod.java:117)
2023-04-13 00:18:12,659 ERROR [http-nio-8080-exec-6] c.n.n.c.a.ExceptionAdvice [ExceptionAdvice.java:23] org.springframework.web.servlet.mvc.method.annotation.RequestMappingHandlerAdapter.invokeHandlerMethod(RequestMappingHandlerAdapter.java:895)
2023-04-13 00:18:12,659 ERROR [http-nio-8080-exec-6] c.n.n.c.a.ExceptionAdvice [ExceptionAdvice.java:23] org.springframework.web.servlet.mvc.method.annotation.RequestMappingHandlerAdapter.handleInternal(RequestMappingHandlerAdapter.java:808)
2023-04-13 00:18:12,659 ERROR [http-nio-8080-exec-6] c.n.n.c.a.ExceptionAdvice [ExceptionAdvice.java:23] org.springframework.web.servlet.mvc.method.AbstractHandlerMethodAdapter.handle(AbstractHandlerMethodAdapter.java:87)
2023-04-13 00:18:12,659 ERROR [http-nio-8080-exec-6] c.n.n.c.a.ExceptionAdvice [ExceptionAdvice.java:23] org.springframework.web.servlet.DispatcherServlet.doDispatch(DispatcherServlet.java:1072)
2023-04-13 00:18:12,661 ERROR [http-nio-8080-exec-6] c.n.n.c.a.ExceptionAdvice [ExceptionAdvice.java:23] org.springframework.web.servlet.DispatcherServlet.doService(DispatcherServlet.java:965)
2023-04-13 00:18:12,661 ERROR [http-nio-8080-exec-6] c.n.n.c.a.ExceptionAdvice [ExceptionAdvice.java:23] org.springframework.web.servlet.FrameworkServlet.processRequest(FrameworkServlet.java:1006)
2023-04-13 00:18:12,661 ERROR [http-nio-8080-exec-6] c.n.n.c.a.ExceptionAdvice [ExceptionAdvice.java:23] org.springframework.web.servlet.FrameworkServlet.doPost(FrameworkServlet.java:909)
2023-04-13 00:18:12,661 ERROR [http-nio-8080-exec-6] c.n.n.c.a.ExceptionAdvice [ExceptionAdvice.java:23] javax.servlet.http.HttpServlet.service(HttpServlet.java:528)
2023-04-13 00:18:12,661 ERROR [http-nio-8080-exec-6] c.n.n.c.a.ExceptionAdvice [ExceptionAdvice.java:23] org.springframework.web.servlet.FrameworkServlet.service(FrameworkServlet.java:883)
2023-04-13 00:18:12,661 ERROR [http-nio-8080-exec-6] c.n.n.c.a.ExceptionAdvice [ExceptionAdvice.java:23] javax.servlet.http.HttpServlet.service(HttpServlet.java:596)
2023-04-13 00:18:12,661 ERROR [http-nio-8080-exec-6] c.n.n.c.a.ExceptionAdvice [ExceptionAdvice.java:23] org.apache.catalina.core.ApplicationFilterChain.internalDoFilter(ApplicationFilterChain.java:209)
2023-04-13 00:18:12,661 ERROR [http-nio-8080-exec-6] c.n.n.c.a.ExceptionAdvice [ExceptionAdvice.java:23] org.apache.catalina.core.ApplicationFilterChain.doFilter(ApplicationFilterChain.java:153)
2023-04-13 00:18:12,661 ERROR [http-nio-8080-exec-6] c.n.n.c.a.ExceptionAdvice [ExceptionAdvice.java:23] org.apache.tomcat.websocket.server.WsFilter.doFilter(WsFilter.java:53)
2023-04-13 00:18:12,661 ERROR [http-nio-8080-exec-6] c.n.n.c.a.ExceptionAdvice [ExceptionAdvice.java:23] org.apache.catalina.core.ApplicationFilterChain.internalDoFilter(ApplicationFilterChain.java:178)
2023-04-13 00:18:12,662 ERROR [http-nio-8080-exec-6] c.n.n.c.a.ExceptionAdvice [ExceptionAdvice.java:23] org.apache.catalina.core.ApplicationFilterChain.doFilter(ApplicationFilterChain.java:153)
2023-04-13 00:18:12,662 ERROR [http-nio-8080-exec-6] c.n.n.c.a.ExceptionAdvice [ExceptionAdvice.java:23] org.springframework.web.filter.RequestContextFilter.doFilterInternal(RequestContextFilter.java:100)
2023-04-13 00:18:12,662 ERROR [http-nio-8080-exec-6] c.n.n.c.a.ExceptionAdvice [ExceptionAdvice.java:23] org.springframework.web.filter.OncePerRequestFilter.doFilter(OncePerRequestFilter.java:117)
2023-04-13 00:18:12,662 ERROR [http-nio-8080-exec-6] c.n.n.c.a.ExceptionAdvice [ExceptionAdvice.java:23] org.apache.catalina.core.ApplicationFilterChain.internalDoFilter(ApplicationFilterChain.java:178)
2023-04-13 00:18:12,662 ERROR [http-nio-8080-exec-6] c.n.n.c.a.ExceptionAdvice [ExceptionAdvice.java:23] org.apache.catalina.core.ApplicationFilterChain.doFilter(ApplicationFilterChain.java:153)
2023-04-13 00:18:12,662 ERROR [http-nio-8080-exec-6] c.n.n.c.a.ExceptionAdvice [ExceptionAdvice.java:23] org.springframework.web.filter.FormContentFilter.doFilterInternal(FormContentFilter.java:93)
2023-04-13 00:18:12,662 ERROR [http-nio-8080-exec-6] c.n.n.c.a.ExceptionAdvice [ExceptionAdvice.java:23] org.springframework.web.filter.OncePerRequestFilter.doFilter(OncePerRequestFilter.java:117)
2023-04-13 00:18:12,663 ERROR [http-nio-8080-exec-6] c.n.n.c.a.ExceptionAdvice [ExceptionAdvice.java:23] org.apache.catalina.core.ApplicationFilterChain.internalDoFilter(ApplicationFilterChain.java:178)
2023-04-13 00:18:12,663 ERROR [http-nio-8080-exec-6] c.n.n.c.a.ExceptionAdvice [ExceptionAdvice.java:23] org.apache.catalina.core.ApplicationFilterChain.doFilter(ApplicationFilterChain.java:153)
2023-04-13 00:18:12,663 ERROR [http-nio-8080-exec-6] c.n.n.c.a.ExceptionAdvice [ExceptionAdvice.java:23] org.springframework.web.filter.CharacterEncodingFilter.doFilterInternal(CharacterEncodingFilter.java:201)
2023-04-13 00:18:12,663 ERROR [http-nio-8080-exec-6] c.n.n.c.a.ExceptionAdvice [ExceptionAdvice.java:23] org.springframework.web.filter.OncePerRequestFilter.doFilter(OncePerRequestFilter.java:117)
2023-04-13 00:18:12,663 ERROR [http-nio-8080-exec-6] c.n.n.c.a.ExceptionAdvice [ExceptionAdvice.java:23] org.apache.catalina.core.ApplicationFilterChain.internalDoFilter(ApplicationFilterChain.java:178)
2023-04-13 00:18:12,663 ERROR [http-nio-8080-exec-6] c.n.n.c.a.ExceptionAdvice [ExceptionAdvice.java:23] org.apache.catalina.core.ApplicationFilterChain.doFilter(ApplicationFilterChain.java:153)
2023-04-13 00:18:12,663 ERROR [http-nio-8080-exec-6] c.n.n.c.a.ExceptionAdvice [ExceptionAdvice.java:23] org.apache.catalina.core.StandardWrapperValve.invoke(StandardWrapperValve.java:167)
2023-04-13 00:18:12,663 ERROR [http-nio-8080-exec-6] c.n.n.c.a.ExceptionAdvice [ExceptionAdvice.java:23] org.apache.catalina.core.StandardContextValve.invoke(StandardContextValve.java:90)
2023-04-13 00:18:12,663 ERROR [http-nio-8080-exec-6] c.n.n.c.a.ExceptionAdvice [ExceptionAdvice.java:23] org.apache.catalina.authenticator.AuthenticatorBase.invoke(AuthenticatorBase.java:492)
2023-04-13 00:18:12,663 ERROR [http-nio-8080-exec-6] c.n.n.c.a.ExceptionAdvice [ExceptionAdvice.java:23] org.apache.catalina.core.StandardHostValve.invoke(StandardHostValve.java:130)
2023-04-13 00:18:12,663 ERROR [http-nio-8080-exec-6] c.n.n.c.a.ExceptionAdvice [ExceptionAdvice.java:23] org.apache.catalina.valves.ErrorReportValve.invoke(ErrorReportValve.java:93)
2023-04-13 00:18:12,665 ERROR [http-nio-8080-exec-6] c.n.n.c.a.ExceptionAdvice [ExceptionAdvice.java:23] org.apache.catalina.core.StandardEngineValve.invoke(StandardEngineValve.java:74)
2023-04-13 00:18:12,665 ERROR [http-nio-8080-exec-6] c.n.n.c.a.ExceptionAdvice [ExceptionAdvice.java:23] org.apache.catalina.connector.CoyoteAdapter.service(CoyoteAdapter.java:343)
2023-04-13 00:18:12,665 ERROR [http-nio-8080-exec-6] c.n.n.c.a.ExceptionAdvice [ExceptionAdvice.java:23] org.apache.coyote.http11.Http11Processor.service(Http11Processor.java:389)
2023-04-13 00:18:12,665 ERROR [http-nio-8080-exec-6] c.n.n.c.a.ExceptionAdvice [ExceptionAdvice.java:23] org.apache.coyote.AbstractProcessorLight.process(AbstractProcessorLight.java:63)
2023-04-13 00:18:12,665 ERROR [http-nio-8080-exec-6] c.n.n.c.a.ExceptionAdvice [ExceptionAdvice.java:23] org.apache.coyote.AbstractProtocol$ConnectionHandler.process(AbstractProtocol.java:926)
2023-04-13 00:18:12,665 ERROR [http-nio-8080-exec-6] c.n.n.c.a.ExceptionAdvice [ExceptionAdvice.java:23] org.apache.tomcat.util.net.NioEndpoint$SocketProcessor.doRun(NioEndpoint.java:1791)
2023-04-13 00:18:12,665 ERROR [http-nio-8080-exec-6] c.n.n.c.a.ExceptionAdvice [ExceptionAdvice.java:23] org.apache.tomcat.util.net.SocketProcessorBase.run(SocketProcessorBase.java:49)
2023-04-13 00:18:12,665 ERROR [http-nio-8080-exec-6] c.n.n.c.a.ExceptionAdvice [ExceptionAdvice.java:23] org.apache.tomcat.util.threads.ThreadPoolExecutor.runWorker(ThreadPoolExecutor.java:1191)
2023-04-13 00:18:12,665 ERROR [http-nio-8080-exec-6] c.n.n.c.a.ExceptionAdvice [ExceptionAdvice.java:23] org.apache.tomcat.util.threads.ThreadPoolExecutor$Worker.run(ThreadPoolExecutor.java:659)
2023-04-13 00:18:12,666 ERROR [http-nio-8080-exec-6] c.n.n.c.a.ExceptionAdvice [ExceptionAdvice.java:23] org.apache.tomcat.util.threads.TaskThread$WrappingRunnable.run(TaskThread.java:61)
2023-04-13 00:18:12,666 ERROR [http-nio-8080-exec-6] c.n.n.c.a.ExceptionAdvice [ExceptionAdvice.java:23] java.lang.Thread.run(Thread.java:750)
