2023-04-04 00:15:21,780 INFO [restartedMain] c.n.n.NcCommunityApplication [StartupInfoLogger.java:55] Starting NcCommunityApplication using Java 1.8.0_362 on LAPTOP-A6V3KFOE with PID 25152 (C:\Users\Lenovo\Desktop\Java\NcCommunity\target\classes started by Lenovo in C:\Users\Lenovo\Desktop\Java\NcCommunity)
2023-04-04 00:15:21,785 INFO [restartedMain] c.n.n.NcCommunityApplication [SpringApplication.java:631] No active profile set, falling back to 1 default profile: "default"
2023-04-04 00:15:21,839 INFO [restartedMain] o.s.b.d.e.DevToolsPropertyDefaultsPostProcessor [DeferredLog.java:255] Devtools property defaults active! Set 'spring.devtools.add-properties' to 'false' to disable
2023-04-04 00:15:21,840 INFO [restartedMain] o.s.b.d.e.DevToolsPropertyDefaultsPostProcessor [DeferredLog.java:255] For additional web related logging consider setting the 'logging.level.web' property to 'DEBUG'
2023-04-04 00:15:22,722 INFO [restartedMain] o.s.b.w.e.t.TomcatWebServer [TomcatWebServer.java:108] Tomcat initialized with port(s): 8080 (http)
2023-04-04 00:15:22,731 INFO [restartedMain] o.a.c.h.Http11NioProtocol [DirectJDKLog.java:173] Initializing ProtocolHandler ["http-nio-8080"]
2023-04-04 00:15:22,731 INFO [restartedMain] o.a.c.c.StandardService [DirectJDKLog.java:173] Starting service [Tomcat]
2023-04-04 00:15:22,732 INFO [restartedMain] o.a.c.c.StandardEngine [DirectJDKLog.java:173] Starting Servlet engine: [Apache Tomcat/9.0.73]
2023-04-04 00:15:22,808 INFO [restartedMain] o.a.c.c.C.[.[.[/community] [DirectJDKLog.java:173] Initializing Spring embedded WebApplicationContext
2023-04-04 00:15:22,808 INFO [restartedMain] o.s.b.w.s.c.ServletWebServerApplicationContext [ServletWebServerApplicationContext.java:292] Root WebApplicationContext: initialization completed in 967 ms
2023-04-04 00:15:23,157 INFO [restartedMain] o.s.b.a.w.s.WelcomePageHandlerMapping [WelcomePageHandlerMapping.java:57] Adding welcome page template: index
2023-04-04 00:15:23,314 INFO [restartedMain] o.s.b.d.a.OptionalLiveReloadServer [OptionalLiveReloadServer.java:59] LiveReload server is running on port 35729
2023-04-04 00:15:23,325 INFO [restartedMain] o.a.c.h.Http11NioProtocol [DirectJDKLog.java:173] Starting ProtocolHandler ["http-nio-8080"]
2023-04-04 00:15:23,336 INFO [restartedMain] o.s.b.w.e.t.TomcatWebServer [TomcatWebServer.java:220] Tomcat started on port(s): 8080 (http) with context path '/community'
2023-04-04 00:15:23,343 INFO [restartedMain] c.n.n.NcCommunityApplication [StartupInfoLogger.java:61] Started NcCommunityApplication in 1.919 seconds (JVM running for 2.761)
2023-04-04 00:15:59,640 INFO [http-nio-8080-exec-1] o.a.c.c.C.[.[.[/community] [DirectJDKLog.java:173] Initializing Spring DispatcherServlet 'dispatcherServlet'
2023-04-04 00:15:59,640 INFO [http-nio-8080-exec-1] o.s.w.s.DispatcherServlet [FrameworkServlet.java:525] Initializing Servlet 'dispatcherServlet'
2023-04-04 00:15:59,641 INFO [http-nio-8080-exec-1] o.s.w.s.DispatcherServlet [FrameworkServlet.java:547] Completed initialization in 1 ms
2023-04-04 00:16:04,333 INFO [http-nio-8080-exec-6] c.z.h.HikariDataSource [HikariDataSource.java:110] HikariPool-1 - Starting...
2023-04-04 00:16:04,463 INFO [http-nio-8080-exec-6] c.z.h.HikariDataSource [HikariDataSource.java:123] HikariPool-1 - Start completed.
2023-04-04 00:23:26,469 INFO [SpringApplicationShutdownHook] c.z.h.HikariDataSource [HikariDataSource.java:350] HikariPool-1 - Shutdown initiated...
2023-04-04 00:23:26,473 INFO [SpringApplicationShutdownHook] c.z.h.HikariDataSource [HikariDataSource.java:352] HikariPool-1 - Shutdown completed.
2023-04-04 00:23:30,188 INFO [restartedMain] c.n.n.NcCommunityApplication [StartupInfoLogger.java:55] Starting NcCommunityApplication using Java 1.8.0_362 on LAPTOP-A6V3KFOE with PID 17968 (C:\Users\Lenovo\Desktop\Java\NcCommunity\target\classes started by Lenovo in C:\Users\Lenovo\Desktop\Java\NcCommunity)
2023-04-04 00:23:30,189 INFO [restartedMain] c.n.n.NcCommunityApplication [SpringApplication.java:631] No active profile set, falling back to 1 default profile: "default"
2023-04-04 00:23:30,223 INFO [restartedMain] o.s.b.d.e.DevToolsPropertyDefaultsPostProcessor [DeferredLog.java:255] Devtools property defaults active! Set 'spring.devtools.add-properties' to 'false' to disable
2023-04-04 00:23:30,224 INFO [restartedMain] o.s.b.d.e.DevToolsPropertyDefaultsPostProcessor [DeferredLog.java:255] For additional web related logging consider setting the 'logging.level.web' property to 'DEBUG'
2023-04-04 00:23:30,974 INFO [restartedMain] o.s.b.w.e.t.TomcatWebServer [TomcatWebServer.java:108] Tomcat initialized with port(s): 8080 (http)
2023-04-04 00:23:30,981 INFO [restartedMain] o.a.c.h.Http11NioProtocol [DirectJDKLog.java:173] Initializing ProtocolHandler ["http-nio-8080"]
2023-04-04 00:23:30,981 INFO [restartedMain] o.a.c.c.StandardService [DirectJDKLog.java:173] Starting service [Tomcat]
2023-04-04 00:23:30,981 INFO [restartedMain] o.a.c.c.StandardEngine [DirectJDKLog.java:173] Starting Servlet engine: [Apache Tomcat/9.0.73]
2023-04-04 00:23:31,053 INFO [restartedMain] o.a.c.c.C.[.[.[/community] [DirectJDKLog.java:173] Initializing Spring embedded WebApplicationContext
2023-04-04 00:23:31,053 INFO [restartedMain] o.s.b.w.s.c.ServletWebServerApplicationContext [ServletWebServerApplicationContext.java:292] Root WebApplicationContext: initialization completed in 829 ms
2023-04-04 00:23:31,385 INFO [restartedMain] o.s.b.a.w.s.WelcomePageHandlerMapping [WelcomePageHandlerMapping.java:57] Adding welcome page template: index
2023-04-04 00:23:31,547 INFO [restartedMain] o.s.b.d.a.OptionalLiveReloadServer [OptionalLiveReloadServer.java:59] LiveReload server is running on port 35729
2023-04-04 00:23:31,559 INFO [restartedMain] o.a.c.h.Http11NioProtocol [DirectJDKLog.java:173] Starting ProtocolHandler ["http-nio-8080"]
2023-04-04 00:23:31,571 INFO [restartedMain] o.s.b.w.e.t.TomcatWebServer [TomcatWebServer.java:220] Tomcat started on port(s): 8080 (http) with context path '/community'
2023-04-04 00:23:31,579 INFO [restartedMain] c.n.n.NcCommunityApplication [StartupInfoLogger.java:61] Started NcCommunityApplication in 1.703 seconds (JVM running for 2.458)
2023-04-04 00:23:40,779 INFO [http-nio-8080-exec-1] o.a.c.c.C.[.[.[/community] [DirectJDKLog.java:173] Initializing Spring DispatcherServlet 'dispatcherServlet'
2023-04-04 00:23:40,780 INFO [http-nio-8080-exec-1] o.s.w.s.DispatcherServlet [FrameworkServlet.java:525] Initializing Servlet 'dispatcherServlet'
2023-04-04 00:23:40,780 INFO [http-nio-8080-exec-1] o.s.w.s.DispatcherServlet [FrameworkServlet.java:547] Completed initialization in 0 ms
2023-04-04 00:23:42,345 INFO [http-nio-8080-exec-3] c.z.h.HikariDataSource [HikariDataSource.java:110] HikariPool-1 - Starting...
2023-04-04 00:23:42,452 INFO [http-nio-8080-exec-3] c.z.h.HikariDataSource [HikariDataSource.java:123] HikariPool-1 - Start completed.
2023-04-04 00:23:51,570 INFO [SpringApplicationShutdownHook] c.z.h.HikariDataSource [HikariDataSource.java:350] HikariPool-1 - Shutdown initiated...
2023-04-04 00:23:51,577 INFO [SpringApplicationShutdownHook] c.z.h.HikariDataSource [HikariDataSource.java:352] HikariPool-1 - Shutdown completed.
2023-04-04 13:57:13,652 INFO [main] c.n.n.MapperTests [StartupInfoLogger.java:55] Starting MapperTests using Java 1.8.0_362 on LAPTOP-A6V3KFOE with PID 25020 (started by Lenovo in C:\Users\Lenovo\Desktop\Java\NcCommunity)
2023-04-04 13:57:13,654 INFO [main] c.n.n.MapperTests [SpringApplication.java:631] No active profile set, falling back to 1 default profile: "default"
2023-04-04 13:57:15,279 INFO [main] o.s.b.a.w.s.WelcomePageHandlerMapping [WelcomePageHandlerMapping.java:57] Adding welcome page template: index
2023-04-04 13:57:15,598 INFO [main] c.n.n.MapperTests [StartupInfoLogger.java:61] Started MapperTests in 2.33 seconds (JVM running for 3.37)
2023-04-04 13:57:15,866 INFO [main] c.z.h.HikariDataSource [HikariDataSource.java:110] HikariPool-1 - Starting...
2023-04-04 13:57:16,069 INFO [main] c.z.h.HikariDataSource [HikariDataSource.java:123] HikariPool-1 - Start completed.
2023-04-04 13:57:16,144 INFO [SpringApplicationShutdownHook] c.z.h.HikariDataSource [HikariDataSource.java:350] HikariPool-1 - Shutdown initiated...
2023-04-04 13:57:16,163 INFO [SpringApplicationShutdownHook] c.z.h.HikariDataSource [HikariDataSource.java:352] HikariPool-1 - Shutdown completed.
2023-04-04 14:00:59,512 INFO [main] c.n.n.MapperTests [StartupInfoLogger.java:55] Starting MapperTests using Java 1.8.0_362 on LAPTOP-A6V3KFOE with PID 15124 (started by Lenovo in C:\Users\Lenovo\Desktop\Java\NcCommunity)
2023-04-04 14:00:59,514 INFO [main] c.n.n.MapperTests [SpringApplication.java:631] No active profile set, falling back to 1 default profile: "default"
2023-04-04 14:01:01,258 INFO [main] o.s.b.a.w.s.WelcomePageHandlerMapping [WelcomePageHandlerMapping.java:57] Adding welcome page template: index
2023-04-04 14:01:01,686 INFO [main] c.n.n.MapperTests [StartupInfoLogger.java:61] Started MapperTests in 2.541 seconds (JVM running for 3.513)
2023-04-04 14:01:01,922 INFO [main] c.z.h.HikariDataSource [HikariDataSource.java:110] HikariPool-1 - Starting...
2023-04-04 14:01:02,109 INFO [main] c.z.h.HikariDataSource [HikariDataSource.java:123] HikariPool-1 - Start completed.
2023-04-04 14:01:02,205 INFO [SpringApplicationShutdownHook] c.z.h.HikariDataSource [HikariDataSource.java:350] HikariPool-1 - Shutdown initiated...
2023-04-04 14:01:02,212 INFO [SpringApplicationShutdownHook] c.z.h.HikariDataSource [HikariDataSource.java:352] HikariPool-1 - Shutdown completed.
2023-04-04 14:04:23,128 INFO [main] c.n.n.MapperTests [StartupInfoLogger.java:55] Starting MapperTests using Java 1.8.0_362 on LAPTOP-A6V3KFOE with PID 21936 (started by Lenovo in C:\Users\Lenovo\Desktop\Java\NcCommunity)
2023-04-04 14:04:23,129 INFO [main] c.n.n.MapperTests [SpringApplication.java:631] No active profile set, falling back to 1 default profile: "default"
2023-04-04 14:04:24,706 INFO [main] o.s.b.a.w.s.WelcomePageHandlerMapping [WelcomePageHandlerMapping.java:57] Adding welcome page template: index
2023-04-04 14:04:25,077 INFO [main] c.n.n.MapperTests [StartupInfoLogger.java:61] Started MapperTests in 2.271 seconds (JVM running for 3.214)
2023-04-04 14:04:25,337 INFO [main] c.z.h.HikariDataSource [HikariDataSource.java:110] HikariPool-1 - Starting...
2023-04-04 14:04:25,533 INFO [main] c.z.h.HikariDataSource [HikariDataSource.java:123] HikariPool-1 - Start completed.
2023-04-04 14:04:25,600 INFO [SpringApplicationShutdownHook] c.z.h.HikariDataSource [HikariDataSource.java:350] HikariPool-1 - Shutdown initiated...
2023-04-04 14:04:25,606 INFO [SpringApplicationShutdownHook] c.z.h.HikariDataSource [HikariDataSource.java:352] HikariPool-1 - Shutdown completed.
2023-04-04 14:05:01,694 INFO [main] c.n.n.MapperTests [StartupInfoLogger.java:55] Starting MapperTests using Java 1.8.0_362 on LAPTOP-A6V3KFOE with PID 10660 (started by Lenovo in C:\Users\Lenovo\Desktop\Java\NcCommunity)
2023-04-04 14:05:01,695 INFO [main] c.n.n.MapperTests [SpringApplication.java:631] No active profile set, falling back to 1 default profile: "default"
2023-04-04 14:05:03,320 INFO [main] o.s.b.a.w.s.WelcomePageHandlerMapping [WelcomePageHandlerMapping.java:57] Adding welcome page template: index
2023-04-04 14:05:03,699 INFO [main] c.n.n.MapperTests [StartupInfoLogger.java:61] Started MapperTests in 2.335 seconds (JVM running for 3.312)
2023-04-04 14:05:03,967 INFO [main] c.z.h.HikariDataSource [HikariDataSource.java:110] HikariPool-1 - Starting...
2023-04-04 14:05:04,174 INFO [main] c.z.h.HikariDataSource [HikariDataSource.java:123] HikariPool-1 - Start completed.
2023-04-04 14:05:04,245 INFO [SpringApplicationShutdownHook] c.z.h.HikariDataSource [HikariDataSource.java:350] HikariPool-1 - Shutdown initiated...
2023-04-04 14:05:04,251 INFO [SpringApplicationShutdownHook] c.z.h.HikariDataSource [HikariDataSource.java:352] HikariPool-1 - Shutdown completed.
2023-04-04 15:19:50,921 INFO [main] c.n.n.MapperTests [StartupInfoLogger.java:55] Starting MapperTests using Java 1.8.0_362 on LAPTOP-A6V3KFOE with PID 23720 (started by Lenovo in C:\Users\Lenovo\Desktop\Java\NcCommunity)
2023-04-04 15:19:50,922 INFO [main] c.n.n.MapperTests [SpringApplication.java:631] No active profile set, falling back to 1 default profile: "default"
2023-04-04 15:19:52,477 INFO [main] o.s.b.a.w.s.WelcomePageHandlerMapping [WelcomePageHandlerMapping.java:57] Adding welcome page template: index
2023-04-04 15:19:52,862 INFO [main] c.n.n.MapperTests [StartupInfoLogger.java:61] Started MapperTests in 2.266 seconds (JVM running for 3.232)
2023-04-04 15:19:53,105 INFO [main] c.z.h.HikariDataSource [HikariDataSource.java:110] HikariPool-1 - Starting...
2023-04-04 15:19:53,301 INFO [main] c.z.h.HikariDataSource [HikariDataSource.java:123] HikariPool-1 - Start completed.
2023-04-04 15:19:53,354 INFO [SpringApplicationShutdownHook] c.z.h.HikariDataSource [HikariDataSource.java:350] HikariPool-1 - Shutdown initiated...
2023-04-04 15:19:53,359 INFO [SpringApplicationShutdownHook] c.z.h.HikariDataSource [HikariDataSource.java:352] HikariPool-1 - Shutdown completed.
2023-04-04 15:20:01,197 INFO [restartedMain] c.n.n.NcCommunityApplication [StartupInfoLogger.java:55] Starting NcCommunityApplication using Java 1.8.0_362 on LAPTOP-A6V3KFOE with PID 14396 (C:\Users\Lenovo\Desktop\Java\NcCommunity\target\classes started by Lenovo in C:\Users\Lenovo\Desktop\Java\NcCommunity)
2023-04-04 15:20:01,198 INFO [restartedMain] c.n.n.NcCommunityApplication [SpringApplication.java:631] No active profile set, falling back to 1 default profile: "default"
2023-04-04 15:20:01,238 INFO [restartedMain] o.s.b.d.e.DevToolsPropertyDefaultsPostProcessor [DeferredLog.java:255] Devtools property defaults active! Set 'spring.devtools.add-properties' to 'false' to disable
2023-04-04 15:20:01,238 INFO [restartedMain] o.s.b.d.e.DevToolsPropertyDefaultsPostProcessor [DeferredLog.java:255] For additional web related logging consider setting the 'logging.level.web' property to 'DEBUG'
2023-04-04 15:20:02,085 INFO [restartedMain] o.s.b.w.e.t.TomcatWebServer [TomcatWebServer.java:108] Tomcat initialized with port(s): 8080 (http)
2023-04-04 15:20:02,093 INFO [restartedMain] o.a.c.h.Http11NioProtocol [DirectJDKLog.java:173] Initializing ProtocolHandler ["http-nio-8080"]
2023-04-04 15:20:02,094 INFO [restartedMain] o.a.c.c.StandardService [DirectJDKLog.java:173] Starting service [Tomcat]
2023-04-04 15:20:02,094 INFO [restartedMain] o.a.c.c.StandardEngine [DirectJDKLog.java:173] Starting Servlet engine: [Apache Tomcat/9.0.73]
2023-04-04 15:20:02,208 INFO [restartedMain] o.a.c.c.C.[.[.[/community] [DirectJDKLog.java:173] Initializing Spring embedded WebApplicationContext
2023-04-04 15:20:02,209 INFO [restartedMain] o.s.b.w.s.c.ServletWebServerApplicationContext [ServletWebServerApplicationContext.java:292] Root WebApplicationContext: initialization completed in 970 ms
2023-04-04 15:20:02,814 INFO [restartedMain] o.s.b.a.w.s.WelcomePageHandlerMapping [WelcomePageHandlerMapping.java:57] Adding welcome page template: index
2023-04-04 15:20:03,111 INFO [restartedMain] o.s.b.d.a.OptionalLiveReloadServer [OptionalLiveReloadServer.java:59] LiveReload server is running on port 35729
2023-04-04 15:20:03,133 INFO [restartedMain] o.a.c.h.Http11NioProtocol [DirectJDKLog.java:173] Starting ProtocolHandler ["http-nio-8080"]
2023-04-04 15:20:03,157 INFO [restartedMain] o.s.b.w.e.t.TomcatWebServer [TomcatWebServer.java:220] Tomcat started on port(s): 8080 (http) with context path '/community'
2023-04-04 15:20:03,171 INFO [restartedMain] c.n.n.NcCommunityApplication [StartupInfoLogger.java:61] Started NcCommunityApplication in 2.315 seconds (JVM running for 3.128)
2023-04-04 15:20:18,747 INFO [http-nio-8080-exec-3] o.a.c.c.C.[.[.[/community] [DirectJDKLog.java:173] Initializing Spring DispatcherServlet 'dispatcherServlet'
2023-04-04 15:20:18,747 INFO [http-nio-8080-exec-3] o.s.w.s.DispatcherServlet [FrameworkServlet.java:525] Initializing Servlet 'dispatcherServlet'
2023-04-04 15:20:18,748 INFO [http-nio-8080-exec-3] o.s.w.s.DispatcherServlet [FrameworkServlet.java:547] Completed initialization in 0 ms
2023-04-04 15:20:18,797 INFO [http-nio-8080-exec-3] c.z.h.HikariDataSource [HikariDataSource.java:110] HikariPool-1 - Starting...
2023-04-04 15:20:18,892 INFO [http-nio-8080-exec-3] c.z.h.HikariDataSource [HikariDataSource.java:123] HikariPool-1 - Start completed.
2023-04-04 15:43:57,064 INFO [SpringApplicationShutdownHook] c.z.h.HikariDataSource [HikariDataSource.java:350] HikariPool-1 - Shutdown initiated...
2023-04-04 15:43:57,068 INFO [SpringApplicationShutdownHook] c.z.h.HikariDataSource [HikariDataSource.java:352] HikariPool-1 - Shutdown completed.
2023-04-04 16:00:13,260 INFO [restartedMain] c.n.n.NcCommunityApplication [StartupInfoLogger.java:55] Starting NcCommunityApplication using Java 1.8.0_362 on LAPTOP-A6V3KFOE with PID 19096 (C:\Users\Lenovo\Desktop\Java\NcCommunity\target\classes started by Lenovo in C:\Users\Lenovo\Desktop\Java\NcCommunity)
2023-04-04 16:00:13,262 INFO [restartedMain] c.n.n.NcCommunityApplication [SpringApplication.java:631] No active profile set, falling back to 1 default profile: "default"
2023-04-04 16:00:13,298 INFO [restartedMain] o.s.b.d.e.DevToolsPropertyDefaultsPostProcessor [DeferredLog.java:255] Devtools property defaults active! Set 'spring.devtools.add-properties' to 'false' to disable
2023-04-04 16:00:13,298 INFO [restartedMain] o.s.b.d.e.DevToolsPropertyDefaultsPostProcessor [DeferredLog.java:255] For additional web related logging consider setting the 'logging.level.web' property to 'DEBUG'
2023-04-04 16:00:14,031 INFO [restartedMain] o.s.b.w.e.t.TomcatWebServer [TomcatWebServer.java:108] Tomcat initialized with port(s): 8080 (http)
2023-04-04 16:00:14,037 INFO [restartedMain] o.a.c.h.Http11NioProtocol [DirectJDKLog.java:173] Initializing ProtocolHandler ["http-nio-8080"]
2023-04-04 16:00:14,037 INFO [restartedMain] o.a.c.c.StandardService [DirectJDKLog.java:173] Starting service [Tomcat]
2023-04-04 16:00:14,038 INFO [restartedMain] o.a.c.c.StandardEngine [DirectJDKLog.java:173] Starting Servlet engine: [Apache Tomcat/9.0.73]
2023-04-04 16:00:14,115 INFO [restartedMain] o.a.c.c.C.[.[.[/community] [DirectJDKLog.java:173] Initializing Spring embedded WebApplicationContext
2023-04-04 16:00:14,115 INFO [restartedMain] o.s.b.w.s.c.ServletWebServerApplicationContext [ServletWebServerApplicationContext.java:292] Root WebApplicationContext: initialization completed in 815 ms
2023-04-04 16:00:14,439 INFO [restartedMain] o.s.b.a.w.s.WelcomePageHandlerMapping [WelcomePageHandlerMapping.java:57] Adding welcome page template: index
2023-04-04 16:00:14,600 INFO [restartedMain] o.s.b.d.a.OptionalLiveReloadServer [OptionalLiveReloadServer.java:59] LiveReload server is running on port 35729
2023-04-04 16:00:14,610 INFO [restartedMain] o.a.c.h.Http11NioProtocol [DirectJDKLog.java:173] Starting ProtocolHandler ["http-nio-8080"]
2023-04-04 16:00:14,625 INFO [restartedMain] o.s.b.w.e.t.TomcatWebServer [TomcatWebServer.java:220] Tomcat started on port(s): 8080 (http) with context path '/community'
2023-04-04 16:00:14,632 INFO [restartedMain] c.n.n.NcCommunityApplication [StartupInfoLogger.java:61] Started NcCommunityApplication in 1.728 seconds (JVM running for 2.478)
2023-04-04 16:00:32,790 INFO [http-nio-8080-exec-1] o.a.c.c.C.[.[.[/community] [DirectJDKLog.java:173] Initializing Spring DispatcherServlet 'dispatcherServlet'
2023-04-04 16:00:32,790 INFO [http-nio-8080-exec-1] o.s.w.s.DispatcherServlet [FrameworkServlet.java:525] Initializing Servlet 'dispatcherServlet'
2023-04-04 16:00:32,791 INFO [http-nio-8080-exec-1] o.s.w.s.DispatcherServlet [FrameworkServlet.java:547] Completed initialization in 1 ms
2023-04-04 16:02:31,976 INFO [http-nio-8080-exec-8] c.z.h.HikariDataSource [HikariDataSource.java:110] HikariPool-1 - Starting...
2023-04-04 16:02:32,082 INFO [http-nio-8080-exec-8] c.z.h.HikariDataSource [HikariDataSource.java:123] HikariPool-1 - Start completed.
2023-04-04 16:07:07,637 INFO [SpringApplicationShutdownHook] c.z.h.HikariDataSource [HikariDataSource.java:350] HikariPool-1 - Shutdown initiated...
2023-04-04 16:07:07,641 INFO [SpringApplicationShutdownHook] c.z.h.HikariDataSource [HikariDataSource.java:352] HikariPool-1 - Shutdown completed.
2023-04-04 16:07:13,468 INFO [restartedMain] c.n.n.NcCommunityApplication [StartupInfoLogger.java:55] Starting NcCommunityApplication using Java 1.8.0_362 on LAPTOP-A6V3KFOE with PID 4076 (C:\Users\Lenovo\Desktop\Java\NcCommunity\target\classes started by Lenovo in C:\Users\Lenovo\Desktop\Java\NcCommunity)
2023-04-04 16:07:13,469 INFO [restartedMain] c.n.n.NcCommunityApplication [SpringApplication.java:631] No active profile set, falling back to 1 default profile: "default"
2023-04-04 16:07:13,500 INFO [restartedMain] o.s.b.d.e.DevToolsPropertyDefaultsPostProcessor [DeferredLog.java:255] Devtools property defaults active! Set 'spring.devtools.add-properties' to 'false' to disable
2023-04-04 16:07:13,500 INFO [restartedMain] o.s.b.d.e.DevToolsPropertyDefaultsPostProcessor [DeferredLog.java:255] For additional web related logging consider setting the 'logging.level.web' property to 'DEBUG'
2023-04-04 16:07:14,205 INFO [restartedMain] o.s.b.w.e.t.TomcatWebServer [TomcatWebServer.java:108] Tomcat initialized with port(s): 8080 (http)
2023-04-04 16:07:14,211 INFO [restartedMain] o.a.c.h.Http11NioProtocol [DirectJDKLog.java:173] Initializing ProtocolHandler ["http-nio-8080"]
2023-04-04 16:07:14,211 INFO [restartedMain] o.a.c.c.StandardService [DirectJDKLog.java:173] Starting service [Tomcat]
2023-04-04 16:07:14,211 INFO [restartedMain] o.a.c.c.StandardEngine [DirectJDKLog.java:173] Starting Servlet engine: [Apache Tomcat/9.0.73]
2023-04-04 16:07:14,284 INFO [restartedMain] o.a.c.c.C.[.[.[/community] [DirectJDKLog.java:173] Initializing Spring embedded WebApplicationContext
2023-04-04 16:07:14,284 INFO [restartedMain] o.s.b.w.s.c.ServletWebServerApplicationContext [ServletWebServerApplicationContext.java:292] Root WebApplicationContext: initialization completed in 784 ms
2023-04-04 16:07:14,588 INFO [restartedMain] o.s.b.a.w.s.WelcomePageHandlerMapping [WelcomePageHandlerMapping.java:57] Adding welcome page template: index
2023-04-04 16:07:14,731 INFO [restartedMain] o.s.b.d.a.OptionalLiveReloadServer [OptionalLiveReloadServer.java:59] LiveReload server is running on port 35729
2023-04-04 16:07:14,741 INFO [restartedMain] o.a.c.h.Http11NioProtocol [DirectJDKLog.java:173] Starting ProtocolHandler ["http-nio-8080"]
2023-04-04 16:07:14,754 INFO [restartedMain] o.s.b.w.e.t.TomcatWebServer [TomcatWebServer.java:220] Tomcat started on port(s): 8080 (http) with context path '/community'
2023-04-04 16:07:14,762 INFO [restartedMain] c.n.n.NcCommunityApplication [StartupInfoLogger.java:61] Started NcCommunityApplication in 1.593 seconds (JVM running for 2.305)
2023-04-04 16:07:23,622 INFO [http-nio-8080-exec-1] o.a.c.c.C.[.[.[/community] [DirectJDKLog.java:173] Initializing Spring DispatcherServlet 'dispatcherServlet'
2023-04-04 16:07:23,623 INFO [http-nio-8080-exec-1] o.s.w.s.DispatcherServlet [FrameworkServlet.java:525] Initializing Servlet 'dispatcherServlet'
2023-04-04 16:07:23,624 INFO [http-nio-8080-exec-1] o.s.w.s.DispatcherServlet [FrameworkServlet.java:547] Completed initialization in 1 ms
2023-04-04 16:07:23,667 INFO [http-nio-8080-exec-1] c.z.h.HikariDataSource [HikariDataSource.java:110] HikariPool-1 - Starting...
2023-04-04 16:07:23,758 INFO [http-nio-8080-exec-1] c.z.h.HikariDataSource [HikariDataSource.java:123] HikariPool-1 - Start completed.
2023-04-04 16:10:00,592 INFO [SpringApplicationShutdownHook] c.z.h.HikariDataSource [HikariDataSource.java:350] HikariPool-1 - Shutdown initiated...
2023-04-04 16:10:00,596 INFO [SpringApplicationShutdownHook] c.z.h.HikariDataSource [HikariDataSource.java:352] HikariPool-1 - Shutdown completed.
2023-04-04 16:18:08,535 INFO [restartedMain] c.n.n.NcCommunityApplication [StartupInfoLogger.java:55] Starting NcCommunityApplication using Java 1.8.0_362 on LAPTOP-A6V3KFOE with PID 5156 (C:\Users\Lenovo\Desktop\Java\NcCommunity\target\classes started by Lenovo in C:\Users\Lenovo\Desktop\Java\NcCommunity)
2023-04-04 16:18:08,535 INFO [restartedMain] c.n.n.NcCommunityApplication [SpringApplication.java:631] No active profile set, falling back to 1 default profile: "default"
2023-04-04 16:18:08,575 INFO [restartedMain] o.s.b.d.e.DevToolsPropertyDefaultsPostProcessor [DeferredLog.java:255] Devtools property defaults active! Set 'spring.devtools.add-properties' to 'false' to disable
2023-04-04 16:18:08,575 INFO [restartedMain] o.s.b.d.e.DevToolsPropertyDefaultsPostProcessor [DeferredLog.java:255] For additional web related logging consider setting the 'logging.level.web' property to 'DEBUG'
2023-04-04 16:18:09,426 INFO [restartedMain] o.s.b.w.e.t.TomcatWebServer [TomcatWebServer.java:108] Tomcat initialized with port(s): 8080 (http)
2023-04-04 16:18:09,433 INFO [restartedMain] o.a.c.h.Http11NioProtocol [DirectJDKLog.java:173] Initializing ProtocolHandler ["http-nio-8080"]
2023-04-04 16:18:09,433 INFO [restartedMain] o.a.c.c.StandardService [DirectJDKLog.java:173] Starting service [Tomcat]
2023-04-04 16:18:09,433 INFO [restartedMain] o.a.c.c.StandardEngine [DirectJDKLog.java:173] Starting Servlet engine: [Apache Tomcat/9.0.73]
2023-04-04 16:18:09,511 INFO [restartedMain] o.a.c.c.C.[.[.[/community] [DirectJDKLog.java:173] Initializing Spring embedded WebApplicationContext
2023-04-04 16:18:09,511 INFO [restartedMain] o.s.b.w.s.c.ServletWebServerApplicationContext [ServletWebServerApplicationContext.java:292] Root WebApplicationContext: initialization completed in 935 ms
2023-04-04 16:18:09,821 INFO [restartedMain] o.s.b.a.w.s.WelcomePageHandlerMapping [WelcomePageHandlerMapping.java:57] Adding welcome page template: index
2023-04-04 16:18:09,960 INFO [restartedMain] o.s.b.d.a.OptionalLiveReloadServer [OptionalLiveReloadServer.java:59] LiveReload server is running on port 35729
2023-04-04 16:18:09,971 INFO [restartedMain] o.a.c.h.Http11NioProtocol [DirectJDKLog.java:173] Starting ProtocolHandler ["http-nio-8080"]
2023-04-04 16:18:09,983 INFO [restartedMain] o.s.b.w.e.t.TomcatWebServer [TomcatWebServer.java:220] Tomcat started on port(s): 8080 (http) with context path '/community'
2023-04-04 16:18:09,990 INFO [restartedMain] c.n.n.NcCommunityApplication [StartupInfoLogger.java:61] Started NcCommunityApplication in 1.816 seconds (JVM running for 2.659)
2023-04-04 16:18:15,718 INFO [http-nio-8080-exec-1] o.a.c.c.C.[.[.[/community] [DirectJDKLog.java:173] Initializing Spring DispatcherServlet 'dispatcherServlet'
2023-04-04 16:18:15,719 INFO [http-nio-8080-exec-1] o.s.w.s.DispatcherServlet [FrameworkServlet.java:525] Initializing Servlet 'dispatcherServlet'
2023-04-04 16:18:15,719 INFO [http-nio-8080-exec-1] o.s.w.s.DispatcherServlet [FrameworkServlet.java:547] Completed initialization in 0 ms
2023-04-04 16:18:15,760 INFO [http-nio-8080-exec-1] c.z.h.HikariDataSource [HikariDataSource.java:110] HikariPool-1 - Starting...
2023-04-04 16:18:15,846 INFO [http-nio-8080-exec-1] c.z.h.HikariDataSource [HikariDataSource.java:123] HikariPool-1 - Start completed.
2023-04-04 16:20:57,501 INFO [SpringApplicationShutdownHook] c.z.h.HikariDataSource [HikariDataSource.java:350] HikariPool-1 - Shutdown initiated...
2023-04-04 16:20:57,507 INFO [SpringApplicationShutdownHook] c.z.h.HikariDataSource [HikariDataSource.java:352] HikariPool-1 - Shutdown completed.
2023-04-04 19:49:50,728 INFO [restartedMain] c.n.n.NcCommunityApplication [StartupInfoLogger.java:55] Starting NcCommunityApplication using Java 1.8.0_362 on LAPTOP-A6V3KFOE with PID 18344 (C:\Users\Lenovo\Desktop\Java\NcCommunity\target\classes started by Lenovo in C:\Users\Lenovo\Desktop\Java\NcCommunity)
2023-04-04 19:49:50,729 INFO [restartedMain] c.n.n.NcCommunityApplication [SpringApplication.java:631] No active profile set, falling back to 1 default profile: "default"
2023-04-04 19:49:50,767 INFO [restartedMain] o.s.b.d.e.DevToolsPropertyDefaultsPostProcessor [DeferredLog.java:255] Devtools property defaults active! Set 'spring.devtools.add-properties' to 'false' to disable
2023-04-04 19:49:50,767 INFO [restartedMain] o.s.b.d.e.DevToolsPropertyDefaultsPostProcessor [DeferredLog.java:255] For additional web related logging consider setting the 'logging.level.web' property to 'DEBUG'
2023-04-04 19:49:51,594 INFO [restartedMain] o.s.b.w.e.t.TomcatWebServer [TomcatWebServer.java:108] Tomcat initialized with port(s): 8080 (http)
2023-04-04 19:49:51,600 INFO [restartedMain] o.a.c.h.Http11NioProtocol [DirectJDKLog.java:173] Initializing ProtocolHandler ["http-nio-8080"]
2023-04-04 19:49:51,601 INFO [restartedMain] o.a.c.c.StandardService [DirectJDKLog.java:173] Starting service [Tomcat]
2023-04-04 19:49:51,601 INFO [restartedMain] o.a.c.c.StandardEngine [DirectJDKLog.java:173] Starting Servlet engine: [Apache Tomcat/9.0.73]
2023-04-04 19:49:51,678 INFO [restartedMain] o.a.c.c.C.[.[.[/community] [DirectJDKLog.java:173] Initializing Spring embedded WebApplicationContext
2023-04-04 19:49:51,679 INFO [restartedMain] o.s.b.w.s.c.ServletWebServerApplicationContext [ServletWebServerApplicationContext.java:292] Root WebApplicationContext: initialization completed in 911 ms
2023-04-04 19:49:52,015 INFO [restartedMain] o.s.b.a.w.s.WelcomePageHandlerMapping [WelcomePageHandlerMapping.java:57] Adding welcome page template: index
2023-04-04 19:49:52,173 INFO [restartedMain] o.s.b.d.a.OptionalLiveReloadServer [OptionalLiveReloadServer.java:59] LiveReload server is running on port 35729
2023-04-04 19:49:52,185 INFO [restartedMain] o.a.c.h.Http11NioProtocol [DirectJDKLog.java:173] Starting ProtocolHandler ["http-nio-8080"]
2023-04-04 19:49:52,198 INFO [restartedMain] o.s.b.w.e.t.TomcatWebServer [TomcatWebServer.java:220] Tomcat started on port(s): 8080 (http) with context path '/community'
2023-04-04 19:49:52,205 INFO [restartedMain] c.n.n.NcCommunityApplication [StartupInfoLogger.java:61] Started NcCommunityApplication in 1.814 seconds (JVM running for 2.621)
2023-04-04 19:50:02,353 INFO [http-nio-8080-exec-1] o.a.c.c.C.[.[.[/community] [DirectJDKLog.java:173] Initializing Spring DispatcherServlet 'dispatcherServlet'
2023-04-04 19:50:02,354 INFO [http-nio-8080-exec-1] o.s.w.s.DispatcherServlet [FrameworkServlet.java:525] Initializing Servlet 'dispatcherServlet'
2023-04-04 19:50:02,354 INFO [http-nio-8080-exec-1] o.s.w.s.DispatcherServlet [FrameworkServlet.java:547] Completed initialization in 0 ms
2023-04-04 19:50:04,463 INFO [http-nio-8080-exec-6] c.z.h.HikariDataSource [HikariDataSource.java:110] HikariPool-1 - Starting...
2023-04-04 19:50:04,587 INFO [http-nio-8080-exec-6] c.z.h.HikariDataSource [HikariDataSource.java:123] HikariPool-1 - Start completed.
2023-04-04 19:55:23,448 INFO [SpringApplicationShutdownHook] c.z.h.HikariDataSource [HikariDataSource.java:350] HikariPool-1 - Shutdown initiated...
2023-04-04 19:55:23,454 INFO [SpringApplicationShutdownHook] c.z.h.HikariDataSource [HikariDataSource.java:352] HikariPool-1 - Shutdown completed.
2023-04-04 19:55:28,069 INFO [restartedMain] c.n.n.NcCommunityApplication [StartupInfoLogger.java:55] Starting NcCommunityApplication using Java 1.8.0_362 on LAPTOP-A6V3KFOE with PID 7436 (C:\Users\Lenovo\Desktop\Java\NcCommunity\target\classes started by Lenovo in C:\Users\Lenovo\Desktop\Java\NcCommunity)
2023-04-04 19:55:28,070 INFO [restartedMain] c.n.n.NcCommunityApplication [SpringApplication.java:631] No active profile set, falling back to 1 default profile: "default"
2023-04-04 19:55:28,102 INFO [restartedMain] o.s.b.d.e.DevToolsPropertyDefaultsPostProcessor [DeferredLog.java:255] Devtools property defaults active! Set 'spring.devtools.add-properties' to 'false' to disable
2023-04-04 19:55:28,102 INFO [restartedMain] o.s.b.d.e.DevToolsPropertyDefaultsPostProcessor [DeferredLog.java:255] For additional web related logging consider setting the 'logging.level.web' property to 'DEBUG'
2023-04-04 19:55:28,843 INFO [restartedMain] o.s.b.w.e.t.TomcatWebServer [TomcatWebServer.java:108] Tomcat initialized with port(s): 8080 (http)
2023-04-04 19:55:28,849 INFO [restartedMain] o.a.c.h.Http11NioProtocol [DirectJDKLog.java:173] Initializing ProtocolHandler ["http-nio-8080"]
2023-04-04 19:55:28,850 INFO [restartedMain] o.a.c.c.StandardService [DirectJDKLog.java:173] Starting service [Tomcat]
2023-04-04 19:55:28,850 INFO [restartedMain] o.a.c.c.StandardEngine [DirectJDKLog.java:173] Starting Servlet engine: [Apache Tomcat/9.0.73]
2023-04-04 19:55:28,922 INFO [restartedMain] o.a.c.c.C.[.[.[/community] [DirectJDKLog.java:173] Initializing Spring embedded WebApplicationContext
2023-04-04 19:55:28,922 INFO [restartedMain] o.s.b.w.s.c.ServletWebServerApplicationContext [ServletWebServerApplicationContext.java:292] Root WebApplicationContext: initialization completed in 820 ms
2023-04-04 19:55:29,228 INFO [restartedMain] o.s.b.a.w.s.WelcomePageHandlerMapping [WelcomePageHandlerMapping.java:57] Adding welcome page template: index
2023-04-04 19:55:29,368 INFO [restartedMain] o.s.b.d.a.OptionalLiveReloadServer [OptionalLiveReloadServer.java:59] LiveReload server is running on port 35729
2023-04-04 19:55:29,379 INFO [restartedMain] o.a.c.h.Http11NioProtocol [DirectJDKLog.java:173] Starting ProtocolHandler ["http-nio-8080"]
2023-04-04 19:55:29,390 INFO [restartedMain] o.s.b.w.e.t.TomcatWebServer [TomcatWebServer.java:220] Tomcat started on port(s): 8080 (http) with context path '/community'
2023-04-04 19:55:29,398 INFO [restartedMain] c.n.n.NcCommunityApplication [StartupInfoLogger.java:61] Started NcCommunityApplication in 1.627 seconds (JVM running for 2.399)
2023-04-04 19:56:07,154 INFO [http-nio-8080-exec-1] o.a.c.c.C.[.[.[/community] [DirectJDKLog.java:173] Initializing Spring DispatcherServlet 'dispatcherServlet'
2023-04-04 19:56:07,154 INFO [http-nio-8080-exec-1] o.s.w.s.DispatcherServlet [FrameworkServlet.java:525] Initializing Servlet 'dispatcherServlet'
2023-04-04 19:56:07,155 INFO [http-nio-8080-exec-1] o.s.w.s.DispatcherServlet [FrameworkServlet.java:547] Completed initialization in 1 ms
2023-04-04 20:01:36,390 INFO [restartedMain] c.n.n.NcCommunityApplication [StartupInfoLogger.java:55] Starting NcCommunityApplication using Java 1.8.0_362 on LAPTOP-A6V3KFOE with PID 7752 (C:\Users\Lenovo\Desktop\Java\NcCommunity\target\classes started by Lenovo in C:\Users\Lenovo\Desktop\Java\NcCommunity)
2023-04-04 20:01:36,391 INFO [restartedMain] c.n.n.NcCommunityApplication [SpringApplication.java:631] No active profile set, falling back to 1 default profile: "default"
2023-04-04 20:01:36,425 INFO [restartedMain] o.s.b.d.e.DevToolsPropertyDefaultsPostProcessor [DeferredLog.java:255] Devtools property defaults active! Set 'spring.devtools.add-properties' to 'false' to disable
2023-04-04 20:01:36,426 INFO [restartedMain] o.s.b.d.e.DevToolsPropertyDefaultsPostProcessor [DeferredLog.java:255] For additional web related logging consider setting the 'logging.level.web' property to 'DEBUG'
2023-04-04 20:01:37,152 INFO [restartedMain] o.s.b.w.e.t.TomcatWebServer [TomcatWebServer.java:108] Tomcat initialized with port(s): 8080 (http)
2023-04-04 20:01:37,158 INFO [restartedMain] o.a.c.h.Http11NioProtocol [DirectJDKLog.java:173] Initializing ProtocolHandler ["http-nio-8080"]
2023-04-04 20:01:37,159 INFO [restartedMain] o.a.c.c.StandardService [DirectJDKLog.java:173] Starting service [Tomcat]
2023-04-04 20:01:37,159 INFO [restartedMain] o.a.c.c.StandardEngine [DirectJDKLog.java:173] Starting Servlet engine: [Apache Tomcat/9.0.73]
2023-04-04 20:01:37,233 INFO [restartedMain] o.a.c.c.C.[.[.[/community] [DirectJDKLog.java:173] Initializing Spring embedded WebApplicationContext
2023-04-04 20:01:37,233 INFO [restartedMain] o.s.b.w.s.c.ServletWebServerApplicationContext [ServletWebServerApplicationContext.java:292] Root WebApplicationContext: initialization completed in 807 ms
2023-04-04 20:01:37,557 INFO [restartedMain] o.s.b.a.w.s.WelcomePageHandlerMapping [WelcomePageHandlerMapping.java:57] Adding welcome page template: index
2023-04-04 20:01:37,696 INFO [restartedMain] o.s.b.d.a.OptionalLiveReloadServer [OptionalLiveReloadServer.java:59] LiveReload server is running on port 35729
2023-04-04 20:01:37,707 INFO [restartedMain] o.a.c.h.Http11NioProtocol [DirectJDKLog.java:173] Starting ProtocolHandler ["http-nio-8080"]
2023-04-04 20:01:37,719 INFO [restartedMain] o.s.b.w.e.t.TomcatWebServer [TomcatWebServer.java:220] Tomcat started on port(s): 8080 (http) with context path '/community'
2023-04-04 20:01:37,726 INFO [restartedMain] c.n.n.NcCommunityApplication [StartupInfoLogger.java:61] Started NcCommunityApplication in 1.647 seconds (JVM running for 2.34)
2023-04-04 20:01:47,250 INFO [http-nio-8080-exec-1] o.a.c.c.C.[.[.[/community] [DirectJDKLog.java:173] Initializing Spring DispatcherServlet 'dispatcherServlet'
2023-04-04 20:01:47,250 INFO [http-nio-8080-exec-1] o.s.w.s.DispatcherServlet [FrameworkServlet.java:525] Initializing Servlet 'dispatcherServlet'
2023-04-04 20:01:47,251 INFO [http-nio-8080-exec-1] o.s.w.s.DispatcherServlet [FrameworkServlet.java:547] Completed initialization in 0 ms
2023-04-04 20:01:56,441 INFO [http-nio-8080-exec-1] c.z.h.HikariDataSource [HikariDataSource.java:110] HikariPool-1 - Starting...
2023-04-04 20:01:56,557 INFO [http-nio-8080-exec-1] c.z.h.HikariDataSource [HikariDataSource.java:123] HikariPool-1 - Start completed.
2023-04-04 20:04:04,504 INFO [SpringApplicationShutdownHook] c.z.h.HikariDataSource [HikariDataSource.java:350] HikariPool-1 - Shutdown initiated...
2023-04-04 20:04:04,508 INFO [SpringApplicationShutdownHook] c.z.h.HikariDataSource [HikariDataSource.java:352] HikariPool-1 - Shutdown completed.
2023-04-04 20:04:36,419 INFO [restartedMain] c.n.n.NcCommunityApplication [StartupInfoLogger.java:55] Starting NcCommunityApplication using Java 1.8.0_362 on LAPTOP-A6V3KFOE with PID 25804 (C:\Users\Lenovo\Desktop\Java\NcCommunity\target\classes started by Lenovo in C:\Users\Lenovo\Desktop\Java\NcCommunity)
2023-04-04 20:04:36,420 INFO [restartedMain] c.n.n.NcCommunityApplication [SpringApplication.java:631] No active profile set, falling back to 1 default profile: "default"
2023-04-04 20:04:36,452 INFO [restartedMain] o.s.b.d.e.DevToolsPropertyDefaultsPostProcessor [DeferredLog.java:255] Devtools property defaults active! Set 'spring.devtools.add-properties' to 'false' to disable
2023-04-04 20:04:36,452 INFO [restartedMain] o.s.b.d.e.DevToolsPropertyDefaultsPostProcessor [DeferredLog.java:255] For additional web related logging consider setting the 'logging.level.web' property to 'DEBUG'
2023-04-04 20:04:37,202 INFO [restartedMain] o.s.b.w.e.t.TomcatWebServer [TomcatWebServer.java:108] Tomcat initialized with port(s): 8080 (http)
2023-04-04 20:04:37,208 INFO [restartedMain] o.a.c.h.Http11NioProtocol [DirectJDKLog.java:173] Initializing ProtocolHandler ["http-nio-8080"]
2023-04-04 20:04:37,208 INFO [restartedMain] o.a.c.c.StandardService [DirectJDKLog.java:173] Starting service [Tomcat]
2023-04-04 20:04:37,208 INFO [restartedMain] o.a.c.c.StandardEngine [DirectJDKLog.java:173] Starting Servlet engine: [Apache Tomcat/9.0.73]
2023-04-04 20:04:37,282 INFO [restartedMain] o.a.c.c.C.[.[.[/community] [DirectJDKLog.java:173] Initializing Spring embedded WebApplicationContext
2023-04-04 20:04:37,283 INFO [restartedMain] o.s.b.w.s.c.ServletWebServerApplicationContext [ServletWebServerApplicationContext.java:292] Root WebApplicationContext: initialization completed in 831 ms
2023-04-04 20:04:37,738 INFO [restartedMain] o.s.b.a.w.s.WelcomePageHandlerMapping [WelcomePageHandlerMapping.java:57] Adding welcome page template: index
2023-04-04 20:04:37,900 INFO [restartedMain] o.s.b.d.a.OptionalLiveReloadServer [OptionalLiveReloadServer.java:59] LiveReload server is running on port 35729
2023-04-04 20:04:37,910 INFO [restartedMain] o.a.c.h.Http11NioProtocol [DirectJDKLog.java:173] Starting ProtocolHandler ["http-nio-8080"]
2023-04-04 20:04:37,922 INFO [restartedMain] o.s.b.w.e.t.TomcatWebServer [TomcatWebServer.java:220] Tomcat started on port(s): 8080 (http) with context path '/community'
2023-04-04 20:04:37,930 INFO [restartedMain] c.n.n.NcCommunityApplication [StartupInfoLogger.java:61] Started NcCommunityApplication in 1.809 seconds (JVM running for 2.639)
2023-04-04 20:04:43,922 INFO [http-nio-8080-exec-1] o.a.c.c.C.[.[.[/community] [DirectJDKLog.java:173] Initializing Spring DispatcherServlet 'dispatcherServlet'
2023-04-04 20:04:43,922 INFO [http-nio-8080-exec-1] o.s.w.s.DispatcherServlet [FrameworkServlet.java:525] Initializing Servlet 'dispatcherServlet'
2023-04-04 20:04:43,923 INFO [http-nio-8080-exec-1] o.s.w.s.DispatcherServlet [FrameworkServlet.java:547] Completed initialization in 1 ms
2023-04-04 20:04:43,968 INFO [http-nio-8080-exec-1] c.z.h.HikariDataSource [HikariDataSource.java:110] HikariPool-1 - Starting...
2023-04-04 20:04:44,058 INFO [http-nio-8080-exec-1] c.z.h.HikariDataSource [HikariDataSource.java:123] HikariPool-1 - Start completed.
2023-04-04 20:15:39,190 INFO [SpringApplicationShutdownHook] c.z.h.HikariDataSource [HikariDataSource.java:350] HikariPool-1 - Shutdown initiated...
2023-04-04 20:15:39,195 INFO [SpringApplicationShutdownHook] c.z.h.HikariDataSource [HikariDataSource.java:352] HikariPool-1 - Shutdown completed.
2023-04-04 20:16:26,558 INFO [restartedMain] c.n.n.NcCommunityApplication [StartupInfoLogger.java:55] Starting NcCommunityApplication using Java 1.8.0_362 on LAPTOP-A6V3KFOE with PID 5288 (C:\Users\Lenovo\Desktop\Java\NcCommunity\target\classes started by Lenovo in C:\Users\Lenovo\Desktop\Java\NcCommunity)
2023-04-04 20:16:26,559 INFO [restartedMain] c.n.n.NcCommunityApplication [SpringApplication.java:631] No active profile set, falling back to 1 default profile: "default"
2023-04-04 20:16:26,592 INFO [restartedMain] o.s.b.d.e.DevToolsPropertyDefaultsPostProcessor [DeferredLog.java:255] Devtools property defaults active! Set 'spring.devtools.add-properties' to 'false' to disable
2023-04-04 20:16:26,592 INFO [restartedMain] o.s.b.d.e.DevToolsPropertyDefaultsPostProcessor [DeferredLog.java:255] For additional web related logging consider setting the 'logging.level.web' property to 'DEBUG'
2023-04-04 20:16:27,335 INFO [restartedMain] o.s.b.w.e.t.TomcatWebServer [TomcatWebServer.java:108] Tomcat initialized with port(s): 8080 (http)
2023-04-04 20:16:27,340 INFO [restartedMain] o.a.c.h.Http11NioProtocol [DirectJDKLog.java:173] Initializing ProtocolHandler ["http-nio-8080"]
2023-04-04 20:16:27,341 INFO [restartedMain] o.a.c.c.StandardService [DirectJDKLog.java:173] Starting service [Tomcat]
2023-04-04 20:16:27,341 INFO [restartedMain] o.a.c.c.StandardEngine [DirectJDKLog.java:173] Starting Servlet engine: [Apache Tomcat/9.0.73]
2023-04-04 20:16:27,417 INFO [restartedMain] o.a.c.c.C.[.[.[/community] [DirectJDKLog.java:173] Initializing Spring embedded WebApplicationContext
2023-04-04 20:16:27,418 INFO [restartedMain] o.s.b.w.s.c.ServletWebServerApplicationContext [ServletWebServerApplicationContext.java:292] Root WebApplicationContext: initialization completed in 825 ms
2023-04-04 20:16:27,747 INFO [restartedMain] o.s.b.a.w.s.WelcomePageHandlerMapping [WelcomePageHandlerMapping.java:57] Adding welcome page template: index
2023-04-04 20:16:27,903 INFO [restartedMain] o.s.b.d.a.OptionalLiveReloadServer [OptionalLiveReloadServer.java:59] LiveReload server is running on port 35729
2023-04-04 20:16:27,914 INFO [restartedMain] o.a.c.h.Http11NioProtocol [DirectJDKLog.java:173] Starting ProtocolHandler ["http-nio-8080"]
2023-04-04 20:16:27,927 INFO [restartedMain] o.s.b.w.e.t.TomcatWebServer [TomcatWebServer.java:220] Tomcat started on port(s): 8080 (http) with context path '/community'
2023-04-04 20:16:27,935 INFO [restartedMain] c.n.n.NcCommunityApplication [StartupInfoLogger.java:61] Started NcCommunityApplication in 1.691 seconds (JVM running for 2.449)
2023-04-04 20:16:33,419 INFO [http-nio-8080-exec-1] o.a.c.c.C.[.[.[/community] [DirectJDKLog.java:173] Initializing Spring DispatcherServlet 'dispatcherServlet'
2023-04-04 20:16:33,419 INFO [http-nio-8080-exec-1] o.s.w.s.DispatcherServlet [FrameworkServlet.java:525] Initializing Servlet 'dispatcherServlet'
2023-04-04 20:16:33,420 INFO [http-nio-8080-exec-1] o.s.w.s.DispatcherServlet [FrameworkServlet.java:547] Completed initialization in 1 ms
2023-04-04 20:18:51,636 INFO [restartedMain] c.n.n.NcCommunityApplication [StartupInfoLogger.java:55] Starting NcCommunityApplication using Java 1.8.0_362 on LAPTOP-A6V3KFOE with PID 11320 (C:\Users\Lenovo\Desktop\Java\NcCommunity\target\classes started by Lenovo in C:\Users\Lenovo\Desktop\Java\NcCommunity)
2023-04-04 20:18:51,637 INFO [restartedMain] c.n.n.NcCommunityApplication [SpringApplication.java:631] No active profile set, falling back to 1 default profile: "default"
2023-04-04 20:18:51,670 INFO [restartedMain] o.s.b.d.e.DevToolsPropertyDefaultsPostProcessor [DeferredLog.java:255] Devtools property defaults active! Set 'spring.devtools.add-properties' to 'false' to disable
2023-04-04 20:18:51,670 INFO [restartedMain] o.s.b.d.e.DevToolsPropertyDefaultsPostProcessor [DeferredLog.java:255] For additional web related logging consider setting the 'logging.level.web' property to 'DEBUG'
2023-04-04 20:18:52,394 INFO [restartedMain] o.s.b.w.e.t.TomcatWebServer [TomcatWebServer.java:108] Tomcat initialized with port(s): 8080 (http)
2023-04-04 20:18:52,400 INFO [restartedMain] o.a.c.h.Http11NioProtocol [DirectJDKLog.java:173] Initializing ProtocolHandler ["http-nio-8080"]
2023-04-04 20:18:52,400 INFO [restartedMain] o.a.c.c.StandardService [DirectJDKLog.java:173] Starting service [Tomcat]
2023-04-04 20:18:52,401 INFO [restartedMain] o.a.c.c.StandardEngine [DirectJDKLog.java:173] Starting Servlet engine: [Apache Tomcat/9.0.73]
2023-04-04 20:18:52,472 INFO [restartedMain] o.a.c.c.C.[.[.[/community] [DirectJDKLog.java:173] Initializing Spring embedded WebApplicationContext
2023-04-04 20:18:52,472 INFO [restartedMain] o.s.b.w.s.c.ServletWebServerApplicationContext [ServletWebServerApplicationContext.java:292] Root WebApplicationContext: initialization completed in 801 ms
2023-04-04 20:18:52,804 INFO [restartedMain] o.s.b.a.w.s.WelcomePageHandlerMapping [WelcomePageHandlerMapping.java:57] Adding welcome page template: index
2023-04-04 20:18:52,953 INFO [restartedMain] o.s.b.d.a.OptionalLiveReloadServer [OptionalLiveReloadServer.java:59] LiveReload server is running on port 35729
2023-04-04 20:18:52,963 INFO [restartedMain] o.a.c.h.Http11NioProtocol [DirectJDKLog.java:173] Starting ProtocolHandler ["http-nio-8080"]
2023-04-04 20:18:52,976 INFO [restartedMain] o.s.b.w.e.t.TomcatWebServer [TomcatWebServer.java:220] Tomcat started on port(s): 8080 (http) with context path '/community'
2023-04-04 20:18:52,986 INFO [restartedMain] c.n.n.NcCommunityApplication [StartupInfoLogger.java:61] Started NcCommunityApplication in 1.652 seconds (JVM running for 2.42)
2023-04-04 20:18:59,907 INFO [http-nio-8080-exec-1] o.a.c.c.C.[.[.[/community] [DirectJDKLog.java:173] Initializing Spring DispatcherServlet 'dispatcherServlet'
2023-04-04 20:18:59,908 INFO [http-nio-8080-exec-1] o.s.w.s.DispatcherServlet [FrameworkServlet.java:525] Initializing Servlet 'dispatcherServlet'
2023-04-04 20:18:59,908 INFO [http-nio-8080-exec-1] o.s.w.s.DispatcherServlet [FrameworkServlet.java:547] Completed initialization in 0 ms
2023-04-04 20:22:41,349 INFO [restartedMain] c.n.n.NcCommunityApplication [StartupInfoLogger.java:55] Starting NcCommunityApplication using Java 1.8.0_362 on LAPTOP-A6V3KFOE with PID 15000 (C:\Users\Lenovo\Desktop\Java\NcCommunity\target\classes started by Lenovo in C:\Users\Lenovo\Desktop\Java\NcCommunity)
2023-04-04 20:22:41,351 INFO [restartedMain] c.n.n.NcCommunityApplication [SpringApplication.java:631] No active profile set, falling back to 1 default profile: "default"
2023-04-04 20:22:41,383 INFO [restartedMain] o.s.b.d.e.DevToolsPropertyDefaultsPostProcessor [DeferredLog.java:255] Devtools property defaults active! Set 'spring.devtools.add-properties' to 'false' to disable
2023-04-04 20:22:41,383 INFO [restartedMain] o.s.b.d.e.DevToolsPropertyDefaultsPostProcessor [DeferredLog.java:255] For additional web related logging consider setting the 'logging.level.web' property to 'DEBUG'
2023-04-04 20:22:42,093 INFO [restartedMain] o.s.b.w.e.t.TomcatWebServer [TomcatWebServer.java:108] Tomcat initialized with port(s): 8080 (http)
2023-04-04 20:22:42,099 INFO [restartedMain] o.a.c.h.Http11NioProtocol [DirectJDKLog.java:173] Initializing ProtocolHandler ["http-nio-8080"]
2023-04-04 20:22:42,099 INFO [restartedMain] o.a.c.c.StandardService [DirectJDKLog.java:173] Starting service [Tomcat]
2023-04-04 20:22:42,100 INFO [restartedMain] o.a.c.c.StandardEngine [DirectJDKLog.java:173] Starting Servlet engine: [Apache Tomcat/9.0.73]
2023-04-04 20:22:42,171 INFO [restartedMain] o.a.c.c.C.[.[.[/community] [DirectJDKLog.java:173] Initializing Spring embedded WebApplicationContext
2023-04-04 20:22:42,172 INFO [restartedMain] o.s.b.w.s.c.ServletWebServerApplicationContext [ServletWebServerApplicationContext.java:292] Root WebApplicationContext: initialization completed in 788 ms
2023-04-04 20:22:42,477 INFO [restartedMain] o.s.b.a.w.s.WelcomePageHandlerMapping [WelcomePageHandlerMapping.java:57] Adding welcome page template: index
2023-04-04 20:22:42,621 INFO [restartedMain] o.s.b.d.a.OptionalLiveReloadServer [OptionalLiveReloadServer.java:59] LiveReload server is running on port 35729
2023-04-04 20:22:42,633 INFO [restartedMain] o.a.c.h.Http11NioProtocol [DirectJDKLog.java:173] Starting ProtocolHandler ["http-nio-8080"]
2023-04-04 20:22:42,644 INFO [restartedMain] o.s.b.w.e.t.TomcatWebServer [TomcatWebServer.java:220] Tomcat started on port(s): 8080 (http) with context path '/community'
2023-04-04 20:22:42,651 INFO [restartedMain] c.n.n.NcCommunityApplication [StartupInfoLogger.java:61] Started NcCommunityApplication in 1.612 seconds (JVM running for 2.354)
2023-04-04 20:22:50,517 INFO [http-nio-8080-exec-1] o.a.c.c.C.[.[.[/community] [DirectJDKLog.java:173] Initializing Spring DispatcherServlet 'dispatcherServlet'
2023-04-04 20:22:50,518 INFO [http-nio-8080-exec-1] o.s.w.s.DispatcherServlet [FrameworkServlet.java:525] Initializing Servlet 'dispatcherServlet'
2023-04-04 20:22:50,518 INFO [http-nio-8080-exec-1] o.s.w.s.DispatcherServlet [FrameworkServlet.java:547] Completed initialization in 0 ms
2023-04-04 20:29:05,836 INFO [restartedMain] c.n.n.NcCommunityApplication [StartupInfoLogger.java:55] Starting NcCommunityApplication using Java 1.8.0_362 on LAPTOP-A6V3KFOE with PID 20636 (C:\Users\Lenovo\Desktop\Java\NcCommunity\target\classes started by Lenovo in C:\Users\Lenovo\Desktop\Java\NcCommunity)
2023-04-04 20:29:05,837 INFO [restartedMain] c.n.n.NcCommunityApplication [SpringApplication.java:631] No active profile set, falling back to 1 default profile: "default"
2023-04-04 20:29:05,871 INFO [restartedMain] o.s.b.d.e.DevToolsPropertyDefaultsPostProcessor [DeferredLog.java:255] Devtools property defaults active! Set 'spring.devtools.add-properties' to 'false' to disable
2023-04-04 20:29:05,872 INFO [restartedMain] o.s.b.d.e.DevToolsPropertyDefaultsPostProcessor [DeferredLog.java:255] For additional web related logging consider setting the 'logging.level.web' property to 'DEBUG'
2023-04-04 20:29:06,618 INFO [restartedMain] o.s.b.w.e.t.TomcatWebServer [TomcatWebServer.java:108] Tomcat initialized with port(s): 8080 (http)
2023-04-04 20:29:06,625 INFO [restartedMain] o.a.c.h.Http11NioProtocol [DirectJDKLog.java:173] Initializing ProtocolHandler ["http-nio-8080"]
2023-04-04 20:29:06,625 INFO [restartedMain] o.a.c.c.StandardService [DirectJDKLog.java:173] Starting service [Tomcat]
2023-04-04 20:29:06,625 INFO [restartedMain] o.a.c.c.StandardEngine [DirectJDKLog.java:173] Starting Servlet engine: [Apache Tomcat/9.0.73]
2023-04-04 20:29:06,698 INFO [restartedMain] o.a.c.c.C.[.[.[/community] [DirectJDKLog.java:173] Initializing Spring embedded WebApplicationContext
2023-04-04 20:29:06,698 INFO [restartedMain] o.s.b.w.s.c.ServletWebServerApplicationContext [ServletWebServerApplicationContext.java:292] Root WebApplicationContext: initialization completed in 826 ms
2023-04-04 20:29:07,035 INFO [restartedMain] o.s.b.a.w.s.WelcomePageHandlerMapping [WelcomePageHandlerMapping.java:57] Adding welcome page template: index
2023-04-04 20:29:07,191 INFO [restartedMain] o.s.b.d.a.OptionalLiveReloadServer [OptionalLiveReloadServer.java:59] LiveReload server is running on port 35729
2023-04-04 20:29:07,202 INFO [restartedMain] o.a.c.h.Http11NioProtocol [DirectJDKLog.java:173] Starting ProtocolHandler ["http-nio-8080"]
2023-04-04 20:29:07,215 INFO [restartedMain] o.s.b.w.e.t.TomcatWebServer [TomcatWebServer.java:220] Tomcat started on port(s): 8080 (http) with context path '/community'
2023-04-04 20:29:07,222 INFO [restartedMain] c.n.n.NcCommunityApplication [StartupInfoLogger.java:61] Started NcCommunityApplication in 1.693 seconds (JVM running for 2.413)
2023-04-04 20:29:09,676 INFO [http-nio-8080-exec-1] o.a.c.c.C.[.[.[/community] [DirectJDKLog.java:173] Initializing Spring DispatcherServlet 'dispatcherServlet'
2023-04-04 20:29:09,676 INFO [http-nio-8080-exec-1] o.s.w.s.DispatcherServlet [FrameworkServlet.java:525] Initializing Servlet 'dispatcherServlet'
2023-04-04 20:29:09,677 INFO [http-nio-8080-exec-1] o.s.w.s.DispatcherServlet [FrameworkServlet.java:547] Completed initialization in 0 ms
2023-04-04 20:29:09,717 INFO [http-nio-8080-exec-1] c.z.h.HikariDataSource [HikariDataSource.java:110] HikariPool-1 - Starting...
2023-04-04 20:29:09,803 INFO [http-nio-8080-exec-1] c.z.h.HikariDataSource [HikariDataSource.java:123] HikariPool-1 - Start completed.
2023-04-04 21:29:42,322 INFO [SpringApplicationShutdownHook] c.z.h.HikariDataSource [HikariDataSource.java:350] HikariPool-1 - Shutdown initiated...
2023-04-04 21:29:42,325 INFO [SpringApplicationShutdownHook] c.z.h.HikariDataSource [HikariDataSource.java:352] HikariPool-1 - Shutdown completed.
